2024-11-21 12:50:55,494 [INFO] Activator:176 - 


2024-11-21 12:50:55,502 [INFO] Activator:177 - !SESSION log4j initialized
2024-11-21 12:51:03,258 [INFO] LogOutputStream:77 - [STDOUT_REDIRECT] 
2024-11-21 12:51:03,616 [ERROR] ConfigurationRetriever:142 - IOException on connection: sw-center.st.com
2024-11-21 12:51:03,617 [ERROR] ConfigurationRetriever:142 - IOException on connection: sw-center.st.com
2024-11-21 12:51:03,617 [ERROR] ConfigurationRetriever:142 - IOException on connection: sw-center.st.com
2024-11-21 12:51:03,630 [ERROR] ConfigurationRetriever:142 - IOException on connection: sw-center.st.com
2024-11-21 12:51:03,631 [ERROR] ConfigurationRetriever:142 - IOException on connection: sw-center.st.com
2024-11-21 12:51:03,632 [ERROR] ConfigurationRetriever:142 - IOException on connection: sw-center.st.com
2024-11-21 12:51:06,620 [INFO] ApplicationProperties:184 - Using Application install path: C:\ST\STM32CubeIDE_1.16.1\STM32CubeIDE\plugins\com.st.stm32cube.common.mx_6.12.1.202409122256
2024-11-21 12:51:06,647 [INFO] DbMcusXml:78 - Set database path to: C:\ST\STM32CubeIDE_1.16.1\STM32CubeIDE\plugins\com.st.stm32cube.common.mx_6.12.1.202409122256\\db\/mcu/
2024-11-21 12:51:06,647 [INFO] ApiDb:274 - Set plugin database path to: C:\ST\STM32CubeIDE_1.16.1\STM32CubeIDE\plugins\com.st.stm32cube.common.mx_6.12.1.202409122256\\db\/plugins/boardmanager/
2024-11-21 12:51:06,648 [WARN] ApiDb:259 - Overriding images path with different value:  => C:\ST\STM32CubeIDE_1.16.1\STM32CubeIDE\plugins\com.st.stm32cube.common.mx_6.12.1.202409122256\\db\/plugins/mcufinder/images/
2024-11-21 12:51:06,663 [INFO] ApiDb:250 - Set database path to: C:\Users\User\.stmcufinder\plugins\mcufinder//mcu/
2024-11-21 12:51:06,665 [INFO] DbMcusAds:125 - Set database path to: C:\Users\User\.stmcufinder\plugins\mcufinder//mcu/
2024-11-21 12:51:06,669 [INFO] CrossReferenceDbSqlite:203 - Set database path to: C:\Users\User\.stmcufinder\plugins\mcufinder//mcu/cs/
2024-11-21 12:51:06,807 [INFO] RulesReader:64 - Compatibility file has been processed (297 Rules)
2024-11-21 12:51:06,916 [INFO] DbMcusXml:78 - Set database path to: C:\ST\STM32CubeIDE_1.16.1\STM32CubeIDE\plugins\com.st.stm32cube.common.mx_6.12.1.202409122256\\db\/mcu/
2024-11-21 12:51:06,916 [INFO] ApiDb:274 - Set plugin database path to: C:\ST\STM32CubeIDE_1.16.1\STM32CubeIDE\plugins\com.st.stm32cube.common.mx_6.12.1.202409122256\\db\/plugins/boardmanager/
2024-11-21 12:51:06,917 [INFO] ApiDb:261 - Set plugin images path to: C:\ST\STM32CubeIDE_1.16.1\STM32CubeIDE\plugins\com.st.stm32cube.common.mx_6.12.1.202409122256\\db\/plugins/mcufinder/images/
2024-11-21 12:51:06,917 [WARN] DbFile:41 - Overriding database path with different value: C:\Users\User\.stmcufinder\plugins\mcufinder/ => C:\Users\User\.stmcufinder\plugins\mcufinder
2024-11-21 12:51:06,917 [INFO] ApiDb:250 - Set database path to: C:\Users\User\.stmcufinder\plugins\mcufinder//mcu/
2024-11-21 12:51:06,917 [WARN] DbFile:41 - Overriding database path with different value: C:\Users\User\.stmcufinder\plugins\mcufinder/ => C:\Users\User\.stmcufinder\plugins\mcufinder
2024-11-21 12:51:06,917 [INFO] DbMcusAds:125 - Set database path to: C:\Users\User\.stmcufinder\plugins\mcufinder//mcu/
2024-11-21 12:51:06,917 [WARN] DbFile:41 - Overriding database path with different value: C:\Users\User\.stmcufinder\plugins\mcufinder/ => C:\Users\User\.stmcufinder\plugins\mcufinder
2024-11-21 12:51:06,917 [WARN] DbFile:41 - Overriding database path with different value: C:\Users\User\.stmcufinder\plugins\mcufinder/ => C:\Users\User\.stmcufinder\plugins\mcufinder
2024-11-21 12:51:06,917 [INFO] CrossReferenceDbSqlite:203 - Set database path to: C:\Users\User\.stmcufinder\plugins\mcufinder//mcu/cs/
2024-11-21 12:51:07,033 [INFO] MainPanel:268 - HeapMemory: 268435456
2024-11-21 12:51:07,223 [INFO] DbMcusXml:78 - Set database path to: C:\ST\STM32CubeIDE_1.16.1\STM32CubeIDE\plugins\com.st.stm32cube.common.mx_6.12.1.202409122256\\db\/mcu/
2024-11-21 12:51:07,223 [INFO] ApiDb:274 - Set plugin database path to: C:\ST\STM32CubeIDE_1.16.1\STM32CubeIDE\plugins\com.st.stm32cube.common.mx_6.12.1.202409122256\\db\/plugins/boardmanager/
2024-11-21 12:51:07,223 [INFO] ApiDb:261 - Set plugin images path to: C:\ST\STM32CubeIDE_1.16.1\STM32CubeIDE\plugins\com.st.stm32cube.common.mx_6.12.1.202409122256\\db\/plugins/mcufinder/images/
2024-11-21 12:51:07,224 [WARN] DbFile:41 - Overriding database path with different value: C:\Users\User\.stmcufinder\plugins\mcufinder/ => C:\Users\User\.stmcufinder\plugins\mcufinder
2024-11-21 12:51:07,224 [INFO] ApiDb:250 - Set database path to: C:\Users\User\.stmcufinder\plugins\mcufinder//mcu/
2024-11-21 12:51:07,224 [WARN] DbFile:41 - Overriding database path with different value: C:\Users\User\.stmcufinder\plugins\mcufinder/ => C:\Users\User\.stmcufinder\plugins\mcufinder
2024-11-21 12:51:07,224 [INFO] DbMcusAds:125 - Set database path to: C:\Users\User\.stmcufinder\plugins\mcufinder//mcu/
2024-11-21 12:51:07,224 [WARN] DbFile:41 - Overriding database path with different value: C:\Users\User\.stmcufinder\plugins\mcufinder/ => C:\Users\User\.stmcufinder\plugins\mcufinder
2024-11-21 12:51:07,224 [WARN] DbFile:41 - Overriding database path with different value: C:\Users\User\.stmcufinder\plugins\mcufinder/ => C:\Users\User\.stmcufinder\plugins\mcufinder
2024-11-21 12:51:07,224 [INFO] CrossReferenceDbSqlite:203 - Set database path to: C:\Users\User\.stmcufinder\plugins\mcufinder//mcu/cs/
2024-11-21 12:51:07,250 [INFO] ApplicationProperties:184 - Using Application install path: C:\ST\STM32CubeIDE_1.16.1\STM32CubeIDE\plugins\com.st.stm32cube.common.mx_6.12.1.202409122256
2024-11-21 12:51:07,252 [INFO] PluginManage:196 - Search for loadable plugins [exclusion list=, ]
2024-11-21 12:51:07,253 [INFO] PluginManage:310 - Check plugin analytics
2024-11-21 12:51:07,496 [INFO] AnalyticsPlugin:253 - Accepted Software Licenses: 
2024-11-21 12:51:07,496 [INFO] AnalyticsPlugin:255 - Accepted CMSIS Pack Licenses: 
2024-11-21 12:51:07,496 [INFO] AnalyticsPlugin:257 - Accepted Firmware Licenses: FW.U5.1.6.0
2024-11-21 12:51:07,502 [INFO] PluginManage:359 - Loaded plugin analytics (category:tool,tabindex:-1)
2024-11-21 12:51:07,502 [INFO] PluginManage:310 - Check plugin cadmodel
2024-11-21 12:51:07,502 [ERROR] ConfigurationRetriever:142 - IOException on connection: sw-center.st.com
2024-11-21 12:51:07,503 [ERROR] ConfigurationRetriever:142 - IOException on connection: sw-center.st.com
2024-11-21 12:51:07,503 [ERROR] ConfigurationRetriever:142 - IOException on connection: sw-center.st.com
2024-11-21 12:51:07,526 [INFO] CADModel:105 - Init CAD model plugin
2024-11-21 12:51:07,527 [INFO] PluginManage:359 - Loaded plugin cadmodel (category:power,tabindex:5)
2024-11-21 12:51:07,527 [INFO] PluginManage:310 - Check plugin clock
2024-11-21 12:51:07,555 [INFO] PluginManage:359 - Loaded plugin clock (category:base,tabindex:2)
2024-11-21 12:51:07,555 [INFO] PluginManage:310 - Check plugin ddr
2024-11-21 12:51:07,558 [INFO] PluginManage:359 - Loaded plugin ddr (category:tool,tabindex:6)
2024-11-21 12:51:07,558 [INFO] PluginManage:310 - Check plugin filemanager
2024-11-21 12:51:07,790 [INFO] PluginManage:359 - Loaded plugin filemanager (category:base,tabindex:10)
2024-11-21 12:51:07,790 [INFO] PluginManage:310 - Check plugin ipmanager
2024-11-21 12:51:07,800 [INFO] PluginManage:359 - Loaded plugin ipmanager (category:base,tabindex:5)
2024-11-21 12:51:07,800 [INFO] PluginManage:310 - Check plugin lpbam
2024-11-21 12:51:07,827 [INFO] PluginManage:359 - Loaded plugin lpbam (category:base,tabindex:0)
2024-11-21 12:51:07,827 [INFO] PluginManage:310 - Check plugin memorymap
2024-11-21 12:51:07,868 [INFO] PluginManage:359 - Loaded plugin memorymap (category:base,tabindex:4)
2024-11-21 12:51:07,868 [INFO] PluginManage:310 - Check plugin pinoutandconfiguration
2024-11-21 12:51:07,895 [INFO] PluginManage:359 - Loaded plugin pinoutandconfiguration (category:base,tabindex:1)
2024-11-21 12:51:07,896 [INFO] PluginManage:310 - Check plugin pinoutconfig
2024-11-21 12:51:08,045 [WARN] SupportedApi:132 - Cannot load RTOS API schema: s4s-elt-must-match.1: The content of 'definitions' must match (annotation?, (simpleType | complexType)?, (unique | key | keyref)*)). A problem was found starting at: attribute.
2024-11-21 12:51:08,254 [INFO] PluginManage:359 - Loaded plugin pinoutconfig (category:base,tabindex:0)
2024-11-21 12:51:08,255 [INFO] PluginManage:310 - Check plugin power
2024-11-21 12:51:08,282 [INFO] PluginManage:359 - Loaded plugin power (category:power,tabindex:4)
2024-11-21 12:51:08,282 [INFO] PluginManage:310 - Check plugin projectmanager
2024-11-21 12:51:08,301 [INFO] PluginManage:359 - Loaded plugin projectmanager (category:projectmanager,tabindex:4)
2024-11-21 12:51:08,302 [INFO] PluginManage:310 - Check plugin rif
2024-11-21 12:51:08,328 [INFO] PluginManage:359 - Loaded plugin rif (category:base,tabindex:3)
2024-11-21 12:51:08,328 [INFO] PluginManage:310 - Check plugin thirdparty
2024-11-21 12:51:08,723 [INFO] PluginManage:359 - Loaded plugin thirdparty (category:base,tabindex:-1)
2024-11-21 12:51:08,723 [WARN] IntegrityCheckThread:84 - waiting for thirdparty lock release [integrity check]
2024-11-21 12:51:08,723 [INFO] PluginManage:310 - Check plugin tools
2024-11-21 12:51:08,723 [INFO] IntegrityCheckThread:86 - entering critical section [integrity check]
2024-11-21 12:51:08,723 [INFO] ThirdPartyUpdaterWithRetryManager:70 - Updater plugin not ready yet. [1/15]
2024-11-21 12:51:08,782 [INFO] PluginManage:359 - Loaded plugin tools (category:base,tabindex:7)
2024-11-21 12:51:08,783 [INFO] PluginManage:310 - Check plugin tutovideos
2024-11-21 12:51:09,280 [INFO] PluginManage:359 - Loaded plugin tutovideos (category:base,tabindex:-1)
2024-11-21 12:51:09,280 [INFO] PluginManage:310 - Check plugin updater
2024-11-21 12:51:09,302 [INFO] PluginManage:359 - Loaded plugin updater (category:base,tabindex:12)
2024-11-21 12:51:09,302 [INFO] PluginManage:310 - Check plugin userauth
2024-11-21 12:51:09,317 [INFO] UserAuth:113 - Init User Auth plugin
2024-11-21 12:51:09,317 [INFO] PluginManage:359 - Loaded plugin userauth (category:base,tabindex:14)
2024-11-21 12:51:09,318 [INFO] PluginManage:283 - PluginManage : Loaded plugins [18]
2024-11-21 12:51:09,629 [INFO] PinOutPanel:1561 - setPackage(No Configuration,No Configuration)
2024-11-21 12:51:09,777 [INFO] CADModel:165 - CPN selected for project level
2024-11-21 12:51:09,778 [INFO] CADModel:114 - Register for checkConnection events
2024-11-21 12:51:09,823 [INFO] IPUIPlugin:80 - create IPUIPlugin
2024-11-21 12:51:09,823 [INFO] PluginManager:220 - loadIPPluginJar : add adc
2024-11-21 12:51:09,878 [INFO] IPUIPlugin:80 - create IPUIPlugin
2024-11-21 12:51:09,879 [INFO] PluginManager:220 - loadIPPluginJar : add aes
2024-11-21 12:51:09,935 [INFO] IPUIPlugin:80 - create IPUIPlugin
2024-11-21 12:51:09,935 [INFO] PluginManager:220 - loadIPPluginJar : add can
2024-11-21 12:51:09,964 [INFO] IPUIPlugin:80 - create IPUIPlugin
2024-11-21 12:51:09,964 [INFO] PluginManager:220 - loadIPPluginJar : add comp
2024-11-21 12:51:10,008 [INFO] IPUIPlugin:80 - create IPUIPlugin
2024-11-21 12:51:10,008 [INFO] PluginManager:220 - loadIPPluginJar : add cryp
2024-11-21 12:51:10,022 [INFO] IPUIPlugin:80 - create IPUIPlugin
2024-11-21 12:51:10,023 [INFO] PluginManager:220 - loadIPPluginJar : add ddr_ctrl_phy
2024-11-21 12:51:10,063 [INFO] IPUIPlugin:80 - create IPUIPlugin
2024-11-21 12:51:10,063 [INFO] PluginManager:220 - loadIPPluginJar : add dfsdm
2024-11-21 12:51:10,078 [INFO] IPUIPlugin:80 - create IPUIPlugin
2024-11-21 12:51:10,080 [INFO] PluginManager:220 - loadIPPluginJar : add dma
2024-11-21 12:51:10,135 [INFO] IPUIPlugin:80 - create IPUIPlugin
2024-11-21 12:51:10,135 [INFO] PluginManager:220 - loadIPPluginJar : add dma3
2024-11-21 12:51:10,188 [INFO] IPUIPlugin:80 - create IPUIPlugin
2024-11-21 12:51:10,188 [INFO] PluginManager:220 - loadIPPluginJar : add extmemmanager
2024-11-21 12:51:10,214 [INFO] IPUIPlugin:80 - create IPUIPlugin
2024-11-21 12:51:10,214 [INFO] PluginManager:220 - loadIPPluginJar : add fatfs
2024-11-21 12:51:10,274 [INFO] IPUIPlugin:80 - create IPUIPlugin
2024-11-21 12:51:10,274 [INFO] PluginManager:220 - loadIPPluginJar : add fmc
2024-11-21 12:51:10,291 [INFO] IPUIPlugin:80 - create IPUIPlugin
2024-11-21 12:51:10,292 [INFO] PluginManager:220 - loadIPPluginJar : add freertos
2024-11-21 12:51:10,316 [INFO] IPUIPlugin:80 - create IPUIPlugin
2024-11-21 12:51:10,316 [INFO] PluginManager:220 - loadIPPluginJar : add genericplugin
2024-11-21 12:51:10,444 [INFO] IPUIPlugin:80 - create IPUIPlugin
2024-11-21 12:51:10,445 [INFO] PluginManager:220 - loadIPPluginJar : add gfxmmu
2024-11-21 12:51:10,638 [INFO] IPUIPlugin:80 - create IPUIPlugin
2024-11-21 12:51:10,639 [INFO] PluginManager:220 - loadIPPluginJar : add gic
2024-11-21 12:51:10,655 [INFO] IPUIPlugin:80 - create IPUIPlugin
2024-11-21 12:51:10,655 [INFO] PluginManager:220 - loadIPPluginJar : add gpio
2024-11-21 12:51:10,768 [INFO] IPUIPlugin:80 - create IPUIPlugin
2024-11-21 12:51:10,768 [INFO] PluginManager:220 - loadIPPluginJar : add gtzc
2024-11-21 12:51:10,810 [INFO] IPUIPlugin:80 - create IPUIPlugin
2024-11-21 12:51:10,810 [INFO] PluginManager:220 - loadIPPluginJar : add hash
2024-11-21 12:51:10,881 [INFO] IPUIPlugin:80 - create IPUIPlugin
2024-11-21 12:51:10,881 [INFO] PluginManager:220 - loadIPPluginJar : add i2c
2024-11-21 12:51:10,933 [INFO] IPUIPlugin:80 - create IPUIPlugin
2024-11-21 12:51:10,933 [INFO] PluginManager:220 - loadIPPluginJar : add i2s
2024-11-21 12:51:10,986 [INFO] IPUIPlugin:80 - create IPUIPlugin
2024-11-21 12:51:10,986 [INFO] PluginManager:220 - loadIPPluginJar : add i3c
2024-11-21 12:51:11,106 [INFO] IPUIPlugin:80 - create IPUIPlugin
2024-11-21 12:51:11,106 [INFO] PluginManager:220 - loadIPPluginJar : add ipddr
2024-11-21 12:51:11,208 [INFO] IPUIPlugin:80 - create IPUIPlugin
2024-11-21 12:51:11,208 [INFO] PluginManager:220 - loadIPPluginJar : add linkedlist
2024-11-21 12:51:11,251 [INFO] IPUIPlugin:80 - create IPUIPlugin
2024-11-21 12:51:11,252 [INFO] PluginManager:220 - loadIPPluginJar : add lorawan
2024-11-21 12:51:11,297 [INFO] IPUIPlugin:80 - create IPUIPlugin
2024-11-21 12:51:11,297 [INFO] PluginManager:220 - loadIPPluginJar : add ltdc
2024-11-21 12:51:11,314 [INFO] IPUIPlugin:80 - create IPUIPlugin
2024-11-21 12:51:11,314 [INFO] PluginManager:220 - loadIPPluginJar : add mdma
2024-11-21 12:51:11,331 [INFO] IPUIPlugin:80 - create IPUIPlugin
2024-11-21 12:51:11,331 [INFO] PluginManager:220 - loadIPPluginJar : add nvic
2024-11-21 12:51:11,383 [INFO] IPUIPlugin:80 - create IPUIPlugin
2024-11-21 12:51:11,383 [INFO] PluginManager:220 - loadIPPluginJar : add opamp
2024-11-21 12:51:11,457 [INFO] IPUIPlugin:80 - create IPUIPlugin
2024-11-21 12:51:11,457 [INFO] PluginManager:220 - loadIPPluginJar : add openamp
2024-11-21 12:51:11,514 [INFO] IPUIPlugin:80 - create IPUIPlugin
2024-11-21 12:51:11,514 [INFO] PluginManager:220 - loadIPPluginJar : add pdm2pcm
2024-11-21 12:51:11,534 [INFO] IPUIPlugin:80 - create IPUIPlugin
2024-11-21 12:51:11,536 [INFO] PluginManager:220 - loadIPPluginJar : add plateformsettings
2024-11-21 12:51:11,566 [INFO] IPUIPlugin:80 - create IPUIPlugin
2024-11-21 12:51:11,566 [INFO] PluginManager:220 - loadIPPluginJar : add quadspi
2024-11-21 12:51:11,599 [INFO] IPUIPlugin:80 - create IPUIPlugin
2024-11-21 12:51:11,600 [INFO] PluginManager:220 - loadIPPluginJar : add radio
2024-11-21 12:51:11,618 [INFO] IPUIPlugin:80 - create IPUIPlugin
2024-11-21 12:51:11,618 [INFO] PluginManager:220 - loadIPPluginJar : add resmgrutility
2024-11-21 12:51:11,677 [INFO] IPUIPlugin:80 - create IPUIPlugin
2024-11-21 12:51:11,677 [INFO] PluginManager:220 - loadIPPluginJar : add sai
2024-11-21 12:51:11,722 [INFO] IPUIPlugin:80 - create IPUIPlugin
2024-11-21 12:51:11,722 [INFO] PluginManager:220 - loadIPPluginJar : add spi
2024-11-21 12:51:11,725 [INFO] ThirdPartyUpdaterWithRetryManager:70 - Updater plugin not ready yet. [2/15]
2024-11-21 12:51:11,799 [INFO] IPUIPlugin:80 - create IPUIPlugin
2024-11-21 12:51:11,799 [INFO] PluginManager:220 - loadIPPluginJar : add stm32_wpan
2024-11-21 12:51:11,825 [INFO] IPUIPlugin:80 - create IPUIPlugin
2024-11-21 12:51:11,825 [INFO] PluginManager:220 - loadIPPluginJar : add tim
2024-11-21 12:51:11,895 [INFO] IPUIPlugin:80 - create IPUIPlugin
2024-11-21 12:51:11,895 [INFO] PluginManager:220 - loadIPPluginJar : add touchsensing
2024-11-21 12:51:11,924 [INFO] IPUIPlugin:80 - create IPUIPlugin
2024-11-21 12:51:11,924 [INFO] PluginManager:220 - loadIPPluginJar : add tracer_emb
2024-11-21 12:51:11,953 [INFO] IPUIPlugin:80 - create IPUIPlugin
2024-11-21 12:51:11,953 [INFO] PluginManager:220 - loadIPPluginJar : add ts
2024-11-21 12:51:11,982 [INFO] IPUIPlugin:80 - create IPUIPlugin
2024-11-21 12:51:11,982 [INFO] PluginManager:220 - loadIPPluginJar : add tsc
2024-11-21 12:51:12,013 [INFO] IPUIPlugin:80 - create IPUIPlugin
2024-11-21 12:51:12,013 [INFO] PluginManager:220 - loadIPPluginJar : add ucpd
2024-11-21 12:51:12,063 [INFO] IPUIPlugin:80 - create IPUIPlugin
2024-11-21 12:51:12,063 [INFO] PluginManager:220 - loadIPPluginJar : add usart
2024-11-21 12:51:12,115 [INFO] IPUIPlugin:80 - create IPUIPlugin
2024-11-21 12:51:12,116 [INFO] PluginManager:220 - loadIPPluginJar : add usbx
2024-11-21 12:51:12,243 [INFO] CADModel:165 - CPN selected for project level
2024-11-21 12:51:12,243 [INFO] CADModel:114 - Register for checkConnection events
2024-11-21 12:51:12,243 [FATAL] Updater:334 - Updater called before beeing initialized
2024-11-21 12:51:12,244 [ERROR] CADModel:125 - Updater not yet initialized, retry later 
2024-11-21 12:51:12,368 [INFO] CADModel:165 - CPN selected for project level
2024-11-21 12:51:12,368 [INFO] CADModel:114 - Register for checkConnection events
2024-11-21 12:51:12,368 [FATAL] Updater:334 - Updater called before beeing initialized
2024-11-21 12:51:12,368 [ERROR] CADModel:125 - Updater not yet initialized, retry later 
2024-11-21 12:51:12,370 [FATAL] Updater:334 - Updater called before beeing initialized
2024-11-21 12:51:12,454 [FATAL] Updater:334 - Updater called before beeing initialized
2024-11-21 12:51:12,466 [INFO] DbMcusAds:53 - JSON generation date=Fri Sep 20 06:04:38 PDT 2024 (1726837478367)
2024-11-21 12:51:12,467 [FATAL] Updater:334 - Updater called before beeing initialized
2024-11-21 12:51:12,509 [WARN] DetailPanel:346 - Failed to get advertising image, set to default
2024-11-21 12:51:12,596 [FATAL] Updater:334 - Updater called before beeing initialized
2024-11-21 12:51:12,597 [FATAL] Updater:334 - Updater called before beeing initialized
2024-11-21 12:51:12,598 [FATAL] Updater:334 - Updater called before beeing initialized
2024-11-21 12:51:12,598 [WARN] DetailPanel:346 - Failed to get advertising image, set to default
2024-11-21 12:51:12,598 [FATAL] Updater:334 - Updater called before beeing initialized
2024-11-21 12:51:12,659 [ERROR] Updater:1164 - MainUpdater not yet initialized. External WinMGr cannot be set.
2024-11-21 12:51:12,672 [INFO] Updater:1100 - Updater Version found : 6.12.1
2024-11-21 12:51:12,696 [INFO] ApplicationProperties:184 - Using Application install path: C:\ST\STM32CubeIDE_1.16.1\STM32CubeIDE\plugins\com.st.stm32cube.common.mx_6.12.1.202409122256
2024-11-21 12:51:14,277 [ERROR] LogOutputStream:75 - [STDERR_REDIRECT] Nov 21, 2024 12:51:14 PM java.util.prefs.WindowsPreferences <init>
2024-11-21 12:51:14,278 [ERROR] LogOutputStream:75 - [STDERR_REDIRECT] WARNING: Could not open/create prefs root node Software\JavaSoft\Prefs at root 0xffffffff80000002. Windows RegCreateKeyEx(...) returned error code 5.
2024-11-21 12:51:14,278 [ERROR] LogOutputStream:75 - [STDERR_REDIRECT] 
2024-11-21 12:51:14,670 [INFO] MainUpdater:2873 - connection check result : 10
2024-11-21 12:51:14,671 [INFO] MainUpdater:290 - Updater Check For Update Now.
2024-11-21 12:51:14,671 [INFO] MicroXplorer:498 - Change Database Version : DB.6.0.121
2024-11-21 12:51:14,693 [INFO] McuFinderGlobals:63 - Set McuFinder mode to 2 (CubeIDE integrated)
2024-11-21 12:51:14,702 [INFO] UserAuth:417 - Internet connection configuration mode: 1
2024-11-21 12:51:14,725 [WARN] MainUpdater:1194 - Updater busy. Cannot search thirdparties
2024-11-21 12:51:14,725 [INFO] ThirdPartyUpdaterWithRetryManager:96 - Updater plugin is busy. [1/15]
2024-11-21 12:51:14,735 [INFO] JxBrowserEngine:152 - Initiate JxBrowser Engine with user profile folder
2024-11-21 12:51:14,919 [INFO] CheckServerUpdateThread:120 - End of CheckServer Thread
2024-11-21 12:51:17,987 [WARN] PackLoader:240 - Cannot read IP mode file for STMicroelectronics.FP-SNS-MOTENVWB1.1.4.0
2024-11-21 12:51:18,002 [WARN] PackLoader:240 - Cannot read IP mode file for STMicroelectronics.FP-ATR-ASTRA1.2.0.1
2024-11-21 12:51:18,018 [WARN] PackLoader:240 - Cannot read IP mode file for STMicroelectronics.X-CUBE-SMBUS.2.1.0
2024-11-21 12:51:18,036 [WARN] PackLoader:240 - Cannot read IP mode file for STMicroelectronics.X-CUBE-WB05N.1.1.0
2024-11-21 12:51:18,078 [WARN] PackLoader:240 - Cannot read IP mode file for STMicroelectronics.X-CUBE-AZRTOS-F7.1.1.0
2024-11-21 12:51:18,150 [WARN] PackLoader:240 - Cannot read IP mode file for STMicroelectronics.X-CUBE-MEMS1.11.0.0
2024-11-21 12:51:18,321 [WARN] PackLoader:240 - Cannot read IP mode file for STMicroelectronics.FP-SNS-FLIGHT1.5.0.2
2024-11-21 12:51:18,337 [WARN] PackLoader:240 - Cannot read IP mode file for STMicroelectronics.X-CUBE-DISPLAY.3.0.0
2024-11-21 12:51:18,355 [WARN] PackLoader:240 - Cannot read IP mode file for STMicroelectronics.X-CUBE-BLE1.7.0.0
2024-11-21 12:51:18,371 [WARN] PackLoader:240 - Cannot read IP mode file for STMicroelectronics.X-CUBE-NFC10.1.0.0
2024-11-21 12:51:18,389 [WARN] PackLoader:240 - Cannot read IP mode file for emotas.I-CUBE-CANOPEN.1.3.0
2024-11-21 12:51:18,406 [WARN] PackLoader:240 - Cannot read IP mode file for STMicroelectronics.X-CUBE-BLEMGR.3.1.0
2024-11-21 12:51:18,422 [WARN] PackLoader:240 - Cannot read IP mode file for STMicroelectronics.FP-SNS-SMARTAG2.1.2.0
2024-11-21 12:51:18,446 [INFO] LogOutputStream:77 - [STDOUT_REDIRECT] 1 : Invalid condition id : UX_CORESTACK_Condition cause : null
2024-11-21 12:51:18,447 [INFO] LogOutputStream:77 - [STDOUT_REDIRECT] 1 : Invalid condition id : UX_CORESTACK_Condition cause : null
2024-11-21 12:51:18,448 [INFO] LogOutputStream:77 - [STDOUT_REDIRECT] 1 : Invalid condition id : UX_CORESTACK_Condition cause : null
2024-11-21 12:51:18,449 [INFO] LogOutputStream:77 - [STDOUT_REDIRECT] 1 : Invalid condition id : UX_CORESTACK_Condition cause : null
2024-11-21 12:51:18,450 [INFO] LogOutputStream:77 - [STDOUT_REDIRECT] 1 : Invalid condition id : UX_CORESTACK_Condition cause : null
2024-11-21 12:51:18,452 [WARN] PackLoader:240 - Cannot read IP mode file for STMicroelectronics.X-CUBE-AZRTOS-WL.2.0.0
2024-11-21 12:51:18,471 [WARN] PackLoader:240 - Cannot read IP mode file for STMicroelectronics.FP-SNS-MOTENV1.5.0.0
2024-11-21 12:51:18,486 [WARN] PackLoader:240 - Cannot read IP mode file for wolfSSL.I-CUBE-wolfMQTT.1.19.0
2024-11-21 12:51:18,507 [WARN] PackLoader:240 - Cannot read IP mode file for WES.I-CUBE-Cesium.1.3.0
2024-11-21 12:51:18,527 [WARN] PackLoader:240 - Cannot read IP mode file for STMicroelectronics.X-CUBE-BLE2.3.3.0
2024-11-21 12:51:18,550 [WARN] PackLoader:240 - Cannot read IP mode file for STMicroelectronics.X-CUBE-NFC9.1.0.0
2024-11-21 12:51:18,566 [WARN] PackLoader:240 - Cannot read IP mode file for STMicroelectronics.X-CUBE-TCPP.4.1.0
2024-11-21 12:51:18,600 [WARN] PackLoader:240 - Cannot read IP mode file for STMicroelectronics.X-CUBE-AZRTOS-G0.1.1.0
2024-11-21 12:51:18,624 [WARN] PackLoader:240 - Cannot read IP mode file for STMicroelectronics.X-CUBE-SAFEA1.1.2.2
2024-11-21 12:51:18,639 [WARN] PackLoader:240 - Cannot read IP mode file for STMicroelectronics.X-CUBE-NFC4.3.0.0
2024-11-21 12:51:18,659 [WARN] PackLoader:240 - Cannot read IP mode file for EmbeddedOffice.I-CUBE-FS-RTOS.1.0.1
2024-11-21 12:51:18,660 [ERROR] ConditionMgr:805 - Attr not supported : Dmpu
2024-11-21 12:51:18,660 [ERROR] ConditionMgr:805 - Attr not supported : Dmpu
2024-11-21 12:51:18,660 [ERROR] ConditionMgr:805 - Attr not supported : Dmpu
2024-11-21 12:51:18,660 [ERROR] ConditionMgr:805 - Attr not supported : Dmpu
2024-11-21 12:51:18,660 [ERROR] ConditionMgr:805 - Attr not supported : Dmpu
2024-11-21 12:51:18,660 [ERROR] ConditionMgr:805 - Attr not supported : Dmpu
2024-11-21 12:51:18,660 [ERROR] ConditionMgr:805 - Attr not supported : Dmpu
2024-11-21 12:51:18,660 [ERROR] ConditionMgr:805 - Attr not supported : Dmpu
2024-11-21 12:51:18,660 [ERROR] ConditionMgr:805 - Attr not supported : Dmpu
2024-11-21 12:51:18,660 [ERROR] ConditionMgr:805 - Attr not supported : Dmpu
2024-11-21 12:51:18,660 [ERROR] ConditionMgr:805 - Attr not supported : Dmpu
2024-11-21 12:51:18,660 [ERROR] ConditionMgr:805 - Attr not supported : Dmpu
2024-11-21 12:51:18,661 [ERROR] ConditionMgr:805 - Attr not supported : Dmpu
2024-11-21 12:51:18,661 [ERROR] ConditionMgr:805 - Attr not supported : Dmpu
2024-11-21 12:51:18,661 [ERROR] ConditionMgr:805 - Attr not supported : Dmpu
2024-11-21 12:51:18,661 [ERROR] ConditionMgr:805 - Attr not supported : Dmpu
2024-11-21 12:51:18,661 [ERROR] ConditionMgr:805 - Attr not supported : Dmpu
2024-11-21 12:51:18,661 [ERROR] ConditionMgr:805 - Attr not supported : Dmpu
2024-11-21 12:51:18,661 [ERROR] ConditionMgr:805 - Attr not supported : Dmpu
2024-11-21 12:51:18,661 [ERROR] ConditionMgr:805 - Attr not supported : Dmpu
2024-11-21 12:51:18,661 [ERROR] ConditionMgr:805 - Attr not supported : Dmpu
2024-11-21 12:51:18,661 [ERROR] ConditionMgr:805 - Attr not supported : Dmpu
2024-11-21 12:51:18,661 [ERROR] ConditionMgr:805 - Attr not supported : Dmpu
2024-11-21 12:51:18,661 [ERROR] ConditionMgr:805 - Attr not supported : Dmpu
2024-11-21 12:51:18,661 [ERROR] ConditionMgr:805 - Attr not supported : Dmpu
2024-11-21 12:51:18,661 [ERROR] ConditionMgr:805 - Attr not supported : Dmpu
2024-11-21 12:51:18,661 [ERROR] ConditionMgr:805 - Attr not supported : Dmpu
2024-11-21 12:51:18,661 [ERROR] ConditionMgr:805 - Attr not supported : Dmpu
2024-11-21 12:51:18,661 [ERROR] ConditionMgr:805 - Attr not supported : Dmpu
2024-11-21 12:51:18,661 [ERROR] ConditionMgr:805 - Attr not supported : Dmpu
2024-11-21 12:51:18,661 [ERROR] ConditionMgr:805 - Attr not supported : Dmpu
2024-11-21 12:51:18,662 [ERROR] ConditionMgr:805 - Attr not supported : Dmpu
2024-11-21 12:51:18,662 [ERROR] ConditionMgr:805 - Attr not supported : Dmpu
2024-11-21 12:51:18,662 [ERROR] ConditionMgr:805 - Attr not supported : Dmpu
2024-11-21 12:51:18,662 [ERROR] ConditionMgr:805 - Attr not supported : Dmpu
2024-11-21 12:51:18,662 [ERROR] ConditionMgr:805 - Attr not supported : Dmpu
2024-11-21 12:51:18,662 [ERROR] ConditionMgr:805 - Attr not supported : Dmpu
2024-11-21 12:51:18,662 [ERROR] ConditionMgr:805 - Attr not supported : Dmpu
2024-11-21 12:51:18,662 [ERROR] ConditionMgr:805 - Attr not supported : Dmpu
2024-11-21 12:51:18,662 [ERROR] ConditionMgr:805 - Attr not supported : Dmpu
2024-11-21 12:51:18,662 [ERROR] ConditionMgr:805 - Attr not supported : Dmpu
2024-11-21 12:51:18,662 [ERROR] ConditionMgr:805 - Attr not supported : Dmpu
2024-11-21 12:51:18,662 [ERROR] ConditionMgr:805 - Attr not supported : Dmpu
2024-11-21 12:51:18,662 [ERROR] ConditionMgr:805 - Attr not supported : Dmpu
2024-11-21 12:51:18,662 [ERROR] ConditionMgr:805 - Attr not supported : Dmpu
2024-11-21 12:51:18,662 [ERROR] ConditionMgr:805 - Attr not supported : Dmpu
2024-11-21 12:51:18,662 [ERROR] ConditionMgr:805 - Attr not supported : Dmpu
2024-11-21 12:51:18,662 [ERROR] ConditionMgr:805 - Attr not supported : Dmpu
2024-11-21 12:51:18,662 [ERROR] ConditionMgr:805 - Attr not supported : Dmpu
2024-11-21 12:51:18,663 [ERROR] ConditionMgr:805 - Attr not supported : Dmpu
2024-11-21 12:51:18,663 [ERROR] ConditionMgr:805 - Attr not supported : Dmpu
2024-11-21 12:51:18,663 [ERROR] ConditionMgr:805 - Attr not supported : Dmpu
2024-11-21 12:51:18,663 [ERROR] ConditionMgr:805 - Attr not supported : Dmpu
2024-11-21 12:51:18,663 [ERROR] ConditionMgr:805 - Attr not supported : Dmpu
2024-11-21 12:51:18,663 [ERROR] ConditionMgr:805 - Attr not supported : Dmpu
2024-11-21 12:51:18,663 [ERROR] ConditionMgr:805 - Attr not supported : Dmpu
2024-11-21 12:51:18,663 [ERROR] ConditionMgr:805 - Attr not supported : Dmpu
2024-11-21 12:51:18,663 [ERROR] ConditionMgr:805 - Attr not supported : Dmpu
2024-11-21 12:51:18,663 [ERROR] ConditionMgr:805 - Attr not supported : Dmpu
2024-11-21 12:51:18,663 [ERROR] ConditionMgr:805 - Attr not supported : Dmpu
2024-11-21 12:51:18,663 [ERROR] ConditionMgr:805 - Attr not supported : Dmpu
2024-11-21 12:51:18,663 [ERROR] ConditionMgr:805 - Attr not supported : Dmpu
2024-11-21 12:51:18,663 [ERROR] ConditionMgr:805 - Attr not supported : Dmpu
2024-11-21 12:51:18,663 [ERROR] ConditionMgr:805 - Attr not supported : Dmpu
2024-11-21 12:51:18,679 [WARN] PackLoader:240 - Cannot read IP mode file for RealThread.X-CUBE-RT-Thread_Nano.4.1.1
2024-11-21 12:51:18,695 [WARN] PackLoader:240 - Cannot read IP mode file for STMicroelectronics.FP-ATR-SIGFOX1.3.2.0
2024-11-21 12:51:18,709 [WARN] ConditionMgr:438 - getConditionDescription Invalid condition id : Cortex-A Device cause : null
2024-11-21 12:51:18,735 [WARN] ConditionMgr:1039 - genDependencies : Invalid condition id : Cortex-A Device cause : null
2024-11-21 12:51:18,735 [WARN] ConditionMgr:1039 - genDependencies : Invalid condition id : Cortex-A Device cause : null
2024-11-21 12:51:18,735 [WARN] ConditionMgr:1039 - genDependencies : Invalid condition id : Cortex-A Device cause : null
2024-11-21 12:51:18,759 [WARN] PackLoader:240 - Cannot read IP mode file for STMicroelectronics.X-CUBE-EEPRMA1.5.1.0
2024-11-21 12:51:18,775 [WARN] PackLoader:240 - Cannot read IP mode file for wolfSSL.I-CUBE-wolfSSL.5.7.4
2024-11-21 12:51:18,796 [WARN] PackLoader:240 - Cannot read IP mode file for ITTIA_DB.I-CUBE-ITTIADB.8.9.0
2024-11-21 12:51:18,832 [WARN] PackLoader:240 - Cannot read IP mode file for SEGGER.I-CUBE-embOS.1.3.1
2024-11-21 12:51:18,871 [WARN] PackLoader:240 - Cannot read IP mode file for STMicroelectronics.X-CUBE-ALGOBUILD.1.4.0
2024-11-21 12:51:18,886 [WARN] PackLoader:240 - Cannot read IP mode file for STMicroelectronics.X-CUBE-AI.9.1.0
2024-11-21 12:51:18,911 [WARN] PackLoader:240 - Cannot read IP mode file for STMicroelectronics.X-CUBE-AZRTOS-F4.1.1.0
2024-11-21 12:51:18,930 [WARN] PackLoader:240 - Cannot read IP mode file for STMicroelectronics.X-CUBE-ISPU.2.1.0
2024-11-21 12:51:18,945 [WARN] PackLoader:240 - Cannot read IP mode file for STMicroelectronics.X-CUBE-FREERTOS.1.2.0
2024-11-21 12:51:18,971 [WARN] PackLoader:240 - Cannot read IP mode file for STMicroelectronics.X-CUBE-AZRTOS-L5.2.0.0
2024-11-21 12:51:18,989 [WARN] PackLoader:240 - Cannot read IP mode file for STMicroelectronics.X-CUBE-NFC6.3.1.0
2024-11-21 12:51:19,007 [WARN] PackLoader:240 - Cannot read IP mode file for STMicroelectronics.X-CUBE-DPower.1.2.0
2024-11-21 12:51:19,024 [WARN] PackLoader:240 - Cannot read IP mode file for STMicroelectronics.X-CUBE-NFC7.1.0.1
2024-11-21 12:51:19,059 [WARN] ConditionMgr:438 - getConditionDescription Invalid condition id : LAN8742 Phy interface Condition cause : null
2024-11-21 12:51:19,060 [WARN] PackLoader:240 - Cannot read IP mode file for STMicroelectronics.X-CUBE-AZRTOS-L4.2.0.0
2024-11-21 12:51:19,061 [WARN] ConditionMgr:1039 - genDependencies : Invalid condition id : LAN8742 Phy interface Condition cause : null
2024-11-21 12:51:19,061 [WARN] ConditionMgr:1039 - genDependencies : Invalid condition id : LAN8742 Phy interface Condition cause : null
2024-11-21 12:51:19,061 [WARN] ConditionMgr:1039 - genDependencies : Invalid condition id : LAN8742 Phy interface Condition cause : null
2024-11-21 12:51:19,084 [WARN] PackLoader:240 - Cannot read IP mode file for STMicroelectronics.X-CUBE-SFXS2LP1.4.0.0
2024-11-21 12:51:19,131 [WARN] PackLoader:240 - Cannot read IP mode file for STMicroelectronics.X-CUBE-AZRTOS-H7.3.3.0
2024-11-21 12:51:19,158 [WARN] PackLoader:240 - Cannot read IP mode file for STMicroelectronics.X-CUBE-IPS.3.0.0
2024-11-21 12:51:19,183 [WARN] ConditionMgr:438 - getConditionDescription Invalid condition id : UX DEVICE CLASS RTOS Condition cause : null
2024-11-21 12:51:19,183 [WARN] ConditionMgr:438 - getConditionDescription Invalid condition id : UX DEVICE CLASS RTOS Condition cause : null
2024-11-21 12:51:19,185 [WARN] PackLoader:240 - Cannot read IP mode file for STMicroelectronics.X-CUBE-AZRTOS-WB.2.0.0
2024-11-21 12:51:19,185 [WARN] ConditionMgr:1039 - genDependencies : Invalid condition id : UX DEVICE CLASS RTOS Condition cause : null
2024-11-21 12:51:19,185 [WARN] ConditionMgr:1039 - genDependencies : Invalid condition id : UX DEVICE CLASS RTOS Condition cause : null
2024-11-21 12:51:19,186 [WARN] ConditionMgr:1039 - genDependencies : Invalid condition id : UX DEVICE CLASS RTOS Condition cause : null
2024-11-21 12:51:19,186 [WARN] ConditionMgr:1039 - genDependencies : Invalid condition id : UX DEVICE CLASS RTOS Condition cause : null
2024-11-21 12:51:19,186 [WARN] ConditionMgr:1039 - genDependencies : Invalid condition id : UX DEVICE CLASS RTOS Condition cause : null
2024-11-21 12:51:19,203 [WARN] PackLoader:240 - Cannot read IP mode file for STMicroelectronics.X-CUBE-GNSS1.7.0.0
2024-11-21 12:51:19,219 [WARN] PackLoader:240 - Cannot read IP mode file for STMicroelectronics.FP-SNS-STBOX1.2.0.0
2024-11-21 12:51:19,239 [WARN] PackLoader:240 - Cannot read IP mode file for STMicroelectronics.X-CUBE-SUBG2.5.0.0
2024-11-21 12:51:19,255 [WARN] PackLoader:240 - Cannot read IP mode file for Cesanta.I-CUBE-Mongoose.7.13.0
2024-11-21 12:51:19,277 [WARN] PackLoader:240 - Cannot read IP mode file for STMicroelectronics.X-CUBE-AZRTOS-G4.2.0.0
2024-11-21 12:51:19,293 [WARN] PackLoader:240 - Cannot read IP mode file for STMicroelectronics.X-CUBE-ALS.1.0.2
2024-11-21 12:51:19,311 [WARN] PackLoader:240 - Cannot read IP mode file for STMicroelectronics.X-CUBE-TOUCHGFX.4.24.1
2024-11-21 12:51:19,325 [WARN] PackLoader:240 - Cannot read IP mode file for wolfSSL.I-CUBE-wolfTPM.3.4.0
2024-11-21 12:51:19,339 [WARN] PackLoader:240 - Cannot read IP mode file for portGmbH.I-Cube-SoM-uGOAL.1.1.0
2024-11-21 12:51:19,365 [WARN] PackLoader:240 - Cannot read IP mode file for STMicroelectronics.X-CUBE-AZRTOS-H7RS.1.0.0
2024-11-21 12:51:19,378 [WARN] PackLoader:240 - Cannot read IP mode file for STMicroelectronics.FP-ATR-ASTRA1.2.0.0
2024-11-21 12:51:19,398 [WARN] PackLoader:240 - Cannot read IP mode file for STMicroelectronics.X-CUBE-TOF1.3.4.2
2024-11-21 12:51:19,438 [WARN] PackLoader:240 - Cannot read IP mode file for Infineon.AIROC-Wi-Fi-Bluetooth-STM32.1.6.1
2024-11-21 12:51:19,456 [WARN] PackLoader:240 - Cannot read IP mode file for wolfSSL.I-CUBE-wolfSSH.1.4.17
2024-11-21 12:51:19,457 [INFO] ThirdParty:978 - Integrity check success = true
2024-11-21 12:51:19,457 [INFO] IntegrityCheckThread:100 - exiting critical section [integrity check]
2024-11-21 12:51:19,457 [INFO] IntegrityCheckThread:103 - End integrity checks thread
2024-11-21 12:51:21,663 [INFO] WebApp:167 - Instantiating new browser for Auth
2024-11-21 12:51:22,388 [INFO] WebApp:448 - Apply proxy settings
2024-11-21 12:51:22,388 [INFO] WebApp:533 - Chromium requires no authentication
2024-11-21 12:51:22,397 [INFO] WebApp:476 - Direct internet connection detected
2024-11-21 12:51:22,424 [INFO] WebApp:869 - Register for checkConnection events
2024-11-21 12:51:22,424 [INFO] WebApp:448 - Apply proxy settings
2024-11-21 12:51:22,424 [INFO] WebApp:533 - Chromium requires no authentication
2024-11-21 12:51:22,424 [INFO] WebApp:476 - Direct internet connection detected
2024-11-21 12:51:22,640 [INFO] WebApp:220 - Starting web application
2024-11-21 12:51:22,640 [INFO] WebApp:578 - Web application path used C:\ST\STM32CubeIDE_1.16.1\STM32CubeIDE\plugins\com.st.stm32cube.common.mx_6.12.1.202409122256\db\plugins\mcufinder\reactClient1\index.html
2024-11-21 12:51:22,751 [INFO] WebApp:186 - Connection restablished
2024-11-21 12:51:22,843 [INFO] UserAuth:417 - Internet connection configuration mode: 1
2024-11-21 12:52:39,392 [INFO] WebApp:189 - Connection lost
2024-11-21 12:52:39,531 [INFO] WebApp:186 - Connection restablished
2024-11-21 13:27:01,254 [ERROR] LogOutputStream:75 - [STDERR_REDIRECT] 
2024-11-21 13:27:01,256 [ERROR] LogOutputStream:75 - [STDERR_REDIRECT] 
2024-11-21 15:03:26,861 [INFO] Activator:176 - 


2024-11-21 15:03:26,865 [INFO] Activator:177 - !SESSION log4j initialized
2024-11-21 15:03:38,429 [INFO] LogOutputStream:77 - [STDOUT_REDIRECT] 
2024-11-21 15:03:39,965 [INFO] ApplicationProperties:184 - Using Application install path: C:\ST\STM32CubeIDE_1.16.1\STM32CubeIDE\plugins\com.st.stm32cube.common.mx_6.12.1.202409122256
2024-11-21 15:03:39,991 [INFO] DbMcusXml:78 - Set database path to: C:\ST\STM32CubeIDE_1.16.1\STM32CubeIDE\plugins\com.st.stm32cube.common.mx_6.12.1.202409122256\\db\/mcu/
2024-11-21 15:03:39,992 [INFO] ApiDb:274 - Set plugin database path to: C:\ST\STM32CubeIDE_1.16.1\STM32CubeIDE\plugins\com.st.stm32cube.common.mx_6.12.1.202409122256\\db\/plugins/boardmanager/
2024-11-21 15:03:39,993 [WARN] ApiDb:259 - Overriding images path with different value:  => C:\ST\STM32CubeIDE_1.16.1\STM32CubeIDE\plugins\com.st.stm32cube.common.mx_6.12.1.202409122256\\db\/plugins/mcufinder/images/
2024-11-21 15:03:40,004 [INFO] ApiDb:250 - Set database path to: C:\Users\User\.stmcufinder\plugins\mcufinder//mcu/
2024-11-21 15:03:40,006 [INFO] DbMcusAds:125 - Set database path to: C:\Users\User\.stmcufinder\plugins\mcufinder//mcu/
2024-11-21 15:03:40,010 [INFO] CrossReferenceDbSqlite:203 - Set database path to: C:\Users\User\.stmcufinder\plugins\mcufinder//mcu/cs/
2024-11-21 15:03:40,254 [INFO] RulesReader:64 - Compatibility file has been processed (297 Rules)
2024-11-21 15:03:40,410 [INFO] DbMcusXml:78 - Set database path to: C:\ST\STM32CubeIDE_1.16.1\STM32CubeIDE\plugins\com.st.stm32cube.common.mx_6.12.1.202409122256\\db\/mcu/
2024-11-21 15:03:40,410 [INFO] ApiDb:274 - Set plugin database path to: C:\ST\STM32CubeIDE_1.16.1\STM32CubeIDE\plugins\com.st.stm32cube.common.mx_6.12.1.202409122256\\db\/plugins/boardmanager/
2024-11-21 15:03:40,410 [INFO] ApiDb:261 - Set plugin images path to: C:\ST\STM32CubeIDE_1.16.1\STM32CubeIDE\plugins\com.st.stm32cube.common.mx_6.12.1.202409122256\\db\/plugins/mcufinder/images/
2024-11-21 15:03:40,411 [WARN] DbFile:41 - Overriding database path with different value: C:\Users\User\.stmcufinder\plugins\mcufinder/ => C:\Users\User\.stmcufinder\plugins\mcufinder
2024-11-21 15:03:40,411 [INFO] ApiDb:250 - Set database path to: C:\Users\User\.stmcufinder\plugins\mcufinder//mcu/
2024-11-21 15:03:40,411 [WARN] DbFile:41 - Overriding database path with different value: C:\Users\User\.stmcufinder\plugins\mcufinder/ => C:\Users\User\.stmcufinder\plugins\mcufinder
2024-11-21 15:03:40,411 [INFO] DbMcusAds:125 - Set database path to: C:\Users\User\.stmcufinder\plugins\mcufinder//mcu/
2024-11-21 15:03:40,412 [WARN] DbFile:41 - Overriding database path with different value: C:\Users\User\.stmcufinder\plugins\mcufinder/ => C:\Users\User\.stmcufinder\plugins\mcufinder
2024-11-21 15:03:40,412 [WARN] DbFile:41 - Overriding database path with different value: C:\Users\User\.stmcufinder\plugins\mcufinder/ => C:\Users\User\.stmcufinder\plugins\mcufinder
2024-11-21 15:03:40,412 [INFO] CrossReferenceDbSqlite:203 - Set database path to: C:\Users\User\.stmcufinder\plugins\mcufinder//mcu/cs/
2024-11-21 15:03:40,622 [INFO] MainPanel:268 - HeapMemory: 268435456
2024-11-21 15:03:40,858 [INFO] DbMcusXml:78 - Set database path to: C:\ST\STM32CubeIDE_1.16.1\STM32CubeIDE\plugins\com.st.stm32cube.common.mx_6.12.1.202409122256\\db\/mcu/
2024-11-21 15:03:40,858 [INFO] ApiDb:274 - Set plugin database path to: C:\ST\STM32CubeIDE_1.16.1\STM32CubeIDE\plugins\com.st.stm32cube.common.mx_6.12.1.202409122256\\db\/plugins/boardmanager/
2024-11-21 15:03:40,858 [INFO] ApiDb:261 - Set plugin images path to: C:\ST\STM32CubeIDE_1.16.1\STM32CubeIDE\plugins\com.st.stm32cube.common.mx_6.12.1.202409122256\\db\/plugins/mcufinder/images/
2024-11-21 15:03:40,861 [WARN] DbFile:41 - Overriding database path with different value: C:\Users\User\.stmcufinder\plugins\mcufinder/ => C:\Users\User\.stmcufinder\plugins\mcufinder
2024-11-21 15:03:40,861 [INFO] ApiDb:250 - Set database path to: C:\Users\User\.stmcufinder\plugins\mcufinder//mcu/
2024-11-21 15:03:40,861 [WARN] DbFile:41 - Overriding database path with different value: C:\Users\User\.stmcufinder\plugins\mcufinder/ => C:\Users\User\.stmcufinder\plugins\mcufinder
2024-11-21 15:03:40,861 [INFO] DbMcusAds:125 - Set database path to: C:\Users\User\.stmcufinder\plugins\mcufinder//mcu/
2024-11-21 15:03:40,862 [WARN] DbFile:41 - Overriding database path with different value: C:\Users\User\.stmcufinder\plugins\mcufinder/ => C:\Users\User\.stmcufinder\plugins\mcufinder
2024-11-21 15:03:40,862 [WARN] DbFile:41 - Overriding database path with different value: C:\Users\User\.stmcufinder\plugins\mcufinder/ => C:\Users\User\.stmcufinder\plugins\mcufinder
2024-11-21 15:03:40,862 [INFO] CrossReferenceDbSqlite:203 - Set database path to: C:\Users\User\.stmcufinder\plugins\mcufinder//mcu/cs/
2024-11-21 15:03:40,908 [INFO] ApplicationProperties:184 - Using Application install path: C:\ST\STM32CubeIDE_1.16.1\STM32CubeIDE\plugins\com.st.stm32cube.common.mx_6.12.1.202409122256
2024-11-21 15:03:40,912 [INFO] PluginManage:196 - Search for loadable plugins [exclusion list=, ]
2024-11-21 15:03:40,916 [INFO] PluginManage:310 - Check plugin analytics
2024-11-21 15:03:41,497 [INFO] AnalyticsPlugin:253 - Accepted Software Licenses: 
2024-11-21 15:03:41,497 [INFO] AnalyticsPlugin:255 - Accepted CMSIS Pack Licenses: 
2024-11-21 15:03:41,497 [INFO] AnalyticsPlugin:257 - Accepted Firmware Licenses: FW.U5.1.6.0
2024-11-21 15:03:41,507 [INFO] PluginManage:359 - Loaded plugin analytics (category:tool,tabindex:-1)
2024-11-21 15:03:41,507 [INFO] PluginManage:310 - Check plugin cadmodel
2024-11-21 15:03:41,517 [INFO] CADModel:105 - Init CAD model plugin
2024-11-21 15:03:41,517 [INFO] PluginManage:359 - Loaded plugin cadmodel (category:power,tabindex:5)
2024-11-21 15:03:41,518 [INFO] PluginManage:310 - Check plugin clock
2024-11-21 15:03:41,540 [INFO] PluginManage:359 - Loaded plugin clock (category:base,tabindex:2)
2024-11-21 15:03:41,540 [INFO] PluginManage:310 - Check plugin ddr
2024-11-21 15:03:41,545 [INFO] PluginManage:359 - Loaded plugin ddr (category:tool,tabindex:6)
2024-11-21 15:03:41,545 [INFO] PluginManage:310 - Check plugin filemanager
2024-11-21 15:03:41,860 [INFO] PluginManage:359 - Loaded plugin filemanager (category:base,tabindex:10)
2024-11-21 15:03:41,860 [INFO] PluginManage:310 - Check plugin ipmanager
2024-11-21 15:03:41,876 [INFO] PluginManage:359 - Loaded plugin ipmanager (category:base,tabindex:5)
2024-11-21 15:03:41,877 [INFO] PluginManage:310 - Check plugin lpbam
2024-11-21 15:03:41,891 [INFO] PluginManage:359 - Loaded plugin lpbam (category:base,tabindex:0)
2024-11-21 15:03:41,891 [INFO] PluginManage:310 - Check plugin memorymap
2024-11-21 15:03:41,913 [INFO] PluginManage:359 - Loaded plugin memorymap (category:base,tabindex:4)
2024-11-21 15:03:41,914 [INFO] PluginManage:310 - Check plugin pinoutandconfiguration
2024-11-21 15:03:41,926 [INFO] PluginManage:359 - Loaded plugin pinoutandconfiguration (category:base,tabindex:1)
2024-11-21 15:03:41,926 [INFO] PluginManage:310 - Check plugin pinoutconfig
2024-11-21 15:03:42,082 [WARN] SupportedApi:132 - Cannot load RTOS API schema: s4s-elt-must-match.1: The content of 'definitions' must match (annotation?, (simpleType | complexType)?, (unique | key | keyref)*)). A problem was found starting at: attribute.
2024-11-21 15:03:42,498 [INFO] PluginManage:359 - Loaded plugin pinoutconfig (category:base,tabindex:0)
2024-11-21 15:03:42,499 [INFO] PluginManage:310 - Check plugin power
2024-11-21 15:03:42,525 [INFO] PluginManage:359 - Loaded plugin power (category:power,tabindex:4)
2024-11-21 15:03:42,525 [INFO] PluginManage:310 - Check plugin projectmanager
2024-11-21 15:03:42,568 [INFO] PluginManage:359 - Loaded plugin projectmanager (category:projectmanager,tabindex:4)
2024-11-21 15:03:42,569 [INFO] PluginManage:310 - Check plugin rif
2024-11-21 15:03:42,592 [INFO] PluginManage:359 - Loaded plugin rif (category:base,tabindex:3)
2024-11-21 15:03:42,593 [INFO] PluginManage:310 - Check plugin thirdparty
2024-11-21 15:03:42,850 [WARN] IntegrityCheckThread:84 - waiting for thirdparty lock release [integrity check]
2024-11-21 15:03:42,850 [INFO] IntegrityCheckThread:86 - entering critical section [integrity check]
2024-11-21 15:03:42,851 [INFO] PluginManage:359 - Loaded plugin thirdparty (category:base,tabindex:-1)
2024-11-21 15:03:42,851 [INFO] ThirdPartyUpdaterWithRetryManager:70 - Updater plugin not ready yet. [1/15]
2024-11-21 15:03:42,851 [INFO] PluginManage:310 - Check plugin tools
2024-11-21 15:03:42,859 [INFO] PluginManage:359 - Loaded plugin tools (category:base,tabindex:7)
2024-11-21 15:03:42,859 [INFO] PluginManage:310 - Check plugin tutovideos
2024-11-21 15:03:43,266 [INFO] PluginManage:359 - Loaded plugin tutovideos (category:base,tabindex:-1)
2024-11-21 15:03:43,266 [INFO] PluginManage:310 - Check plugin updater
2024-11-21 15:03:43,307 [INFO] PluginManage:359 - Loaded plugin updater (category:base,tabindex:12)
2024-11-21 15:03:43,307 [INFO] PluginManage:310 - Check plugin userauth
2024-11-21 15:03:43,321 [INFO] UserAuth:113 - Init User Auth plugin
2024-11-21 15:03:43,321 [INFO] PluginManage:359 - Loaded plugin userauth (category:base,tabindex:14)
2024-11-21 15:03:43,322 [INFO] PluginManage:283 - PluginManage : Loaded plugins [18]
2024-11-21 15:03:43,758 [INFO] PinOutPanel:1561 - setPackage(No Configuration,No Configuration)
2024-11-21 15:03:43,900 [INFO] CADModel:165 - CPN selected for project level
2024-11-21 15:03:43,900 [INFO] CADModel:114 - Register for checkConnection events
2024-11-21 15:03:43,925 [INFO] IPUIPlugin:80 - create IPUIPlugin
2024-11-21 15:03:43,926 [INFO] PluginManager:220 - loadIPPluginJar : add adc
2024-11-21 15:03:43,930 [INFO] IPUIPlugin:80 - create IPUIPlugin
2024-11-21 15:03:43,930 [INFO] PluginManager:220 - loadIPPluginJar : add aes
2024-11-21 15:03:43,936 [INFO] IPUIPlugin:80 - create IPUIPlugin
2024-11-21 15:03:43,937 [INFO] PluginManager:220 - loadIPPluginJar : add can
2024-11-21 15:03:43,939 [INFO] IPUIPlugin:80 - create IPUIPlugin
2024-11-21 15:03:43,940 [INFO] PluginManager:220 - loadIPPluginJar : add comp
2024-11-21 15:03:43,943 [INFO] IPUIPlugin:80 - create IPUIPlugin
2024-11-21 15:03:43,943 [INFO] PluginManager:220 - loadIPPluginJar : add cryp
2024-11-21 15:03:43,947 [INFO] IPUIPlugin:80 - create IPUIPlugin
2024-11-21 15:03:43,947 [INFO] PluginManager:220 - loadIPPluginJar : add ddr_ctrl_phy
2024-11-21 15:03:43,950 [INFO] IPUIPlugin:80 - create IPUIPlugin
2024-11-21 15:03:43,950 [INFO] PluginManager:220 - loadIPPluginJar : add dfsdm
2024-11-21 15:03:43,958 [INFO] IPUIPlugin:80 - create IPUIPlugin
2024-11-21 15:03:43,959 [INFO] PluginManager:220 - loadIPPluginJar : add dma
2024-11-21 15:03:43,963 [INFO] IPUIPlugin:80 - create IPUIPlugin
2024-11-21 15:03:43,964 [INFO] PluginManager:220 - loadIPPluginJar : add dma3
2024-11-21 15:03:43,968 [INFO] IPUIPlugin:80 - create IPUIPlugin
2024-11-21 15:03:43,968 [INFO] PluginManager:220 - loadIPPluginJar : add extmemmanager
2024-11-21 15:03:43,971 [INFO] IPUIPlugin:80 - create IPUIPlugin
2024-11-21 15:03:43,971 [INFO] PluginManager:220 - loadIPPluginJar : add fatfs
2024-11-21 15:03:43,976 [INFO] IPUIPlugin:80 - create IPUIPlugin
2024-11-21 15:03:43,977 [INFO] PluginManager:220 - loadIPPluginJar : add fmc
2024-11-21 15:03:43,983 [INFO] IPUIPlugin:80 - create IPUIPlugin
2024-11-21 15:03:43,983 [INFO] PluginManager:220 - loadIPPluginJar : add freertos
2024-11-21 15:03:43,985 [INFO] IPUIPlugin:80 - create IPUIPlugin
2024-11-21 15:03:43,985 [INFO] PluginManager:220 - loadIPPluginJar : add genericplugin
2024-11-21 15:03:43,988 [INFO] IPUIPlugin:80 - create IPUIPlugin
2024-11-21 15:03:43,988 [INFO] PluginManager:220 - loadIPPluginJar : add gfxmmu
2024-11-21 15:03:43,995 [INFO] IPUIPlugin:80 - create IPUIPlugin
2024-11-21 15:03:43,995 [INFO] PluginManager:220 - loadIPPluginJar : add gic
2024-11-21 15:03:44,000 [INFO] IPUIPlugin:80 - create IPUIPlugin
2024-11-21 15:03:44,000 [INFO] PluginManager:220 - loadIPPluginJar : add gpio
2024-11-21 15:03:44,004 [INFO] IPUIPlugin:80 - create IPUIPlugin
2024-11-21 15:03:44,004 [INFO] PluginManager:220 - loadIPPluginJar : add gtzc
2024-11-21 15:03:44,008 [INFO] IPUIPlugin:80 - create IPUIPlugin
2024-11-21 15:03:44,009 [INFO] PluginManager:220 - loadIPPluginJar : add hash
2024-11-21 15:03:44,011 [INFO] IPUIPlugin:80 - create IPUIPlugin
2024-11-21 15:03:44,011 [INFO] PluginManager:220 - loadIPPluginJar : add i2c
2024-11-21 15:03:44,015 [INFO] IPUIPlugin:80 - create IPUIPlugin
2024-11-21 15:03:44,015 [INFO] PluginManager:220 - loadIPPluginJar : add i2s
2024-11-21 15:03:44,018 [INFO] IPUIPlugin:80 - create IPUIPlugin
2024-11-21 15:03:44,018 [INFO] PluginManager:220 - loadIPPluginJar : add i3c
2024-11-21 15:03:44,024 [INFO] IPUIPlugin:80 - create IPUIPlugin
2024-11-21 15:03:44,024 [INFO] PluginManager:220 - loadIPPluginJar : add ipddr
2024-11-21 15:03:44,032 [INFO] IPUIPlugin:80 - create IPUIPlugin
2024-11-21 15:03:44,033 [INFO] PluginManager:220 - loadIPPluginJar : add linkedlist
2024-11-21 15:03:44,036 [INFO] IPUIPlugin:80 - create IPUIPlugin
2024-11-21 15:03:44,036 [INFO] PluginManager:220 - loadIPPluginJar : add lorawan
2024-11-21 15:03:44,038 [INFO] IPUIPlugin:80 - create IPUIPlugin
2024-11-21 15:03:44,038 [INFO] PluginManager:220 - loadIPPluginJar : add ltdc
2024-11-21 15:03:44,046 [INFO] IPUIPlugin:80 - create IPUIPlugin
2024-11-21 15:03:44,046 [INFO] PluginManager:220 - loadIPPluginJar : add mdma
2024-11-21 15:03:44,049 [INFO] IPUIPlugin:80 - create IPUIPlugin
2024-11-21 15:03:44,050 [INFO] PluginManager:220 - loadIPPluginJar : add nvic
2024-11-21 15:03:44,053 [INFO] IPUIPlugin:80 - create IPUIPlugin
2024-11-21 15:03:44,053 [INFO] PluginManager:220 - loadIPPluginJar : add opamp
2024-11-21 15:03:44,057 [INFO] IPUIPlugin:80 - create IPUIPlugin
2024-11-21 15:03:44,057 [INFO] PluginManager:220 - loadIPPluginJar : add openamp
2024-11-21 15:03:44,060 [INFO] IPUIPlugin:80 - create IPUIPlugin
2024-11-21 15:03:44,061 [INFO] PluginManager:220 - loadIPPluginJar : add pdm2pcm
2024-11-21 15:03:44,068 [INFO] IPUIPlugin:80 - create IPUIPlugin
2024-11-21 15:03:44,072 [INFO] PluginManager:220 - loadIPPluginJar : add plateformsettings
2024-11-21 15:03:44,074 [INFO] IPUIPlugin:80 - create IPUIPlugin
2024-11-21 15:03:44,074 [INFO] PluginManager:220 - loadIPPluginJar : add quadspi
2024-11-21 15:03:44,076 [INFO] IPUIPlugin:80 - create IPUIPlugin
2024-11-21 15:03:44,077 [INFO] PluginManager:220 - loadIPPluginJar : add radio
2024-11-21 15:03:44,081 [INFO] IPUIPlugin:80 - create IPUIPlugin
2024-11-21 15:03:44,081 [INFO] PluginManager:220 - loadIPPluginJar : add resmgrutility
2024-11-21 15:03:44,084 [INFO] IPUIPlugin:80 - create IPUIPlugin
2024-11-21 15:03:44,084 [INFO] PluginManager:220 - loadIPPluginJar : add sai
2024-11-21 15:03:44,087 [INFO] IPUIPlugin:80 - create IPUIPlugin
2024-11-21 15:03:44,087 [INFO] PluginManager:220 - loadIPPluginJar : add spi
2024-11-21 15:03:44,094 [INFO] IPUIPlugin:80 - create IPUIPlugin
2024-11-21 15:03:44,094 [INFO] PluginManager:220 - loadIPPluginJar : add stm32_wpan
2024-11-21 15:03:44,096 [INFO] IPUIPlugin:80 - create IPUIPlugin
2024-11-21 15:03:44,096 [INFO] PluginManager:220 - loadIPPluginJar : add tim
2024-11-21 15:03:44,100 [INFO] IPUIPlugin:80 - create IPUIPlugin
2024-11-21 15:03:44,100 [INFO] PluginManager:220 - loadIPPluginJar : add touchsensing
2024-11-21 15:03:44,102 [INFO] IPUIPlugin:80 - create IPUIPlugin
2024-11-21 15:03:44,102 [INFO] PluginManager:220 - loadIPPluginJar : add tracer_emb
2024-11-21 15:03:44,105 [INFO] IPUIPlugin:80 - create IPUIPlugin
2024-11-21 15:03:44,105 [INFO] PluginManager:220 - loadIPPluginJar : add ts
2024-11-21 15:03:44,107 [INFO] IPUIPlugin:80 - create IPUIPlugin
2024-11-21 15:03:44,107 [INFO] PluginManager:220 - loadIPPluginJar : add tsc
2024-11-21 15:03:44,109 [INFO] IPUIPlugin:80 - create IPUIPlugin
2024-11-21 15:03:44,109 [INFO] PluginManager:220 - loadIPPluginJar : add ucpd
2024-11-21 15:03:44,111 [INFO] IPUIPlugin:80 - create IPUIPlugin
2024-11-21 15:03:44,111 [INFO] PluginManager:220 - loadIPPluginJar : add usart
2024-11-21 15:03:44,114 [INFO] IPUIPlugin:80 - create IPUIPlugin
2024-11-21 15:03:44,114 [INFO] PluginManager:220 - loadIPPluginJar : add usbx
2024-11-21 15:03:44,263 [INFO] CADModel:165 - CPN selected for project level
2024-11-21 15:03:44,263 [INFO] CADModel:114 - Register for checkConnection events
2024-11-21 15:03:44,263 [FATAL] Updater:334 - Updater called before beeing initialized
2024-11-21 15:03:44,263 [ERROR] CADModel:125 - Updater not yet initialized, retry later 
2024-11-21 15:03:44,448 [INFO] CADModel:165 - CPN selected for project level
2024-11-21 15:03:44,448 [INFO] CADModel:114 - Register for checkConnection events
2024-11-21 15:03:44,448 [FATAL] Updater:334 - Updater called before beeing initialized
2024-11-21 15:03:44,448 [ERROR] CADModel:125 - Updater not yet initialized, retry later 
2024-11-21 15:03:44,452 [FATAL] Updater:334 - Updater called before beeing initialized
2024-11-21 15:03:44,614 [FATAL] Updater:334 - Updater called before beeing initialized
2024-11-21 15:03:44,626 [INFO] DbMcusAds:53 - JSON generation date=Fri Sep 20 06:04:38 PDT 2024 (1726837478367)
2024-11-21 15:03:44,626 [FATAL] Updater:334 - Updater called before beeing initialized
2024-11-21 15:03:44,676 [WARN] DetailPanel:346 - Failed to get advertising image, set to default
2024-11-21 15:03:44,806 [FATAL] Updater:334 - Updater called before beeing initialized
2024-11-21 15:03:44,808 [FATAL] Updater:334 - Updater called before beeing initialized
2024-11-21 15:03:44,808 [FATAL] Updater:334 - Updater called before beeing initialized
2024-11-21 15:03:44,808 [WARN] DetailPanel:346 - Failed to get advertising image, set to default
2024-11-21 15:03:44,809 [FATAL] Updater:334 - Updater called before beeing initialized
2024-11-21 15:03:44,880 [ERROR] Updater:1164 - MainUpdater not yet initialized. External WinMGr cannot be set.
2024-11-21 15:03:44,883 [INFO] Updater:1100 - Updater Version found : 6.12.1
2024-11-21 15:03:44,915 [INFO] ApplicationProperties:184 - Using Application install path: C:\ST\STM32CubeIDE_1.16.1\STM32CubeIDE\plugins\com.st.stm32cube.common.mx_6.12.1.202409122256
2024-11-21 15:03:45,854 [INFO] ThirdPartyUpdaterWithRetryManager:70 - Updater plugin not ready yet. [2/15]
2024-11-21 15:03:46,522 [ERROR] LogOutputStream:75 - [STDERR_REDIRECT] Nov 21, 2024 3:03:46 PM java.util.prefs.WindowsPreferences <init>
2024-11-21 15:03:46,529 [ERROR] LogOutputStream:75 - [STDERR_REDIRECT] WARNING: Could not open/create prefs root node Software\JavaSoft\Prefs at root 0xffffffff80000002. Windows RegCreateKeyEx(...) returned error code 5.
2024-11-21 15:03:46,530 [ERROR] LogOutputStream:75 - [STDERR_REDIRECT] 
2024-11-21 15:03:47,280 [INFO] MainUpdater:2873 - connection check result : 10
2024-11-21 15:03:47,281 [INFO] MainUpdater:290 - Updater Check For Update Now.
2024-11-21 15:03:47,281 [INFO] MicroXplorer:498 - Change Database Version : DB.6.0.121
2024-11-21 15:03:47,300 [INFO] McuFinderGlobals:63 - Set McuFinder mode to 2 (CubeIDE integrated)
2024-11-21 15:03:47,301 [INFO] UserAuth:417 - Internet connection configuration mode: 1
2024-11-21 15:03:47,346 [INFO] JxBrowserEngine:152 - Initiate JxBrowser Engine with user profile folder
2024-11-21 15:03:47,500 [INFO] CheckServerUpdateThread:120 - End of CheckServer Thread
2024-11-21 15:03:48,455 [INFO] WebApp:167 - Instantiating new browser for Auth
2024-11-21 15:03:49,301 [WARN] PackLoader:240 - Cannot read IP mode file for STMicroelectronics.FP-SNS-MOTENVWB1.1.4.0
2024-11-21 15:03:49,319 [WARN] PackLoader:240 - Cannot read IP mode file for STMicroelectronics.FP-ATR-ASTRA1.2.0.1
2024-11-21 15:03:49,337 [WARN] PackLoader:240 - Cannot read IP mode file for STMicroelectronics.X-CUBE-SMBUS.2.1.0
2024-11-21 15:03:49,355 [WARN] PackLoader:240 - Cannot read IP mode file for STMicroelectronics.X-CUBE-WB05N.1.1.0
2024-11-21 15:03:49,433 [WARN] PackLoader:240 - Cannot read IP mode file for STMicroelectronics.X-CUBE-AZRTOS-F7.1.1.0
2024-11-21 15:03:49,625 [WARN] PackLoader:240 - Cannot read IP mode file for STMicroelectronics.X-CUBE-MEMS1.11.0.0
2024-11-21 15:03:50,044 [WARN] PackLoader:240 - Cannot read IP mode file for STMicroelectronics.FP-SNS-FLIGHT1.5.0.2
2024-11-21 15:03:50,064 [WARN] PackLoader:240 - Cannot read IP mode file for STMicroelectronics.X-CUBE-DISPLAY.3.0.0
2024-11-21 15:03:50,085 [WARN] PackLoader:240 - Cannot read IP mode file for STMicroelectronics.X-CUBE-BLE1.7.0.0
2024-11-21 15:03:50,103 [WARN] PackLoader:240 - Cannot read IP mode file for STMicroelectronics.X-CUBE-NFC10.1.0.0
2024-11-21 15:03:50,119 [WARN] PackLoader:240 - Cannot read IP mode file for emotas.I-CUBE-CANOPEN.1.3.0
2024-11-21 15:03:50,139 [WARN] PackLoader:240 - Cannot read IP mode file for STMicroelectronics.X-CUBE-BLEMGR.3.1.0
2024-11-21 15:03:50,156 [WARN] PackLoader:240 - Cannot read IP mode file for STMicroelectronics.FP-SNS-SMARTAG2.1.2.0
2024-11-21 15:03:50,186 [INFO] LogOutputStream:77 - [STDOUT_REDIRECT] 1 : Invalid condition id : UX_CORESTACK_Condition cause : null
2024-11-21 15:03:50,187 [INFO] LogOutputStream:77 - [STDOUT_REDIRECT] 1 : Invalid condition id : UX_CORESTACK_Condition cause : null
2024-11-21 15:03:50,190 [INFO] LogOutputStream:77 - [STDOUT_REDIRECT] 1 : Invalid condition id : UX_CORESTACK_Condition cause : null
2024-11-21 15:03:50,193 [INFO] LogOutputStream:77 - [STDOUT_REDIRECT] 1 : Invalid condition id : UX_CORESTACK_Condition cause : null
2024-11-21 15:03:50,196 [INFO] LogOutputStream:77 - [STDOUT_REDIRECT] 1 : Invalid condition id : UX_CORESTACK_Condition cause : null
2024-11-21 15:03:50,204 [WARN] PackLoader:240 - Cannot read IP mode file for STMicroelectronics.X-CUBE-AZRTOS-WL.2.0.0
2024-11-21 15:03:50,219 [WARN] PackLoader:240 - Cannot read IP mode file for STMicroelectronics.FP-SNS-MOTENV1.5.0.0
2024-11-21 15:03:50,236 [WARN] PackLoader:240 - Cannot read IP mode file for wolfSSL.I-CUBE-wolfMQTT.1.19.0
2024-11-21 15:03:50,258 [WARN] PackLoader:240 - Cannot read IP mode file for WES.I-CUBE-Cesium.1.3.0
2024-11-21 15:03:50,271 [WARN] PackLoader:240 - Cannot read IP mode file for STMicroelectronics.X-CUBE-BLE2.3.3.0
2024-11-21 15:03:50,291 [WARN] PackLoader:240 - Cannot read IP mode file for STMicroelectronics.X-CUBE-NFC9.1.0.0
2024-11-21 15:03:50,305 [WARN] PackLoader:240 - Cannot read IP mode file for STMicroelectronics.X-CUBE-TCPP.4.1.0
2024-11-21 15:03:50,345 [WARN] PackLoader:240 - Cannot read IP mode file for STMicroelectronics.X-CUBE-AZRTOS-G0.1.1.0
2024-11-21 15:03:50,369 [WARN] PackLoader:240 - Cannot read IP mode file for STMicroelectronics.X-CUBE-SAFEA1.1.2.2
2024-11-21 15:03:50,384 [WARN] PackLoader:240 - Cannot read IP mode file for STMicroelectronics.X-CUBE-NFC4.3.0.0
2024-11-21 15:03:50,420 [WARN] PackLoader:240 - Cannot read IP mode file for EmbeddedOffice.I-CUBE-FS-RTOS.1.0.1
2024-11-21 15:03:50,421 [ERROR] ConditionMgr:805 - Attr not supported : Dmpu
2024-11-21 15:03:50,421 [ERROR] ConditionMgr:805 - Attr not supported : Dmpu
2024-11-21 15:03:50,421 [ERROR] ConditionMgr:805 - Attr not supported : Dmpu
2024-11-21 15:03:50,421 [ERROR] ConditionMgr:805 - Attr not supported : Dmpu
2024-11-21 15:03:50,421 [ERROR] ConditionMgr:805 - Attr not supported : Dmpu
2024-11-21 15:03:50,422 [ERROR] ConditionMgr:805 - Attr not supported : Dmpu
2024-11-21 15:03:50,423 [ERROR] ConditionMgr:805 - Attr not supported : Dmpu
2024-11-21 15:03:50,423 [ERROR] ConditionMgr:805 - Attr not supported : Dmpu
2024-11-21 15:03:50,423 [ERROR] ConditionMgr:805 - Attr not supported : Dmpu
2024-11-21 15:03:50,423 [ERROR] ConditionMgr:805 - Attr not supported : Dmpu
2024-11-21 15:03:50,423 [ERROR] ConditionMgr:805 - Attr not supported : Dmpu
2024-11-21 15:03:50,424 [ERROR] ConditionMgr:805 - Attr not supported : Dmpu
2024-11-21 15:03:50,424 [ERROR] ConditionMgr:805 - Attr not supported : Dmpu
2024-11-21 15:03:50,424 [ERROR] ConditionMgr:805 - Attr not supported : Dmpu
2024-11-21 15:03:50,424 [ERROR] ConditionMgr:805 - Attr not supported : Dmpu
2024-11-21 15:03:50,424 [ERROR] ConditionMgr:805 - Attr not supported : Dmpu
2024-11-21 15:03:50,425 [ERROR] ConditionMgr:805 - Attr not supported : Dmpu
2024-11-21 15:03:50,425 [ERROR] ConditionMgr:805 - Attr not supported : Dmpu
2024-11-21 15:03:50,425 [ERROR] ConditionMgr:805 - Attr not supported : Dmpu
2024-11-21 15:03:50,425 [ERROR] ConditionMgr:805 - Attr not supported : Dmpu
2024-11-21 15:03:50,425 [ERROR] ConditionMgr:805 - Attr not supported : Dmpu
2024-11-21 15:03:50,425 [ERROR] ConditionMgr:805 - Attr not supported : Dmpu
2024-11-21 15:03:50,425 [ERROR] ConditionMgr:805 - Attr not supported : Dmpu
2024-11-21 15:03:50,425 [ERROR] ConditionMgr:805 - Attr not supported : Dmpu
2024-11-21 15:03:50,426 [ERROR] ConditionMgr:805 - Attr not supported : Dmpu
2024-11-21 15:03:50,426 [ERROR] ConditionMgr:805 - Attr not supported : Dmpu
2024-11-21 15:03:50,426 [ERROR] ConditionMgr:805 - Attr not supported : Dmpu
2024-11-21 15:03:50,426 [ERROR] ConditionMgr:805 - Attr not supported : Dmpu
2024-11-21 15:03:50,426 [ERROR] ConditionMgr:805 - Attr not supported : Dmpu
2024-11-21 15:03:50,426 [ERROR] ConditionMgr:805 - Attr not supported : Dmpu
2024-11-21 15:03:50,426 [ERROR] ConditionMgr:805 - Attr not supported : Dmpu
2024-11-21 15:03:50,427 [ERROR] ConditionMgr:805 - Attr not supported : Dmpu
2024-11-21 15:03:50,427 [ERROR] ConditionMgr:805 - Attr not supported : Dmpu
2024-11-21 15:03:50,427 [ERROR] ConditionMgr:805 - Attr not supported : Dmpu
2024-11-21 15:03:50,427 [ERROR] ConditionMgr:805 - Attr not supported : Dmpu
2024-11-21 15:03:50,427 [ERROR] ConditionMgr:805 - Attr not supported : Dmpu
2024-11-21 15:03:50,427 [ERROR] ConditionMgr:805 - Attr not supported : Dmpu
2024-11-21 15:03:50,427 [ERROR] ConditionMgr:805 - Attr not supported : Dmpu
2024-11-21 15:03:50,428 [ERROR] ConditionMgr:805 - Attr not supported : Dmpu
2024-11-21 15:03:50,428 [ERROR] ConditionMgr:805 - Attr not supported : Dmpu
2024-11-21 15:03:50,428 [ERROR] ConditionMgr:805 - Attr not supported : Dmpu
2024-11-21 15:03:50,428 [ERROR] ConditionMgr:805 - Attr not supported : Dmpu
2024-11-21 15:03:50,428 [ERROR] ConditionMgr:805 - Attr not supported : Dmpu
2024-11-21 15:03:50,429 [ERROR] ConditionMgr:805 - Attr not supported : Dmpu
2024-11-21 15:03:50,429 [ERROR] ConditionMgr:805 - Attr not supported : Dmpu
2024-11-21 15:03:50,429 [ERROR] ConditionMgr:805 - Attr not supported : Dmpu
2024-11-21 15:03:50,429 [ERROR] ConditionMgr:805 - Attr not supported : Dmpu
2024-11-21 15:03:50,430 [ERROR] ConditionMgr:805 - Attr not supported : Dmpu
2024-11-21 15:03:50,430 [ERROR] ConditionMgr:805 - Attr not supported : Dmpu
2024-11-21 15:03:50,430 [ERROR] ConditionMgr:805 - Attr not supported : Dmpu
2024-11-21 15:03:50,430 [ERROR] ConditionMgr:805 - Attr not supported : Dmpu
2024-11-21 15:03:50,430 [ERROR] ConditionMgr:805 - Attr not supported : Dmpu
2024-11-21 15:03:50,430 [ERROR] ConditionMgr:805 - Attr not supported : Dmpu
2024-11-21 15:03:50,430 [ERROR] ConditionMgr:805 - Attr not supported : Dmpu
2024-11-21 15:03:50,430 [ERROR] ConditionMgr:805 - Attr not supported : Dmpu
2024-11-21 15:03:50,430 [ERROR] ConditionMgr:805 - Attr not supported : Dmpu
2024-11-21 15:03:50,431 [ERROR] ConditionMgr:805 - Attr not supported : Dmpu
2024-11-21 15:03:50,431 [ERROR] ConditionMgr:805 - Attr not supported : Dmpu
2024-11-21 15:03:50,431 [ERROR] ConditionMgr:805 - Attr not supported : Dmpu
2024-11-21 15:03:50,431 [ERROR] ConditionMgr:805 - Attr not supported : Dmpu
2024-11-21 15:03:50,431 [ERROR] ConditionMgr:805 - Attr not supported : Dmpu
2024-11-21 15:03:50,432 [ERROR] ConditionMgr:805 - Attr not supported : Dmpu
2024-11-21 15:03:50,432 [ERROR] ConditionMgr:805 - Attr not supported : Dmpu
2024-11-21 15:03:50,432 [ERROR] ConditionMgr:805 - Attr not supported : Dmpu
2024-11-21 15:03:50,448 [WARN] PackLoader:240 - Cannot read IP mode file for RealThread.X-CUBE-RT-Thread_Nano.4.1.1
2024-11-21 15:03:50,460 [WARN] PackLoader:240 - Cannot read IP mode file for STMicroelectronics.FP-ATR-SIGFOX1.3.2.0
2024-11-21 15:03:50,473 [WARN] ConditionMgr:438 - getConditionDescription Invalid condition id : Cortex-A Device cause : null
2024-11-21 15:03:50,557 [WARN] ConditionMgr:1039 - genDependencies : Invalid condition id : Cortex-A Device cause : null
2024-11-21 15:03:50,558 [WARN] ConditionMgr:1039 - genDependencies : Invalid condition id : Cortex-A Device cause : null
2024-11-21 15:03:50,558 [WARN] ConditionMgr:1039 - genDependencies : Invalid condition id : Cortex-A Device cause : null
2024-11-21 15:03:50,568 [INFO] WebApp:448 - Apply proxy settings
2024-11-21 15:03:50,568 [INFO] WebApp:533 - Chromium requires no authentication
2024-11-21 15:03:50,570 [WARN] PackLoader:240 - Cannot read IP mode file for STMicroelectronics.X-CUBE-EEPRMA1.5.1.0
2024-11-21 15:03:50,580 [WARN] PackLoader:240 - Cannot read IP mode file for wolfSSL.I-CUBE-wolfSSL.5.7.4
2024-11-21 15:03:50,588 [INFO] WebApp:476 - Direct internet connection detected
2024-11-21 15:03:50,591 [WARN] PackLoader:240 - Cannot read IP mode file for ITTIA_DB.I-CUBE-ITTIADB.8.9.0
2024-11-21 15:03:50,657 [WARN] PackLoader:240 - Cannot read IP mode file for SEGGER.I-CUBE-embOS.1.3.1
2024-11-21 15:03:50,666 [INFO] WebApp:869 - Register for checkConnection events
2024-11-21 15:03:50,667 [INFO] WebApp:448 - Apply proxy settings
2024-11-21 15:03:50,667 [INFO] WebApp:533 - Chromium requires no authentication
2024-11-21 15:03:50,668 [INFO] WebApp:476 - Direct internet connection detected
2024-11-21 15:03:50,784 [WARN] PackLoader:240 - Cannot read IP mode file for STMicroelectronics.X-CUBE-ALGOBUILD.1.4.0
2024-11-21 15:03:50,794 [WARN] PackLoader:240 - Cannot read IP mode file for STMicroelectronics.X-CUBE-AI.9.1.0
2024-11-21 15:03:50,826 [WARN] PackLoader:240 - Cannot read IP mode file for STMicroelectronics.X-CUBE-AZRTOS-F4.1.1.0
2024-11-21 15:03:50,839 [WARN] PackLoader:240 - Cannot read IP mode file for STMicroelectronics.X-CUBE-ISPU.2.1.0
2024-11-21 15:03:50,848 [WARN] PackLoader:240 - Cannot read IP mode file for STMicroelectronics.X-CUBE-FREERTOS.1.2.0
2024-11-21 15:03:50,885 [WARN] PackLoader:240 - Cannot read IP mode file for STMicroelectronics.X-CUBE-AZRTOS-L5.2.0.0
2024-11-21 15:03:50,906 [WARN] PackLoader:240 - Cannot read IP mode file for STMicroelectronics.X-CUBE-NFC6.3.1.0
2024-11-21 15:03:50,921 [WARN] PackLoader:240 - Cannot read IP mode file for STMicroelectronics.X-CUBE-DPower.1.2.0
2024-11-21 15:03:50,934 [WARN] PackLoader:240 - Cannot read IP mode file for STMicroelectronics.X-CUBE-NFC7.1.0.1
2024-11-21 15:03:50,973 [WARN] ConditionMgr:438 - getConditionDescription Invalid condition id : LAN8742 Phy interface Condition cause : null
2024-11-21 15:03:50,974 [WARN] PackLoader:240 - Cannot read IP mode file for STMicroelectronics.X-CUBE-AZRTOS-L4.2.0.0
2024-11-21 15:03:50,976 [WARN] ConditionMgr:1039 - genDependencies : Invalid condition id : LAN8742 Phy interface Condition cause : null
2024-11-21 15:03:50,977 [WARN] ConditionMgr:1039 - genDependencies : Invalid condition id : LAN8742 Phy interface Condition cause : null
2024-11-21 15:03:50,978 [WARN] ConditionMgr:1039 - genDependencies : Invalid condition id : LAN8742 Phy interface Condition cause : null
2024-11-21 15:03:50,995 [WARN] PackLoader:240 - Cannot read IP mode file for STMicroelectronics.X-CUBE-SFXS2LP1.4.0.0
2024-11-21 15:03:51,036 [WARN] PackLoader:240 - Cannot read IP mode file for STMicroelectronics.X-CUBE-AZRTOS-H7.3.3.0
2024-11-21 15:03:51,061 [WARN] PackLoader:240 - Cannot read IP mode file for STMicroelectronics.X-CUBE-IPS.3.0.0
2024-11-21 15:03:51,093 [WARN] ConditionMgr:438 - getConditionDescription Invalid condition id : UX DEVICE CLASS RTOS Condition cause : null
2024-11-21 15:03:51,093 [WARN] ConditionMgr:438 - getConditionDescription Invalid condition id : UX DEVICE CLASS RTOS Condition cause : null
2024-11-21 15:03:51,097 [WARN] PackLoader:240 - Cannot read IP mode file for STMicroelectronics.X-CUBE-AZRTOS-WB.2.0.0
2024-11-21 15:03:51,098 [WARN] ConditionMgr:1039 - genDependencies : Invalid condition id : UX DEVICE CLASS RTOS Condition cause : null
2024-11-21 15:03:51,098 [WARN] ConditionMgr:1039 - genDependencies : Invalid condition id : UX DEVICE CLASS RTOS Condition cause : null
2024-11-21 15:03:51,100 [WARN] ConditionMgr:1039 - genDependencies : Invalid condition id : UX DEVICE CLASS RTOS Condition cause : null
2024-11-21 15:03:51,100 [WARN] ConditionMgr:1039 - genDependencies : Invalid condition id : UX DEVICE CLASS RTOS Condition cause : null
2024-11-21 15:03:51,100 [WARN] ConditionMgr:1039 - genDependencies : Invalid condition id : UX DEVICE CLASS RTOS Condition cause : null
2024-11-21 15:03:51,112 [WARN] PackLoader:240 - Cannot read IP mode file for STMicroelectronics.X-CUBE-GNSS1.7.0.0
2024-11-21 15:03:51,127 [WARN] PackLoader:240 - Cannot read IP mode file for STMicroelectronics.FP-SNS-STBOX1.2.0.0
2024-11-21 15:03:51,132 [INFO] WebApp:220 - Starting web application
2024-11-21 15:03:51,133 [INFO] WebApp:578 - Web application path used C:\ST\STM32CubeIDE_1.16.1\STM32CubeIDE\plugins\com.st.stm32cube.common.mx_6.12.1.202409122256\db\plugins\mcufinder\reactClient1\index.html
2024-11-21 15:03:51,156 [WARN] PackLoader:240 - Cannot read IP mode file for STMicroelectronics.X-CUBE-SUBG2.5.0.0
2024-11-21 15:03:51,180 [WARN] PackLoader:240 - Cannot read IP mode file for Cesanta.I-CUBE-Mongoose.7.13.0
2024-11-21 15:03:51,210 [WARN] PackLoader:240 - Cannot read IP mode file for STMicroelectronics.X-CUBE-AZRTOS-G4.2.0.0
2024-11-21 15:03:51,232 [WARN] PackLoader:240 - Cannot read IP mode file for STMicroelectronics.X-CUBE-ALS.1.0.2
2024-11-21 15:03:51,242 [WARN] PackLoader:240 - Cannot read IP mode file for STMicroelectronics.X-CUBE-TOUCHGFX.4.24.1
2024-11-21 15:03:51,248 [WARN] PackLoader:240 - Cannot read IP mode file for wolfSSL.I-CUBE-wolfTPM.3.4.0
2024-11-21 15:03:51,261 [WARN] PackLoader:240 - Cannot read IP mode file for portGmbH.I-Cube-SoM-uGOAL.1.1.0
2024-11-21 15:03:51,302 [WARN] PackLoader:240 - Cannot read IP mode file for STMicroelectronics.X-CUBE-AZRTOS-H7RS.1.0.0
2024-11-21 15:03:51,314 [WARN] PackLoader:240 - Cannot read IP mode file for STMicroelectronics.FP-ATR-ASTRA1.2.0.0
2024-11-21 15:03:51,335 [WARN] PackLoader:240 - Cannot read IP mode file for STMicroelectronics.X-CUBE-TOF1.3.4.2
2024-11-21 15:03:51,340 [INFO] UserAuth:417 - Internet connection configuration mode: 1
2024-11-21 15:03:51,416 [WARN] PackLoader:240 - Cannot read IP mode file for Infineon.AIROC-Wi-Fi-Bluetooth-STM32.1.6.1
2024-11-21 15:03:51,443 [WARN] PackLoader:240 - Cannot read IP mode file for wolfSSL.I-CUBE-wolfSSH.1.4.17
2024-11-21 15:03:51,444 [INFO] ThirdParty:978 - Integrity check success = true
2024-11-21 15:03:51,444 [INFO] IntegrityCheckThread:100 - exiting critical section [integrity check]
2024-11-21 15:03:51,444 [INFO] IntegrityCheckThread:103 - End integrity checks thread
2024-11-21 15:03:51,482 [INFO] WebApp:186 - Connection restablished
2024-11-21 15:49:39,437 [INFO] WebApp:189 - Connection lost
2024-11-21 15:49:39,652 [INFO] WebApp:186 - Connection restablished
2024-11-21 17:13:17,388 [INFO] WebApp:189 - Connection lost
2024-11-21 17:13:17,571 [INFO] WebApp:186 - Connection restablished
2024-11-21 17:34:09,660 [INFO] WebApp:189 - Connection lost
2024-11-21 17:34:09,951 [INFO] WebApp:186 - Connection restablished
2024-11-21 17:34:18,484 [INFO] WebApp:189 - Connection lost
2024-11-21 17:34:18,671 [INFO] WebApp:186 - Connection restablished
2024-11-21 17:38:45,218 [ERROR] LogOutputStream:75 - [STDERR_REDIRECT] 
2024-11-21 17:38:45,219 [ERROR] LogOutputStream:75 - [STDERR_REDIRECT] 
