2025-03-10 16:30:48,812 [INFO] Activator:176 - 


2025-03-10 16:30:48,823 [INFO] Activator:177 - !SESSION log4j initialized
2025-03-10 16:31:01,157 [INFO] LogOutputStream:77 - [STDOUT_REDIRECT] 
2025-03-10 16:31:08,240 [INFO] ApplicationProperties:184 - Using Application install path: C:\ST\STM32CubeIDE_1.16.1\STM32CubeIDE\plugins\com.st.stm32cube.common.mx_6.13.0.202411220809
2025-03-10 16:31:08,262 [INFO] DbMcusXml:78 - Set database path to: C:\ST\STM32CubeIDE_1.16.1\STM32CubeIDE\plugins\com.st.stm32cube.common.mx_6.13.0.202411220809\\db\/mcu/
2025-03-10 16:31:08,262 [INFO] ApiDb:274 - Set plugin database path to: C:\ST\STM32CubeIDE_1.16.1\STM32CubeIDE\plugins\com.st.stm32cube.common.mx_6.13.0.202411220809\\db\/plugins/boardmanager/
2025-03-10 16:31:08,263 [WARN] ApiDb:259 - Overriding images path with different value:  => C:\ST\STM32CubeIDE_1.16.1\STM32CubeIDE\plugins\com.st.stm32cube.common.mx_6.13.0.202411220809\\db\/plugins/mcufinder/images/
2025-03-10 16:31:08,278 [INFO] ApiDb:250 - Set database path to: C:\Users\User\.stmcufinder\plugins\mcufinder//mcu/
2025-03-10 16:31:08,280 [INFO] DbMcusAds:125 - Set database path to: C:\Users\User\.stmcufinder\plugins\mcufinder//mcu/
2025-03-10 16:31:08,285 [INFO] CrossReferenceDbSqlite:203 - Set database path to: C:\Users\User\.stmcufinder\plugins\mcufinder//mcu/cs/
2025-03-10 16:31:08,449 [INFO] RulesReader:64 - Compatibility file has been processed (297 Rules)
2025-03-10 16:31:08,590 [INFO] DbMcusXml:78 - Set database path to: C:\ST\STM32CubeIDE_1.16.1\STM32CubeIDE\plugins\com.st.stm32cube.common.mx_6.13.0.202411220809\\db\/mcu/
2025-03-10 16:31:08,590 [INFO] ApiDb:274 - Set plugin database path to: C:\ST\STM32CubeIDE_1.16.1\STM32CubeIDE\plugins\com.st.stm32cube.common.mx_6.13.0.202411220809\\db\/plugins/boardmanager/
2025-03-10 16:31:08,590 [INFO] ApiDb:261 - Set plugin images path to: C:\ST\STM32CubeIDE_1.16.1\STM32CubeIDE\plugins\com.st.stm32cube.common.mx_6.13.0.202411220809\\db\/plugins/mcufinder/images/
2025-03-10 16:31:08,590 [WARN] DbFile:41 - Overriding database path with different value: C:\Users\User\.stmcufinder\plugins\mcufinder/ => C:\Users\User\.stmcufinder\plugins\mcufinder
2025-03-10 16:31:08,591 [INFO] ApiDb:250 - Set database path to: C:\Users\User\.stmcufinder\plugins\mcufinder//mcu/
2025-03-10 16:31:08,591 [WARN] DbFile:41 - Overriding database path with different value: C:\Users\User\.stmcufinder\plugins\mcufinder/ => C:\Users\User\.stmcufinder\plugins\mcufinder
2025-03-10 16:31:08,591 [INFO] DbMcusAds:125 - Set database path to: C:\Users\User\.stmcufinder\plugins\mcufinder//mcu/
2025-03-10 16:31:08,591 [WARN] DbFile:41 - Overriding database path with different value: C:\Users\User\.stmcufinder\plugins\mcufinder/ => C:\Users\User\.stmcufinder\plugins\mcufinder
2025-03-10 16:31:08,591 [WARN] DbFile:41 - Overriding database path with different value: C:\Users\User\.stmcufinder\plugins\mcufinder/ => C:\Users\User\.stmcufinder\plugins\mcufinder
2025-03-10 16:31:08,591 [INFO] CrossReferenceDbSqlite:203 - Set database path to: C:\Users\User\.stmcufinder\plugins\mcufinder//mcu/cs/
2025-03-10 16:31:08,717 [INFO] MainPanel:272 - HeapMemory: 268435456
2025-03-10 16:31:08,922 [INFO] DbMcusXml:78 - Set database path to: C:\ST\STM32CubeIDE_1.16.1\STM32CubeIDE\plugins\com.st.stm32cube.common.mx_6.13.0.202411220809\\db\/mcu/
2025-03-10 16:31:08,922 [INFO] ApiDb:274 - Set plugin database path to: C:\ST\STM32CubeIDE_1.16.1\STM32CubeIDE\plugins\com.st.stm32cube.common.mx_6.13.0.202411220809\\db\/plugins/boardmanager/
2025-03-10 16:31:08,922 [INFO] ApiDb:261 - Set plugin images path to: C:\ST\STM32CubeIDE_1.16.1\STM32CubeIDE\plugins\com.st.stm32cube.common.mx_6.13.0.202411220809\\db\/plugins/mcufinder/images/
2025-03-10 16:31:08,923 [WARN] DbFile:41 - Overriding database path with different value: C:\Users\User\.stmcufinder\plugins\mcufinder/ => C:\Users\User\.stmcufinder\plugins\mcufinder
2025-03-10 16:31:08,923 [INFO] ApiDb:250 - Set database path to: C:\Users\User\.stmcufinder\plugins\mcufinder//mcu/
2025-03-10 16:31:08,923 [WARN] DbFile:41 - Overriding database path with different value: C:\Users\User\.stmcufinder\plugins\mcufinder/ => C:\Users\User\.stmcufinder\plugins\mcufinder
2025-03-10 16:31:08,923 [INFO] DbMcusAds:125 - Set database path to: C:\Users\User\.stmcufinder\plugins\mcufinder//mcu/
2025-03-10 16:31:08,924 [WARN] DbFile:41 - Overriding database path with different value: C:\Users\User\.stmcufinder\plugins\mcufinder/ => C:\Users\User\.stmcufinder\plugins\mcufinder
2025-03-10 16:31:08,924 [WARN] DbFile:41 - Overriding database path with different value: C:\Users\User\.stmcufinder\plugins\mcufinder/ => C:\Users\User\.stmcufinder\plugins\mcufinder
2025-03-10 16:31:08,924 [INFO] CrossReferenceDbSqlite:203 - Set database path to: C:\Users\User\.stmcufinder\plugins\mcufinder//mcu/cs/
2025-03-10 16:31:08,954 [INFO] ApplicationProperties:184 - Using Application install path: C:\ST\STM32CubeIDE_1.16.1\STM32CubeIDE\plugins\com.st.stm32cube.common.mx_6.13.0.202411220809
2025-03-10 16:31:08,956 [INFO] PluginManage:196 - Search for loadable plugins [exclusion list=, ]
2025-03-10 16:31:08,959 [INFO] PluginManage:310 - Check plugin analytics
2025-03-10 16:31:09,202 [INFO] AnalyticsPlugin:253 - Accepted Software Licenses: 
2025-03-10 16:31:09,202 [INFO] AnalyticsPlugin:255 - Accepted CMSIS Pack Licenses: EmbeddedOffice.I-CUBE-FS-RTOS.1.0.1
2025-03-10 16:31:09,202 [INFO] AnalyticsPlugin:257 - Accepted Firmware Licenses: FW.U5.1.6.0,FW.U5.1.1.0
2025-03-10 16:31:09,206 [INFO] PluginManage:359 - Loaded plugin analytics (category:tool,tabindex:-1)
2025-03-10 16:31:09,206 [INFO] PluginManage:310 - Check plugin cadmodel
2025-03-10 16:31:09,231 [INFO] CADModel:105 - Init CAD model plugin
2025-03-10 16:31:09,231 [INFO] PluginManage:359 - Loaded plugin cadmodel (category:power,tabindex:5)
2025-03-10 16:31:09,232 [INFO] PluginManage:310 - Check plugin clock
2025-03-10 16:31:09,259 [INFO] PluginManage:359 - Loaded plugin clock (category:base,tabindex:2)
2025-03-10 16:31:09,260 [INFO] PluginManage:310 - Check plugin ddr
2025-03-10 16:31:09,263 [INFO] PluginManage:359 - Loaded plugin ddr (category:tool,tabindex:6)
2025-03-10 16:31:09,264 [INFO] PluginManage:310 - Check plugin filemanager
2025-03-10 16:31:09,469 [INFO] PluginManage:359 - Loaded plugin filemanager (category:base,tabindex:10)
2025-03-10 16:31:09,469 [INFO] PluginManage:310 - Check plugin ipmanager
2025-03-10 16:31:09,481 [INFO] PluginManage:359 - Loaded plugin ipmanager (category:base,tabindex:5)
2025-03-10 16:31:09,481 [INFO] PluginManage:310 - Check plugin lpbam
2025-03-10 16:31:09,510 [INFO] PluginManage:359 - Loaded plugin lpbam (category:base,tabindex:0)
2025-03-10 16:31:09,510 [INFO] PluginManage:310 - Check plugin memorymap
2025-03-10 16:31:09,552 [INFO] PluginManage:359 - Loaded plugin memorymap (category:base,tabindex:4)
2025-03-10 16:31:09,553 [INFO] PluginManage:310 - Check plugin pinoutandconfiguration
2025-03-10 16:31:09,583 [INFO] PluginManage:359 - Loaded plugin pinoutandconfiguration (category:base,tabindex:1)
2025-03-10 16:31:09,583 [INFO] PluginManage:310 - Check plugin pinoutconfig
2025-03-10 16:31:09,730 [WARN] SupportedApi:132 - Cannot load RTOS API schema: s4s-elt-must-match.1: The content of 'definitions' must match (annotation?, (simpleType | complexType)?, (unique | key | keyref)*)). A problem was found starting at: attribute.
2025-03-10 16:31:09,936 [INFO] PluginManage:359 - Loaded plugin pinoutconfig (category:base,tabindex:0)
2025-03-10 16:31:09,936 [INFO] PluginManage:310 - Check plugin power
2025-03-10 16:31:09,967 [INFO] PluginManage:359 - Loaded plugin power (category:power,tabindex:4)
2025-03-10 16:31:09,967 [INFO] PluginManage:310 - Check plugin projectmanager
2025-03-10 16:31:09,988 [INFO] PluginManage:359 - Loaded plugin projectmanager (category:projectmanager,tabindex:4)
2025-03-10 16:31:09,988 [INFO] PluginManage:310 - Check plugin rif
2025-03-10 16:31:10,018 [INFO] PluginManage:359 - Loaded plugin rif (category:base,tabindex:3)
2025-03-10 16:31:10,018 [INFO] PluginManage:310 - Check plugin thirdparty
2025-03-10 16:31:10,498 [WARN] IntegrityCheckThread:84 - waiting for thirdparty lock release [integrity check]
2025-03-10 16:31:10,498 [INFO] PluginManage:359 - Loaded plugin thirdparty (category:base,tabindex:-1)
2025-03-10 16:31:10,498 [INFO] IntegrityCheckThread:86 - entering critical section [integrity check]
2025-03-10 16:31:10,499 [INFO] PluginManage:310 - Check plugin tools
2025-03-10 16:31:10,499 [INFO] ThirdPartyUpdaterWithRetryManager:70 - Updater plugin not ready yet. [1/15]
2025-03-10 16:31:10,566 [INFO] PluginManage:359 - Loaded plugin tools (category:base,tabindex:7)
2025-03-10 16:31:10,566 [INFO] PluginManage:310 - Check plugin tutovideos
2025-03-10 16:31:10,891 [INFO] PluginManage:359 - Loaded plugin tutovideos (category:base,tabindex:-1)
2025-03-10 16:31:10,891 [INFO] PluginManage:310 - Check plugin updater
2025-03-10 16:31:10,925 [INFO] PluginManage:359 - Loaded plugin updater (category:base,tabindex:12)
2025-03-10 16:31:10,925 [INFO] PluginManage:310 - Check plugin userauth
2025-03-10 16:31:10,931 [INFO] UserAuth:118 - Init User Auth plugin
2025-03-10 16:31:10,931 [INFO] PluginManage:359 - Loaded plugin userauth (category:base,tabindex:14)
2025-03-10 16:31:10,932 [INFO] PluginManage:283 - PluginManage : Loaded plugins [18]
2025-03-10 16:31:11,255 [INFO] PinOutPanel:1589 - setPackage(No Configuration,No Configuration)
2025-03-10 16:31:11,381 [INFO] CADModel:165 - CPN selected for project level
2025-03-10 16:31:11,381 [INFO] CADModel:114 - Register for checkConnection events
2025-03-10 16:31:11,421 [INFO] IPUIPlugin:80 - create IPUIPlugin
2025-03-10 16:31:11,421 [INFO] PluginManager:220 - loadIPPluginJar : add adc
2025-03-10 16:31:11,482 [INFO] IPUIPlugin:80 - create IPUIPlugin
2025-03-10 16:31:11,482 [INFO] PluginManager:220 - loadIPPluginJar : add aes
2025-03-10 16:31:11,552 [INFO] IPUIPlugin:80 - create IPUIPlugin
2025-03-10 16:31:11,552 [INFO] PluginManager:220 - loadIPPluginJar : add can
2025-03-10 16:31:11,595 [INFO] IPUIPlugin:80 - create IPUIPlugin
2025-03-10 16:31:11,595 [INFO] PluginManager:220 - loadIPPluginJar : add comp
2025-03-10 16:31:11,654 [INFO] IPUIPlugin:80 - create IPUIPlugin
2025-03-10 16:31:11,654 [INFO] PluginManager:220 - loadIPPluginJar : add cryp
2025-03-10 16:31:11,674 [INFO] IPUIPlugin:80 - create IPUIPlugin
2025-03-10 16:31:11,674 [INFO] PluginManager:220 - loadIPPluginJar : add ddr_ctrl_phy
2025-03-10 16:31:11,727 [INFO] IPUIPlugin:80 - create IPUIPlugin
2025-03-10 16:31:11,727 [INFO] PluginManager:220 - loadIPPluginJar : add dfsdm
2025-03-10 16:31:11,748 [INFO] IPUIPlugin:80 - create IPUIPlugin
2025-03-10 16:31:11,749 [INFO] PluginManager:220 - loadIPPluginJar : add dma
2025-03-10 16:31:11,814 [INFO] IPUIPlugin:80 - create IPUIPlugin
2025-03-10 16:31:11,814 [INFO] PluginManager:220 - loadIPPluginJar : add dma3
2025-03-10 16:31:11,893 [INFO] IPUIPlugin:80 - create IPUIPlugin
2025-03-10 16:31:11,893 [INFO] PluginManager:220 - loadIPPluginJar : add extmemmanager
2025-03-10 16:31:11,930 [INFO] IPUIPlugin:80 - create IPUIPlugin
2025-03-10 16:31:11,931 [INFO] PluginManager:220 - loadIPPluginJar : add fatfs
2025-03-10 16:31:12,001 [INFO] IPUIPlugin:80 - create IPUIPlugin
2025-03-10 16:31:12,001 [INFO] PluginManager:220 - loadIPPluginJar : add fmc
2025-03-10 16:31:12,025 [INFO] IPUIPlugin:80 - create IPUIPlugin
2025-03-10 16:31:12,025 [INFO] PluginManager:220 - loadIPPluginJar : add freertos
2025-03-10 16:31:12,061 [INFO] IPUIPlugin:80 - create IPUIPlugin
2025-03-10 16:31:12,061 [INFO] PluginManager:220 - loadIPPluginJar : add genericplugin
2025-03-10 16:31:12,192 [INFO] IPUIPlugin:80 - create IPUIPlugin
2025-03-10 16:31:12,192 [INFO] PluginManager:220 - loadIPPluginJar : add gfxmmu
2025-03-10 16:31:12,377 [INFO] IPUIPlugin:80 - create IPUIPlugin
2025-03-10 16:31:12,377 [INFO] PluginManager:220 - loadIPPluginJar : add gic
2025-03-10 16:31:12,396 [INFO] IPUIPlugin:80 - create IPUIPlugin
2025-03-10 16:31:12,396 [INFO] PluginManager:220 - loadIPPluginJar : add gpio
2025-03-10 16:31:12,529 [INFO] IPUIPlugin:80 - create IPUIPlugin
2025-03-10 16:31:12,530 [INFO] PluginManager:220 - loadIPPluginJar : add gtzc
2025-03-10 16:31:12,578 [INFO] IPUIPlugin:80 - create IPUIPlugin
2025-03-10 16:31:12,578 [INFO] PluginManager:220 - loadIPPluginJar : add hash
2025-03-10 16:31:12,656 [INFO] IPUIPlugin:80 - create IPUIPlugin
2025-03-10 16:31:12,656 [INFO] PluginManager:220 - loadIPPluginJar : add i2c
2025-03-10 16:31:12,714 [INFO] IPUIPlugin:80 - create IPUIPlugin
2025-03-10 16:31:12,714 [INFO] PluginManager:220 - loadIPPluginJar : add i2s
2025-03-10 16:31:12,776 [INFO] IPUIPlugin:80 - create IPUIPlugin
2025-03-10 16:31:12,776 [INFO] PluginManager:220 - loadIPPluginJar : add i3c
2025-03-10 16:31:12,924 [INFO] IPUIPlugin:80 - create IPUIPlugin
2025-03-10 16:31:12,925 [INFO] PluginManager:220 - loadIPPluginJar : add ipddr
2025-03-10 16:31:13,081 [INFO] IPUIPlugin:80 - create IPUIPlugin
2025-03-10 16:31:13,081 [INFO] PluginManager:220 - loadIPPluginJar : add linkedlist
2025-03-10 16:31:13,135 [INFO] IPUIPlugin:80 - create IPUIPlugin
2025-03-10 16:31:13,136 [INFO] PluginManager:220 - loadIPPluginJar : add lorawan
2025-03-10 16:31:13,193 [INFO] IPUIPlugin:80 - create IPUIPlugin
2025-03-10 16:31:13,193 [INFO] PluginManager:220 - loadIPPluginJar : add ltdc
2025-03-10 16:31:13,214 [INFO] IPUIPlugin:80 - create IPUIPlugin
2025-03-10 16:31:13,215 [INFO] PluginManager:220 - loadIPPluginJar : add mdma
2025-03-10 16:31:13,234 [INFO] IPUIPlugin:80 - create IPUIPlugin
2025-03-10 16:31:13,234 [INFO] PluginManager:220 - loadIPPluginJar : add nvic
2025-03-10 16:31:13,291 [INFO] IPUIPlugin:80 - create IPUIPlugin
2025-03-10 16:31:13,291 [INFO] PluginManager:220 - loadIPPluginJar : add opamp
2025-03-10 16:31:13,382 [INFO] IPUIPlugin:80 - create IPUIPlugin
2025-03-10 16:31:13,383 [INFO] PluginManager:220 - loadIPPluginJar : add openamp
2025-03-10 16:31:13,450 [INFO] IPUIPlugin:80 - create IPUIPlugin
2025-03-10 16:31:13,450 [INFO] PluginManager:220 - loadIPPluginJar : add pdm2pcm
2025-03-10 16:31:13,473 [INFO] IPUIPlugin:80 - create IPUIPlugin
2025-03-10 16:31:13,476 [INFO] PluginManager:220 - loadIPPluginJar : add plateformsettings
2025-03-10 16:31:13,500 [INFO] ThirdPartyUpdaterWithRetryManager:70 - Updater plugin not ready yet. [2/15]
2025-03-10 16:31:13,514 [INFO] IPUIPlugin:80 - create IPUIPlugin
2025-03-10 16:31:13,514 [INFO] PluginManager:220 - loadIPPluginJar : add quadspi
2025-03-10 16:31:13,560 [INFO] IPUIPlugin:80 - create IPUIPlugin
2025-03-10 16:31:13,561 [INFO] PluginManager:220 - loadIPPluginJar : add radio
2025-03-10 16:31:13,583 [INFO] IPUIPlugin:80 - create IPUIPlugin
2025-03-10 16:31:13,583 [INFO] PluginManager:220 - loadIPPluginJar : add resmgrutility
2025-03-10 16:31:13,655 [INFO] IPUIPlugin:80 - create IPUIPlugin
2025-03-10 16:31:13,655 [INFO] PluginManager:220 - loadIPPluginJar : add sai
2025-03-10 16:31:13,714 [INFO] IPUIPlugin:80 - create IPUIPlugin
2025-03-10 16:31:13,715 [INFO] PluginManager:220 - loadIPPluginJar : add spi
2025-03-10 16:31:13,817 [INFO] IPUIPlugin:80 - create IPUIPlugin
2025-03-10 16:31:13,817 [INFO] PluginManager:220 - loadIPPluginJar : add stm32_wpan
2025-03-10 16:31:13,853 [INFO] IPUIPlugin:80 - create IPUIPlugin
2025-03-10 16:31:13,854 [INFO] PluginManager:220 - loadIPPluginJar : add tim
2025-03-10 16:31:13,942 [INFO] IPUIPlugin:80 - create IPUIPlugin
2025-03-10 16:31:13,942 [INFO] PluginManager:220 - loadIPPluginJar : add touchsensing
2025-03-10 16:31:13,979 [INFO] IPUIPlugin:80 - create IPUIPlugin
2025-03-10 16:31:13,979 [INFO] PluginManager:220 - loadIPPluginJar : add tracer_emb
2025-03-10 16:31:14,015 [INFO] IPUIPlugin:80 - create IPUIPlugin
2025-03-10 16:31:14,015 [INFO] PluginManager:220 - loadIPPluginJar : add ts
2025-03-10 16:31:14,051 [INFO] IPUIPlugin:80 - create IPUIPlugin
2025-03-10 16:31:14,052 [INFO] PluginManager:220 - loadIPPluginJar : add tsc
2025-03-10 16:31:14,089 [INFO] IPUIPlugin:80 - create IPUIPlugin
2025-03-10 16:31:14,089 [INFO] PluginManager:220 - loadIPPluginJar : add ucpd
2025-03-10 16:31:14,158 [INFO] IPUIPlugin:80 - create IPUIPlugin
2025-03-10 16:31:14,158 [INFO] PluginManager:220 - loadIPPluginJar : add usart
2025-03-10 16:31:14,224 [INFO] IPUIPlugin:80 - create IPUIPlugin
2025-03-10 16:31:14,224 [INFO] PluginManager:220 - loadIPPluginJar : add usbx
2025-03-10 16:31:14,373 [FATAL] Updater:351 - Updater called before beeing initialized
2025-03-10 16:31:14,450 [INFO] RulesReader:64 - Compatibility file has been processed (297 Rules)
2025-03-10 16:31:14,485 [INFO] RulesReader:64 - Compatibility file has been processed (297 Rules)
2025-03-10 16:31:14,494 [INFO] CADModel:165 - CPN selected for project level
2025-03-10 16:31:14,494 [INFO] CADModel:114 - Register for checkConnection events
2025-03-10 16:31:14,494 [FATAL] Updater:351 - Updater called before beeing initialized
2025-03-10 16:31:14,494 [ERROR] CADModel:125 - Updater not yet initialized, retry later 
2025-03-10 16:31:14,707 [FATAL] Updater:351 - Updater called before beeing initialized
2025-03-10 16:31:14,710 [INFO] CADModel:165 - CPN selected for project level
2025-03-10 16:31:14,711 [INFO] CADModel:114 - Register for checkConnection events
2025-03-10 16:31:14,711 [FATAL] Updater:351 - Updater called before beeing initialized
2025-03-10 16:31:14,711 [ERROR] CADModel:125 - Updater not yet initialized, retry later 
2025-03-10 16:31:14,715 [FATAL] Updater:351 - Updater called before beeing initialized
2025-03-10 16:31:14,904 [FATAL] Updater:351 - Updater called before beeing initialized
2025-03-10 16:31:14,919 [INFO] DbMcusAds:53 - JSON generation date=Tue Dec 17 08:01:15 PST 2024 (1734451275111)
2025-03-10 16:31:14,920 [FATAL] Updater:351 - Updater called before beeing initialized
2025-03-10 16:31:14,980 [WARN] DetailPanel:346 - Failed to get advertising image, set to default
2025-03-10 16:31:15,261 [FATAL] Updater:351 - Updater called before beeing initialized
2025-03-10 16:31:15,263 [FATAL] Updater:351 - Updater called before beeing initialized
2025-03-10 16:31:15,263 [FATAL] Updater:351 - Updater called before beeing initialized
2025-03-10 16:31:15,264 [WARN] DetailPanel:346 - Failed to get advertising image, set to default
2025-03-10 16:31:15,264 [FATAL] Updater:351 - Updater called before beeing initialized
2025-03-10 16:31:15,340 [ERROR] Updater:1198 - MainUpdater not yet initialized. External WinMGr cannot be set.
2025-03-10 16:31:15,354 [INFO] Updater:1134 - Updater Version found : 6.13.0
2025-03-10 16:31:15,373 [INFO] ApplicationProperties:184 - Using Application install path: C:\ST\STM32CubeIDE_1.16.1\STM32CubeIDE\plugins\com.st.stm32cube.common.mx_6.13.0.202411220809
2025-03-10 16:31:16,501 [INFO] ThirdPartyUpdaterWithRetryManager:70 - Updater plugin not ready yet. [3/15]
2025-03-10 16:31:16,971 [ERROR] LogOutputStream:75 - [STDERR_REDIRECT] Mar 10, 2025 4:31:16 PM java.util.prefs.WindowsPreferences <init>
2025-03-10 16:31:16,976 [ERROR] LogOutputStream:75 - [STDERR_REDIRECT] WARNING: Could not open/create prefs root node Software\JavaSoft\Prefs at root 0xffffffff80000002. Windows RegCreateKeyEx(...) returned error code 5.
2025-03-10 16:31:16,976 [ERROR] LogOutputStream:75 - [STDERR_REDIRECT] 
2025-03-10 16:31:17,752 [INFO] MainUpdater:2872 - connection check result : 10
2025-03-10 16:31:17,752 [INFO] MainUpdater:3566 - Updater definition file requires update
2025-03-10 16:31:17,754 [INFO] MainUpdater:289 - Updater Check For Update Now.
2025-03-10 16:31:17,754 [INFO] MicroXplorer:498 - Change Database Version : DB.6.0.130
2025-03-10 16:31:17,783 [INFO] McuFinderGlobals:63 - Set McuFinder mode to 2 (CubeIDE integrated)
2025-03-10 16:31:17,795 [INFO] UserAuth:486 - Internet connection configuration mode: 1
2025-03-10 16:31:17,844 [INFO] JxBrowserEngine:152 - Initiate JxBrowser Engine with user profile folder
2025-03-10 16:31:17,859 [INFO] ServerAccessManage:473 - Download File updaters.zip
2025-03-10 16:31:18,004 [INFO] FileExtend:240 - Unzip File : updaters.zip
2025-03-10 16:31:18,004 [INFO] FileExtend:255 - Standard Zip Deflate
2025-03-10 16:31:19,308 [INFO] ServerAccessManage:473 - Download File PacksControlFlags.xml
2025-03-10 16:31:19,485 [INFO] ServerAccessManage:473 - Download File cubemx.pidx
2025-03-10 16:31:19,503 [WARN] MainUpdater:1193 - Updater busy. Cannot search thirdparties
2025-03-10 16:31:19,503 [INFO] ThirdPartyUpdaterWithRetryManager:96 - Updater plugin is busy. [1/15]
2025-03-10 16:31:21,120 [INFO] WebApp:168 - Instantiating new browser for Auth
2025-03-10 16:31:21,475 [INFO] ServerAccessManage:473 - Download File STMicroelectronics.X-CUBE-TOUCHGFX.pdsc
2025-03-10 16:31:22,505 [WARN] MainUpdater:1193 - Updater busy. Cannot search thirdparties
2025-03-10 16:31:22,505 [INFO] ThirdPartyUpdaterWithRetryManager:96 - Updater plugin is busy. [2/15]
2025-03-10 16:31:22,817 [INFO] WebApp:449 - Apply proxy settings
2025-03-10 16:31:22,817 [INFO] WebApp:534 - Chromium requires no authentication
2025-03-10 16:31:22,848 [INFO] WebApp:477 - Direct internet connection detected
2025-03-10 16:31:22,926 [INFO] WebApp:880 - Register for checkConnection events
2025-03-10 16:31:22,926 [INFO] WebApp:449 - Apply proxy settings
2025-03-10 16:31:22,926 [INFO] WebApp:534 - Chromium requires no authentication
2025-03-10 16:31:22,927 [INFO] WebApp:477 - Direct internet connection detected
2025-03-10 16:31:23,103 [INFO] WebApp:187 - Connection restablished
2025-03-10 16:31:23,591 [INFO] WebApp:221 - Starting web application
2025-03-10 16:31:23,592 [INFO] WebApp:579 - Web application path used C:\ST\STM32CubeIDE_1.16.1\STM32CubeIDE\plugins\com.st.stm32cube.common.mx_6.13.0.202411220809\db\plugins\mcufinder\reactClient1\index.html
2025-03-10 16:31:23,972 [INFO] UserAuth:486 - Internet connection configuration mode: 1
2025-03-10 16:31:24,124 [WARN] PackLoader:240 - Cannot read IP mode file for STMicroelectronics.X-CUBE-TOUCHGFX.4.25.0
2025-03-10 16:31:24,127 [INFO] PopulateThirdPartyThread:66 - Ending populate Thread
2025-03-10 16:31:24,129 [INFO] ThirdParty:1030 - CMSIS Pack Vendor :STMicroelectronics X-CUBE-TOUCHGFX 4.25.0
2025-03-10 16:31:24,130 [INFO] LoadServerUpdatesThread:375 - End of LoadServerUpdate Thread
2025-03-10 16:31:24,280 [INFO] CheckServerUpdateThread:120 - End of CheckServer Thread
2025-03-10 16:31:26,013 [WARN] PackLoader:240 - Cannot read IP mode file for STMicroelectronics.FP-SNS-MOTENVWB1.1.4.0
2025-03-10 16:31:26,028 [WARN] PackLoader:240 - Cannot read IP mode file for STMicroelectronics.FP-ATR-ASTRA1.2.0.2
2025-03-10 16:31:26,047 [WARN] PackLoader:240 - Cannot read IP mode file for STMicroelectronics.FP-ATR-ASTRA1.2.0.1
2025-03-10 16:31:26,071 [WARN] PackLoader:240 - Cannot read IP mode file for STMicroelectronics.X-CUBE-SMBUS.2.1.0
2025-03-10 16:31:26,100 [WARN] PackLoader:240 - Cannot read IP mode file for STMicroelectronics.X-CUBE-WB05N.1.1.0
2025-03-10 16:31:26,161 [WARN] PackLoader:240 - Cannot read IP mode file for STMicroelectronics.X-CUBE-AZRTOS-F7.1.1.0
2025-03-10 16:31:26,266 [WARN] PackLoader:240 - Cannot read IP mode file for STMicroelectronics.X-CUBE-MEMS1.11.0.0
2025-03-10 16:31:26,474 [WARN] PackLoader:240 - Cannot read IP mode file for STMicroelectronics.FP-SNS-FLIGHT1.5.0.2
2025-03-10 16:31:26,500 [WARN] PackLoader:240 - Cannot read IP mode file for STMicroelectronics.X-CUBE-DISPLAY.3.0.0
2025-03-10 16:31:26,530 [WARN] PackLoader:240 - Cannot read IP mode file for STMicroelectronics.X-CUBE-BLE1.7.0.0
2025-03-10 16:31:26,555 [WARN] PackLoader:240 - Cannot read IP mode file for STMicroelectronics.X-CUBE-NFC10.1.0.0
2025-03-10 16:31:26,595 [WARN] PackLoader:240 - Cannot read IP mode file for STMicroelectronics.X-CUBE-BLEMGR.4.0.0
2025-03-10 16:31:26,621 [WARN] PackLoader:240 - Cannot read IP mode file for emotas.I-CUBE-CANOPEN.1.3.0
2025-03-10 16:31:26,648 [WARN] PackLoader:240 - Cannot read IP mode file for STMicroelectronics.X-CUBE-BLEMGR.3.1.0
2025-03-10 16:31:26,670 [WARN] PackLoader:240 - Cannot read IP mode file for STMicroelectronics.X-CUBE-AI.10.0.0
2025-03-10 16:31:26,692 [WARN] PackLoader:240 - Cannot read IP mode file for STMicroelectronics.FP-SNS-SMARTAG2.1.2.0
2025-03-10 16:31:26,761 [WARN] PackLoader:240 - Cannot read IP mode file for STMicroelectronics.X-CUBE-MEMS1.11.1.0
2025-03-10 16:31:26,923 [INFO] LogOutputStream:77 - [STDOUT_REDIRECT] 1 : Invalid condition id : UX_CORESTACK_Condition cause : null
2025-03-10 16:31:26,925 [INFO] LogOutputStream:77 - [STDOUT_REDIRECT] 1 : Invalid condition id : UX_CORESTACK_Condition cause : null
2025-03-10 16:31:26,927 [INFO] LogOutputStream:77 - [STDOUT_REDIRECT] 1 : Invalid condition id : UX_CORESTACK_Condition cause : null
2025-03-10 16:31:26,929 [INFO] LogOutputStream:77 - [STDOUT_REDIRECT] 1 : Invalid condition id : UX_CORESTACK_Condition cause : null
2025-03-10 16:31:26,930 [INFO] LogOutputStream:77 - [STDOUT_REDIRECT] 1 : Invalid condition id : UX_CORESTACK_Condition cause : null
2025-03-10 16:31:26,933 [WARN] PackLoader:240 - Cannot read IP mode file for STMicroelectronics.X-CUBE-AZRTOS-WL.2.0.0
2025-03-10 16:31:26,956 [WARN] PackLoader:240 - Cannot read IP mode file for STMicroelectronics.FP-SNS-MOTENV1.5.0.0
2025-03-10 16:31:26,966 [WARN] PackLoader:240 - Cannot read IP mode file for wolfSSL.I-CUBE-wolfMQTT.1.19.0
2025-03-10 16:31:26,989 [WARN] PackLoader:240 - Cannot read IP mode file for WES.I-CUBE-Cesium.1.3.0
2025-03-10 16:31:27,011 [WARN] PackLoader:240 - Cannot read IP mode file for STMicroelectronics.X-CUBE-BLE2.3.3.0
2025-03-10 16:31:27,033 [WARN] PackLoader:240 - Cannot read IP mode file for STMicroelectronics.X-CUBE-NFC9.1.0.0
2025-03-10 16:31:27,055 [WARN] PackLoader:240 - Cannot read IP mode file for STMicroelectronics.X-CUBE-BLE1.7.1.0
2025-03-10 16:31:27,081 [WARN] PackLoader:240 - Cannot read IP mode file for STMicroelectronics.X-CUBE-TCPP.4.1.0
2025-03-10 16:31:27,138 [WARN] PackLoader:240 - Cannot read IP mode file for STMicroelectronics.X-CUBE-AZRTOS-G0.1.1.0
2025-03-10 16:31:27,183 [WARN] PackLoader:240 - Cannot read IP mode file for STMicroelectronics.X-CUBE-SAFEA1.1.2.2
2025-03-10 16:31:27,212 [WARN] PackLoader:240 - Cannot read IP mode file for STMicroelectronics.X-CUBE-NFC4.3.0.0
2025-03-10 16:31:27,253 [WARN] PackLoader:240 - Cannot read IP mode file for EmbeddedOffice.I-CUBE-FS-RTOS.1.0.1
2025-03-10 16:31:27,390 [WARN] PackLoader:240 - Cannot read IP mode file for STMicroelectronics.X-CUBE-TCPP.4.2.0
2025-03-10 16:31:27,417 [WARN] PackLoader:240 - Cannot read IP mode file for RealThread.X-CUBE-RT-Thread_Nano.4.1.1
2025-03-10 16:31:27,426 [WARN] PackLoader:240 - Cannot read IP mode file for STMicroelectronics.FP-ATR-SIGFOX1.3.2.0
2025-03-10 16:31:27,436 [WARN] ConditionMgr:438 - getConditionDescription Invalid condition id : Cortex-A Device cause : null
2025-03-10 16:31:27,464 [WARN] ConditionMgr:1044 - genDependencies : Invalid condition id : Cortex-A Device cause : null
2025-03-10 16:31:27,464 [WARN] ConditionMgr:1044 - genDependencies : Invalid condition id : Cortex-A Device cause : null
2025-03-10 16:31:27,465 [WARN] ConditionMgr:1044 - genDependencies : Invalid condition id : Cortex-A Device cause : null
2025-03-10 16:31:27,487 [WARN] PackLoader:240 - Cannot read IP mode file for STMicroelectronics.X-CUBE-EEPRMA1.5.1.0
2025-03-10 16:31:27,511 [WARN] PackLoader:240 - Cannot read IP mode file for wolfSSL.I-CUBE-wolfSSL.5.7.4
2025-03-10 16:31:27,539 [WARN] PackLoader:240 - Cannot read IP mode file for ITTIA_DB.I-CUBE-ITTIADB.8.9.0
2025-03-10 16:31:27,591 [WARN] PackLoader:240 - Cannot read IP mode file for SEGGER.I-CUBE-embOS.1.3.1
2025-03-10 16:31:27,636 [WARN] PackLoader:240 - Cannot read IP mode file for STMicroelectronics.X-CUBE-ALGOBUILD.1.4.0
2025-03-10 16:31:27,659 [WARN] PackLoader:240 - Cannot read IP mode file for STMicroelectronics.X-CUBE-AI.9.1.0
2025-03-10 16:31:27,702 [WARN] PackLoader:240 - Cannot read IP mode file for STMicroelectronics.X-CUBE-AZRTOS-F4.1.1.0
2025-03-10 16:31:27,725 [WARN] PackLoader:240 - Cannot read IP mode file for STMicroelectronics.X-CUBE-ISPU.2.1.0
2025-03-10 16:31:27,750 [WARN] PackLoader:240 - Cannot read IP mode file for STMicroelectronics.X-CUBE-FREERTOS.1.2.0
2025-03-10 16:31:27,796 [WARN] PackLoader:240 - Cannot read IP mode file for STMicroelectronics.X-CUBE-AZRTOS-L5.2.0.0
2025-03-10 16:31:27,823 [WARN] PackLoader:240 - Cannot read IP mode file for STMicroelectronics.X-CUBE-NFC6.3.1.0
2025-03-10 16:31:27,846 [WARN] PackLoader:240 - Cannot read IP mode file for STMicroelectronics.X-CUBE-DPower.1.2.0
2025-03-10 16:31:27,865 [WARN] PackLoader:240 - Cannot read IP mode file for STMicroelectronics.X-CUBE-FREERTOS.1.3.0
2025-03-10 16:31:27,887 [WARN] PackLoader:240 - Cannot read IP mode file for STMicroelectronics.X-CUBE-NFC7.1.0.1
2025-03-10 16:31:27,930 [WARN] ConditionMgr:438 - getConditionDescription Invalid condition id : LAN8742 Phy interface Condition cause : null
2025-03-10 16:31:27,931 [WARN] PackLoader:240 - Cannot read IP mode file for STMicroelectronics.X-CUBE-AZRTOS-L4.2.0.0
2025-03-10 16:31:27,932 [WARN] ConditionMgr:1044 - genDependencies : Invalid condition id : LAN8742 Phy interface Condition cause : null
2025-03-10 16:31:27,932 [WARN] ConditionMgr:1044 - genDependencies : Invalid condition id : LAN8742 Phy interface Condition cause : null
2025-03-10 16:31:27,933 [WARN] ConditionMgr:1044 - genDependencies : Invalid condition id : LAN8742 Phy interface Condition cause : null
2025-03-10 16:31:27,958 [WARN] PackLoader:240 - Cannot read IP mode file for STMicroelectronics.X-CUBE-SFXS2LP1.4.0.0
2025-03-10 16:31:28,003 [WARN] PackLoader:240 - Cannot read IP mode file for STMicroelectronics.X-CUBE-AZRTOS-H7.3.3.0
2025-03-10 16:31:28,032 [WARN] PackLoader:240 - Cannot read IP mode file for STMicroelectronics.X-CUBE-IPS.3.0.0
2025-03-10 16:31:28,071 [WARN] ConditionMgr:438 - getConditionDescription Invalid condition id : UX DEVICE CLASS RTOS Condition cause : null
2025-03-10 16:31:28,071 [WARN] ConditionMgr:438 - getConditionDescription Invalid condition id : UX DEVICE CLASS RTOS Condition cause : null
2025-03-10 16:31:28,073 [WARN] PackLoader:240 - Cannot read IP mode file for STMicroelectronics.X-CUBE-AZRTOS-WB.2.0.0
2025-03-10 16:31:28,073 [WARN] ConditionMgr:1044 - genDependencies : Invalid condition id : UX DEVICE CLASS RTOS Condition cause : null
2025-03-10 16:31:28,074 [WARN] ConditionMgr:1044 - genDependencies : Invalid condition id : UX DEVICE CLASS RTOS Condition cause : null
2025-03-10 16:31:28,074 [WARN] ConditionMgr:1044 - genDependencies : Invalid condition id : UX DEVICE CLASS RTOS Condition cause : null
2025-03-10 16:31:28,075 [WARN] ConditionMgr:1044 - genDependencies : Invalid condition id : UX DEVICE CLASS RTOS Condition cause : null
2025-03-10 16:31:28,075 [WARN] ConditionMgr:1044 - genDependencies : Invalid condition id : UX DEVICE CLASS RTOS Condition cause : null
2025-03-10 16:31:28,107 [WARN] PackLoader:240 - Cannot read IP mode file for STMicroelectronics.X-CUBE-GNSS1.7.0.0
2025-03-10 16:31:28,135 [WARN] PackLoader:240 - Cannot read IP mode file for STMicroelectronics.X-CUBE-GNSS1.7.0.1
2025-03-10 16:31:28,141 [WARN] PackLoader:240 - Cannot read IP mode file for STMicroelectronics.X-CUBE-TOUCHGFX.4.25.0
2025-03-10 16:31:28,175 [WARN] PackLoader:240 - Cannot read IP mode file for STMicroelectronics.FP-SNS-STBOX1.2.0.0
2025-03-10 16:31:28,205 [WARN] PackLoader:240 - Cannot read IP mode file for STMicroelectronics.X-CUBE-SUBG2.5.0.0
2025-03-10 16:31:28,218 [WARN] PackLoader:240 - Cannot read IP mode file for Cesanta.I-CUBE-Mongoose.7.13.0
2025-03-10 16:31:28,254 [WARN] PackLoader:240 - Cannot read IP mode file for STMicroelectronics.X-CUBE-AZRTOS-G4.2.0.0
2025-03-10 16:31:28,284 [WARN] PackLoader:240 - Cannot read IP mode file for STMicroelectronics.X-CUBE-IPS.3.1.0
2025-03-10 16:31:28,312 [WARN] PackLoader:240 - Cannot read IP mode file for STMicroelectronics.X-CUBE-ALS.1.0.2
2025-03-10 16:31:28,340 [WARN] PackLoader:240 - Cannot read IP mode file for STMicroelectronics.X-CUBE-TOUCHGFX.4.24.2
2025-03-10 16:31:28,364 [WARN] PackLoader:240 - Cannot read IP mode file for STMicroelectronics.X-CUBE-TOUCHGFX.4.24.1
2025-03-10 16:31:28,371 [WARN] PackLoader:240 - Cannot read IP mode file for wolfSSL.I-CUBE-wolfTPM.3.4.0
2025-03-10 16:31:28,400 [WARN] PackLoader:240 - Cannot read IP mode file for portGmbH.I-Cube-SoM-uGOAL.1.1.0
2025-03-10 16:31:28,443 [WARN] PackLoader:240 - Cannot read IP mode file for STMicroelectronics.X-CUBE-AZRTOS-H7RS.1.0.0
2025-03-10 16:31:28,468 [WARN] PackLoader:240 - Cannot read IP mode file for STMicroelectronics.FP-ATR-ASTRA1.2.0.0
2025-03-10 16:31:28,502 [WARN] PackLoader:240 - Cannot read IP mode file for STMicroelectronics.X-CUBE-TOF1.3.4.2
2025-03-10 16:31:28,558 [WARN] PackLoader:240 - Cannot read IP mode file for Infineon.AIROC-Wi-Fi-Bluetooth-STM32.1.6.1
2025-03-10 16:31:28,569 [WARN] PackLoader:240 - Cannot read IP mode file for wolfSSL.I-CUBE-wolfSSH.1.4.17
2025-03-10 16:31:28,570 [INFO] ThirdParty:978 - Integrity check success = true
2025-03-10 16:31:28,570 [INFO] IntegrityCheckThread:100 - exiting critical section [integrity check]
2025-03-10 16:31:28,570 [INFO] IntegrityCheckThread:103 - End integrity checks thread
2025-03-10 16:35:07,645 [ERROR] LogOutputStream:75 - [STDERR_REDIRECT] 
2025-03-10 16:35:07,645 [ERROR] LogOutputStream:75 - [STDERR_REDIRECT] 
