2024-11-19 16:01:51,515 [INFO] Activator:176 - 


2024-11-19 16:01:51,525 [INFO] Activator:177 - !SESSION log4j initialized
2024-11-19 16:01:59,756 [INFO] LogOutputStream:77 - [STDOUT_REDIRECT] 
2024-11-19 16:02:02,821 [INFO] ApplicationProperties:184 - Using Application install path: C:\ST\STM32CubeIDE_1.16.1\STM32CubeIDE\plugins\com.st.stm32cube.common.mx_6.12.1.202409122256
2024-11-19 16:02:02,846 [INFO] DbMcusXml:78 - Set database path to: C:\ST\STM32CubeIDE_1.16.1\STM32CubeIDE\plugins\com.st.stm32cube.common.mx_6.12.1.202409122256\\db\/mcu/
2024-11-19 16:02:02,847 [INFO] ApiDb:274 - Set plugin database path to: C:\ST\STM32CubeIDE_1.16.1\STM32CubeIDE\plugins\com.st.stm32cube.common.mx_6.12.1.202409122256\\db\/plugins/boardmanager/
2024-11-19 16:02:02,847 [WARN] ApiDb:259 - Overriding images path with different value:  => C:\ST\STM32CubeIDE_1.16.1\STM32CubeIDE\plugins\com.st.stm32cube.common.mx_6.12.1.202409122256\\db\/plugins/mcufinder/images/
2024-11-19 16:02:02,861 [INFO] ApiDb:250 - Set database path to: C:\Users\User\.stmcufinder\plugins\mcufinder//mcu/
2024-11-19 16:02:02,863 [INFO] DbMcusAds:125 - Set database path to: C:\Users\User\.stmcufinder\plugins\mcufinder//mcu/
2024-11-19 16:02:02,867 [INFO] CrossReferenceDbSqlite:203 - Set database path to: C:\Users\User\.stmcufinder\plugins\mcufinder//mcu/cs/
2024-11-19 16:02:03,019 [INFO] RulesReader:64 - Compatibility file has been processed (297 Rules)
2024-11-19 16:02:03,138 [INFO] DbMcusXml:78 - Set database path to: C:\ST\STM32CubeIDE_1.16.1\STM32CubeIDE\plugins\com.st.stm32cube.common.mx_6.12.1.202409122256\\db\/mcu/
2024-11-19 16:02:03,139 [INFO] ApiDb:274 - Set plugin database path to: C:\ST\STM32CubeIDE_1.16.1\STM32CubeIDE\plugins\com.st.stm32cube.common.mx_6.12.1.202409122256\\db\/plugins/boardmanager/
2024-11-19 16:02:03,139 [INFO] ApiDb:261 - Set plugin images path to: C:\ST\STM32CubeIDE_1.16.1\STM32CubeIDE\plugins\com.st.stm32cube.common.mx_6.12.1.202409122256\\db\/plugins/mcufinder/images/
2024-11-19 16:02:03,139 [WARN] DbFile:41 - Overriding database path with different value: C:\Users\User\.stmcufinder\plugins\mcufinder/ => C:\Users\User\.stmcufinder\plugins\mcufinder
2024-11-19 16:02:03,139 [INFO] ApiDb:250 - Set database path to: C:\Users\User\.stmcufinder\plugins\mcufinder//mcu/
2024-11-19 16:02:03,139 [WARN] DbFile:41 - Overriding database path with different value: C:\Users\User\.stmcufinder\plugins\mcufinder/ => C:\Users\User\.stmcufinder\plugins\mcufinder
2024-11-19 16:02:03,139 [INFO] DbMcusAds:125 - Set database path to: C:\Users\User\.stmcufinder\plugins\mcufinder//mcu/
2024-11-19 16:02:03,139 [WARN] DbFile:41 - Overriding database path with different value: C:\Users\User\.stmcufinder\plugins\mcufinder/ => C:\Users\User\.stmcufinder\plugins\mcufinder
2024-11-19 16:02:03,140 [WARN] DbFile:41 - Overriding database path with different value: C:\Users\User\.stmcufinder\plugins\mcufinder/ => C:\Users\User\.stmcufinder\plugins\mcufinder
2024-11-19 16:02:03,140 [INFO] CrossReferenceDbSqlite:203 - Set database path to: C:\Users\User\.stmcufinder\plugins\mcufinder//mcu/cs/
2024-11-19 16:02:03,259 [INFO] MainPanel:268 - HeapMemory: 268435456
2024-11-19 16:02:03,445 [INFO] DbMcusXml:78 - Set database path to: C:\ST\STM32CubeIDE_1.16.1\STM32CubeIDE\plugins\com.st.stm32cube.common.mx_6.12.1.202409122256\\db\/mcu/
2024-11-19 16:02:03,446 [INFO] ApiDb:274 - Set plugin database path to: C:\ST\STM32CubeIDE_1.16.1\STM32CubeIDE\plugins\com.st.stm32cube.common.mx_6.12.1.202409122256\\db\/plugins/boardmanager/
2024-11-19 16:02:03,446 [INFO] ApiDb:261 - Set plugin images path to: C:\ST\STM32CubeIDE_1.16.1\STM32CubeIDE\plugins\com.st.stm32cube.common.mx_6.12.1.202409122256\\db\/plugins/mcufinder/images/
2024-11-19 16:02:03,446 [WARN] DbFile:41 - Overriding database path with different value: C:\Users\User\.stmcufinder\plugins\mcufinder/ => C:\Users\User\.stmcufinder\plugins\mcufinder
2024-11-19 16:02:03,446 [INFO] ApiDb:250 - Set database path to: C:\Users\User\.stmcufinder\plugins\mcufinder//mcu/
2024-11-19 16:02:03,447 [WARN] DbFile:41 - Overriding database path with different value: C:\Users\User\.stmcufinder\plugins\mcufinder/ => C:\Users\User\.stmcufinder\plugins\mcufinder
2024-11-19 16:02:03,447 [INFO] DbMcusAds:125 - Set database path to: C:\Users\User\.stmcufinder\plugins\mcufinder//mcu/
2024-11-19 16:02:03,447 [WARN] DbFile:41 - Overriding database path with different value: C:\Users\User\.stmcufinder\plugins\mcufinder/ => C:\Users\User\.stmcufinder\plugins\mcufinder
2024-11-19 16:02:03,447 [WARN] DbFile:41 - Overriding database path with different value: C:\Users\User\.stmcufinder\plugins\mcufinder/ => C:\Users\User\.stmcufinder\plugins\mcufinder
2024-11-19 16:02:03,447 [INFO] CrossReferenceDbSqlite:203 - Set database path to: C:\Users\User\.stmcufinder\plugins\mcufinder//mcu/cs/
2024-11-19 16:02:03,475 [INFO] ApplicationProperties:184 - Using Application install path: C:\ST\STM32CubeIDE_1.16.1\STM32CubeIDE\plugins\com.st.stm32cube.common.mx_6.12.1.202409122256
2024-11-19 16:02:03,477 [INFO] PluginManage:196 - Search for loadable plugins [exclusion list=, ]
2024-11-19 16:02:03,480 [INFO] PluginManage:310 - Check plugin analytics
2024-11-19 16:02:03,714 [INFO] AnalyticsPlugin:253 - Accepted Software Licenses: 
2024-11-19 16:02:03,714 [INFO] AnalyticsPlugin:255 - Accepted CMSIS Pack Licenses: 
2024-11-19 16:02:03,714 [INFO] AnalyticsPlugin:257 - Accepted Firmware Licenses: FW.U5.1.6.0
2024-11-19 16:02:03,718 [INFO] PluginManage:359 - Loaded plugin analytics (category:tool,tabindex:-1)
2024-11-19 16:02:03,718 [INFO] PluginManage:310 - Check plugin cadmodel
2024-11-19 16:02:03,738 [INFO] CADModel:105 - Init CAD model plugin
2024-11-19 16:02:03,739 [INFO] PluginManage:359 - Loaded plugin cadmodel (category:power,tabindex:5)
2024-11-19 16:02:03,739 [INFO] PluginManage:310 - Check plugin clock
2024-11-19 16:02:03,766 [INFO] PluginManage:359 - Loaded plugin clock (category:base,tabindex:2)
2024-11-19 16:02:03,766 [INFO] PluginManage:310 - Check plugin ddr
2024-11-19 16:02:03,769 [INFO] PluginManage:359 - Loaded plugin ddr (category:tool,tabindex:6)
2024-11-19 16:02:03,769 [INFO] PluginManage:310 - Check plugin filemanager
2024-11-19 16:02:03,951 [INFO] PluginManage:359 - Loaded plugin filemanager (category:base,tabindex:10)
2024-11-19 16:02:03,951 [INFO] PluginManage:310 - Check plugin ipmanager
2024-11-19 16:02:03,963 [INFO] PluginManage:359 - Loaded plugin ipmanager (category:base,tabindex:5)
2024-11-19 16:02:03,963 [INFO] PluginManage:310 - Check plugin lpbam
2024-11-19 16:02:03,989 [INFO] PluginManage:359 - Loaded plugin lpbam (category:base,tabindex:0)
2024-11-19 16:02:03,989 [INFO] PluginManage:310 - Check plugin memorymap
2024-11-19 16:02:04,020 [INFO] PluginManage:359 - Loaded plugin memorymap (category:base,tabindex:4)
2024-11-19 16:02:04,020 [INFO] PluginManage:310 - Check plugin pinoutandconfiguration
2024-11-19 16:02:04,046 [INFO] PluginManage:359 - Loaded plugin pinoutandconfiguration (category:base,tabindex:1)
2024-11-19 16:02:04,046 [INFO] PluginManage:310 - Check plugin pinoutconfig
2024-11-19 16:02:04,179 [WARN] SupportedApi:132 - Cannot load RTOS API schema: s4s-elt-must-match.1: The content of 'definitions' must match (annotation?, (simpleType | complexType)?, (unique | key | keyref)*)). A problem was found starting at: attribute.
2024-11-19 16:02:04,373 [INFO] PluginManage:359 - Loaded plugin pinoutconfig (category:base,tabindex:0)
2024-11-19 16:02:04,373 [INFO] PluginManage:310 - Check plugin power
2024-11-19 16:02:04,399 [INFO] PluginManage:359 - Loaded plugin power (category:power,tabindex:4)
2024-11-19 16:02:04,399 [INFO] PluginManage:310 - Check plugin projectmanager
2024-11-19 16:02:04,417 [INFO] PluginManage:359 - Loaded plugin projectmanager (category:projectmanager,tabindex:4)
2024-11-19 16:02:04,418 [INFO] PluginManage:310 - Check plugin rif
2024-11-19 16:02:04,439 [INFO] PluginManage:359 - Loaded plugin rif (category:base,tabindex:3)
2024-11-19 16:02:04,439 [INFO] PluginManage:310 - Check plugin thirdparty
2024-11-19 16:02:04,794 [INFO] PluginManage:359 - Loaded plugin thirdparty (category:base,tabindex:-1)
2024-11-19 16:02:04,794 [WARN] IntegrityCheckThread:84 - waiting for thirdparty lock release [integrity check]
2024-11-19 16:02:04,794 [INFO] PluginManage:310 - Check plugin tools
2024-11-19 16:02:04,794 [INFO] IntegrityCheckThread:86 - entering critical section [integrity check]
2024-11-19 16:02:04,795 [INFO] ThirdPartyUpdaterWithRetryManager:70 - Updater plugin not ready yet. [1/15]
2024-11-19 16:02:04,845 [INFO] PluginManage:359 - Loaded plugin tools (category:base,tabindex:7)
2024-11-19 16:02:04,845 [INFO] PluginManage:310 - Check plugin tutovideos
2024-11-19 16:02:05,129 [INFO] PluginManage:359 - Loaded plugin tutovideos (category:base,tabindex:-1)
2024-11-19 16:02:05,130 [INFO] PluginManage:310 - Check plugin updater
2024-11-19 16:02:05,152 [INFO] PluginManage:359 - Loaded plugin updater (category:base,tabindex:12)
2024-11-19 16:02:05,152 [INFO] PluginManage:310 - Check plugin userauth
2024-11-19 16:02:05,159 [INFO] UserAuth:113 - Init User Auth plugin
2024-11-19 16:02:05,159 [INFO] PluginManage:359 - Loaded plugin userauth (category:base,tabindex:14)
2024-11-19 16:02:05,160 [INFO] PluginManage:283 - PluginManage : Loaded plugins [18]
2024-11-19 16:02:05,474 [INFO] PinOutPanel:1561 - setPackage(No Configuration,No Configuration)
2024-11-19 16:02:05,619 [INFO] CADModel:165 - CPN selected for project level
2024-11-19 16:02:05,619 [INFO] CADModel:114 - Register for checkConnection events
2024-11-19 16:02:05,663 [INFO] IPUIPlugin:80 - create IPUIPlugin
2024-11-19 16:02:05,663 [INFO] PluginManager:220 - loadIPPluginJar : add adc
2024-11-19 16:02:05,728 [INFO] IPUIPlugin:80 - create IPUIPlugin
2024-11-19 16:02:05,729 [INFO] PluginManager:220 - loadIPPluginJar : add aes
2024-11-19 16:02:05,801 [INFO] IPUIPlugin:80 - create IPUIPlugin
2024-11-19 16:02:05,801 [INFO] PluginManager:220 - loadIPPluginJar : add can
2024-11-19 16:02:05,844 [INFO] IPUIPlugin:80 - create IPUIPlugin
2024-11-19 16:02:05,844 [INFO] PluginManager:220 - loadIPPluginJar : add comp
2024-11-19 16:02:05,904 [INFO] IPUIPlugin:80 - create IPUIPlugin
2024-11-19 16:02:05,904 [INFO] PluginManager:220 - loadIPPluginJar : add cryp
2024-11-19 16:02:05,924 [INFO] IPUIPlugin:80 - create IPUIPlugin
2024-11-19 16:02:05,924 [INFO] PluginManager:220 - loadIPPluginJar : add ddr_ctrl_phy
2024-11-19 16:02:05,979 [INFO] IPUIPlugin:80 - create IPUIPlugin
2024-11-19 16:02:05,980 [INFO] PluginManager:220 - loadIPPluginJar : add dfsdm
2024-11-19 16:02:06,005 [INFO] IPUIPlugin:80 - create IPUIPlugin
2024-11-19 16:02:06,007 [INFO] PluginManager:220 - loadIPPluginJar : add dma
2024-11-19 16:02:06,092 [INFO] IPUIPlugin:80 - create IPUIPlugin
2024-11-19 16:02:06,093 [INFO] PluginManager:220 - loadIPPluginJar : add dma3
2024-11-19 16:02:06,181 [INFO] IPUIPlugin:80 - create IPUIPlugin
2024-11-19 16:02:06,181 [INFO] PluginManager:220 - loadIPPluginJar : add extmemmanager
2024-11-19 16:02:06,213 [INFO] IPUIPlugin:80 - create IPUIPlugin
2024-11-19 16:02:06,213 [INFO] PluginManager:220 - loadIPPluginJar : add fatfs
2024-11-19 16:02:06,279 [INFO] IPUIPlugin:80 - create IPUIPlugin
2024-11-19 16:02:06,279 [INFO] PluginManager:220 - loadIPPluginJar : add fmc
2024-11-19 16:02:06,304 [INFO] IPUIPlugin:80 - create IPUIPlugin
2024-11-19 16:02:06,304 [INFO] PluginManager:220 - loadIPPluginJar : add freertos
2024-11-19 16:02:06,335 [INFO] IPUIPlugin:80 - create IPUIPlugin
2024-11-19 16:02:06,335 [INFO] PluginManager:220 - loadIPPluginJar : add genericplugin
2024-11-19 16:02:06,447 [INFO] IPUIPlugin:80 - create IPUIPlugin
2024-11-19 16:02:06,448 [INFO] PluginManager:220 - loadIPPluginJar : add gfxmmu
2024-11-19 16:02:06,602 [INFO] IPUIPlugin:80 - create IPUIPlugin
2024-11-19 16:02:06,602 [INFO] PluginManager:220 - loadIPPluginJar : add gic
2024-11-19 16:02:06,620 [INFO] IPUIPlugin:80 - create IPUIPlugin
2024-11-19 16:02:06,620 [INFO] PluginManager:220 - loadIPPluginJar : add gpio
2024-11-19 16:02:06,732 [INFO] IPUIPlugin:80 - create IPUIPlugin
2024-11-19 16:02:06,732 [INFO] PluginManager:220 - loadIPPluginJar : add gtzc
2024-11-19 16:02:06,772 [INFO] IPUIPlugin:80 - create IPUIPlugin
2024-11-19 16:02:06,772 [INFO] PluginManager:220 - loadIPPluginJar : add hash
2024-11-19 16:02:06,834 [INFO] IPUIPlugin:80 - create IPUIPlugin
2024-11-19 16:02:06,834 [INFO] PluginManager:220 - loadIPPluginJar : add i2c
2024-11-19 16:02:06,882 [INFO] IPUIPlugin:80 - create IPUIPlugin
2024-11-19 16:02:06,882 [INFO] PluginManager:220 - loadIPPluginJar : add i2s
2024-11-19 16:02:06,932 [INFO] IPUIPlugin:80 - create IPUIPlugin
2024-11-19 16:02:06,932 [INFO] PluginManager:220 - loadIPPluginJar : add i3c
2024-11-19 16:02:07,056 [INFO] IPUIPlugin:80 - create IPUIPlugin
2024-11-19 16:02:07,056 [INFO] PluginManager:220 - loadIPPluginJar : add ipddr
2024-11-19 16:02:07,162 [INFO] IPUIPlugin:80 - create IPUIPlugin
2024-11-19 16:02:07,162 [INFO] PluginManager:220 - loadIPPluginJar : add linkedlist
2024-11-19 16:02:07,210 [INFO] IPUIPlugin:80 - create IPUIPlugin
2024-11-19 16:02:07,210 [INFO] PluginManager:220 - loadIPPluginJar : add lorawan
2024-11-19 16:02:07,263 [INFO] IPUIPlugin:80 - create IPUIPlugin
2024-11-19 16:02:07,263 [INFO] PluginManager:220 - loadIPPluginJar : add ltdc
2024-11-19 16:02:07,289 [INFO] IPUIPlugin:80 - create IPUIPlugin
2024-11-19 16:02:07,289 [INFO] PluginManager:220 - loadIPPluginJar : add mdma
2024-11-19 16:02:07,307 [INFO] IPUIPlugin:80 - create IPUIPlugin
2024-11-19 16:02:07,308 [INFO] PluginManager:220 - loadIPPluginJar : add nvic
2024-11-19 16:02:07,362 [INFO] IPUIPlugin:80 - create IPUIPlugin
2024-11-19 16:02:07,362 [INFO] PluginManager:220 - loadIPPluginJar : add opamp
2024-11-19 16:02:07,446 [INFO] IPUIPlugin:80 - create IPUIPlugin
2024-11-19 16:02:07,446 [INFO] PluginManager:220 - loadIPPluginJar : add openamp
2024-11-19 16:02:07,503 [INFO] IPUIPlugin:80 - create IPUIPlugin
2024-11-19 16:02:07,503 [INFO] PluginManager:220 - loadIPPluginJar : add pdm2pcm
2024-11-19 16:02:07,522 [INFO] IPUIPlugin:80 - create IPUIPlugin
2024-11-19 16:02:07,525 [INFO] PluginManager:220 - loadIPPluginJar : add plateformsettings
2024-11-19 16:02:07,556 [INFO] IPUIPlugin:80 - create IPUIPlugin
2024-11-19 16:02:07,556 [INFO] PluginManager:220 - loadIPPluginJar : add quadspi
2024-11-19 16:02:07,590 [INFO] IPUIPlugin:80 - create IPUIPlugin
2024-11-19 16:02:07,591 [INFO] PluginManager:220 - loadIPPluginJar : add radio
2024-11-19 16:02:07,609 [INFO] IPUIPlugin:80 - create IPUIPlugin
2024-11-19 16:02:07,609 [INFO] PluginManager:220 - loadIPPluginJar : add resmgrutility
2024-11-19 16:02:07,671 [INFO] IPUIPlugin:80 - create IPUIPlugin
2024-11-19 16:02:07,671 [INFO] PluginManager:220 - loadIPPluginJar : add sai
2024-11-19 16:02:07,718 [INFO] IPUIPlugin:80 - create IPUIPlugin
2024-11-19 16:02:07,718 [INFO] PluginManager:220 - loadIPPluginJar : add spi
2024-11-19 16:02:07,796 [INFO] ThirdPartyUpdaterWithRetryManager:70 - Updater plugin not ready yet. [2/15]
2024-11-19 16:02:07,808 [INFO] IPUIPlugin:80 - create IPUIPlugin
2024-11-19 16:02:07,808 [INFO] PluginManager:220 - loadIPPluginJar : add stm32_wpan
2024-11-19 16:02:07,843 [INFO] IPUIPlugin:80 - create IPUIPlugin
2024-11-19 16:02:07,843 [INFO] PluginManager:220 - loadIPPluginJar : add tim
2024-11-19 16:02:07,923 [INFO] IPUIPlugin:80 - create IPUIPlugin
2024-11-19 16:02:07,923 [INFO] PluginManager:220 - loadIPPluginJar : add touchsensing
2024-11-19 16:02:07,956 [INFO] IPUIPlugin:80 - create IPUIPlugin
2024-11-19 16:02:07,956 [INFO] PluginManager:220 - loadIPPluginJar : add tracer_emb
2024-11-19 16:02:07,990 [INFO] IPUIPlugin:80 - create IPUIPlugin
2024-11-19 16:02:07,990 [INFO] PluginManager:220 - loadIPPluginJar : add ts
2024-11-19 16:02:08,021 [INFO] IPUIPlugin:80 - create IPUIPlugin
2024-11-19 16:02:08,022 [INFO] PluginManager:220 - loadIPPluginJar : add tsc
2024-11-19 16:02:08,052 [INFO] IPUIPlugin:80 - create IPUIPlugin
2024-11-19 16:02:08,053 [INFO] PluginManager:220 - loadIPPluginJar : add ucpd
2024-11-19 16:02:08,110 [INFO] IPUIPlugin:80 - create IPUIPlugin
2024-11-19 16:02:08,110 [INFO] PluginManager:220 - loadIPPluginJar : add usart
2024-11-19 16:02:08,166 [INFO] IPUIPlugin:80 - create IPUIPlugin
2024-11-19 16:02:08,166 [INFO] PluginManager:220 - loadIPPluginJar : add usbx
2024-11-19 16:02:08,317 [INFO] CADModel:165 - CPN selected for project level
2024-11-19 16:02:08,317 [INFO] CADModel:114 - Register for checkConnection events
2024-11-19 16:02:08,318 [FATAL] Updater:334 - Updater called before beeing initialized
2024-11-19 16:02:08,318 [ERROR] CADModel:125 - Updater not yet initialized, retry later 
2024-11-19 16:02:08,588 [INFO] CADModel:165 - CPN selected for project level
2024-11-19 16:02:08,588 [INFO] CADModel:114 - Register for checkConnection events
2024-11-19 16:02:08,588 [FATAL] Updater:334 - Updater called before beeing initialized
2024-11-19 16:02:08,588 [ERROR] CADModel:125 - Updater not yet initialized, retry later 
2024-11-19 16:02:08,591 [FATAL] Updater:334 - Updater called before beeing initialized
2024-11-19 16:02:08,708 [FATAL] Updater:334 - Updater called before beeing initialized
2024-11-19 16:02:08,721 [INFO] DbMcusAds:53 - JSON generation date=Fri Sep 20 06:04:38 PDT 2024 (1726837478367)
2024-11-19 16:02:08,721 [FATAL] Updater:334 - Updater called before beeing initialized
2024-11-19 16:02:08,785 [WARN] DetailPanel:346 - Failed to get advertising image, set to default
2024-11-19 16:02:08,955 [FATAL] Updater:334 - Updater called before beeing initialized
2024-11-19 16:02:08,958 [FATAL] Updater:334 - Updater called before beeing initialized
2024-11-19 16:02:08,958 [FATAL] Updater:334 - Updater called before beeing initialized
2024-11-19 16:02:08,958 [WARN] DetailPanel:346 - Failed to get advertising image, set to default
2024-11-19 16:02:08,959 [FATAL] Updater:334 - Updater called before beeing initialized
2024-11-19 16:02:09,073 [ERROR] Updater:1164 - MainUpdater not yet initialized. External WinMGr cannot be set.
2024-11-19 16:02:09,095 [INFO] Updater:1100 - Updater Version found : 6.12.1
2024-11-19 16:02:09,123 [INFO] ApplicationProperties:184 - Using Application install path: C:\ST\STM32CubeIDE_1.16.1\STM32CubeIDE\plugins\com.st.stm32cube.common.mx_6.12.1.202409122256
2024-11-19 16:02:10,742 [ERROR] LogOutputStream:75 - [STDERR_REDIRECT] Nov 19, 2024 4:02:10 PM java.util.prefs.WindowsPreferences <init>
2024-11-19 16:02:10,748 [ERROR] LogOutputStream:75 - [STDERR_REDIRECT] WARNING: Could not open/create prefs root node Software\JavaSoft\Prefs at root 0xffffffff80000002. Windows RegCreateKeyEx(...) returned error code 5.
2024-11-19 16:02:10,765 [ERROR] LogOutputStream:75 - [STDERR_REDIRECT] 
2024-11-19 16:02:10,797 [INFO] ThirdPartyUpdaterWithRetryManager:70 - Updater plugin not ready yet. [3/15]
2024-11-19 16:02:11,207 [INFO] MainUpdater:2873 - connection check result : 10
2024-11-19 16:02:11,207 [INFO] MainUpdater:3567 - Updater definition file requires update
2024-11-19 16:02:11,209 [INFO] MainUpdater:290 - Updater Check For Update Now.
2024-11-19 16:02:11,209 [INFO] MicroXplorer:498 - Change Database Version : DB.6.0.121
2024-11-19 16:02:11,232 [INFO] McuFinderGlobals:63 - Set McuFinder mode to 2 (CubeIDE integrated)
2024-11-19 16:02:11,240 [INFO] UserAuth:417 - Internet connection configuration mode: 1
2024-11-19 16:02:11,271 [INFO] ServerAccessManage:473 - Download File updaters.zip
2024-11-19 16:02:11,289 [INFO] JxBrowserEngine:152 - Initiate JxBrowser Engine with user profile folder
2024-11-19 16:02:11,382 [INFO] FileExtend:240 - Unzip File : updaters.zip
2024-11-19 16:02:11,382 [INFO] FileExtend:255 - Standard Zip Deflate
2024-11-19 16:02:12,385 [INFO] ServerAccessManage:473 - Download File PacksControlFlags.xml
2024-11-19 16:02:12,749 [INFO] ServerAccessManage:473 - Download File cubemx.pidx
2024-11-19 16:02:12,887 [INFO] LoadServerUpdatesThread:375 - End of LoadServerUpdate Thread
2024-11-19 16:02:13,124 [INFO] CheckServerUpdateThread:120 - End of CheckServer Thread
2024-11-19 16:02:14,171 [WARN] PackLoader:240 - Cannot read IP mode file for STMicroelectronics.FP-SNS-MOTENVWB1.1.4.0
2024-11-19 16:02:14,194 [WARN] PackLoader:240 - Cannot read IP mode file for STMicroelectronics.FP-ATR-ASTRA1.2.0.1
2024-11-19 16:02:14,215 [WARN] PackLoader:240 - Cannot read IP mode file for STMicroelectronics.X-CUBE-SMBUS.2.1.0
2024-11-19 16:02:14,237 [WARN] PackLoader:240 - Cannot read IP mode file for STMicroelectronics.X-CUBE-WB05N.1.1.0
2024-11-19 16:02:14,306 [WARN] PackLoader:240 - Cannot read IP mode file for STMicroelectronics.X-CUBE-AZRTOS-F7.1.1.0
2024-11-19 16:02:14,433 [WARN] PackLoader:240 - Cannot read IP mode file for STMicroelectronics.X-CUBE-MEMS1.11.0.0
2024-11-19 16:02:14,621 [WARN] PackLoader:240 - Cannot read IP mode file for STMicroelectronics.FP-SNS-FLIGHT1.5.0.2
2024-11-19 16:02:14,653 [WARN] PackLoader:240 - Cannot read IP mode file for STMicroelectronics.X-CUBE-DISPLAY.3.0.0
2024-11-19 16:02:14,685 [WARN] PackLoader:240 - Cannot read IP mode file for STMicroelectronics.X-CUBE-BLE1.7.0.0
2024-11-19 16:02:14,715 [WARN] PackLoader:240 - Cannot read IP mode file for STMicroelectronics.X-CUBE-NFC10.1.0.0
2024-11-19 16:02:14,743 [WARN] PackLoader:240 - Cannot read IP mode file for emotas.I-CUBE-CANOPEN.1.3.0
2024-11-19 16:02:14,772 [WARN] PackLoader:240 - Cannot read IP mode file for STMicroelectronics.X-CUBE-BLEMGR.3.1.0
2024-11-19 16:02:14,798 [WARN] PackLoader:240 - Cannot read IP mode file for STMicroelectronics.FP-SNS-SMARTAG2.1.2.0
2024-11-19 16:02:14,830 [INFO] LogOutputStream:77 - [STDOUT_REDIRECT] 1 : Invalid condition id : UX_CORESTACK_Condition cause : null
2024-11-19 16:02:14,831 [INFO] LogOutputStream:77 - [STDOUT_REDIRECT] 1 : Invalid condition id : UX_CORESTACK_Condition cause : null
2024-11-19 16:02:14,833 [INFO] LogOutputStream:77 - [STDOUT_REDIRECT] 1 : Invalid condition id : UX_CORESTACK_Condition cause : null
2024-11-19 16:02:14,836 [INFO] LogOutputStream:77 - [STDOUT_REDIRECT] 1 : Invalid condition id : UX_CORESTACK_Condition cause : null
2024-11-19 16:02:14,838 [INFO] LogOutputStream:77 - [STDOUT_REDIRECT] 1 : Invalid condition id : UX_CORESTACK_Condition cause : null
2024-11-19 16:02:14,844 [WARN] PackLoader:240 - Cannot read IP mode file for STMicroelectronics.X-CUBE-AZRTOS-WL.2.0.0
2024-11-19 16:02:14,873 [WARN] PackLoader:240 - Cannot read IP mode file for STMicroelectronics.FP-SNS-MOTENV1.5.0.0
2024-11-19 16:02:14,896 [WARN] PackLoader:240 - Cannot read IP mode file for wolfSSL.I-CUBE-wolfMQTT.1.19.0
2024-11-19 16:02:14,922 [WARN] PackLoader:240 - Cannot read IP mode file for WES.I-CUBE-Cesium.1.3.0
2024-11-19 16:02:14,949 [WARN] PackLoader:240 - Cannot read IP mode file for STMicroelectronics.X-CUBE-BLE2.3.3.0
2024-11-19 16:02:14,976 [WARN] PackLoader:240 - Cannot read IP mode file for STMicroelectronics.X-CUBE-NFC9.1.0.0
2024-11-19 16:02:15,000 [WARN] PackLoader:240 - Cannot read IP mode file for STMicroelectronics.X-CUBE-TCPP.4.1.0
2024-11-19 16:02:15,039 [WARN] PackLoader:240 - Cannot read IP mode file for STMicroelectronics.X-CUBE-AZRTOS-G0.1.1.0
2024-11-19 16:02:15,070 [WARN] PackLoader:240 - Cannot read IP mode file for STMicroelectronics.X-CUBE-SAFEA1.1.2.2
2024-11-19 16:02:15,090 [WARN] PackLoader:240 - Cannot read IP mode file for STMicroelectronics.X-CUBE-NFC4.3.0.0
2024-11-19 16:02:15,125 [WARN] PackLoader:240 - Cannot read IP mode file for EmbeddedOffice.I-CUBE-FS-RTOS.1.0.1
2024-11-19 16:02:15,126 [ERROR] ConditionMgr:805 - Attr not supported : Dmpu
2024-11-19 16:02:15,126 [ERROR] ConditionMgr:805 - Attr not supported : Dmpu
2024-11-19 16:02:15,126 [ERROR] ConditionMgr:805 - Attr not supported : Dmpu
2024-11-19 16:02:15,126 [ERROR] ConditionMgr:805 - Attr not supported : Dmpu
2024-11-19 16:02:15,126 [ERROR] ConditionMgr:805 - Attr not supported : Dmpu
2024-11-19 16:02:15,126 [ERROR] ConditionMgr:805 - Attr not supported : Dmpu
2024-11-19 16:02:15,126 [ERROR] ConditionMgr:805 - Attr not supported : Dmpu
2024-11-19 16:02:15,127 [ERROR] ConditionMgr:805 - Attr not supported : Dmpu
2024-11-19 16:02:15,127 [ERROR] ConditionMgr:805 - Attr not supported : Dmpu
2024-11-19 16:02:15,127 [ERROR] ConditionMgr:805 - Attr not supported : Dmpu
2024-11-19 16:02:15,127 [ERROR] ConditionMgr:805 - Attr not supported : Dmpu
2024-11-19 16:02:15,127 [ERROR] ConditionMgr:805 - Attr not supported : Dmpu
2024-11-19 16:02:15,127 [ERROR] ConditionMgr:805 - Attr not supported : Dmpu
2024-11-19 16:02:15,127 [ERROR] ConditionMgr:805 - Attr not supported : Dmpu
2024-11-19 16:02:15,127 [ERROR] ConditionMgr:805 - Attr not supported : Dmpu
2024-11-19 16:02:15,128 [ERROR] ConditionMgr:805 - Attr not supported : Dmpu
2024-11-19 16:02:15,128 [ERROR] ConditionMgr:805 - Attr not supported : Dmpu
2024-11-19 16:02:15,128 [ERROR] ConditionMgr:805 - Attr not supported : Dmpu
2024-11-19 16:02:15,128 [ERROR] ConditionMgr:805 - Attr not supported : Dmpu
2024-11-19 16:02:15,128 [ERROR] ConditionMgr:805 - Attr not supported : Dmpu
2024-11-19 16:02:15,128 [ERROR] ConditionMgr:805 - Attr not supported : Dmpu
2024-11-19 16:02:15,128 [ERROR] ConditionMgr:805 - Attr not supported : Dmpu
2024-11-19 16:02:15,128 [ERROR] ConditionMgr:805 - Attr not supported : Dmpu
2024-11-19 16:02:15,128 [ERROR] ConditionMgr:805 - Attr not supported : Dmpu
2024-11-19 16:02:15,129 [ERROR] ConditionMgr:805 - Attr not supported : Dmpu
2024-11-19 16:02:15,129 [ERROR] ConditionMgr:805 - Attr not supported : Dmpu
2024-11-19 16:02:15,129 [ERROR] ConditionMgr:805 - Attr not supported : Dmpu
2024-11-19 16:02:15,129 [ERROR] ConditionMgr:805 - Attr not supported : Dmpu
2024-11-19 16:02:15,129 [ERROR] ConditionMgr:805 - Attr not supported : Dmpu
2024-11-19 16:02:15,129 [ERROR] ConditionMgr:805 - Attr not supported : Dmpu
2024-11-19 16:02:15,129 [ERROR] ConditionMgr:805 - Attr not supported : Dmpu
2024-11-19 16:02:15,129 [ERROR] ConditionMgr:805 - Attr not supported : Dmpu
2024-11-19 16:02:15,130 [ERROR] ConditionMgr:805 - Attr not supported : Dmpu
2024-11-19 16:02:15,130 [ERROR] ConditionMgr:805 - Attr not supported : Dmpu
2024-11-19 16:02:15,130 [ERROR] ConditionMgr:805 - Attr not supported : Dmpu
2024-11-19 16:02:15,130 [ERROR] ConditionMgr:805 - Attr not supported : Dmpu
2024-11-19 16:02:15,130 [ERROR] ConditionMgr:805 - Attr not supported : Dmpu
2024-11-19 16:02:15,130 [ERROR] ConditionMgr:805 - Attr not supported : Dmpu
2024-11-19 16:02:15,130 [ERROR] ConditionMgr:805 - Attr not supported : Dmpu
2024-11-19 16:02:15,130 [ERROR] ConditionMgr:805 - Attr not supported : Dmpu
2024-11-19 16:02:15,130 [ERROR] ConditionMgr:805 - Attr not supported : Dmpu
2024-11-19 16:02:15,131 [ERROR] ConditionMgr:805 - Attr not supported : Dmpu
2024-11-19 16:02:15,131 [ERROR] ConditionMgr:805 - Attr not supported : Dmpu
2024-11-19 16:02:15,131 [ERROR] ConditionMgr:805 - Attr not supported : Dmpu
2024-11-19 16:02:15,131 [ERROR] ConditionMgr:805 - Attr not supported : Dmpu
2024-11-19 16:02:15,131 [ERROR] ConditionMgr:805 - Attr not supported : Dmpu
2024-11-19 16:02:15,131 [ERROR] ConditionMgr:805 - Attr not supported : Dmpu
2024-11-19 16:02:15,131 [ERROR] ConditionMgr:805 - Attr not supported : Dmpu
2024-11-19 16:02:15,131 [ERROR] ConditionMgr:805 - Attr not supported : Dmpu
2024-11-19 16:02:15,131 [ERROR] ConditionMgr:805 - Attr not supported : Dmpu
2024-11-19 16:02:15,131 [ERROR] ConditionMgr:805 - Attr not supported : Dmpu
2024-11-19 16:02:15,131 [ERROR] ConditionMgr:805 - Attr not supported : Dmpu
2024-11-19 16:02:15,132 [ERROR] ConditionMgr:805 - Attr not supported : Dmpu
2024-11-19 16:02:15,132 [ERROR] ConditionMgr:805 - Attr not supported : Dmpu
2024-11-19 16:02:15,132 [ERROR] ConditionMgr:805 - Attr not supported : Dmpu
2024-11-19 16:02:15,132 [ERROR] ConditionMgr:805 - Attr not supported : Dmpu
2024-11-19 16:02:15,132 [ERROR] ConditionMgr:805 - Attr not supported : Dmpu
2024-11-19 16:02:15,132 [ERROR] ConditionMgr:805 - Attr not supported : Dmpu
2024-11-19 16:02:15,132 [ERROR] ConditionMgr:805 - Attr not supported : Dmpu
2024-11-19 16:02:15,132 [ERROR] ConditionMgr:805 - Attr not supported : Dmpu
2024-11-19 16:02:15,132 [ERROR] ConditionMgr:805 - Attr not supported : Dmpu
2024-11-19 16:02:15,132 [ERROR] ConditionMgr:805 - Attr not supported : Dmpu
2024-11-19 16:02:15,132 [ERROR] ConditionMgr:805 - Attr not supported : Dmpu
2024-11-19 16:02:15,133 [ERROR] ConditionMgr:805 - Attr not supported : Dmpu
2024-11-19 16:02:15,170 [WARN] PackLoader:240 - Cannot read IP mode file for RealThread.X-CUBE-RT-Thread_Nano.4.1.1
2024-11-19 16:02:15,192 [WARN] PackLoader:240 - Cannot read IP mode file for STMicroelectronics.FP-ATR-SIGFOX1.3.2.0
2024-11-19 16:02:15,215 [WARN] ConditionMgr:438 - getConditionDescription Invalid condition id : Cortex-A Device cause : null
2024-11-19 16:02:15,243 [WARN] ConditionMgr:1039 - genDependencies : Invalid condition id : Cortex-A Device cause : null
2024-11-19 16:02:15,243 [WARN] ConditionMgr:1039 - genDependencies : Invalid condition id : Cortex-A Device cause : null
2024-11-19 16:02:15,243 [WARN] ConditionMgr:1039 - genDependencies : Invalid condition id : Cortex-A Device cause : null
2024-11-19 16:02:15,272 [WARN] PackLoader:240 - Cannot read IP mode file for STMicroelectronics.X-CUBE-EEPRMA1.5.1.0
2024-11-19 16:02:15,292 [WARN] PackLoader:240 - Cannot read IP mode file for wolfSSL.I-CUBE-wolfSSL.5.7.4
2024-11-19 16:02:15,315 [WARN] PackLoader:240 - Cannot read IP mode file for ITTIA_DB.I-CUBE-ITTIADB.8.9.0
2024-11-19 16:02:15,374 [WARN] PackLoader:240 - Cannot read IP mode file for SEGGER.I-CUBE-embOS.1.3.1
2024-11-19 16:02:15,450 [WARN] PackLoader:240 - Cannot read IP mode file for STMicroelectronics.X-CUBE-ALGOBUILD.1.4.0
2024-11-19 16:02:15,471 [WARN] PackLoader:240 - Cannot read IP mode file for STMicroelectronics.X-CUBE-AI.9.1.0
2024-11-19 16:02:15,522 [WARN] PackLoader:240 - Cannot read IP mode file for STMicroelectronics.X-CUBE-AZRTOS-F4.1.1.0
2024-11-19 16:02:15,546 [WARN] PackLoader:240 - Cannot read IP mode file for STMicroelectronics.X-CUBE-ISPU.2.1.0
2024-11-19 16:02:15,567 [WARN] PackLoader:240 - Cannot read IP mode file for STMicroelectronics.X-CUBE-FREERTOS.1.2.0
2024-11-19 16:02:15,610 [WARN] PackLoader:240 - Cannot read IP mode file for STMicroelectronics.X-CUBE-AZRTOS-L5.2.0.0
2024-11-19 16:02:15,644 [WARN] PackLoader:240 - Cannot read IP mode file for STMicroelectronics.X-CUBE-NFC6.3.1.0
2024-11-19 16:02:15,671 [WARN] PackLoader:240 - Cannot read IP mode file for STMicroelectronics.X-CUBE-DPower.1.2.0
2024-11-19 16:02:15,695 [WARN] PackLoader:240 - Cannot read IP mode file for STMicroelectronics.X-CUBE-NFC7.1.0.1
2024-11-19 16:02:15,738 [WARN] ConditionMgr:438 - getConditionDescription Invalid condition id : LAN8742 Phy interface Condition cause : null
2024-11-19 16:02:15,738 [WARN] PackLoader:240 - Cannot read IP mode file for STMicroelectronics.X-CUBE-AZRTOS-L4.2.0.0
2024-11-19 16:02:15,740 [WARN] ConditionMgr:1039 - genDependencies : Invalid condition id : LAN8742 Phy interface Condition cause : null
2024-11-19 16:02:15,740 [WARN] ConditionMgr:1039 - genDependencies : Invalid condition id : LAN8742 Phy interface Condition cause : null
2024-11-19 16:02:15,740 [WARN] ConditionMgr:1039 - genDependencies : Invalid condition id : LAN8742 Phy interface Condition cause : null
2024-11-19 16:02:15,766 [WARN] PackLoader:240 - Cannot read IP mode file for STMicroelectronics.X-CUBE-SFXS2LP1.4.0.0
2024-11-19 16:02:15,825 [WARN] PackLoader:240 - Cannot read IP mode file for STMicroelectronics.X-CUBE-AZRTOS-H7.3.3.0
2024-11-19 16:02:15,866 [WARN] PackLoader:240 - Cannot read IP mode file for STMicroelectronics.X-CUBE-IPS.3.0.0
2024-11-19 16:02:15,928 [WARN] ConditionMgr:438 - getConditionDescription Invalid condition id : UX DEVICE CLASS RTOS Condition cause : null
2024-11-19 16:02:15,928 [WARN] ConditionMgr:438 - getConditionDescription Invalid condition id : UX DEVICE CLASS RTOS Condition cause : null
2024-11-19 16:02:15,941 [WARN] PackLoader:240 - Cannot read IP mode file for STMicroelectronics.X-CUBE-AZRTOS-WB.2.0.0
2024-11-19 16:02:15,942 [WARN] ConditionMgr:1039 - genDependencies : Invalid condition id : UX DEVICE CLASS RTOS Condition cause : null
2024-11-19 16:02:15,942 [WARN] ConditionMgr:1039 - genDependencies : Invalid condition id : UX DEVICE CLASS RTOS Condition cause : null
2024-11-19 16:02:15,943 [WARN] ConditionMgr:1039 - genDependencies : Invalid condition id : UX DEVICE CLASS RTOS Condition cause : null
2024-11-19 16:02:15,944 [WARN] ConditionMgr:1039 - genDependencies : Invalid condition id : UX DEVICE CLASS RTOS Condition cause : null
2024-11-19 16:02:15,944 [WARN] ConditionMgr:1039 - genDependencies : Invalid condition id : UX DEVICE CLASS RTOS Condition cause : null
2024-11-19 16:02:15,976 [WARN] PackLoader:240 - Cannot read IP mode file for STMicroelectronics.X-CUBE-GNSS1.7.0.0
2024-11-19 16:02:16,007 [WARN] PackLoader:240 - Cannot read IP mode file for STMicroelectronics.FP-SNS-STBOX1.2.0.0
2024-11-19 16:02:16,049 [WARN] PackLoader:240 - Cannot read IP mode file for STMicroelectronics.X-CUBE-SUBG2.5.0.0
2024-11-19 16:02:16,084 [WARN] PackLoader:240 - Cannot read IP mode file for Cesanta.I-CUBE-Mongoose.7.13.0
2024-11-19 16:02:16,131 [WARN] PackLoader:240 - Cannot read IP mode file for STMicroelectronics.X-CUBE-AZRTOS-G4.2.0.0
2024-11-19 16:02:16,155 [WARN] PackLoader:240 - Cannot read IP mode file for STMicroelectronics.X-CUBE-ALS.1.0.2
2024-11-19 16:02:16,175 [WARN] PackLoader:240 - Cannot read IP mode file for STMicroelectronics.X-CUBE-TOUCHGFX.4.24.1
2024-11-19 16:02:16,197 [WARN] PackLoader:240 - Cannot read IP mode file for wolfSSL.I-CUBE-wolfTPM.3.4.0
2024-11-19 16:02:16,214 [WARN] PackLoader:240 - Cannot read IP mode file for portGmbH.I-Cube-SoM-uGOAL.1.1.0
2024-11-19 16:02:16,251 [WARN] PackLoader:240 - Cannot read IP mode file for STMicroelectronics.X-CUBE-AZRTOS-H7RS.1.0.0
2024-11-19 16:02:16,270 [WARN] PackLoader:240 - Cannot read IP mode file for STMicroelectronics.FP-ATR-ASTRA1.2.0.0
2024-11-19 16:02:16,297 [WARN] PackLoader:240 - Cannot read IP mode file for STMicroelectronics.X-CUBE-TOF1.3.4.2
2024-11-19 16:02:16,356 [WARN] PackLoader:240 - Cannot read IP mode file for Infineon.AIROC-Wi-Fi-Bluetooth-STM32.1.6.1
2024-11-19 16:02:16,376 [WARN] PackLoader:240 - Cannot read IP mode file for wolfSSL.I-CUBE-wolfSSH.1.4.17
2024-11-19 16:02:16,377 [INFO] ThirdParty:978 - Integrity check success = true
2024-11-19 16:02:16,377 [INFO] IntegrityCheckThread:100 - exiting critical section [integrity check]
2024-11-19 16:02:16,377 [INFO] IntegrityCheckThread:103 - End integrity checks thread
2024-11-19 16:02:20,916 [INFO] WebApp:167 - Instantiating new browser for Auth
2024-11-19 16:02:22,043 [INFO] WebApp:448 - Apply proxy settings
2024-11-19 16:02:22,044 [INFO] WebApp:533 - Chromium requires no authentication
2024-11-19 16:02:22,063 [INFO] WebApp:476 - Direct internet connection detected
2024-11-19 16:02:22,118 [INFO] WebApp:869 - Register for checkConnection events
2024-11-19 16:02:22,119 [INFO] WebApp:448 - Apply proxy settings
2024-11-19 16:02:22,119 [INFO] WebApp:533 - Chromium requires no authentication
2024-11-19 16:02:22,120 [INFO] WebApp:476 - Direct internet connection detected
2024-11-19 16:02:22,371 [INFO] WebApp:220 - Starting web application
2024-11-19 16:02:22,372 [INFO] WebApp:578 - Web application path used C:\ST\STM32CubeIDE_1.16.1\STM32CubeIDE\plugins\com.st.stm32cube.common.mx_6.12.1.202409122256\db\plugins\mcufinder\reactClient1\index.html
2024-11-19 16:02:22,676 [INFO] WebApp:186 - Connection restablished
2024-11-19 16:02:22,679 [INFO] UserAuth:417 - Internet connection configuration mode: 1
2024-11-19 16:54:28,497 [INFO] WebApp:189 - Connection lost
2024-11-19 16:54:28,702 [INFO] WebApp:186 - Connection restablished
2024-11-19 17:26:57,193 [INFO] WebApp:189 - Connection lost
2024-11-19 17:26:57,519 [INFO] WebApp:186 - Connection restablished
2024-11-19 17:27:00,881 [INFO] WebApp:189 - Connection lost
2024-11-19 17:27:01,021 [INFO] WebApp:186 - Connection restablished
2024-11-19 17:27:08,266 [ERROR] LogOutputStream:75 - [STDERR_REDIRECT] 
