2025-02-28 14:50:08,665 [INFO] Activator:176 - 


2025-02-28 14:50:08,673 [INFO] Activator:177 - !SESSION log4j initialized
2025-02-28 14:50:18,164 [INFO] LogOutputStream:77 - [STDOUT_REDIRECT] 
2025-02-28 14:50:25,094 [INFO] ApplicationProperties:184 - Using Application install path: C:\ST\STM32CubeIDE_1.16.1\STM32CubeIDE\plugins\com.st.stm32cube.common.mx_6.13.0.202411220809
2025-02-28 14:50:25,131 [INFO] DbMcusXml:78 - Set database path to: C:\ST\STM32CubeIDE_1.16.1\STM32CubeIDE\plugins\com.st.stm32cube.common.mx_6.13.0.202411220809\\db\/mcu/
2025-02-28 14:50:25,131 [INFO] ApiDb:274 - Set plugin database path to: C:\ST\STM32CubeIDE_1.16.1\STM32CubeIDE\plugins\com.st.stm32cube.common.mx_6.13.0.202411220809\\db\/plugins/boardmanager/
2025-02-28 14:50:25,132 [WARN] ApiDb:259 - Overriding images path with different value:  => C:\ST\STM32CubeIDE_1.16.1\STM32CubeIDE\plugins\com.st.stm32cube.common.mx_6.13.0.202411220809\\db\/plugins/mcufinder/images/
2025-02-28 14:50:25,150 [INFO] ApiDb:250 - Set database path to: C:\Users\User\.stmcufinder\plugins\mcufinder//mcu/
2025-02-28 14:50:25,155 [INFO] DbMcusAds:125 - Set database path to: C:\Users\User\.stmcufinder\plugins\mcufinder//mcu/
2025-02-28 14:50:25,163 [INFO] CrossReferenceDbSqlite:203 - Set database path to: C:\Users\User\.stmcufinder\plugins\mcufinder//mcu/cs/
2025-02-28 14:50:25,345 [INFO] RulesReader:64 - Compatibility file has been processed (297 Rules)
2025-02-28 14:50:25,474 [INFO] DbMcusXml:78 - Set database path to: C:\ST\STM32CubeIDE_1.16.1\STM32CubeIDE\plugins\com.st.stm32cube.common.mx_6.13.0.202411220809\\db\/mcu/
2025-02-28 14:50:25,474 [INFO] ApiDb:274 - Set plugin database path to: C:\ST\STM32CubeIDE_1.16.1\STM32CubeIDE\plugins\com.st.stm32cube.common.mx_6.13.0.202411220809\\db\/plugins/boardmanager/
2025-02-28 14:50:25,474 [INFO] ApiDb:261 - Set plugin images path to: C:\ST\STM32CubeIDE_1.16.1\STM32CubeIDE\plugins\com.st.stm32cube.common.mx_6.13.0.202411220809\\db\/plugins/mcufinder/images/
2025-02-28 14:50:25,475 [WARN] DbFile:41 - Overriding database path with different value: C:\Users\User\.stmcufinder\plugins\mcufinder/ => C:\Users\User\.stmcufinder\plugins\mcufinder
2025-02-28 14:50:25,475 [INFO] ApiDb:250 - Set database path to: C:\Users\User\.stmcufinder\plugins\mcufinder//mcu/
2025-02-28 14:50:25,475 [WARN] DbFile:41 - Overriding database path with different value: C:\Users\User\.stmcufinder\plugins\mcufinder/ => C:\Users\User\.stmcufinder\plugins\mcufinder
2025-02-28 14:50:25,475 [INFO] DbMcusAds:125 - Set database path to: C:\Users\User\.stmcufinder\plugins\mcufinder//mcu/
2025-02-28 14:50:25,475 [WARN] DbFile:41 - Overriding database path with different value: C:\Users\User\.stmcufinder\plugins\mcufinder/ => C:\Users\User\.stmcufinder\plugins\mcufinder
2025-02-28 14:50:25,475 [WARN] DbFile:41 - Overriding database path with different value: C:\Users\User\.stmcufinder\plugins\mcufinder/ => C:\Users\User\.stmcufinder\plugins\mcufinder
2025-02-28 14:50:25,475 [INFO] CrossReferenceDbSqlite:203 - Set database path to: C:\Users\User\.stmcufinder\plugins\mcufinder//mcu/cs/
2025-02-28 14:50:25,598 [INFO] MainPanel:272 - HeapMemory: 271581184
2025-02-28 14:50:25,781 [INFO] DbMcusXml:78 - Set database path to: C:\ST\STM32CubeIDE_1.16.1\STM32CubeIDE\plugins\com.st.stm32cube.common.mx_6.13.0.202411220809\\db\/mcu/
2025-02-28 14:50:25,781 [INFO] ApiDb:274 - Set plugin database path to: C:\ST\STM32CubeIDE_1.16.1\STM32CubeIDE\plugins\com.st.stm32cube.common.mx_6.13.0.202411220809\\db\/plugins/boardmanager/
2025-02-28 14:50:25,781 [INFO] ApiDb:261 - Set plugin images path to: C:\ST\STM32CubeIDE_1.16.1\STM32CubeIDE\plugins\com.st.stm32cube.common.mx_6.13.0.202411220809\\db\/plugins/mcufinder/images/
2025-02-28 14:50:25,783 [WARN] DbFile:41 - Overriding database path with different value: C:\Users\User\.stmcufinder\plugins\mcufinder/ => C:\Users\User\.stmcufinder\plugins\mcufinder
2025-02-28 14:50:25,783 [INFO] ApiDb:250 - Set database path to: C:\Users\User\.stmcufinder\plugins\mcufinder//mcu/
2025-02-28 14:50:25,783 [WARN] DbFile:41 - Overriding database path with different value: C:\Users\User\.stmcufinder\plugins\mcufinder/ => C:\Users\User\.stmcufinder\plugins\mcufinder
2025-02-28 14:50:25,783 [INFO] DbMcusAds:125 - Set database path to: C:\Users\User\.stmcufinder\plugins\mcufinder//mcu/
2025-02-28 14:50:25,783 [WARN] DbFile:41 - Overriding database path with different value: C:\Users\User\.stmcufinder\plugins\mcufinder/ => C:\Users\User\.stmcufinder\plugins\mcufinder
2025-02-28 14:50:25,783 [WARN] DbFile:41 - Overriding database path with different value: C:\Users\User\.stmcufinder\plugins\mcufinder/ => C:\Users\User\.stmcufinder\plugins\mcufinder
2025-02-28 14:50:25,784 [INFO] CrossReferenceDbSqlite:203 - Set database path to: C:\Users\User\.stmcufinder\plugins\mcufinder//mcu/cs/
2025-02-28 14:50:25,813 [INFO] ApplicationProperties:184 - Using Application install path: C:\ST\STM32CubeIDE_1.16.1\STM32CubeIDE\plugins\com.st.stm32cube.common.mx_6.13.0.202411220809
2025-02-28 14:50:25,814 [INFO] PluginManage:196 - Search for loadable plugins [exclusion list=, ]
2025-02-28 14:50:25,816 [INFO] PluginManage:310 - Check plugin analytics
2025-02-28 14:50:26,063 [INFO] AnalyticsPlugin:253 - Accepted Software Licenses: 
2025-02-28 14:50:26,063 [INFO] AnalyticsPlugin:255 - Accepted CMSIS Pack Licenses: EmbeddedOffice.I-CUBE-FS-RTOS.1.0.1
2025-02-28 14:50:26,063 [INFO] AnalyticsPlugin:257 - Accepted Firmware Licenses: FW.U5.1.6.0,FW.U5.1.1.0
2025-02-28 14:50:26,068 [INFO] PluginManage:359 - Loaded plugin analytics (category:tool,tabindex:-1)
2025-02-28 14:50:26,068 [INFO] PluginManage:310 - Check plugin cadmodel
2025-02-28 14:50:26,094 [INFO] CADModel:105 - Init CAD model plugin
2025-02-28 14:50:26,094 [INFO] PluginManage:359 - Loaded plugin cadmodel (category:power,tabindex:5)
2025-02-28 14:50:26,094 [INFO] PluginManage:310 - Check plugin clock
2025-02-28 14:50:26,125 [INFO] PluginManage:359 - Loaded plugin clock (category:base,tabindex:2)
2025-02-28 14:50:26,125 [INFO] PluginManage:310 - Check plugin ddr
2025-02-28 14:50:26,128 [INFO] PluginManage:359 - Loaded plugin ddr (category:tool,tabindex:6)
2025-02-28 14:50:26,129 [INFO] PluginManage:310 - Check plugin filemanager
2025-02-28 14:50:26,329 [INFO] PluginManage:359 - Loaded plugin filemanager (category:base,tabindex:10)
2025-02-28 14:50:26,329 [INFO] PluginManage:310 - Check plugin ipmanager
2025-02-28 14:50:26,341 [INFO] PluginManage:359 - Loaded plugin ipmanager (category:base,tabindex:5)
2025-02-28 14:50:26,341 [INFO] PluginManage:310 - Check plugin lpbam
2025-02-28 14:50:26,369 [INFO] PluginManage:359 - Loaded plugin lpbam (category:base,tabindex:0)
2025-02-28 14:50:26,369 [INFO] PluginManage:310 - Check plugin memorymap
2025-02-28 14:50:26,408 [INFO] PluginManage:359 - Loaded plugin memorymap (category:base,tabindex:4)
2025-02-28 14:50:26,408 [INFO] PluginManage:310 - Check plugin pinoutandconfiguration
2025-02-28 14:50:26,440 [INFO] PluginManage:359 - Loaded plugin pinoutandconfiguration (category:base,tabindex:1)
2025-02-28 14:50:26,440 [INFO] PluginManage:310 - Check plugin pinoutconfig
2025-02-28 14:50:26,590 [WARN] SupportedApi:132 - Cannot load RTOS API schema: s4s-elt-must-match.1: The content of 'definitions' must match (annotation?, (simpleType | complexType)?, (unique | key | keyref)*)). A problem was found starting at: attribute.
2025-02-28 14:50:26,777 [INFO] PluginManage:359 - Loaded plugin pinoutconfig (category:base,tabindex:0)
2025-02-28 14:50:26,777 [INFO] PluginManage:310 - Check plugin power
2025-02-28 14:50:26,807 [INFO] PluginManage:359 - Loaded plugin power (category:power,tabindex:4)
2025-02-28 14:50:26,808 [INFO] PluginManage:310 - Check plugin projectmanager
2025-02-28 14:50:26,829 [INFO] PluginManage:359 - Loaded plugin projectmanager (category:projectmanager,tabindex:4)
2025-02-28 14:50:26,829 [INFO] PluginManage:310 - Check plugin rif
2025-02-28 14:50:26,856 [INFO] PluginManage:359 - Loaded plugin rif (category:base,tabindex:3)
2025-02-28 14:50:26,856 [INFO] PluginManage:310 - Check plugin thirdparty
2025-02-28 14:50:27,329 [WARN] IntegrityCheckThread:84 - waiting for thirdparty lock release [integrity check]
2025-02-28 14:50:27,330 [INFO] PluginManage:359 - Loaded plugin thirdparty (category:base,tabindex:-1)
2025-02-28 14:50:27,330 [INFO] IntegrityCheckThread:86 - entering critical section [integrity check]
2025-02-28 14:50:27,330 [INFO] PluginManage:310 - Check plugin tools
2025-02-28 14:50:27,330 [INFO] ThirdPartyUpdaterWithRetryManager:70 - Updater plugin not ready yet. [1/15]
2025-02-28 14:50:27,392 [INFO] PluginManage:359 - Loaded plugin tools (category:base,tabindex:7)
2025-02-28 14:50:27,392 [INFO] PluginManage:310 - Check plugin tutovideos
2025-02-28 14:50:27,732 [INFO] PluginManage:359 - Loaded plugin tutovideos (category:base,tabindex:-1)
2025-02-28 14:50:27,732 [INFO] PluginManage:310 - Check plugin updater
2025-02-28 14:50:27,764 [INFO] PluginManage:359 - Loaded plugin updater (category:base,tabindex:12)
2025-02-28 14:50:27,764 [INFO] PluginManage:310 - Check plugin userauth
2025-02-28 14:50:27,771 [INFO] UserAuth:118 - Init User Auth plugin
2025-02-28 14:50:27,772 [INFO] PluginManage:359 - Loaded plugin userauth (category:base,tabindex:14)
2025-02-28 14:50:27,772 [INFO] PluginManage:283 - PluginManage : Loaded plugins [18]
2025-02-28 14:50:28,085 [INFO] PinOutPanel:1589 - setPackage(No Configuration,No Configuration)
2025-02-28 14:50:28,205 [INFO] CADModel:165 - CPN selected for project level
2025-02-28 14:50:28,205 [INFO] CADModel:114 - Register for checkConnection events
2025-02-28 14:50:28,244 [INFO] IPUIPlugin:80 - create IPUIPlugin
2025-02-28 14:50:28,244 [INFO] PluginManager:220 - loadIPPluginJar : add adc
2025-02-28 14:50:28,307 [INFO] IPUIPlugin:80 - create IPUIPlugin
2025-02-28 14:50:28,307 [INFO] PluginManager:220 - loadIPPluginJar : add aes
2025-02-28 14:50:28,376 [INFO] IPUIPlugin:80 - create IPUIPlugin
2025-02-28 14:50:28,376 [INFO] PluginManager:220 - loadIPPluginJar : add can
2025-02-28 14:50:28,420 [INFO] IPUIPlugin:80 - create IPUIPlugin
2025-02-28 14:50:28,420 [INFO] PluginManager:220 - loadIPPluginJar : add comp
2025-02-28 14:50:28,477 [INFO] IPUIPlugin:80 - create IPUIPlugin
2025-02-28 14:50:28,477 [INFO] PluginManager:220 - loadIPPluginJar : add cryp
2025-02-28 14:50:28,500 [INFO] IPUIPlugin:80 - create IPUIPlugin
2025-02-28 14:50:28,500 [INFO] PluginManager:220 - loadIPPluginJar : add ddr_ctrl_phy
2025-02-28 14:50:28,556 [INFO] IPUIPlugin:80 - create IPUIPlugin
2025-02-28 14:50:28,556 [INFO] PluginManager:220 - loadIPPluginJar : add dfsdm
2025-02-28 14:50:28,581 [INFO] IPUIPlugin:80 - create IPUIPlugin
2025-02-28 14:50:28,582 [INFO] PluginManager:220 - loadIPPluginJar : add dma
2025-02-28 14:50:28,658 [INFO] IPUIPlugin:80 - create IPUIPlugin
2025-02-28 14:50:28,658 [INFO] PluginManager:220 - loadIPPluginJar : add dma3
2025-02-28 14:50:28,742 [INFO] IPUIPlugin:80 - create IPUIPlugin
2025-02-28 14:50:28,742 [INFO] PluginManager:220 - loadIPPluginJar : add extmemmanager
2025-02-28 14:50:28,784 [INFO] IPUIPlugin:80 - create IPUIPlugin
2025-02-28 14:50:28,784 [INFO] PluginManager:220 - loadIPPluginJar : add fatfs
2025-02-28 14:50:28,870 [INFO] IPUIPlugin:80 - create IPUIPlugin
2025-02-28 14:50:28,870 [INFO] PluginManager:220 - loadIPPluginJar : add fmc
2025-02-28 14:50:28,900 [INFO] IPUIPlugin:80 - create IPUIPlugin
2025-02-28 14:50:28,900 [INFO] PluginManager:220 - loadIPPluginJar : add freertos
2025-02-28 14:50:28,945 [INFO] IPUIPlugin:80 - create IPUIPlugin
2025-02-28 14:50:28,945 [INFO] PluginManager:220 - loadIPPluginJar : add genericplugin
2025-02-28 14:50:29,134 [INFO] IPUIPlugin:80 - create IPUIPlugin
2025-02-28 14:50:29,134 [INFO] PluginManager:220 - loadIPPluginJar : add gfxmmu
2025-02-28 14:50:29,473 [INFO] IPUIPlugin:80 - create IPUIPlugin
2025-02-28 14:50:29,474 [INFO] PluginManager:220 - loadIPPluginJar : add gic
2025-02-28 14:50:29,505 [INFO] IPUIPlugin:80 - create IPUIPlugin
2025-02-28 14:50:29,505 [INFO] PluginManager:220 - loadIPPluginJar : add gpio
2025-02-28 14:50:29,664 [INFO] IPUIPlugin:80 - create IPUIPlugin
2025-02-28 14:50:29,665 [INFO] PluginManager:220 - loadIPPluginJar : add gtzc
2025-02-28 14:50:29,721 [INFO] IPUIPlugin:80 - create IPUIPlugin
2025-02-28 14:50:29,722 [INFO] PluginManager:220 - loadIPPluginJar : add hash
2025-02-28 14:50:29,815 [INFO] IPUIPlugin:80 - create IPUIPlugin
2025-02-28 14:50:29,815 [INFO] PluginManager:220 - loadIPPluginJar : add i2c
2025-02-28 14:50:29,886 [INFO] IPUIPlugin:80 - create IPUIPlugin
2025-02-28 14:50:29,886 [INFO] PluginManager:220 - loadIPPluginJar : add i2s
2025-02-28 14:50:29,962 [INFO] IPUIPlugin:80 - create IPUIPlugin
2025-02-28 14:50:29,962 [INFO] PluginManager:220 - loadIPPluginJar : add i3c
2025-02-28 14:50:30,127 [INFO] IPUIPlugin:80 - create IPUIPlugin
2025-02-28 14:50:30,127 [INFO] PluginManager:220 - loadIPPluginJar : add ipddr
2025-02-28 14:50:30,287 [INFO] IPUIPlugin:80 - create IPUIPlugin
2025-02-28 14:50:30,287 [INFO] PluginManager:220 - loadIPPluginJar : add linkedlist
2025-02-28 14:50:30,333 [INFO] ThirdPartyUpdaterWithRetryManager:70 - Updater plugin not ready yet. [2/15]
2025-02-28 14:50:30,350 [INFO] IPUIPlugin:80 - create IPUIPlugin
2025-02-28 14:50:30,350 [INFO] PluginManager:220 - loadIPPluginJar : add lorawan
2025-02-28 14:50:30,415 [INFO] IPUIPlugin:80 - create IPUIPlugin
2025-02-28 14:50:30,415 [INFO] PluginManager:220 - loadIPPluginJar : add ltdc
2025-02-28 14:50:30,441 [INFO] IPUIPlugin:80 - create IPUIPlugin
2025-02-28 14:50:30,442 [INFO] PluginManager:220 - loadIPPluginJar : add mdma
2025-02-28 14:50:30,465 [INFO] IPUIPlugin:80 - create IPUIPlugin
2025-02-28 14:50:30,465 [INFO] PluginManager:220 - loadIPPluginJar : add nvic
2025-02-28 14:50:30,527 [INFO] IPUIPlugin:80 - create IPUIPlugin
2025-02-28 14:50:30,528 [INFO] PluginManager:220 - loadIPPluginJar : add opamp
2025-02-28 14:50:30,636 [INFO] IPUIPlugin:80 - create IPUIPlugin
2025-02-28 14:50:30,636 [INFO] PluginManager:220 - loadIPPluginJar : add openamp
2025-02-28 14:50:30,721 [INFO] IPUIPlugin:80 - create IPUIPlugin
2025-02-28 14:50:30,721 [INFO] PluginManager:220 - loadIPPluginJar : add pdm2pcm
2025-02-28 14:50:30,748 [INFO] IPUIPlugin:80 - create IPUIPlugin
2025-02-28 14:50:30,751 [INFO] PluginManager:220 - loadIPPluginJar : add plateformsettings
2025-02-28 14:50:30,793 [INFO] IPUIPlugin:80 - create IPUIPlugin
2025-02-28 14:50:30,793 [INFO] PluginManager:220 - loadIPPluginJar : add quadspi
2025-02-28 14:50:30,845 [INFO] IPUIPlugin:80 - create IPUIPlugin
2025-02-28 14:50:30,845 [INFO] PluginManager:220 - loadIPPluginJar : add radio
2025-02-28 14:50:30,870 [INFO] IPUIPlugin:80 - create IPUIPlugin
2025-02-28 14:50:30,870 [INFO] PluginManager:220 - loadIPPluginJar : add resmgrutility
2025-02-28 14:50:30,955 [INFO] IPUIPlugin:80 - create IPUIPlugin
2025-02-28 14:50:30,955 [INFO] PluginManager:220 - loadIPPluginJar : add sai
2025-02-28 14:50:31,018 [INFO] IPUIPlugin:80 - create IPUIPlugin
2025-02-28 14:50:31,018 [INFO] PluginManager:220 - loadIPPluginJar : add spi
2025-02-28 14:50:31,128 [INFO] IPUIPlugin:80 - create IPUIPlugin
2025-02-28 14:50:31,128 [INFO] PluginManager:220 - loadIPPluginJar : add stm32_wpan
2025-02-28 14:50:31,170 [INFO] IPUIPlugin:80 - create IPUIPlugin
2025-02-28 14:50:31,171 [INFO] PluginManager:220 - loadIPPluginJar : add tim
2025-02-28 14:50:31,278 [INFO] IPUIPlugin:80 - create IPUIPlugin
2025-02-28 14:50:31,278 [INFO] PluginManager:220 - loadIPPluginJar : add touchsensing
2025-02-28 14:50:31,328 [INFO] IPUIPlugin:80 - create IPUIPlugin
2025-02-28 14:50:31,328 [INFO] PluginManager:220 - loadIPPluginJar : add tracer_emb
2025-02-28 14:50:31,380 [INFO] IPUIPlugin:80 - create IPUIPlugin
2025-02-28 14:50:31,380 [INFO] PluginManager:220 - loadIPPluginJar : add ts
2025-02-28 14:50:31,431 [INFO] IPUIPlugin:80 - create IPUIPlugin
2025-02-28 14:50:31,431 [INFO] PluginManager:220 - loadIPPluginJar : add tsc
2025-02-28 14:50:31,471 [INFO] IPUIPlugin:80 - create IPUIPlugin
2025-02-28 14:50:31,471 [INFO] PluginManager:220 - loadIPPluginJar : add ucpd
2025-02-28 14:50:31,550 [INFO] IPUIPlugin:80 - create IPUIPlugin
2025-02-28 14:50:31,550 [INFO] PluginManager:220 - loadIPPluginJar : add usart
2025-02-28 14:50:31,625 [INFO] IPUIPlugin:80 - create IPUIPlugin
2025-02-28 14:50:31,625 [INFO] PluginManager:220 - loadIPPluginJar : add usbx
2025-02-28 14:50:31,794 [FATAL] Updater:351 - Updater called before beeing initialized
2025-02-28 14:50:31,827 [INFO] RulesReader:64 - Compatibility file has been processed (297 Rules)
2025-02-28 14:50:31,842 [INFO] RulesReader:64 - Compatibility file has been processed (297 Rules)
2025-02-28 14:50:31,854 [INFO] CADModel:165 - CPN selected for project level
2025-02-28 14:50:31,854 [INFO] CADModel:114 - Register for checkConnection events
2025-02-28 14:50:31,855 [FATAL] Updater:351 - Updater called before beeing initialized
2025-02-28 14:50:31,855 [ERROR] CADModel:125 - Updater not yet initialized, retry later 
2025-02-28 14:50:32,104 [FATAL] Updater:351 - Updater called before beeing initialized
2025-02-28 14:50:32,108 [INFO] CADModel:165 - CPN selected for project level
2025-02-28 14:50:32,108 [INFO] CADModel:114 - Register for checkConnection events
2025-02-28 14:50:32,109 [FATAL] Updater:351 - Updater called before beeing initialized
2025-02-28 14:50:32,109 [ERROR] CADModel:125 - Updater not yet initialized, retry later 
2025-02-28 14:50:32,113 [FATAL] Updater:351 - Updater called before beeing initialized
2025-02-28 14:50:32,263 [FATAL] Updater:351 - Updater called before beeing initialized
2025-02-28 14:50:32,278 [INFO] DbMcusAds:53 - JSON generation date=Tue Dec 17 08:01:15 PST 2024 (1734451275111)
2025-02-28 14:50:32,278 [FATAL] Updater:351 - Updater called before beeing initialized
2025-02-28 14:50:32,335 [WARN] DetailPanel:346 - Failed to get advertising image, set to default
2025-02-28 14:50:32,663 [FATAL] Updater:351 - Updater called before beeing initialized
2025-02-28 14:50:32,666 [FATAL] Updater:351 - Updater called before beeing initialized
2025-02-28 14:50:32,667 [FATAL] Updater:351 - Updater called before beeing initialized
2025-02-28 14:50:32,667 [WARN] DetailPanel:346 - Failed to get advertising image, set to default
2025-02-28 14:50:32,668 [FATAL] Updater:351 - Updater called before beeing initialized
2025-02-28 14:50:32,769 [ERROR] Updater:1198 - MainUpdater not yet initialized. External WinMGr cannot be set.
2025-02-28 14:50:32,785 [INFO] Updater:1134 - Updater Version found : 6.13.0
2025-02-28 14:50:32,809 [INFO] ApplicationProperties:184 - Using Application install path: C:\ST\STM32CubeIDE_1.16.1\STM32CubeIDE\plugins\com.st.stm32cube.common.mx_6.13.0.202411220809
2025-02-28 14:50:33,333 [INFO] ThirdPartyUpdaterWithRetryManager:70 - Updater plugin not ready yet. [3/15]
2025-02-28 14:50:34,412 [ERROR] LogOutputStream:75 - [STDERR_REDIRECT] Feb 28, 2025 2:50:34 PM java.util.prefs.WindowsPreferences <init>
2025-02-28 14:50:34,418 [ERROR] LogOutputStream:75 - [STDERR_REDIRECT] WARNING: Could not open/create prefs root node Software\JavaSoft\Prefs at root 0xffffffff80000002. Windows RegCreateKeyEx(...) returned error code 5.
2025-02-28 14:50:34,419 [ERROR] LogOutputStream:75 - [STDERR_REDIRECT] 
2025-02-28 14:50:35,310 [INFO] MainUpdater:2872 - connection check result : 10
2025-02-28 14:50:35,313 [INFO] MainUpdater:289 - Updater Check For Update Now.
2025-02-28 14:50:35,314 [INFO] MicroXplorer:498 - Change Database Version : DB.6.0.130
2025-02-28 14:50:35,378 [INFO] McuFinderGlobals:63 - Set McuFinder mode to 2 (CubeIDE integrated)
2025-02-28 14:50:35,394 [INFO] UserAuth:486 - Internet connection configuration mode: 1
2025-02-28 14:50:35,455 [INFO] JxBrowserEngine:152 - Initiate JxBrowser Engine with user profile folder
2025-02-28 14:50:35,642 [INFO] CheckServerUpdateThread:120 - End of CheckServer Thread
2025-02-28 14:50:36,864 [WARN] PackLoader:240 - Cannot read IP mode file for STMicroelectronics.FP-SNS-MOTENVWB1.1.4.0
2025-02-28 14:50:36,904 [WARN] PackLoader:240 - Cannot read IP mode file for STMicroelectronics.FP-ATR-ASTRA1.2.0.2
2025-02-28 14:50:36,923 [WARN] PackLoader:240 - Cannot read IP mode file for STMicroelectronics.FP-ATR-ASTRA1.2.0.1
2025-02-28 14:50:36,960 [WARN] PackLoader:240 - Cannot read IP mode file for STMicroelectronics.X-CUBE-SMBUS.2.1.0
2025-02-28 14:50:36,985 [WARN] PackLoader:240 - Cannot read IP mode file for STMicroelectronics.X-CUBE-WB05N.1.1.0
2025-02-28 14:50:37,055 [WARN] PackLoader:240 - Cannot read IP mode file for STMicroelectronics.X-CUBE-AZRTOS-F7.1.1.0
2025-02-28 14:50:37,190 [WARN] PackLoader:240 - Cannot read IP mode file for STMicroelectronics.X-CUBE-MEMS1.11.0.0
2025-02-28 14:50:37,511 [WARN] PackLoader:240 - Cannot read IP mode file for STMicroelectronics.FP-SNS-FLIGHT1.5.0.2
2025-02-28 14:50:37,546 [WARN] PackLoader:240 - Cannot read IP mode file for STMicroelectronics.X-CUBE-DISPLAY.3.0.0
2025-02-28 14:50:37,577 [WARN] PackLoader:240 - Cannot read IP mode file for STMicroelectronics.X-CUBE-BLE1.7.0.0
2025-02-28 14:50:37,611 [WARN] PackLoader:240 - Cannot read IP mode file for STMicroelectronics.X-CUBE-NFC10.1.0.0
2025-02-28 14:50:37,654 [WARN] PackLoader:240 - Cannot read IP mode file for STMicroelectronics.X-CUBE-BLEMGR.4.0.0
2025-02-28 14:50:37,691 [WARN] PackLoader:240 - Cannot read IP mode file for emotas.I-CUBE-CANOPEN.1.3.0
2025-02-28 14:50:37,720 [WARN] PackLoader:240 - Cannot read IP mode file for STMicroelectronics.X-CUBE-BLEMGR.3.1.0
2025-02-28 14:50:37,749 [WARN] PackLoader:240 - Cannot read IP mode file for STMicroelectronics.X-CUBE-AI.10.0.0
2025-02-28 14:50:37,779 [WARN] PackLoader:240 - Cannot read IP mode file for STMicroelectronics.FP-SNS-SMARTAG2.1.2.0
2025-02-28 14:50:37,890 [WARN] PackLoader:240 - Cannot read IP mode file for STMicroelectronics.X-CUBE-MEMS1.11.1.0
2025-02-28 14:50:37,938 [INFO] WebApp:168 - Instantiating new browser for Auth
2025-02-28 14:50:38,112 [INFO] LogOutputStream:77 - [STDOUT_REDIRECT] 1 : Invalid condition id : UX_CORESTACK_Condition cause : null
2025-02-28 14:50:38,113 [INFO] LogOutputStream:77 - [STDOUT_REDIRECT] 1 : Invalid condition id : UX_CORESTACK_Condition cause : null
2025-02-28 14:50:38,116 [INFO] LogOutputStream:77 - [STDOUT_REDIRECT] 1 : Invalid condition id : UX_CORESTACK_Condition cause : null
2025-02-28 14:50:38,125 [INFO] LogOutputStream:77 - [STDOUT_REDIRECT] 1 : Invalid condition id : UX_CORESTACK_Condition cause : null
2025-02-28 14:50:38,128 [INFO] LogOutputStream:77 - [STDOUT_REDIRECT] 1 : Invalid condition id : UX_CORESTACK_Condition cause : null
2025-02-28 14:50:38,134 [WARN] PackLoader:240 - Cannot read IP mode file for STMicroelectronics.X-CUBE-AZRTOS-WL.2.0.0
2025-02-28 14:50:38,176 [WARN] PackLoader:240 - Cannot read IP mode file for STMicroelectronics.FP-SNS-MOTENV1.5.0.0
2025-02-28 14:50:38,207 [WARN] PackLoader:240 - Cannot read IP mode file for wolfSSL.I-CUBE-wolfMQTT.1.19.0
2025-02-28 14:50:38,247 [WARN] PackLoader:240 - Cannot read IP mode file for WES.I-CUBE-Cesium.1.3.0
2025-02-28 14:50:38,291 [WARN] PackLoader:240 - Cannot read IP mode file for STMicroelectronics.X-CUBE-BLE2.3.3.0
2025-02-28 14:50:38,326 [WARN] PackLoader:240 - Cannot read IP mode file for STMicroelectronics.X-CUBE-NFC9.1.0.0
2025-02-28 14:50:38,364 [WARN] PackLoader:240 - Cannot read IP mode file for STMicroelectronics.X-CUBE-TCPP.4.1.0
2025-02-28 14:50:38,437 [WARN] PackLoader:240 - Cannot read IP mode file for STMicroelectronics.X-CUBE-AZRTOS-G0.1.1.0
2025-02-28 14:50:38,471 [WARN] PackLoader:240 - Cannot read IP mode file for STMicroelectronics.X-CUBE-SAFEA1.1.2.2
2025-02-28 14:50:38,503 [WARN] PackLoader:240 - Cannot read IP mode file for STMicroelectronics.X-CUBE-NFC4.3.0.0
2025-02-28 14:50:38,547 [WARN] PackLoader:240 - Cannot read IP mode file for EmbeddedOffice.I-CUBE-FS-RTOS.1.0.1
2025-02-28 14:50:38,730 [WARN] PackLoader:240 - Cannot read IP mode file for STMicroelectronics.X-CUBE-TCPP.4.2.0
2025-02-28 14:50:38,758 [WARN] PackLoader:240 - Cannot read IP mode file for RealThread.X-CUBE-RT-Thread_Nano.4.1.1
2025-02-28 14:50:38,776 [WARN] PackLoader:240 - Cannot read IP mode file for STMicroelectronics.FP-ATR-SIGFOX1.3.2.0
2025-02-28 14:50:38,794 [WARN] ConditionMgr:438 - getConditionDescription Invalid condition id : Cortex-A Device cause : null
2025-02-28 14:50:38,818 [WARN] ConditionMgr:1044 - genDependencies : Invalid condition id : Cortex-A Device cause : null
2025-02-28 14:50:38,818 [WARN] ConditionMgr:1044 - genDependencies : Invalid condition id : Cortex-A Device cause : null
2025-02-28 14:50:38,819 [WARN] ConditionMgr:1044 - genDependencies : Invalid condition id : Cortex-A Device cause : null
2025-02-28 14:50:38,839 [WARN] PackLoader:240 - Cannot read IP mode file for STMicroelectronics.X-CUBE-EEPRMA1.5.1.0
2025-02-28 14:50:38,858 [WARN] PackLoader:240 - Cannot read IP mode file for wolfSSL.I-CUBE-wolfSSL.5.7.4
2025-02-28 14:50:38,879 [WARN] PackLoader:240 - Cannot read IP mode file for ITTIA_DB.I-CUBE-ITTIADB.8.9.0
2025-02-28 14:50:38,927 [WARN] PackLoader:240 - Cannot read IP mode file for SEGGER.I-CUBE-embOS.1.3.1
2025-02-28 14:50:39,001 [WARN] PackLoader:240 - Cannot read IP mode file for STMicroelectronics.X-CUBE-ALGOBUILD.1.4.0
2025-02-28 14:50:39,019 [WARN] PackLoader:240 - Cannot read IP mode file for STMicroelectronics.X-CUBE-AI.9.1.0
2025-02-28 14:50:39,056 [WARN] PackLoader:240 - Cannot read IP mode file for STMicroelectronics.X-CUBE-AZRTOS-F4.1.1.0
2025-02-28 14:50:39,078 [WARN] PackLoader:240 - Cannot read IP mode file for STMicroelectronics.X-CUBE-ISPU.2.1.0
2025-02-28 14:50:39,099 [WARN] PackLoader:240 - Cannot read IP mode file for STMicroelectronics.X-CUBE-FREERTOS.1.2.0
2025-02-28 14:50:39,138 [WARN] PackLoader:240 - Cannot read IP mode file for STMicroelectronics.X-CUBE-AZRTOS-L5.2.0.0
2025-02-28 14:50:39,165 [WARN] PackLoader:240 - Cannot read IP mode file for STMicroelectronics.X-CUBE-NFC6.3.1.0
2025-02-28 14:50:39,200 [WARN] PackLoader:240 - Cannot read IP mode file for STMicroelectronics.X-CUBE-DPower.1.2.0
2025-02-28 14:50:39,221 [WARN] PackLoader:240 - Cannot read IP mode file for STMicroelectronics.X-CUBE-FREERTOS.1.3.0
2025-02-28 14:50:39,248 [WARN] PackLoader:240 - Cannot read IP mode file for STMicroelectronics.X-CUBE-NFC7.1.0.1
2025-02-28 14:50:39,308 [WARN] ConditionMgr:438 - getConditionDescription Invalid condition id : LAN8742 Phy interface Condition cause : null
2025-02-28 14:50:39,308 [WARN] PackLoader:240 - Cannot read IP mode file for STMicroelectronics.X-CUBE-AZRTOS-L4.2.0.0
2025-02-28 14:50:39,310 [WARN] ConditionMgr:1044 - genDependencies : Invalid condition id : LAN8742 Phy interface Condition cause : null
2025-02-28 14:50:39,311 [WARN] ConditionMgr:1044 - genDependencies : Invalid condition id : LAN8742 Phy interface Condition cause : null
2025-02-28 14:50:39,311 [WARN] ConditionMgr:1044 - genDependencies : Invalid condition id : LAN8742 Phy interface Condition cause : null
2025-02-28 14:50:39,343 [WARN] PackLoader:240 - Cannot read IP mode file for STMicroelectronics.X-CUBE-SFXS2LP1.4.0.0
2025-02-28 14:50:39,387 [WARN] PackLoader:240 - Cannot read IP mode file for STMicroelectronics.X-CUBE-AZRTOS-H7.3.3.0
2025-02-28 14:50:39,415 [WARN] PackLoader:240 - Cannot read IP mode file for STMicroelectronics.X-CUBE-IPS.3.0.0
2025-02-28 14:50:39,449 [WARN] ConditionMgr:438 - getConditionDescription Invalid condition id : UX DEVICE CLASS RTOS Condition cause : null
2025-02-28 14:50:39,449 [WARN] ConditionMgr:438 - getConditionDescription Invalid condition id : UX DEVICE CLASS RTOS Condition cause : null
2025-02-28 14:50:39,451 [WARN] PackLoader:240 - Cannot read IP mode file for STMicroelectronics.X-CUBE-AZRTOS-WB.2.0.0
2025-02-28 14:50:39,451 [WARN] ConditionMgr:1044 - genDependencies : Invalid condition id : UX DEVICE CLASS RTOS Condition cause : null
2025-02-28 14:50:39,451 [WARN] ConditionMgr:1044 - genDependencies : Invalid condition id : UX DEVICE CLASS RTOS Condition cause : null
2025-02-28 14:50:39,453 [WARN] ConditionMgr:1044 - genDependencies : Invalid condition id : UX DEVICE CLASS RTOS Condition cause : null
2025-02-28 14:50:39,453 [WARN] ConditionMgr:1044 - genDependencies : Invalid condition id : UX DEVICE CLASS RTOS Condition cause : null
2025-02-28 14:50:39,453 [WARN] ConditionMgr:1044 - genDependencies : Invalid condition id : UX DEVICE CLASS RTOS Condition cause : null
2025-02-28 14:50:39,475 [WARN] PackLoader:240 - Cannot read IP mode file for STMicroelectronics.X-CUBE-GNSS1.7.0.0
2025-02-28 14:50:39,496 [WARN] PackLoader:240 - Cannot read IP mode file for STMicroelectronics.X-CUBE-GNSS1.7.0.1
2025-02-28 14:50:39,520 [WARN] PackLoader:240 - Cannot read IP mode file for STMicroelectronics.FP-SNS-STBOX1.2.0.0
2025-02-28 14:50:39,549 [WARN] PackLoader:240 - Cannot read IP mode file for STMicroelectronics.X-CUBE-SUBG2.5.0.0
2025-02-28 14:50:39,576 [WARN] PackLoader:240 - Cannot read IP mode file for Cesanta.I-CUBE-Mongoose.7.13.0
2025-02-28 14:50:39,614 [WARN] PackLoader:240 - Cannot read IP mode file for STMicroelectronics.X-CUBE-AZRTOS-G4.2.0.0
2025-02-28 14:50:39,647 [WARN] PackLoader:240 - Cannot read IP mode file for STMicroelectronics.X-CUBE-IPS.3.1.0
2025-02-28 14:50:39,677 [WARN] PackLoader:240 - Cannot read IP mode file for STMicroelectronics.X-CUBE-ALS.1.0.2
2025-02-28 14:50:39,702 [WARN] PackLoader:240 - Cannot read IP mode file for STMicroelectronics.X-CUBE-TOUCHGFX.4.24.2
2025-02-28 14:50:39,732 [WARN] PackLoader:240 - Cannot read IP mode file for STMicroelectronics.X-CUBE-TOUCHGFX.4.24.1
2025-02-28 14:50:39,781 [WARN] PackLoader:240 - Cannot read IP mode file for wolfSSL.I-CUBE-wolfTPM.3.4.0
2025-02-28 14:50:39,816 [WARN] PackLoader:240 - Cannot read IP mode file for portGmbH.I-Cube-SoM-uGOAL.1.1.0
2025-02-28 14:50:39,883 [WARN] PackLoader:240 - Cannot read IP mode file for STMicroelectronics.X-CUBE-AZRTOS-H7RS.1.0.0
2025-02-28 14:50:39,911 [WARN] PackLoader:240 - Cannot read IP mode file for STMicroelectronics.FP-ATR-ASTRA1.2.0.0
2025-02-28 14:50:39,971 [WARN] PackLoader:240 - Cannot read IP mode file for STMicroelectronics.X-CUBE-TOF1.3.4.2
2025-02-28 14:50:40,048 [WARN] PackLoader:240 - Cannot read IP mode file for Infineon.AIROC-Wi-Fi-Bluetooth-STM32.1.6.1
2025-02-28 14:50:40,088 [WARN] PackLoader:240 - Cannot read IP mode file for wolfSSL.I-CUBE-wolfSSH.1.4.17
2025-02-28 14:50:40,091 [INFO] ThirdParty:978 - Integrity check success = true
2025-02-28 14:50:40,091 [INFO] IntegrityCheckThread:100 - exiting critical section [integrity check]
2025-02-28 14:50:40,091 [INFO] IntegrityCheckThread:103 - End integrity checks thread
2025-02-28 14:50:40,179 [INFO] WebApp:449 - Apply proxy settings
2025-02-28 14:50:40,180 [INFO] WebApp:534 - Chromium requires no authentication
2025-02-28 14:50:40,204 [INFO] WebApp:477 - Direct internet connection detected
2025-02-28 14:50:40,282 [INFO] WebApp:880 - Register for checkConnection events
2025-02-28 14:50:40,282 [INFO] WebApp:449 - Apply proxy settings
2025-02-28 14:50:40,282 [INFO] WebApp:534 - Chromium requires no authentication
2025-02-28 14:50:40,283 [INFO] WebApp:477 - Direct internet connection detected
2025-02-28 14:50:40,427 [INFO] WebApp:187 - Connection restablished
2025-02-28 14:50:40,744 [INFO] WebApp:221 - Starting web application
2025-02-28 14:50:40,745 [INFO] WebApp:579 - Web application path used C:\ST\STM32CubeIDE_1.16.1\STM32CubeIDE\plugins\com.st.stm32cube.common.mx_6.13.0.202411220809\db\plugins\mcufinder\reactClient1\index.html
2025-02-28 14:50:41,080 [INFO] UserAuth:486 - Internet connection configuration mode: 1
2025-02-28 14:53:20,439 [INFO] WebApp:190 - Connection lost
2025-02-28 14:53:20,604 [INFO] WebApp:187 - Connection restablished
2025-02-28 16:07:33,361 [INFO] WebApp:190 - Connection lost
2025-02-28 16:07:41,383 [INFO] WebApp:187 - Connection restablished
2025-02-28 16:07:43,391 [INFO] WebApp:190 - Connection lost
2025-02-28 16:07:44,517 [INFO] WebApp:187 - Connection restablished
2025-02-28 17:32:40,260 [INFO] WebApp:190 - Connection lost
2025-02-28 20:49:38,908 [INFO] WebApp:187 - Connection restablished
2025-02-28 20:49:39,575 [INFO] WebApp:190 - Connection lost
2025-02-28 20:49:39,774 [INFO] WebApp:187 - Connection restablished
2025-02-28 20:49:42,872 [INFO] WebApp:190 - Connection lost
2025-02-28 20:49:43,162 [INFO] WebApp:187 - Connection restablished
