2025-02-14 12:27:01,409 [INFO] Activator:176 - 


2025-02-14 12:27:01,416 [INFO] Activator:177 - !SESSION log4j initialized
2025-02-14 12:27:08,433 [INFO] LogOutputStream:77 - [STDOUT_REDIRECT] 
2025-02-14 12:27:13,129 [INFO] ApplicationProperties:184 - Using Application install path: C:\ST\STM32CubeIDE_1.16.1\STM32CubeIDE\plugins\com.st.stm32cube.common.mx_6.13.0.202411220809
2025-02-14 12:27:13,156 [INFO] DbMcusXml:78 - Set database path to: C:\ST\STM32CubeIDE_1.16.1\STM32CubeIDE\plugins\com.st.stm32cube.common.mx_6.13.0.202411220809\\db\/mcu/
2025-02-14 12:27:13,157 [INFO] ApiDb:274 - Set plugin database path to: C:\ST\STM32CubeIDE_1.16.1\STM32CubeIDE\plugins\com.st.stm32cube.common.mx_6.13.0.202411220809\\db\/plugins/boardmanager/
2025-02-14 12:27:13,158 [WARN] ApiDb:259 - Overriding images path with different value:  => C:\ST\STM32CubeIDE_1.16.1\STM32CubeIDE\plugins\com.st.stm32cube.common.mx_6.13.0.202411220809\\db\/plugins/mcufinder/images/
2025-02-14 12:27:13,175 [INFO] ApiDb:250 - Set database path to: C:\Users\User\.stmcufinder\plugins\mcufinder//mcu/
2025-02-14 12:27:13,177 [INFO] DbMcusAds:125 - Set database path to: C:\Users\User\.stmcufinder\plugins\mcufinder//mcu/
2025-02-14 12:27:13,181 [INFO] CrossReferenceDbSqlite:203 - Set database path to: C:\Users\User\.stmcufinder\plugins\mcufinder//mcu/cs/
2025-02-14 12:27:13,379 [INFO] RulesReader:64 - Compatibility file has been processed (297 Rules)
2025-02-14 12:27:13,528 [INFO] DbMcusXml:78 - Set database path to: C:\ST\STM32CubeIDE_1.16.1\STM32CubeIDE\plugins\com.st.stm32cube.common.mx_6.13.0.202411220809\\db\/mcu/
2025-02-14 12:27:13,529 [INFO] ApiDb:274 - Set plugin database path to: C:\ST\STM32CubeIDE_1.16.1\STM32CubeIDE\plugins\com.st.stm32cube.common.mx_6.13.0.202411220809\\db\/plugins/boardmanager/
2025-02-14 12:27:13,529 [INFO] ApiDb:261 - Set plugin images path to: C:\ST\STM32CubeIDE_1.16.1\STM32CubeIDE\plugins\com.st.stm32cube.common.mx_6.13.0.202411220809\\db\/plugins/mcufinder/images/
2025-02-14 12:27:13,529 [WARN] DbFile:41 - Overriding database path with different value: C:\Users\User\.stmcufinder\plugins\mcufinder/ => C:\Users\User\.stmcufinder\plugins\mcufinder
2025-02-14 12:27:13,529 [INFO] ApiDb:250 - Set database path to: C:\Users\User\.stmcufinder\plugins\mcufinder//mcu/
2025-02-14 12:27:13,529 [WARN] DbFile:41 - Overriding database path with different value: C:\Users\User\.stmcufinder\plugins\mcufinder/ => C:\Users\User\.stmcufinder\plugins\mcufinder
2025-02-14 12:27:13,530 [INFO] DbMcusAds:125 - Set database path to: C:\Users\User\.stmcufinder\plugins\mcufinder//mcu/
2025-02-14 12:27:13,530 [WARN] DbFile:41 - Overriding database path with different value: C:\Users\User\.stmcufinder\plugins\mcufinder/ => C:\Users\User\.stmcufinder\plugins\mcufinder
2025-02-14 12:27:13,530 [WARN] DbFile:41 - Overriding database path with different value: C:\Users\User\.stmcufinder\plugins\mcufinder/ => C:\Users\User\.stmcufinder\plugins\mcufinder
2025-02-14 12:27:13,530 [INFO] CrossReferenceDbSqlite:203 - Set database path to: C:\Users\User\.stmcufinder\plugins\mcufinder//mcu/cs/
2025-02-14 12:27:13,663 [INFO] MainPanel:272 - HeapMemory: 268435456
2025-02-14 12:27:13,843 [INFO] DbMcusXml:78 - Set database path to: C:\ST\STM32CubeIDE_1.16.1\STM32CubeIDE\plugins\com.st.stm32cube.common.mx_6.13.0.202411220809\\db\/mcu/
2025-02-14 12:27:13,843 [INFO] ApiDb:274 - Set plugin database path to: C:\ST\STM32CubeIDE_1.16.1\STM32CubeIDE\plugins\com.st.stm32cube.common.mx_6.13.0.202411220809\\db\/plugins/boardmanager/
2025-02-14 12:27:13,843 [INFO] ApiDb:261 - Set plugin images path to: C:\ST\STM32CubeIDE_1.16.1\STM32CubeIDE\plugins\com.st.stm32cube.common.mx_6.13.0.202411220809\\db\/plugins/mcufinder/images/
2025-02-14 12:27:13,844 [WARN] DbFile:41 - Overriding database path with different value: C:\Users\User\.stmcufinder\plugins\mcufinder/ => C:\Users\User\.stmcufinder\plugins\mcufinder
2025-02-14 12:27:13,844 [INFO] ApiDb:250 - Set database path to: C:\Users\User\.stmcufinder\plugins\mcufinder//mcu/
2025-02-14 12:27:13,844 [WARN] DbFile:41 - Overriding database path with different value: C:\Users\User\.stmcufinder\plugins\mcufinder/ => C:\Users\User\.stmcufinder\plugins\mcufinder
2025-02-14 12:27:13,844 [INFO] DbMcusAds:125 - Set database path to: C:\Users\User\.stmcufinder\plugins\mcufinder//mcu/
2025-02-14 12:27:13,844 [WARN] DbFile:41 - Overriding database path with different value: C:\Users\User\.stmcufinder\plugins\mcufinder/ => C:\Users\User\.stmcufinder\plugins\mcufinder
2025-02-14 12:27:13,844 [WARN] DbFile:41 - Overriding database path with different value: C:\Users\User\.stmcufinder\plugins\mcufinder/ => C:\Users\User\.stmcufinder\plugins\mcufinder
2025-02-14 12:27:13,844 [INFO] CrossReferenceDbSqlite:203 - Set database path to: C:\Users\User\.stmcufinder\plugins\mcufinder//mcu/cs/
2025-02-14 12:27:13,874 [INFO] ApplicationProperties:184 - Using Application install path: C:\ST\STM32CubeIDE_1.16.1\STM32CubeIDE\plugins\com.st.stm32cube.common.mx_6.13.0.202411220809
2025-02-14 12:27:13,877 [INFO] PluginManage:196 - Search for loadable plugins [exclusion list=, ]
2025-02-14 12:27:13,879 [INFO] PluginManage:310 - Check plugin analytics
2025-02-14 12:27:14,115 [INFO] AnalyticsPlugin:253 - Accepted Software Licenses: 
2025-02-14 12:27:14,115 [INFO] AnalyticsPlugin:255 - Accepted CMSIS Pack Licenses: EmbeddedOffice.I-CUBE-FS-RTOS.1.0.1
2025-02-14 12:27:14,115 [INFO] AnalyticsPlugin:257 - Accepted Firmware Licenses: FW.U5.1.6.0,FW.U5.1.1.0
2025-02-14 12:27:14,120 [INFO] PluginManage:359 - Loaded plugin analytics (category:tool,tabindex:-1)
2025-02-14 12:27:14,120 [INFO] PluginManage:310 - Check plugin cadmodel
2025-02-14 12:27:14,140 [INFO] CADModel:105 - Init CAD model plugin
2025-02-14 12:27:14,140 [INFO] PluginManage:359 - Loaded plugin cadmodel (category:power,tabindex:5)
2025-02-14 12:27:14,140 [INFO] PluginManage:310 - Check plugin clock
2025-02-14 12:27:14,162 [INFO] PluginManage:359 - Loaded plugin clock (category:base,tabindex:2)
2025-02-14 12:27:14,162 [INFO] PluginManage:310 - Check plugin ddr
2025-02-14 12:27:14,165 [INFO] PluginManage:359 - Loaded plugin ddr (category:tool,tabindex:6)
2025-02-14 12:27:14,165 [INFO] PluginManage:310 - Check plugin filemanager
2025-02-14 12:27:14,333 [INFO] PluginManage:359 - Loaded plugin filemanager (category:base,tabindex:10)
2025-02-14 12:27:14,334 [INFO] PluginManage:310 - Check plugin ipmanager
2025-02-14 12:27:14,342 [INFO] PluginManage:359 - Loaded plugin ipmanager (category:base,tabindex:5)
2025-02-14 12:27:14,342 [INFO] PluginManage:310 - Check plugin lpbam
2025-02-14 12:27:14,366 [INFO] PluginManage:359 - Loaded plugin lpbam (category:base,tabindex:0)
2025-02-14 12:27:14,366 [INFO] PluginManage:310 - Check plugin memorymap
2025-02-14 12:27:14,401 [INFO] PluginManage:359 - Loaded plugin memorymap (category:base,tabindex:4)
2025-02-14 12:27:14,401 [INFO] PluginManage:310 - Check plugin pinoutandconfiguration
2025-02-14 12:27:14,427 [INFO] PluginManage:359 - Loaded plugin pinoutandconfiguration (category:base,tabindex:1)
2025-02-14 12:27:14,427 [INFO] PluginManage:310 - Check plugin pinoutconfig
2025-02-14 12:27:14,567 [WARN] SupportedApi:132 - Cannot load RTOS API schema: s4s-elt-must-match.1: The content of 'definitions' must match (annotation?, (simpleType | complexType)?, (unique | key | keyref)*)). A problem was found starting at: attribute.
2025-02-14 12:27:14,791 [INFO] PluginManage:359 - Loaded plugin pinoutconfig (category:base,tabindex:0)
2025-02-14 12:27:14,791 [INFO] PluginManage:310 - Check plugin power
2025-02-14 12:27:14,831 [INFO] PluginManage:359 - Loaded plugin power (category:power,tabindex:4)
2025-02-14 12:27:14,831 [INFO] PluginManage:310 - Check plugin projectmanager
2025-02-14 12:27:14,856 [INFO] PluginManage:359 - Loaded plugin projectmanager (category:projectmanager,tabindex:4)
2025-02-14 12:27:14,856 [INFO] PluginManage:310 - Check plugin rif
2025-02-14 12:27:14,891 [INFO] PluginManage:359 - Loaded plugin rif (category:base,tabindex:3)
2025-02-14 12:27:14,892 [INFO] PluginManage:310 - Check plugin thirdparty
2025-02-14 12:27:15,364 [WARN] IntegrityCheckThread:84 - waiting for thirdparty lock release [integrity check]
2025-02-14 12:27:15,365 [INFO] PluginManage:359 - Loaded plugin thirdparty (category:base,tabindex:-1)
2025-02-14 12:27:15,365 [INFO] IntegrityCheckThread:86 - entering critical section [integrity check]
2025-02-14 12:27:15,365 [INFO] PluginManage:310 - Check plugin tools
2025-02-14 12:27:15,365 [INFO] ThirdPartyUpdaterWithRetryManager:70 - Updater plugin not ready yet. [1/15]
2025-02-14 12:27:15,417 [INFO] PluginManage:359 - Loaded plugin tools (category:base,tabindex:7)
2025-02-14 12:27:15,417 [INFO] PluginManage:310 - Check plugin tutovideos
2025-02-14 12:27:15,657 [INFO] PluginManage:359 - Loaded plugin tutovideos (category:base,tabindex:-1)
2025-02-14 12:27:15,657 [INFO] PluginManage:310 - Check plugin updater
2025-02-14 12:27:15,690 [INFO] PluginManage:359 - Loaded plugin updater (category:base,tabindex:12)
2025-02-14 12:27:15,690 [INFO] PluginManage:310 - Check plugin userauth
2025-02-14 12:27:15,697 [INFO] UserAuth:118 - Init User Auth plugin
2025-02-14 12:27:15,699 [INFO] PluginManage:359 - Loaded plugin userauth (category:base,tabindex:14)
2025-02-14 12:27:15,700 [INFO] PluginManage:283 - PluginManage : Loaded plugins [18]
2025-02-14 12:27:15,997 [INFO] PinOutPanel:1589 - setPackage(No Configuration,No Configuration)
2025-02-14 12:27:16,123 [INFO] CADModel:165 - CPN selected for project level
2025-02-14 12:27:16,123 [INFO] CADModel:114 - Register for checkConnection events
2025-02-14 12:27:16,155 [INFO] IPUIPlugin:80 - create IPUIPlugin
2025-02-14 12:27:16,156 [INFO] PluginManager:220 - loadIPPluginJar : add adc
2025-02-14 12:27:16,207 [INFO] IPUIPlugin:80 - create IPUIPlugin
2025-02-14 12:27:16,207 [INFO] PluginManager:220 - loadIPPluginJar : add aes
2025-02-14 12:27:16,266 [INFO] IPUIPlugin:80 - create IPUIPlugin
2025-02-14 12:27:16,266 [INFO] PluginManager:220 - loadIPPluginJar : add can
2025-02-14 12:27:16,297 [INFO] IPUIPlugin:80 - create IPUIPlugin
2025-02-14 12:27:16,297 [INFO] PluginManager:220 - loadIPPluginJar : add comp
2025-02-14 12:27:16,341 [INFO] IPUIPlugin:80 - create IPUIPlugin
2025-02-14 12:27:16,341 [INFO] PluginManager:220 - loadIPPluginJar : add cryp
2025-02-14 12:27:16,356 [INFO] IPUIPlugin:80 - create IPUIPlugin
2025-02-14 12:27:16,356 [INFO] PluginManager:220 - loadIPPluginJar : add ddr_ctrl_phy
2025-02-14 12:27:16,396 [INFO] IPUIPlugin:80 - create IPUIPlugin
2025-02-14 12:27:16,396 [INFO] PluginManager:220 - loadIPPluginJar : add dfsdm
2025-02-14 12:27:16,412 [INFO] IPUIPlugin:80 - create IPUIPlugin
2025-02-14 12:27:16,413 [INFO] PluginManager:220 - loadIPPluginJar : add dma
2025-02-14 12:27:16,464 [INFO] IPUIPlugin:80 - create IPUIPlugin
2025-02-14 12:27:16,464 [INFO] PluginManager:220 - loadIPPluginJar : add dma3
2025-02-14 12:27:16,520 [INFO] IPUIPlugin:80 - create IPUIPlugin
2025-02-14 12:27:16,520 [INFO] PluginManager:220 - loadIPPluginJar : add extmemmanager
2025-02-14 12:27:16,547 [INFO] IPUIPlugin:80 - create IPUIPlugin
2025-02-14 12:27:16,547 [INFO] PluginManager:220 - loadIPPluginJar : add fatfs
2025-02-14 12:27:16,612 [INFO] IPUIPlugin:80 - create IPUIPlugin
2025-02-14 12:27:16,612 [INFO] PluginManager:220 - loadIPPluginJar : add fmc
2025-02-14 12:27:16,640 [INFO] IPUIPlugin:80 - create IPUIPlugin
2025-02-14 12:27:16,641 [INFO] PluginManager:220 - loadIPPluginJar : add freertos
2025-02-14 12:27:16,673 [INFO] IPUIPlugin:80 - create IPUIPlugin
2025-02-14 12:27:16,673 [INFO] PluginManager:220 - loadIPPluginJar : add genericplugin
2025-02-14 12:27:16,801 [INFO] IPUIPlugin:80 - create IPUIPlugin
2025-02-14 12:27:16,802 [INFO] PluginManager:220 - loadIPPluginJar : add gfxmmu
2025-02-14 12:27:16,965 [INFO] IPUIPlugin:80 - create IPUIPlugin
2025-02-14 12:27:16,965 [INFO] PluginManager:220 - loadIPPluginJar : add gic
2025-02-14 12:27:16,981 [INFO] IPUIPlugin:80 - create IPUIPlugin
2025-02-14 12:27:16,981 [INFO] PluginManager:220 - loadIPPluginJar : add gpio
2025-02-14 12:27:17,094 [INFO] IPUIPlugin:80 - create IPUIPlugin
2025-02-14 12:27:17,094 [INFO] PluginManager:220 - loadIPPluginJar : add gtzc
2025-02-14 12:27:17,135 [INFO] IPUIPlugin:80 - create IPUIPlugin
2025-02-14 12:27:17,135 [INFO] PluginManager:220 - loadIPPluginJar : add hash
2025-02-14 12:27:17,200 [INFO] IPUIPlugin:80 - create IPUIPlugin
2025-02-14 12:27:17,200 [INFO] PluginManager:220 - loadIPPluginJar : add i2c
2025-02-14 12:27:17,253 [INFO] IPUIPlugin:80 - create IPUIPlugin
2025-02-14 12:27:17,253 [INFO] PluginManager:220 - loadIPPluginJar : add i2s
2025-02-14 12:27:17,311 [INFO] IPUIPlugin:80 - create IPUIPlugin
2025-02-14 12:27:17,311 [INFO] PluginManager:220 - loadIPPluginJar : add i3c
2025-02-14 12:27:17,438 [INFO] IPUIPlugin:80 - create IPUIPlugin
2025-02-14 12:27:17,438 [INFO] PluginManager:220 - loadIPPluginJar : add ipddr
2025-02-14 12:27:17,557 [INFO] IPUIPlugin:80 - create IPUIPlugin
2025-02-14 12:27:17,557 [INFO] PluginManager:220 - loadIPPluginJar : add linkedlist
2025-02-14 12:27:17,605 [INFO] IPUIPlugin:80 - create IPUIPlugin
2025-02-14 12:27:17,605 [INFO] PluginManager:220 - loadIPPluginJar : add lorawan
2025-02-14 12:27:17,657 [INFO] IPUIPlugin:80 - create IPUIPlugin
2025-02-14 12:27:17,657 [INFO] PluginManager:220 - loadIPPluginJar : add ltdc
2025-02-14 12:27:17,675 [INFO] IPUIPlugin:80 - create IPUIPlugin
2025-02-14 12:27:17,676 [INFO] PluginManager:220 - loadIPPluginJar : add mdma
2025-02-14 12:27:17,691 [INFO] IPUIPlugin:80 - create IPUIPlugin
2025-02-14 12:27:17,692 [INFO] PluginManager:220 - loadIPPluginJar : add nvic
2025-02-14 12:27:17,748 [INFO] IPUIPlugin:80 - create IPUIPlugin
2025-02-14 12:27:17,748 [INFO] PluginManager:220 - loadIPPluginJar : add opamp
2025-02-14 12:27:17,838 [INFO] IPUIPlugin:80 - create IPUIPlugin
2025-02-14 12:27:17,838 [INFO] PluginManager:220 - loadIPPluginJar : add openamp
2025-02-14 12:27:17,900 [INFO] IPUIPlugin:80 - create IPUIPlugin
2025-02-14 12:27:17,900 [INFO] PluginManager:220 - loadIPPluginJar : add pdm2pcm
2025-02-14 12:27:17,917 [INFO] IPUIPlugin:80 - create IPUIPlugin
2025-02-14 12:27:17,920 [INFO] PluginManager:220 - loadIPPluginJar : add plateformsettings
2025-02-14 12:27:17,954 [INFO] IPUIPlugin:80 - create IPUIPlugin
2025-02-14 12:27:17,954 [INFO] PluginManager:220 - loadIPPluginJar : add quadspi
2025-02-14 12:27:17,993 [INFO] IPUIPlugin:80 - create IPUIPlugin
2025-02-14 12:27:17,993 [INFO] PluginManager:220 - loadIPPluginJar : add radio
2025-02-14 12:27:18,010 [INFO] IPUIPlugin:80 - create IPUIPlugin
2025-02-14 12:27:18,010 [INFO] PluginManager:220 - loadIPPluginJar : add resmgrutility
2025-02-14 12:27:18,072 [INFO] IPUIPlugin:80 - create IPUIPlugin
2025-02-14 12:27:18,073 [INFO] PluginManager:220 - loadIPPluginJar : add sai
2025-02-14 12:27:18,120 [INFO] IPUIPlugin:80 - create IPUIPlugin
2025-02-14 12:27:18,121 [INFO] PluginManager:220 - loadIPPluginJar : add spi
2025-02-14 12:27:18,214 [INFO] IPUIPlugin:80 - create IPUIPlugin
2025-02-14 12:27:18,215 [INFO] PluginManager:220 - loadIPPluginJar : add stm32_wpan
2025-02-14 12:27:18,251 [INFO] IPUIPlugin:80 - create IPUIPlugin
2025-02-14 12:27:18,251 [INFO] PluginManager:220 - loadIPPluginJar : add tim
2025-02-14 12:27:18,337 [INFO] IPUIPlugin:80 - create IPUIPlugin
2025-02-14 12:27:18,337 [INFO] PluginManager:220 - loadIPPluginJar : add touchsensing
2025-02-14 12:27:18,366 [INFO] ThirdPartyUpdaterWithRetryManager:70 - Updater plugin not ready yet. [2/15]
2025-02-14 12:27:18,370 [INFO] IPUIPlugin:80 - create IPUIPlugin
2025-02-14 12:27:18,370 [INFO] PluginManager:220 - loadIPPluginJar : add tracer_emb
2025-02-14 12:27:18,403 [INFO] IPUIPlugin:80 - create IPUIPlugin
2025-02-14 12:27:18,403 [INFO] PluginManager:220 - loadIPPluginJar : add ts
2025-02-14 12:27:18,434 [INFO] IPUIPlugin:80 - create IPUIPlugin
2025-02-14 12:27:18,435 [INFO] PluginManager:220 - loadIPPluginJar : add tsc
2025-02-14 12:27:18,466 [INFO] IPUIPlugin:80 - create IPUIPlugin
2025-02-14 12:27:18,466 [INFO] PluginManager:220 - loadIPPluginJar : add ucpd
2025-02-14 12:27:18,524 [INFO] IPUIPlugin:80 - create IPUIPlugin
2025-02-14 12:27:18,525 [INFO] PluginManager:220 - loadIPPluginJar : add usart
2025-02-14 12:27:18,587 [INFO] IPUIPlugin:80 - create IPUIPlugin
2025-02-14 12:27:18,587 [INFO] PluginManager:220 - loadIPPluginJar : add usbx
2025-02-14 12:27:18,726 [FATAL] Updater:351 - Updater called before beeing initialized
2025-02-14 12:27:18,749 [INFO] RulesReader:64 - Compatibility file has been processed (297 Rules)
2025-02-14 12:27:18,760 [INFO] RulesReader:64 - Compatibility file has been processed (297 Rules)
2025-02-14 12:27:18,768 [INFO] CADModel:165 - CPN selected for project level
2025-02-14 12:27:18,768 [INFO] CADModel:114 - Register for checkConnection events
2025-02-14 12:27:18,768 [FATAL] Updater:351 - Updater called before beeing initialized
2025-02-14 12:27:18,768 [ERROR] CADModel:125 - Updater not yet initialized, retry later 
2025-02-14 12:27:18,944 [FATAL] Updater:351 - Updater called before beeing initialized
2025-02-14 12:27:18,948 [INFO] CADModel:165 - CPN selected for project level
2025-02-14 12:27:18,948 [INFO] CADModel:114 - Register for checkConnection events
2025-02-14 12:27:18,948 [FATAL] Updater:351 - Updater called before beeing initialized
2025-02-14 12:27:18,948 [ERROR] CADModel:125 - Updater not yet initialized, retry later 
2025-02-14 12:27:18,952 [FATAL] Updater:351 - Updater called before beeing initialized
2025-02-14 12:27:19,112 [FATAL] Updater:351 - Updater called before beeing initialized
2025-02-14 12:27:19,124 [INFO] DbMcusAds:53 - JSON generation date=Tue Dec 17 08:01:15 PST 2024 (1734451275111)
2025-02-14 12:27:19,124 [FATAL] Updater:351 - Updater called before beeing initialized
2025-02-14 12:27:19,164 [WARN] DetailPanel:346 - Failed to get advertising image, set to default
2025-02-14 12:27:19,415 [FATAL] Updater:351 - Updater called before beeing initialized
2025-02-14 12:27:19,417 [FATAL] Updater:351 - Updater called before beeing initialized
2025-02-14 12:27:19,417 [FATAL] Updater:351 - Updater called before beeing initialized
2025-02-14 12:27:19,418 [WARN] DetailPanel:346 - Failed to get advertising image, set to default
2025-02-14 12:27:19,418 [FATAL] Updater:351 - Updater called before beeing initialized
2025-02-14 12:27:19,484 [ERROR] Updater:1198 - MainUpdater not yet initialized. External WinMGr cannot be set.
2025-02-14 12:27:19,496 [INFO] Updater:1134 - Updater Version found : 6.13.0
2025-02-14 12:27:19,514 [INFO] ApplicationProperties:184 - Using Application install path: C:\ST\STM32CubeIDE_1.16.1\STM32CubeIDE\plugins\com.st.stm32cube.common.mx_6.13.0.202411220809
2025-02-14 12:27:21,095 [ERROR] LogOutputStream:75 - [STDERR_REDIRECT] Feb 14, 2025 12:27:21 PM java.util.prefs.WindowsPreferences <init>
2025-02-14 12:27:21,097 [ERROR] LogOutputStream:75 - [STDERR_REDIRECT] WARNING: Could not open/create prefs root node Software\JavaSoft\Prefs at root 0xffffffff80000002. Windows RegCreateKeyEx(...) returned error code 5.
2025-02-14 12:27:21,098 [ERROR] LogOutputStream:75 - [STDERR_REDIRECT] 
2025-02-14 12:27:21,367 [INFO] ThirdPartyUpdaterWithRetryManager:70 - Updater plugin not ready yet. [3/15]
2025-02-14 12:27:21,527 [INFO] MainUpdater:2872 - connection check result : 10
2025-02-14 12:27:21,528 [INFO] MainUpdater:289 - Updater Check For Update Now.
2025-02-14 12:27:21,529 [INFO] MicroXplorer:498 - Change Database Version : DB.6.0.130
2025-02-14 12:27:21,552 [INFO] McuFinderGlobals:63 - Set McuFinder mode to 2 (CubeIDE integrated)
2025-02-14 12:27:21,563 [INFO] UserAuth:486 - Internet connection configuration mode: 1
2025-02-14 12:27:21,600 [INFO] JxBrowserEngine:152 - Initiate JxBrowser Engine with user profile folder
2025-02-14 12:27:21,767 [INFO] CheckServerUpdateThread:120 - End of CheckServer Thread
2025-02-14 12:27:22,958 [INFO] WebApp:168 - Instantiating new browser for Auth
2025-02-14 12:27:23,844 [INFO] WebApp:449 - Apply proxy settings
2025-02-14 12:27:23,844 [INFO] WebApp:534 - Chromium requires no authentication
2025-02-14 12:27:23,859 [INFO] WebApp:477 - Direct internet connection detected
2025-02-14 12:27:23,905 [INFO] WebApp:880 - Register for checkConnection events
2025-02-14 12:27:23,905 [INFO] WebApp:449 - Apply proxy settings
2025-02-14 12:27:23,905 [INFO] WebApp:534 - Chromium requires no authentication
2025-02-14 12:27:23,906 [INFO] WebApp:477 - Direct internet connection detected
2025-02-14 12:27:24,157 [INFO] WebApp:187 - Connection restablished
2025-02-14 12:27:24,197 [INFO] WebApp:221 - Starting web application
2025-02-14 12:27:24,197 [INFO] WebApp:579 - Web application path used C:\ST\STM32CubeIDE_1.16.1\STM32CubeIDE\plugins\com.st.stm32cube.common.mx_6.13.0.202411220809\db\plugins\mcufinder\reactClient1\index.html
2025-02-14 12:27:24,475 [INFO] UserAuth:486 - Internet connection configuration mode: 1
2025-02-14 12:27:24,928 [WARN] PackLoader:240 - Cannot read IP mode file for STMicroelectronics.FP-SNS-MOTENVWB1.1.4.0
2025-02-14 12:27:24,954 [WARN] PackLoader:240 - Cannot read IP mode file for STMicroelectronics.FP-ATR-ASTRA1.2.0.1
2025-02-14 12:27:24,981 [WARN] PackLoader:240 - Cannot read IP mode file for STMicroelectronics.X-CUBE-SMBUS.2.1.0
2025-02-14 12:27:25,010 [WARN] PackLoader:240 - Cannot read IP mode file for STMicroelectronics.X-CUBE-WB05N.1.1.0
2025-02-14 12:27:25,078 [WARN] PackLoader:240 - Cannot read IP mode file for STMicroelectronics.X-CUBE-AZRTOS-F7.1.1.0
2025-02-14 12:27:25,199 [WARN] PackLoader:240 - Cannot read IP mode file for STMicroelectronics.X-CUBE-MEMS1.11.0.0
2025-02-14 12:27:25,423 [WARN] PackLoader:240 - Cannot read IP mode file for STMicroelectronics.FP-SNS-FLIGHT1.5.0.2
2025-02-14 12:27:25,454 [WARN] PackLoader:240 - Cannot read IP mode file for STMicroelectronics.X-CUBE-DISPLAY.3.0.0
2025-02-14 12:27:25,506 [WARN] PackLoader:240 - Cannot read IP mode file for STMicroelectronics.X-CUBE-BLE1.7.0.0
2025-02-14 12:27:25,537 [WARN] PackLoader:240 - Cannot read IP mode file for STMicroelectronics.X-CUBE-NFC10.1.0.0
2025-02-14 12:27:25,569 [WARN] PackLoader:240 - Cannot read IP mode file for STMicroelectronics.X-CUBE-BLEMGR.4.0.0
2025-02-14 12:27:25,594 [WARN] PackLoader:240 - Cannot read IP mode file for emotas.I-CUBE-CANOPEN.1.3.0
2025-02-14 12:27:25,623 [WARN] PackLoader:240 - Cannot read IP mode file for STMicroelectronics.X-CUBE-BLEMGR.3.1.0
2025-02-14 12:27:25,649 [WARN] PackLoader:240 - Cannot read IP mode file for STMicroelectronics.X-CUBE-AI.10.0.0
2025-02-14 12:27:25,674 [WARN] PackLoader:240 - Cannot read IP mode file for STMicroelectronics.FP-SNS-SMARTAG2.1.2.0
2025-02-14 12:27:25,764 [WARN] PackLoader:240 - Cannot read IP mode file for STMicroelectronics.X-CUBE-MEMS1.11.1.0
2025-02-14 12:27:25,925 [INFO] LogOutputStream:77 - [STDOUT_REDIRECT] 1 : Invalid condition id : UX_CORESTACK_Condition cause : null
2025-02-14 12:27:25,925 [INFO] LogOutputStream:77 - [STDOUT_REDIRECT] 1 : Invalid condition id : UX_CORESTACK_Condition cause : null
2025-02-14 12:27:25,927 [INFO] LogOutputStream:77 - [STDOUT_REDIRECT] 1 : Invalid condition id : UX_CORESTACK_Condition cause : null
2025-02-14 12:27:25,928 [INFO] LogOutputStream:77 - [STDOUT_REDIRECT] 1 : Invalid condition id : UX_CORESTACK_Condition cause : null
2025-02-14 12:27:25,931 [INFO] LogOutputStream:77 - [STDOUT_REDIRECT] 1 : Invalid condition id : UX_CORESTACK_Condition cause : null
2025-02-14 12:27:25,933 [WARN] PackLoader:240 - Cannot read IP mode file for STMicroelectronics.X-CUBE-AZRTOS-WL.2.0.0
2025-02-14 12:27:25,960 [WARN] PackLoader:240 - Cannot read IP mode file for STMicroelectronics.FP-SNS-MOTENV1.5.0.0
2025-02-14 12:27:25,984 [WARN] PackLoader:240 - Cannot read IP mode file for wolfSSL.I-CUBE-wolfMQTT.1.19.0
2025-02-14 12:27:26,007 [WARN] PackLoader:240 - Cannot read IP mode file for WES.I-CUBE-Cesium.1.3.0
2025-02-14 12:27:26,033 [WARN] PackLoader:240 - Cannot read IP mode file for STMicroelectronics.X-CUBE-BLE2.3.3.0
2025-02-14 12:27:26,057 [WARN] PackLoader:240 - Cannot read IP mode file for STMicroelectronics.X-CUBE-NFC9.1.0.0
2025-02-14 12:27:26,083 [WARN] PackLoader:240 - Cannot read IP mode file for STMicroelectronics.X-CUBE-TCPP.4.1.0
2025-02-14 12:27:26,121 [WARN] PackLoader:240 - Cannot read IP mode file for STMicroelectronics.X-CUBE-AZRTOS-G0.1.1.0
2025-02-14 12:27:26,148 [WARN] PackLoader:240 - Cannot read IP mode file for STMicroelectronics.X-CUBE-SAFEA1.1.2.2
2025-02-14 12:27:26,169 [WARN] PackLoader:240 - Cannot read IP mode file for STMicroelectronics.X-CUBE-NFC4.3.0.0
2025-02-14 12:27:26,200 [WARN] PackLoader:240 - Cannot read IP mode file for EmbeddedOffice.I-CUBE-FS-RTOS.1.0.1
2025-02-14 12:27:26,365 [WARN] PackLoader:240 - Cannot read IP mode file for STMicroelectronics.X-CUBE-TCPP.4.2.0
2025-02-14 12:27:26,390 [WARN] PackLoader:240 - Cannot read IP mode file for RealThread.X-CUBE-RT-Thread_Nano.4.1.1
2025-02-14 12:27:26,412 [WARN] PackLoader:240 - Cannot read IP mode file for STMicroelectronics.FP-ATR-SIGFOX1.3.2.0
2025-02-14 12:27:26,433 [WARN] ConditionMgr:438 - getConditionDescription Invalid condition id : Cortex-A Device cause : null
2025-02-14 12:27:26,460 [WARN] ConditionMgr:1044 - genDependencies : Invalid condition id : Cortex-A Device cause : null
2025-02-14 12:27:26,460 [WARN] ConditionMgr:1044 - genDependencies : Invalid condition id : Cortex-A Device cause : null
2025-02-14 12:27:26,460 [WARN] ConditionMgr:1044 - genDependencies : Invalid condition id : Cortex-A Device cause : null
2025-02-14 12:27:26,485 [WARN] PackLoader:240 - Cannot read IP mode file for STMicroelectronics.X-CUBE-EEPRMA1.5.1.0
2025-02-14 12:27:26,506 [WARN] PackLoader:240 - Cannot read IP mode file for wolfSSL.I-CUBE-wolfSSL.5.7.4
2025-02-14 12:27:26,533 [WARN] PackLoader:240 - Cannot read IP mode file for ITTIA_DB.I-CUBE-ITTIADB.8.9.0
2025-02-14 12:27:26,586 [WARN] PackLoader:240 - Cannot read IP mode file for SEGGER.I-CUBE-embOS.1.3.1
2025-02-14 12:27:26,646 [WARN] PackLoader:240 - Cannot read IP mode file for STMicroelectronics.X-CUBE-ALGOBUILD.1.4.0
2025-02-14 12:27:26,666 [WARN] PackLoader:240 - Cannot read IP mode file for STMicroelectronics.X-CUBE-AI.9.1.0
2025-02-14 12:27:26,706 [WARN] PackLoader:240 - Cannot read IP mode file for STMicroelectronics.X-CUBE-AZRTOS-F4.1.1.0
2025-02-14 12:27:26,729 [WARN] PackLoader:240 - Cannot read IP mode file for STMicroelectronics.X-CUBE-ISPU.2.1.0
2025-02-14 12:27:26,752 [WARN] PackLoader:240 - Cannot read IP mode file for STMicroelectronics.X-CUBE-FREERTOS.1.2.0
2025-02-14 12:27:26,794 [WARN] PackLoader:240 - Cannot read IP mode file for STMicroelectronics.X-CUBE-AZRTOS-L5.2.0.0
2025-02-14 12:27:26,822 [WARN] PackLoader:240 - Cannot read IP mode file for STMicroelectronics.X-CUBE-NFC6.3.1.0
2025-02-14 12:27:26,847 [WARN] PackLoader:240 - Cannot read IP mode file for STMicroelectronics.X-CUBE-DPower.1.2.0
2025-02-14 12:27:26,870 [WARN] PackLoader:240 - Cannot read IP mode file for STMicroelectronics.X-CUBE-FREERTOS.1.3.0
2025-02-14 12:27:26,896 [WARN] PackLoader:240 - Cannot read IP mode file for STMicroelectronics.X-CUBE-NFC7.1.0.1
2025-02-14 12:27:26,953 [WARN] ConditionMgr:438 - getConditionDescription Invalid condition id : LAN8742 Phy interface Condition cause : null
2025-02-14 12:27:26,954 [WARN] PackLoader:240 - Cannot read IP mode file for STMicroelectronics.X-CUBE-AZRTOS-L4.2.0.0
2025-02-14 12:27:26,956 [WARN] ConditionMgr:1044 - genDependencies : Invalid condition id : LAN8742 Phy interface Condition cause : null
2025-02-14 12:27:26,956 [WARN] ConditionMgr:1044 - genDependencies : Invalid condition id : LAN8742 Phy interface Condition cause : null
2025-02-14 12:27:26,957 [WARN] ConditionMgr:1044 - genDependencies : Invalid condition id : LAN8742 Phy interface Condition cause : null
2025-02-14 12:27:26,994 [WARN] PackLoader:240 - Cannot read IP mode file for STMicroelectronics.X-CUBE-SFXS2LP1.4.0.0
2025-02-14 12:27:27,060 [WARN] PackLoader:240 - Cannot read IP mode file for STMicroelectronics.X-CUBE-AZRTOS-H7.3.3.0
2025-02-14 12:27:27,097 [WARN] PackLoader:240 - Cannot read IP mode file for STMicroelectronics.X-CUBE-IPS.3.0.0
2025-02-14 12:27:27,139 [WARN] ConditionMgr:438 - getConditionDescription Invalid condition id : UX DEVICE CLASS RTOS Condition cause : null
2025-02-14 12:27:27,140 [WARN] ConditionMgr:438 - getConditionDescription Invalid condition id : UX DEVICE CLASS RTOS Condition cause : null
2025-02-14 12:27:27,142 [WARN] PackLoader:240 - Cannot read IP mode file for STMicroelectronics.X-CUBE-AZRTOS-WB.2.0.0
2025-02-14 12:27:27,143 [WARN] ConditionMgr:1044 - genDependencies : Invalid condition id : UX DEVICE CLASS RTOS Condition cause : null
2025-02-14 12:27:27,143 [WARN] ConditionMgr:1044 - genDependencies : Invalid condition id : UX DEVICE CLASS RTOS Condition cause : null
2025-02-14 12:27:27,143 [WARN] ConditionMgr:1044 - genDependencies : Invalid condition id : UX DEVICE CLASS RTOS Condition cause : null
2025-02-14 12:27:27,143 [WARN] ConditionMgr:1044 - genDependencies : Invalid condition id : UX DEVICE CLASS RTOS Condition cause : null
2025-02-14 12:27:27,144 [WARN] ConditionMgr:1044 - genDependencies : Invalid condition id : UX DEVICE CLASS RTOS Condition cause : null
2025-02-14 12:27:27,167 [WARN] PackLoader:240 - Cannot read IP mode file for STMicroelectronics.X-CUBE-GNSS1.7.0.0
2025-02-14 12:27:27,188 [WARN] PackLoader:240 - Cannot read IP mode file for STMicroelectronics.X-CUBE-GNSS1.7.0.1
2025-02-14 12:27:27,214 [WARN] PackLoader:240 - Cannot read IP mode file for STMicroelectronics.FP-SNS-STBOX1.2.0.0
2025-02-14 12:27:27,246 [WARN] PackLoader:240 - Cannot read IP mode file for STMicroelectronics.X-CUBE-SUBG2.5.0.0
2025-02-14 12:27:27,272 [WARN] PackLoader:240 - Cannot read IP mode file for Cesanta.I-CUBE-Mongoose.7.13.0
2025-02-14 12:27:27,308 [WARN] PackLoader:240 - Cannot read IP mode file for STMicroelectronics.X-CUBE-AZRTOS-G4.2.0.0
2025-02-14 12:27:27,338 [WARN] PackLoader:240 - Cannot read IP mode file for STMicroelectronics.X-CUBE-IPS.3.1.0
2025-02-14 12:27:27,364 [WARN] PackLoader:240 - Cannot read IP mode file for STMicroelectronics.X-CUBE-ALS.1.0.2
2025-02-14 12:27:27,389 [WARN] PackLoader:240 - Cannot read IP mode file for STMicroelectronics.X-CUBE-TOUCHGFX.4.24.2
2025-02-14 12:27:27,408 [WARN] PackLoader:240 - Cannot read IP mode file for STMicroelectronics.X-CUBE-TOUCHGFX.4.24.1
2025-02-14 12:27:27,429 [WARN] PackLoader:240 - Cannot read IP mode file for wolfSSL.I-CUBE-wolfTPM.3.4.0
2025-02-14 12:27:27,452 [WARN] PackLoader:240 - Cannot read IP mode file for portGmbH.I-Cube-SoM-uGOAL.1.1.0
2025-02-14 12:27:27,494 [WARN] PackLoader:240 - Cannot read IP mode file for STMicroelectronics.X-CUBE-AZRTOS-H7RS.1.0.0
2025-02-14 12:27:27,519 [WARN] PackLoader:240 - Cannot read IP mode file for STMicroelectronics.FP-ATR-ASTRA1.2.0.0
2025-02-14 12:27:27,549 [WARN] PackLoader:240 - Cannot read IP mode file for STMicroelectronics.X-CUBE-TOF1.3.4.2
2025-02-14 12:27:27,598 [WARN] PackLoader:240 - Cannot read IP mode file for Infineon.AIROC-Wi-Fi-Bluetooth-STM32.1.6.1
2025-02-14 12:27:27,621 [WARN] PackLoader:240 - Cannot read IP mode file for wolfSSL.I-CUBE-wolfSSH.1.4.17
2025-02-14 12:27:27,622 [INFO] ThirdParty:978 - Integrity check success = true
2025-02-14 12:27:27,622 [INFO] IntegrityCheckThread:100 - exiting critical section [integrity check]
2025-02-14 12:27:27,622 [INFO] IntegrityCheckThread:103 - End integrity checks thread
2025-02-14 13:25:15,403 [INFO] WebApp:190 - Connection lost
2025-02-14 13:25:15,889 [INFO] WebApp:187 - Connection restablished
2025-02-14 13:32:11,072 [ERROR] LogOutputStream:75 - [STDERR_REDIRECT] 
2025-02-14 13:53:01,720 [INFO] Activator:176 - 


2025-02-14 13:53:01,722 [INFO] Activator:177 - !SESSION log4j initialized
2025-02-14 13:53:07,255 [INFO] LogOutputStream:77 - [STDOUT_REDIRECT] 
2025-02-14 13:53:09,621 [INFO] ApplicationProperties:184 - Using Application install path: C:\ST\STM32CubeIDE_1.16.1\STM32CubeIDE\plugins\com.st.stm32cube.common.mx_6.13.0.202411220809
2025-02-14 13:53:09,637 [INFO] DbMcusXml:78 - Set database path to: C:\ST\STM32CubeIDE_1.16.1\STM32CubeIDE\plugins\com.st.stm32cube.common.mx_6.13.0.202411220809\\db\/mcu/
2025-02-14 13:53:09,637 [INFO] ApiDb:274 - Set plugin database path to: C:\ST\STM32CubeIDE_1.16.1\STM32CubeIDE\plugins\com.st.stm32cube.common.mx_6.13.0.202411220809\\db\/plugins/boardmanager/
2025-02-14 13:53:09,638 [WARN] ApiDb:259 - Overriding images path with different value:  => C:\ST\STM32CubeIDE_1.16.1\STM32CubeIDE\plugins\com.st.stm32cube.common.mx_6.13.0.202411220809\\db\/plugins/mcufinder/images/
2025-02-14 13:53:09,644 [INFO] ApiDb:250 - Set database path to: C:\Users\User\.stmcufinder\plugins\mcufinder//mcu/
2025-02-14 13:53:09,646 [INFO] DbMcusAds:125 - Set database path to: C:\Users\User\.stmcufinder\plugins\mcufinder//mcu/
2025-02-14 13:53:09,648 [INFO] CrossReferenceDbSqlite:203 - Set database path to: C:\Users\User\.stmcufinder\plugins\mcufinder//mcu/cs/
2025-02-14 13:53:09,779 [INFO] RulesReader:64 - Compatibility file has been processed (297 Rules)
2025-02-14 13:53:09,865 [INFO] DbMcusXml:78 - Set database path to: C:\ST\STM32CubeIDE_1.16.1\STM32CubeIDE\plugins\com.st.stm32cube.common.mx_6.13.0.202411220809\\db\/mcu/
2025-02-14 13:53:09,865 [INFO] ApiDb:274 - Set plugin database path to: C:\ST\STM32CubeIDE_1.16.1\STM32CubeIDE\plugins\com.st.stm32cube.common.mx_6.13.0.202411220809\\db\/plugins/boardmanager/
2025-02-14 13:53:09,865 [INFO] ApiDb:261 - Set plugin images path to: C:\ST\STM32CubeIDE_1.16.1\STM32CubeIDE\plugins\com.st.stm32cube.common.mx_6.13.0.202411220809\\db\/plugins/mcufinder/images/
2025-02-14 13:53:09,865 [WARN] DbFile:41 - Overriding database path with different value: C:\Users\User\.stmcufinder\plugins\mcufinder/ => C:\Users\User\.stmcufinder\plugins\mcufinder
2025-02-14 13:53:09,865 [INFO] ApiDb:250 - Set database path to: C:\Users\User\.stmcufinder\plugins\mcufinder//mcu/
2025-02-14 13:53:09,865 [WARN] DbFile:41 - Overriding database path with different value: C:\Users\User\.stmcufinder\plugins\mcufinder/ => C:\Users\User\.stmcufinder\plugins\mcufinder
2025-02-14 13:53:09,865 [INFO] DbMcusAds:125 - Set database path to: C:\Users\User\.stmcufinder\plugins\mcufinder//mcu/
2025-02-14 13:53:09,866 [WARN] DbFile:41 - Overriding database path with different value: C:\Users\User\.stmcufinder\plugins\mcufinder/ => C:\Users\User\.stmcufinder\plugins\mcufinder
2025-02-14 13:53:09,866 [WARN] DbFile:41 - Overriding database path with different value: C:\Users\User\.stmcufinder\plugins\mcufinder/ => C:\Users\User\.stmcufinder\plugins\mcufinder
2025-02-14 13:53:09,866 [INFO] CrossReferenceDbSqlite:203 - Set database path to: C:\Users\User\.stmcufinder\plugins\mcufinder//mcu/cs/
2025-02-14 13:53:09,942 [INFO] MainPanel:272 - HeapMemory: 268435456
2025-02-14 13:53:10,027 [INFO] DbMcusXml:78 - Set database path to: C:\ST\STM32CubeIDE_1.16.1\STM32CubeIDE\plugins\com.st.stm32cube.common.mx_6.13.0.202411220809\\db\/mcu/
2025-02-14 13:53:10,027 [INFO] ApiDb:274 - Set plugin database path to: C:\ST\STM32CubeIDE_1.16.1\STM32CubeIDE\plugins\com.st.stm32cube.common.mx_6.13.0.202411220809\\db\/plugins/boardmanager/
2025-02-14 13:53:10,027 [INFO] ApiDb:261 - Set plugin images path to: C:\ST\STM32CubeIDE_1.16.1\STM32CubeIDE\plugins\com.st.stm32cube.common.mx_6.13.0.202411220809\\db\/plugins/mcufinder/images/
2025-02-14 13:53:10,027 [WARN] DbFile:41 - Overriding database path with different value: C:\Users\User\.stmcufinder\plugins\mcufinder/ => C:\Users\User\.stmcufinder\plugins\mcufinder
2025-02-14 13:53:10,028 [INFO] ApiDb:250 - Set database path to: C:\Users\User\.stmcufinder\plugins\mcufinder//mcu/
2025-02-14 13:53:10,028 [WARN] DbFile:41 - Overriding database path with different value: C:\Users\User\.stmcufinder\plugins\mcufinder/ => C:\Users\User\.stmcufinder\plugins\mcufinder
2025-02-14 13:53:10,028 [INFO] DbMcusAds:125 - Set database path to: C:\Users\User\.stmcufinder\plugins\mcufinder//mcu/
2025-02-14 13:53:10,028 [WARN] DbFile:41 - Overriding database path with different value: C:\Users\User\.stmcufinder\plugins\mcufinder/ => C:\Users\User\.stmcufinder\plugins\mcufinder
2025-02-14 13:53:10,028 [WARN] DbFile:41 - Overriding database path with different value: C:\Users\User\.stmcufinder\plugins\mcufinder/ => C:\Users\User\.stmcufinder\plugins\mcufinder
2025-02-14 13:53:10,028 [INFO] CrossReferenceDbSqlite:203 - Set database path to: C:\Users\User\.stmcufinder\plugins\mcufinder//mcu/cs/
2025-02-14 13:53:10,047 [INFO] ApplicationProperties:184 - Using Application install path: C:\ST\STM32CubeIDE_1.16.1\STM32CubeIDE\plugins\com.st.stm32cube.common.mx_6.13.0.202411220809
2025-02-14 13:53:10,048 [INFO] PluginManage:196 - Search for loadable plugins [exclusion list=, ]
2025-02-14 13:53:10,049 [INFO] PluginManage:310 - Check plugin analytics
2025-02-14 13:53:10,202 [INFO] AnalyticsPlugin:253 - Accepted Software Licenses: 
2025-02-14 13:53:10,202 [INFO] AnalyticsPlugin:255 - Accepted CMSIS Pack Licenses: EmbeddedOffice.I-CUBE-FS-RTOS.1.0.1
2025-02-14 13:53:10,202 [INFO] AnalyticsPlugin:257 - Accepted Firmware Licenses: FW.U5.1.6.0,FW.U5.1.1.0
2025-02-14 13:53:10,205 [INFO] PluginManage:359 - Loaded plugin analytics (category:tool,tabindex:-1)
2025-02-14 13:53:10,205 [INFO] PluginManage:310 - Check plugin cadmodel
2025-02-14 13:53:10,208 [INFO] CADModel:105 - Init CAD model plugin
2025-02-14 13:53:10,208 [INFO] PluginManage:359 - Loaded plugin cadmodel (category:power,tabindex:5)
2025-02-14 13:53:10,208 [INFO] PluginManage:310 - Check plugin clock
2025-02-14 13:53:10,216 [INFO] PluginManage:359 - Loaded plugin clock (category:base,tabindex:2)
2025-02-14 13:53:10,216 [INFO] PluginManage:310 - Check plugin ddr
2025-02-14 13:53:10,218 [INFO] PluginManage:359 - Loaded plugin ddr (category:tool,tabindex:6)
2025-02-14 13:53:10,218 [INFO] PluginManage:310 - Check plugin filemanager
2025-02-14 13:53:10,353 [INFO] PluginManage:359 - Loaded plugin filemanager (category:base,tabindex:10)
2025-02-14 13:53:10,353 [INFO] PluginManage:310 - Check plugin ipmanager
2025-02-14 13:53:10,361 [INFO] PluginManage:359 - Loaded plugin ipmanager (category:base,tabindex:5)
2025-02-14 13:53:10,361 [INFO] PluginManage:310 - Check plugin lpbam
2025-02-14 13:53:10,369 [INFO] PluginManage:359 - Loaded plugin lpbam (category:base,tabindex:0)
2025-02-14 13:53:10,369 [INFO] PluginManage:310 - Check plugin memorymap
2025-02-14 13:53:10,380 [INFO] PluginManage:359 - Loaded plugin memorymap (category:base,tabindex:4)
2025-02-14 13:53:10,381 [INFO] PluginManage:310 - Check plugin pinoutandconfiguration
2025-02-14 13:53:10,388 [INFO] PluginManage:359 - Loaded plugin pinoutandconfiguration (category:base,tabindex:1)
2025-02-14 13:53:10,388 [INFO] PluginManage:310 - Check plugin pinoutconfig
2025-02-14 13:53:10,480 [WARN] SupportedApi:132 - Cannot load RTOS API schema: s4s-elt-must-match.1: The content of 'definitions' must match (annotation?, (simpleType | complexType)?, (unique | key | keyref)*)). A problem was found starting at: attribute.
2025-02-14 13:53:10,624 [INFO] PluginManage:359 - Loaded plugin pinoutconfig (category:base,tabindex:0)
2025-02-14 13:53:10,624 [INFO] PluginManage:310 - Check plugin power
2025-02-14 13:53:10,631 [INFO] PluginManage:359 - Loaded plugin power (category:power,tabindex:4)
2025-02-14 13:53:10,631 [INFO] PluginManage:310 - Check plugin projectmanager
2025-02-14 13:53:10,664 [INFO] PluginManage:359 - Loaded plugin projectmanager (category:projectmanager,tabindex:4)
2025-02-14 13:53:10,664 [INFO] PluginManage:310 - Check plugin rif
2025-02-14 13:53:10,669 [INFO] PluginManage:359 - Loaded plugin rif (category:base,tabindex:3)
2025-02-14 13:53:10,670 [INFO] PluginManage:310 - Check plugin thirdparty
2025-02-14 13:53:10,797 [WARN] IntegrityCheckThread:84 - waiting for thirdparty lock release [integrity check]
2025-02-14 13:53:10,798 [INFO] PluginManage:359 - Loaded plugin thirdparty (category:base,tabindex:-1)
2025-02-14 13:53:10,798 [INFO] IntegrityCheckThread:86 - entering critical section [integrity check]
2025-02-14 13:53:10,798 [INFO] PluginManage:310 - Check plugin tools
2025-02-14 13:53:10,798 [INFO] ThirdPartyUpdaterWithRetryManager:70 - Updater plugin not ready yet. [1/15]
2025-02-14 13:53:10,800 [INFO] PluginManage:359 - Loaded plugin tools (category:base,tabindex:7)
2025-02-14 13:53:10,800 [INFO] PluginManage:310 - Check plugin tutovideos
2025-02-14 13:53:10,969 [INFO] PluginManage:359 - Loaded plugin tutovideos (category:base,tabindex:-1)
2025-02-14 13:53:10,969 [INFO] PluginManage:310 - Check plugin updater
2025-02-14 13:53:10,988 [INFO] PluginManage:359 - Loaded plugin updater (category:base,tabindex:12)
2025-02-14 13:53:10,988 [INFO] PluginManage:310 - Check plugin userauth
2025-02-14 13:53:10,991 [INFO] UserAuth:118 - Init User Auth plugin
2025-02-14 13:53:10,992 [INFO] PluginManage:359 - Loaded plugin userauth (category:base,tabindex:14)
2025-02-14 13:53:10,992 [INFO] PluginManage:283 - PluginManage : Loaded plugins [18]
2025-02-14 13:53:11,219 [INFO] PinOutPanel:1589 - setPackage(No Configuration,No Configuration)
2025-02-14 13:53:11,322 [INFO] CADModel:165 - CPN selected for project level
2025-02-14 13:53:11,323 [INFO] CADModel:114 - Register for checkConnection events
2025-02-14 13:53:11,343 [INFO] IPUIPlugin:80 - create IPUIPlugin
2025-02-14 13:53:11,343 [INFO] PluginManager:220 - loadIPPluginJar : add adc
2025-02-14 13:53:11,347 [INFO] IPUIPlugin:80 - create IPUIPlugin
2025-02-14 13:53:11,347 [INFO] PluginManager:220 - loadIPPluginJar : add aes
2025-02-14 13:53:11,350 [INFO] IPUIPlugin:80 - create IPUIPlugin
2025-02-14 13:53:11,350 [INFO] PluginManager:220 - loadIPPluginJar : add can
2025-02-14 13:53:11,352 [INFO] IPUIPlugin:80 - create IPUIPlugin
2025-02-14 13:53:11,353 [INFO] PluginManager:220 - loadIPPluginJar : add comp
2025-02-14 13:53:11,355 [INFO] IPUIPlugin:80 - create IPUIPlugin
2025-02-14 13:53:11,355 [INFO] PluginManager:220 - loadIPPluginJar : add cryp
2025-02-14 13:53:11,358 [INFO] IPUIPlugin:80 - create IPUIPlugin
2025-02-14 13:53:11,358 [INFO] PluginManager:220 - loadIPPluginJar : add ddr_ctrl_phy
2025-02-14 13:53:11,361 [INFO] IPUIPlugin:80 - create IPUIPlugin
2025-02-14 13:53:11,361 [INFO] PluginManager:220 - loadIPPluginJar : add dfsdm
2025-02-14 13:53:11,367 [INFO] IPUIPlugin:80 - create IPUIPlugin
2025-02-14 13:53:11,368 [INFO] PluginManager:220 - loadIPPluginJar : add dma
2025-02-14 13:53:11,370 [INFO] IPUIPlugin:80 - create IPUIPlugin
2025-02-14 13:53:11,371 [INFO] PluginManager:220 - loadIPPluginJar : add dma3
2025-02-14 13:53:11,373 [INFO] IPUIPlugin:80 - create IPUIPlugin
2025-02-14 13:53:11,373 [INFO] PluginManager:220 - loadIPPluginJar : add extmemmanager
2025-02-14 13:53:11,375 [INFO] IPUIPlugin:80 - create IPUIPlugin
2025-02-14 13:53:11,375 [INFO] PluginManager:220 - loadIPPluginJar : add fatfs
2025-02-14 13:53:11,380 [INFO] IPUIPlugin:80 - create IPUIPlugin
2025-02-14 13:53:11,380 [INFO] PluginManager:220 - loadIPPluginJar : add fmc
2025-02-14 13:53:11,386 [INFO] IPUIPlugin:80 - create IPUIPlugin
2025-02-14 13:53:11,386 [INFO] PluginManager:220 - loadIPPluginJar : add freertos
2025-02-14 13:53:11,387 [INFO] IPUIPlugin:80 - create IPUIPlugin
2025-02-14 13:53:11,388 [INFO] PluginManager:220 - loadIPPluginJar : add genericplugin
2025-02-14 13:53:11,390 [INFO] IPUIPlugin:80 - create IPUIPlugin
2025-02-14 13:53:11,390 [INFO] PluginManager:220 - loadIPPluginJar : add gfxmmu
2025-02-14 13:53:11,394 [INFO] IPUIPlugin:80 - create IPUIPlugin
2025-02-14 13:53:11,394 [INFO] PluginManager:220 - loadIPPluginJar : add gic
2025-02-14 13:53:11,398 [INFO] IPUIPlugin:80 - create IPUIPlugin
2025-02-14 13:53:11,399 [INFO] PluginManager:220 - loadIPPluginJar : add gpio
2025-02-14 13:53:11,401 [INFO] IPUIPlugin:80 - create IPUIPlugin
2025-02-14 13:53:11,401 [INFO] PluginManager:220 - loadIPPluginJar : add gtzc
2025-02-14 13:53:11,404 [INFO] IPUIPlugin:80 - create IPUIPlugin
2025-02-14 13:53:11,404 [INFO] PluginManager:220 - loadIPPluginJar : add hash
2025-02-14 13:53:11,407 [INFO] IPUIPlugin:80 - create IPUIPlugin
2025-02-14 13:53:11,407 [INFO] PluginManager:220 - loadIPPluginJar : add i2c
2025-02-14 13:53:11,410 [INFO] IPUIPlugin:80 - create IPUIPlugin
2025-02-14 13:53:11,411 [INFO] PluginManager:220 - loadIPPluginJar : add i2s
2025-02-14 13:53:11,413 [INFO] IPUIPlugin:80 - create IPUIPlugin
2025-02-14 13:53:11,413 [INFO] PluginManager:220 - loadIPPluginJar : add i3c
2025-02-14 13:53:11,416 [INFO] IPUIPlugin:80 - create IPUIPlugin
2025-02-14 13:53:11,417 [INFO] PluginManager:220 - loadIPPluginJar : add ipddr
2025-02-14 13:53:11,423 [INFO] IPUIPlugin:80 - create IPUIPlugin
2025-02-14 13:53:11,423 [INFO] PluginManager:220 - loadIPPluginJar : add linkedlist
2025-02-14 13:53:11,426 [INFO] IPUIPlugin:80 - create IPUIPlugin
2025-02-14 13:53:11,426 [INFO] PluginManager:220 - loadIPPluginJar : add lorawan
2025-02-14 13:53:11,427 [INFO] IPUIPlugin:80 - create IPUIPlugin
2025-02-14 13:53:11,428 [INFO] PluginManager:220 - loadIPPluginJar : add ltdc
2025-02-14 13:53:11,433 [INFO] IPUIPlugin:80 - create IPUIPlugin
2025-02-14 13:53:11,433 [INFO] PluginManager:220 - loadIPPluginJar : add mdma
2025-02-14 13:53:11,436 [INFO] IPUIPlugin:80 - create IPUIPlugin
2025-02-14 13:53:11,436 [INFO] PluginManager:220 - loadIPPluginJar : add nvic
2025-02-14 13:53:11,439 [INFO] IPUIPlugin:80 - create IPUIPlugin
2025-02-14 13:53:11,439 [INFO] PluginManager:220 - loadIPPluginJar : add opamp
2025-02-14 13:53:11,441 [INFO] IPUIPlugin:80 - create IPUIPlugin
2025-02-14 13:53:11,442 [INFO] PluginManager:220 - loadIPPluginJar : add openamp
2025-02-14 13:53:11,445 [INFO] IPUIPlugin:80 - create IPUIPlugin
2025-02-14 13:53:11,445 [INFO] PluginManager:220 - loadIPPluginJar : add pdm2pcm
2025-02-14 13:53:11,450 [INFO] IPUIPlugin:80 - create IPUIPlugin
2025-02-14 13:53:11,452 [INFO] PluginManager:220 - loadIPPluginJar : add plateformsettings
2025-02-14 13:53:11,454 [INFO] IPUIPlugin:80 - create IPUIPlugin
2025-02-14 13:53:11,454 [INFO] PluginManager:220 - loadIPPluginJar : add quadspi
2025-02-14 13:53:11,457 [INFO] IPUIPlugin:80 - create IPUIPlugin
2025-02-14 13:53:11,458 [INFO] PluginManager:220 - loadIPPluginJar : add radio
2025-02-14 13:53:11,461 [INFO] IPUIPlugin:80 - create IPUIPlugin
2025-02-14 13:53:11,461 [INFO] PluginManager:220 - loadIPPluginJar : add resmgrutility
2025-02-14 13:53:11,464 [INFO] IPUIPlugin:80 - create IPUIPlugin
2025-02-14 13:53:11,464 [INFO] PluginManager:220 - loadIPPluginJar : add sai
2025-02-14 13:53:11,468 [INFO] IPUIPlugin:80 - create IPUIPlugin
2025-02-14 13:53:11,468 [INFO] PluginManager:220 - loadIPPluginJar : add spi
2025-02-14 13:53:11,473 [INFO] IPUIPlugin:80 - create IPUIPlugin
2025-02-14 13:53:11,473 [INFO] PluginManager:220 - loadIPPluginJar : add stm32_wpan
2025-02-14 13:53:11,475 [INFO] IPUIPlugin:80 - create IPUIPlugin
2025-02-14 13:53:11,475 [INFO] PluginManager:220 - loadIPPluginJar : add tim
2025-02-14 13:53:11,478 [INFO] IPUIPlugin:80 - create IPUIPlugin
2025-02-14 13:53:11,478 [INFO] PluginManager:220 - loadIPPluginJar : add touchsensing
2025-02-14 13:53:11,480 [INFO] IPUIPlugin:80 - create IPUIPlugin
2025-02-14 13:53:11,481 [INFO] PluginManager:220 - loadIPPluginJar : add tracer_emb
2025-02-14 13:53:11,483 [INFO] IPUIPlugin:80 - create IPUIPlugin
2025-02-14 13:53:11,483 [INFO] PluginManager:220 - loadIPPluginJar : add ts
2025-02-14 13:53:11,484 [INFO] IPUIPlugin:80 - create IPUIPlugin
2025-02-14 13:53:11,484 [INFO] PluginManager:220 - loadIPPluginJar : add tsc
2025-02-14 13:53:11,487 [INFO] IPUIPlugin:80 - create IPUIPlugin
2025-02-14 13:53:11,487 [INFO] PluginManager:220 - loadIPPluginJar : add ucpd
2025-02-14 13:53:11,491 [INFO] IPUIPlugin:80 - create IPUIPlugin
2025-02-14 13:53:11,491 [INFO] PluginManager:220 - loadIPPluginJar : add usart
2025-02-14 13:53:11,495 [INFO] IPUIPlugin:80 - create IPUIPlugin
2025-02-14 13:53:11,495 [INFO] PluginManager:220 - loadIPPluginJar : add usbx
2025-02-14 13:53:11,632 [FATAL] Updater:351 - Updater called before beeing initialized
2025-02-14 13:53:11,655 [INFO] RulesReader:64 - Compatibility file has been processed (297 Rules)
2025-02-14 13:53:11,663 [INFO] RulesReader:64 - Compatibility file has been processed (297 Rules)
2025-02-14 13:53:11,672 [INFO] CADModel:165 - CPN selected for project level
2025-02-14 13:53:11,672 [INFO] CADModel:114 - Register for checkConnection events
2025-02-14 13:53:11,672 [FATAL] Updater:351 - Updater called before beeing initialized
2025-02-14 13:53:11,672 [ERROR] CADModel:125 - Updater not yet initialized, retry later 
2025-02-14 13:53:11,801 [FATAL] Updater:351 - Updater called before beeing initialized
2025-02-14 13:53:11,802 [INFO] CADModel:165 - CPN selected for project level
2025-02-14 13:53:11,802 [INFO] CADModel:114 - Register for checkConnection events
2025-02-14 13:53:11,802 [FATAL] Updater:351 - Updater called before beeing initialized
2025-02-14 13:53:11,803 [ERROR] CADModel:125 - Updater not yet initialized, retry later 
2025-02-14 13:53:11,805 [FATAL] Updater:351 - Updater called before beeing initialized
2025-02-14 13:53:11,903 [FATAL] Updater:351 - Updater called before beeing initialized
2025-02-14 13:53:11,907 [INFO] DbMcusAds:53 - JSON generation date=Tue Dec 17 08:01:15 PST 2024 (1734451275111)
2025-02-14 13:53:11,907 [FATAL] Updater:351 - Updater called before beeing initialized
2025-02-14 13:53:11,942 [WARN] DetailPanel:346 - Failed to get advertising image, set to default
2025-02-14 13:53:12,213 [FATAL] Updater:351 - Updater called before beeing initialized
2025-02-14 13:53:12,217 [FATAL] Updater:351 - Updater called before beeing initialized
2025-02-14 13:53:12,217 [FATAL] Updater:351 - Updater called before beeing initialized
2025-02-14 13:53:12,217 [WARN] DetailPanel:346 - Failed to get advertising image, set to default
2025-02-14 13:53:12,218 [FATAL] Updater:351 - Updater called before beeing initialized
2025-02-14 13:53:12,306 [ERROR] Updater:1198 - MainUpdater not yet initialized. External WinMGr cannot be set.
2025-02-14 13:53:12,309 [INFO] Updater:1134 - Updater Version found : 6.13.0
2025-02-14 13:53:12,328 [INFO] ApplicationProperties:184 - Using Application install path: C:\ST\STM32CubeIDE_1.16.1\STM32CubeIDE\plugins\com.st.stm32cube.common.mx_6.13.0.202411220809
2025-02-14 13:53:13,800 [INFO] ThirdPartyUpdaterWithRetryManager:70 - Updater plugin not ready yet. [2/15]
2025-02-14 13:53:13,902 [ERROR] LogOutputStream:75 - [STDERR_REDIRECT] Feb 14, 2025 1:53:13 PM java.util.prefs.WindowsPreferences <init>
2025-02-14 13:53:13,904 [ERROR] LogOutputStream:75 - [STDERR_REDIRECT] WARNING: Could not open/create prefs root node Software\JavaSoft\Prefs at root 0xffffffff80000002. Windows RegCreateKeyEx(...) returned error code 5.
2025-02-14 13:53:13,905 [ERROR] LogOutputStream:75 - [STDERR_REDIRECT] 
2025-02-14 13:53:14,305 [INFO] MainUpdater:2872 - connection check result : 10
2025-02-14 13:53:14,306 [INFO] MainUpdater:289 - Updater Check For Update Now.
2025-02-14 13:53:14,306 [INFO] MicroXplorer:498 - Change Database Version : DB.6.0.130
2025-02-14 13:53:14,312 [INFO] McuFinderGlobals:63 - Set McuFinder mode to 2 (CubeIDE integrated)
2025-02-14 13:53:14,313 [INFO] UserAuth:486 - Internet connection configuration mode: 1
2025-02-14 13:53:14,332 [INFO] JxBrowserEngine:152 - Initiate JxBrowser Engine with user profile folder
2025-02-14 13:53:14,486 [INFO] CheckServerUpdateThread:120 - End of CheckServer Thread
2025-02-14 13:53:14,927 [INFO] WebApp:168 - Instantiating new browser for Auth
2025-02-14 13:53:15,596 [INFO] WebApp:449 - Apply proxy settings
2025-02-14 13:53:15,597 [INFO] WebApp:534 - Chromium requires no authentication
2025-02-14 13:53:15,609 [INFO] WebApp:477 - Direct internet connection detected
2025-02-14 13:53:15,642 [INFO] WebApp:880 - Register for checkConnection events
2025-02-14 13:53:15,643 [INFO] WebApp:449 - Apply proxy settings
2025-02-14 13:53:15,643 [INFO] WebApp:534 - Chromium requires no authentication
2025-02-14 13:53:15,643 [INFO] WebApp:477 - Direct internet connection detected
2025-02-14 13:53:15,832 [INFO] WebApp:221 - Starting web application
2025-02-14 13:53:15,832 [INFO] WebApp:579 - Web application path used C:\ST\STM32CubeIDE_1.16.1\STM32CubeIDE\plugins\com.st.stm32cube.common.mx_6.13.0.202411220809\db\plugins\mcufinder\reactClient1\index.html
2025-02-14 13:53:15,920 [INFO] UserAuth:486 - Internet connection configuration mode: 1
2025-02-14 13:53:16,063 [INFO] WebApp:187 - Connection restablished
2025-02-14 13:53:17,069 [WARN] PackLoader:240 - Cannot read IP mode file for STMicroelectronics.FP-SNS-MOTENVWB1.1.4.0
2025-02-14 13:53:17,078 [WARN] PackLoader:240 - Cannot read IP mode file for STMicroelectronics.FP-ATR-ASTRA1.2.0.1
2025-02-14 13:53:17,090 [WARN] PackLoader:240 - Cannot read IP mode file for STMicroelectronics.X-CUBE-SMBUS.2.1.0
2025-02-14 13:53:17,100 [WARN] PackLoader:240 - Cannot read IP mode file for STMicroelectronics.X-CUBE-WB05N.1.1.0
2025-02-14 13:53:17,134 [WARN] PackLoader:240 - Cannot read IP mode file for STMicroelectronics.X-CUBE-AZRTOS-F7.1.1.0
2025-02-14 13:53:17,194 [WARN] PackLoader:240 - Cannot read IP mode file for STMicroelectronics.X-CUBE-MEMS1.11.0.0
2025-02-14 13:53:17,329 [WARN] PackLoader:240 - Cannot read IP mode file for STMicroelectronics.FP-SNS-FLIGHT1.5.0.2
2025-02-14 13:53:17,337 [WARN] PackLoader:240 - Cannot read IP mode file for STMicroelectronics.X-CUBE-DISPLAY.3.0.0
2025-02-14 13:53:17,343 [WARN] PackLoader:240 - Cannot read IP mode file for STMicroelectronics.X-CUBE-BLE1.7.0.0
2025-02-14 13:53:17,350 [WARN] PackLoader:240 - Cannot read IP mode file for STMicroelectronics.X-CUBE-NFC10.1.0.0
2025-02-14 13:53:17,359 [WARN] PackLoader:240 - Cannot read IP mode file for STMicroelectronics.X-CUBE-BLEMGR.4.0.0
2025-02-14 13:53:17,368 [WARN] PackLoader:240 - Cannot read IP mode file for emotas.I-CUBE-CANOPEN.1.3.0
2025-02-14 13:53:17,376 [WARN] PackLoader:240 - Cannot read IP mode file for STMicroelectronics.X-CUBE-BLEMGR.3.1.0
2025-02-14 13:53:17,384 [WARN] PackLoader:240 - Cannot read IP mode file for STMicroelectronics.X-CUBE-AI.10.0.0
2025-02-14 13:53:17,389 [WARN] PackLoader:240 - Cannot read IP mode file for STMicroelectronics.FP-SNS-SMARTAG2.1.2.0
2025-02-14 13:53:17,429 [WARN] PackLoader:240 - Cannot read IP mode file for STMicroelectronics.X-CUBE-MEMS1.11.1.0
2025-02-14 13:53:17,576 [INFO] LogOutputStream:77 - [STDOUT_REDIRECT] 1 : Invalid condition id : UX_CORESTACK_Condition cause : null
2025-02-14 13:53:17,577 [INFO] LogOutputStream:77 - [STDOUT_REDIRECT] 1 : Invalid condition id : UX_CORESTACK_Condition cause : null
2025-02-14 13:53:17,578 [INFO] LogOutputStream:77 - [STDOUT_REDIRECT] 1 : Invalid condition id : UX_CORESTACK_Condition cause : null
2025-02-14 13:53:17,581 [INFO] LogOutputStream:77 - [STDOUT_REDIRECT] 1 : Invalid condition id : UX_CORESTACK_Condition cause : null
2025-02-14 13:53:17,583 [INFO] LogOutputStream:77 - [STDOUT_REDIRECT] 1 : Invalid condition id : UX_CORESTACK_Condition cause : null
2025-02-14 13:53:17,586 [WARN] PackLoader:240 - Cannot read IP mode file for STMicroelectronics.X-CUBE-AZRTOS-WL.2.0.0
2025-02-14 13:53:17,594 [WARN] PackLoader:240 - Cannot read IP mode file for STMicroelectronics.FP-SNS-MOTENV1.5.0.0
2025-02-14 13:53:17,603 [WARN] PackLoader:240 - Cannot read IP mode file for wolfSSL.I-CUBE-wolfMQTT.1.19.0
2025-02-14 13:53:17,622 [WARN] PackLoader:240 - Cannot read IP mode file for WES.I-CUBE-Cesium.1.3.0
2025-02-14 13:53:17,629 [WARN] PackLoader:240 - Cannot read IP mode file for STMicroelectronics.X-CUBE-BLE2.3.3.0
2025-02-14 13:53:17,637 [WARN] PackLoader:240 - Cannot read IP mode file for STMicroelectronics.X-CUBE-NFC9.1.0.0
2025-02-14 13:53:17,644 [WARN] PackLoader:240 - Cannot read IP mode file for STMicroelectronics.X-CUBE-TCPP.4.1.0
2025-02-14 13:53:17,662 [WARN] PackLoader:240 - Cannot read IP mode file for STMicroelectronics.X-CUBE-AZRTOS-G0.1.1.0
2025-02-14 13:53:17,672 [WARN] PackLoader:240 - Cannot read IP mode file for STMicroelectronics.X-CUBE-SAFEA1.1.2.2
2025-02-14 13:53:17,678 [WARN] PackLoader:240 - Cannot read IP mode file for STMicroelectronics.X-CUBE-NFC4.3.0.0
2025-02-14 13:53:17,689 [WARN] PackLoader:240 - Cannot read IP mode file for EmbeddedOffice.I-CUBE-FS-RTOS.1.0.1
2025-02-14 13:53:17,764 [WARN] PackLoader:240 - Cannot read IP mode file for STMicroelectronics.X-CUBE-TCPP.4.2.0
2025-02-14 13:53:17,769 [WARN] PackLoader:240 - Cannot read IP mode file for RealThread.X-CUBE-RT-Thread_Nano.4.1.1
2025-02-14 13:53:17,774 [WARN] PackLoader:240 - Cannot read IP mode file for STMicroelectronics.FP-ATR-SIGFOX1.3.2.0
2025-02-14 13:53:17,779 [WARN] ConditionMgr:438 - getConditionDescription Invalid condition id : Cortex-A Device cause : null
2025-02-14 13:53:17,798 [WARN] ConditionMgr:1044 - genDependencies : Invalid condition id : Cortex-A Device cause : null
2025-02-14 13:53:17,798 [WARN] ConditionMgr:1044 - genDependencies : Invalid condition id : Cortex-A Device cause : null
2025-02-14 13:53:17,798 [WARN] ConditionMgr:1044 - genDependencies : Invalid condition id : Cortex-A Device cause : null
2025-02-14 13:53:17,804 [WARN] PackLoader:240 - Cannot read IP mode file for STMicroelectronics.X-CUBE-EEPRMA1.5.1.0
2025-02-14 13:53:17,810 [WARN] PackLoader:240 - Cannot read IP mode file for wolfSSL.I-CUBE-wolfSSL.5.7.4
2025-02-14 13:53:17,816 [WARN] PackLoader:240 - Cannot read IP mode file for ITTIA_DB.I-CUBE-ITTIADB.8.9.0
2025-02-14 13:53:17,842 [WARN] PackLoader:240 - Cannot read IP mode file for SEGGER.I-CUBE-embOS.1.3.1
2025-02-14 13:53:17,868 [WARN] PackLoader:240 - Cannot read IP mode file for STMicroelectronics.X-CUBE-ALGOBUILD.1.4.0
2025-02-14 13:53:17,872 [WARN] PackLoader:240 - Cannot read IP mode file for STMicroelectronics.X-CUBE-AI.9.1.0
2025-02-14 13:53:17,889 [WARN] PackLoader:240 - Cannot read IP mode file for STMicroelectronics.X-CUBE-AZRTOS-F4.1.1.0
2025-02-14 13:53:17,895 [WARN] PackLoader:240 - Cannot read IP mode file for STMicroelectronics.X-CUBE-ISPU.2.1.0
2025-02-14 13:53:17,902 [WARN] PackLoader:240 - Cannot read IP mode file for STMicroelectronics.X-CUBE-FREERTOS.1.2.0
2025-02-14 13:53:17,914 [WARN] PackLoader:240 - Cannot read IP mode file for STMicroelectronics.X-CUBE-AZRTOS-L5.2.0.0
2025-02-14 13:53:17,923 [WARN] PackLoader:240 - Cannot read IP mode file for STMicroelectronics.X-CUBE-NFC6.3.1.0
2025-02-14 13:53:17,928 [WARN] PackLoader:240 - Cannot read IP mode file for STMicroelectronics.X-CUBE-DPower.1.2.0
2025-02-14 13:53:17,933 [WARN] PackLoader:240 - Cannot read IP mode file for STMicroelectronics.X-CUBE-FREERTOS.1.3.0
2025-02-14 13:53:17,937 [WARN] PackLoader:240 - Cannot read IP mode file for STMicroelectronics.X-CUBE-NFC7.1.0.1
2025-02-14 13:53:17,954 [WARN] ConditionMgr:438 - getConditionDescription Invalid condition id : LAN8742 Phy interface Condition cause : null
2025-02-14 13:53:17,955 [WARN] PackLoader:240 - Cannot read IP mode file for STMicroelectronics.X-CUBE-AZRTOS-L4.2.0.0
2025-02-14 13:53:17,955 [WARN] ConditionMgr:1044 - genDependencies : Invalid condition id : LAN8742 Phy interface Condition cause : null
2025-02-14 13:53:17,956 [WARN] ConditionMgr:1044 - genDependencies : Invalid condition id : LAN8742 Phy interface Condition cause : null
2025-02-14 13:53:17,956 [WARN] ConditionMgr:1044 - genDependencies : Invalid condition id : LAN8742 Phy interface Condition cause : null
2025-02-14 13:53:17,962 [WARN] PackLoader:240 - Cannot read IP mode file for STMicroelectronics.X-CUBE-SFXS2LP1.4.0.0
2025-02-14 13:53:17,977 [WARN] PackLoader:240 - Cannot read IP mode file for STMicroelectronics.X-CUBE-AZRTOS-H7.3.3.0
2025-02-14 13:53:17,988 [WARN] PackLoader:240 - Cannot read IP mode file for STMicroelectronics.X-CUBE-IPS.3.0.0
2025-02-14 13:53:17,998 [WARN] ConditionMgr:438 - getConditionDescription Invalid condition id : UX DEVICE CLASS RTOS Condition cause : null
2025-02-14 13:53:17,998 [WARN] ConditionMgr:438 - getConditionDescription Invalid condition id : UX DEVICE CLASS RTOS Condition cause : null
2025-02-14 13:53:18,000 [WARN] PackLoader:240 - Cannot read IP mode file for STMicroelectronics.X-CUBE-AZRTOS-WB.2.0.0
2025-02-14 13:53:18,000 [WARN] ConditionMgr:1044 - genDependencies : Invalid condition id : UX DEVICE CLASS RTOS Condition cause : null
2025-02-14 13:53:18,001 [WARN] ConditionMgr:1044 - genDependencies : Invalid condition id : UX DEVICE CLASS RTOS Condition cause : null
2025-02-14 13:53:18,001 [WARN] ConditionMgr:1044 - genDependencies : Invalid condition id : UX DEVICE CLASS RTOS Condition cause : null
2025-02-14 13:53:18,001 [WARN] ConditionMgr:1044 - genDependencies : Invalid condition id : UX DEVICE CLASS RTOS Condition cause : null
2025-02-14 13:53:18,001 [WARN] ConditionMgr:1044 - genDependencies : Invalid condition id : UX DEVICE CLASS RTOS Condition cause : null
2025-02-14 13:53:18,006 [WARN] PackLoader:240 - Cannot read IP mode file for STMicroelectronics.X-CUBE-GNSS1.7.0.0
2025-02-14 13:53:18,010 [WARN] PackLoader:240 - Cannot read IP mode file for STMicroelectronics.X-CUBE-GNSS1.7.0.1
2025-02-14 13:53:18,017 [WARN] PackLoader:240 - Cannot read IP mode file for STMicroelectronics.FP-SNS-STBOX1.2.0.0
2025-02-14 13:53:18,025 [WARN] PackLoader:240 - Cannot read IP mode file for STMicroelectronics.X-CUBE-SUBG2.5.0.0
2025-02-14 13:53:18,038 [WARN] PackLoader:240 - Cannot read IP mode file for Cesanta.I-CUBE-Mongoose.7.13.0
2025-02-14 13:53:18,047 [WARN] PackLoader:240 - Cannot read IP mode file for STMicroelectronics.X-CUBE-AZRTOS-G4.2.0.0
2025-02-14 13:53:18,057 [WARN] PackLoader:240 - Cannot read IP mode file for STMicroelectronics.X-CUBE-IPS.3.1.0
2025-02-14 13:53:18,063 [WARN] PackLoader:240 - Cannot read IP mode file for STMicroelectronics.X-CUBE-ALS.1.0.2
2025-02-14 13:53:18,068 [WARN] PackLoader:240 - Cannot read IP mode file for STMicroelectronics.X-CUBE-TOUCHGFX.4.24.2
2025-02-14 13:53:18,071 [WARN] PackLoader:240 - Cannot read IP mode file for STMicroelectronics.X-CUBE-TOUCHGFX.4.24.1
2025-02-14 13:53:18,075 [WARN] PackLoader:240 - Cannot read IP mode file for wolfSSL.I-CUBE-wolfTPM.3.4.0
2025-02-14 13:53:18,080 [WARN] PackLoader:240 - Cannot read IP mode file for portGmbH.I-Cube-SoM-uGOAL.1.1.0
2025-02-14 13:53:18,092 [WARN] PackLoader:240 - Cannot read IP mode file for STMicroelectronics.X-CUBE-AZRTOS-H7RS.1.0.0
2025-02-14 13:53:18,096 [WARN] PackLoader:240 - Cannot read IP mode file for STMicroelectronics.FP-ATR-ASTRA1.2.0.0
2025-02-14 13:53:18,103 [WARN] PackLoader:240 - Cannot read IP mode file for STMicroelectronics.X-CUBE-TOF1.3.4.2
2025-02-14 13:53:18,122 [WARN] PackLoader:240 - Cannot read IP mode file for Infineon.AIROC-Wi-Fi-Bluetooth-STM32.1.6.1
2025-02-14 13:53:18,127 [WARN] PackLoader:240 - Cannot read IP mode file for wolfSSL.I-CUBE-wolfSSH.1.4.17
2025-02-14 13:53:18,128 [INFO] ThirdParty:978 - Integrity check success = true
2025-02-14 13:53:18,128 [INFO] IntegrityCheckThread:100 - exiting critical section [integrity check]
2025-02-14 13:53:18,128 [INFO] IntegrityCheckThread:103 - End integrity checks thread
2025-02-14 13:54:00,921 [ERROR] LogOutputStream:75 - [STDERR_REDIRECT] 
