2025-02-19 14:48:08,188 [INFO] Activator:176 - 


2025-02-19 14:48:08,194 [INFO] Activator:177 - !SESSION log4j initialized
2025-02-19 14:48:15,347 [INFO] LogOutputStream:77 - [STDOUT_REDIRECT] 
2025-02-19 14:48:20,260 [INFO] ApplicationProperties:184 - Using Application install path: C:\ST\STM32CubeIDE_1.16.1\STM32CubeIDE\plugins\com.st.stm32cube.common.mx_6.13.0.202411220809
2025-02-19 14:48:20,281 [INFO] DbMcusXml:78 - Set database path to: C:\ST\STM32CubeIDE_1.16.1\STM32CubeIDE\plugins\com.st.stm32cube.common.mx_6.13.0.202411220809\\db\/mcu/
2025-02-19 14:48:20,281 [INFO] ApiDb:274 - Set plugin database path to: C:\ST\STM32CubeIDE_1.16.1\STM32CubeIDE\plugins\com.st.stm32cube.common.mx_6.13.0.202411220809\\db\/plugins/boardmanager/
2025-02-19 14:48:20,282 [WARN] ApiDb:259 - Overriding images path with different value:  => C:\ST\STM32CubeIDE_1.16.1\STM32CubeIDE\plugins\com.st.stm32cube.common.mx_6.13.0.202411220809\\db\/plugins/mcufinder/images/
2025-02-19 14:48:20,295 [INFO] ApiDb:250 - Set database path to: C:\Users\User\.stmcufinder\plugins\mcufinder//mcu/
2025-02-19 14:48:20,297 [INFO] DbMcusAds:125 - Set database path to: C:\Users\User\.stmcufinder\plugins\mcufinder//mcu/
2025-02-19 14:48:20,300 [INFO] CrossReferenceDbSqlite:203 - Set database path to: C:\Users\User\.stmcufinder\plugins\mcufinder//mcu/cs/
2025-02-19 14:48:20,429 [INFO] RulesReader:64 - Compatibility file has been processed (297 Rules)
2025-02-19 14:48:20,528 [INFO] DbMcusXml:78 - Set database path to: C:\ST\STM32CubeIDE_1.16.1\STM32CubeIDE\plugins\com.st.stm32cube.common.mx_6.13.0.202411220809\\db\/mcu/
2025-02-19 14:48:20,528 [INFO] ApiDb:274 - Set plugin database path to: C:\ST\STM32CubeIDE_1.16.1\STM32CubeIDE\plugins\com.st.stm32cube.common.mx_6.13.0.202411220809\\db\/plugins/boardmanager/
2025-02-19 14:48:20,529 [INFO] ApiDb:261 - Set plugin images path to: C:\ST\STM32CubeIDE_1.16.1\STM32CubeIDE\plugins\com.st.stm32cube.common.mx_6.13.0.202411220809\\db\/plugins/mcufinder/images/
2025-02-19 14:48:20,529 [WARN] DbFile:41 - Overriding database path with different value: C:\Users\User\.stmcufinder\plugins\mcufinder/ => C:\Users\User\.stmcufinder\plugins\mcufinder
2025-02-19 14:48:20,529 [INFO] ApiDb:250 - Set database path to: C:\Users\User\.stmcufinder\plugins\mcufinder//mcu/
2025-02-19 14:48:20,529 [WARN] DbFile:41 - Overriding database path with different value: C:\Users\User\.stmcufinder\plugins\mcufinder/ => C:\Users\User\.stmcufinder\plugins\mcufinder
2025-02-19 14:48:20,529 [INFO] DbMcusAds:125 - Set database path to: C:\Users\User\.stmcufinder\plugins\mcufinder//mcu/
2025-02-19 14:48:20,529 [WARN] DbFile:41 - Overriding database path with different value: C:\Users\User\.stmcufinder\plugins\mcufinder/ => C:\Users\User\.stmcufinder\plugins\mcufinder
2025-02-19 14:48:20,529 [WARN] DbFile:41 - Overriding database path with different value: C:\Users\User\.stmcufinder\plugins\mcufinder/ => C:\Users\User\.stmcufinder\plugins\mcufinder
2025-02-19 14:48:20,529 [INFO] CrossReferenceDbSqlite:203 - Set database path to: C:\Users\User\.stmcufinder\plugins\mcufinder//mcu/cs/
2025-02-19 14:48:20,620 [INFO] MainPanel:272 - HeapMemory: 268435456
2025-02-19 14:48:20,750 [INFO] DbMcusXml:78 - Set database path to: C:\ST\STM32CubeIDE_1.16.1\STM32CubeIDE\plugins\com.st.stm32cube.common.mx_6.13.0.202411220809\\db\/mcu/
2025-02-19 14:48:20,750 [INFO] ApiDb:274 - Set plugin database path to: C:\ST\STM32CubeIDE_1.16.1\STM32CubeIDE\plugins\com.st.stm32cube.common.mx_6.13.0.202411220809\\db\/plugins/boardmanager/
2025-02-19 14:48:20,750 [INFO] ApiDb:261 - Set plugin images path to: C:\ST\STM32CubeIDE_1.16.1\STM32CubeIDE\plugins\com.st.stm32cube.common.mx_6.13.0.202411220809\\db\/plugins/mcufinder/images/
2025-02-19 14:48:20,750 [WARN] DbFile:41 - Overriding database path with different value: C:\Users\User\.stmcufinder\plugins\mcufinder/ => C:\Users\User\.stmcufinder\plugins\mcufinder
2025-02-19 14:48:20,750 [INFO] ApiDb:250 - Set database path to: C:\Users\User\.stmcufinder\plugins\mcufinder//mcu/
2025-02-19 14:48:20,750 [WARN] DbFile:41 - Overriding database path with different value: C:\Users\User\.stmcufinder\plugins\mcufinder/ => C:\Users\User\.stmcufinder\plugins\mcufinder
2025-02-19 14:48:20,751 [INFO] DbMcusAds:125 - Set database path to: C:\Users\User\.stmcufinder\plugins\mcufinder//mcu/
2025-02-19 14:48:20,751 [WARN] DbFile:41 - Overriding database path with different value: C:\Users\User\.stmcufinder\plugins\mcufinder/ => C:\Users\User\.stmcufinder\plugins\mcufinder
2025-02-19 14:48:20,751 [WARN] DbFile:41 - Overriding database path with different value: C:\Users\User\.stmcufinder\plugins\mcufinder/ => C:\Users\User\.stmcufinder\plugins\mcufinder
2025-02-19 14:48:20,751 [INFO] CrossReferenceDbSqlite:203 - Set database path to: C:\Users\User\.stmcufinder\plugins\mcufinder//mcu/cs/
2025-02-19 14:48:20,774 [INFO] ApplicationProperties:184 - Using Application install path: C:\ST\STM32CubeIDE_1.16.1\STM32CubeIDE\plugins\com.st.stm32cube.common.mx_6.13.0.202411220809
2025-02-19 14:48:20,775 [INFO] PluginManage:196 - Search for loadable plugins [exclusion list=, ]
2025-02-19 14:48:20,776 [INFO] PluginManage:310 - Check plugin analytics
2025-02-19 14:48:20,956 [INFO] AnalyticsPlugin:253 - Accepted Software Licenses: 
2025-02-19 14:48:20,956 [INFO] AnalyticsPlugin:255 - Accepted CMSIS Pack Licenses: EmbeddedOffice.I-CUBE-FS-RTOS.1.0.1
2025-02-19 14:48:20,956 [INFO] AnalyticsPlugin:257 - Accepted Firmware Licenses: FW.U5.1.6.0,FW.U5.1.1.0
2025-02-19 14:48:20,960 [INFO] PluginManage:359 - Loaded plugin analytics (category:tool,tabindex:-1)
2025-02-19 14:48:20,960 [INFO] PluginManage:310 - Check plugin cadmodel
2025-02-19 14:48:20,980 [INFO] CADModel:105 - Init CAD model plugin
2025-02-19 14:48:20,980 [INFO] PluginManage:359 - Loaded plugin cadmodel (category:power,tabindex:5)
2025-02-19 14:48:20,981 [INFO] PluginManage:310 - Check plugin clock
2025-02-19 14:48:21,010 [INFO] PluginManage:359 - Loaded plugin clock (category:base,tabindex:2)
2025-02-19 14:48:21,010 [INFO] PluginManage:310 - Check plugin ddr
2025-02-19 14:48:21,014 [INFO] PluginManage:359 - Loaded plugin ddr (category:tool,tabindex:6)
2025-02-19 14:48:21,014 [INFO] PluginManage:310 - Check plugin filemanager
2025-02-19 14:48:21,167 [INFO] PluginManage:359 - Loaded plugin filemanager (category:base,tabindex:10)
2025-02-19 14:48:21,167 [INFO] PluginManage:310 - Check plugin ipmanager
2025-02-19 14:48:21,176 [INFO] PluginManage:359 - Loaded plugin ipmanager (category:base,tabindex:5)
2025-02-19 14:48:21,176 [INFO] PluginManage:310 - Check plugin lpbam
2025-02-19 14:48:21,198 [INFO] PluginManage:359 - Loaded plugin lpbam (category:base,tabindex:0)
2025-02-19 14:48:21,198 [INFO] PluginManage:310 - Check plugin memorymap
2025-02-19 14:48:21,227 [INFO] PluginManage:359 - Loaded plugin memorymap (category:base,tabindex:4)
2025-02-19 14:48:21,227 [INFO] PluginManage:310 - Check plugin pinoutandconfiguration
2025-02-19 14:48:21,250 [INFO] PluginManage:359 - Loaded plugin pinoutandconfiguration (category:base,tabindex:1)
2025-02-19 14:48:21,250 [INFO] PluginManage:310 - Check plugin pinoutconfig
2025-02-19 14:48:21,363 [WARN] SupportedApi:132 - Cannot load RTOS API schema: s4s-elt-must-match.1: The content of 'definitions' must match (annotation?, (simpleType | complexType)?, (unique | key | keyref)*)). A problem was found starting at: attribute.
2025-02-19 14:48:21,521 [INFO] PluginManage:359 - Loaded plugin pinoutconfig (category:base,tabindex:0)
2025-02-19 14:48:21,522 [INFO] PluginManage:310 - Check plugin power
2025-02-19 14:48:21,548 [INFO] PluginManage:359 - Loaded plugin power (category:power,tabindex:4)
2025-02-19 14:48:21,548 [INFO] PluginManage:310 - Check plugin projectmanager
2025-02-19 14:48:21,564 [INFO] PluginManage:359 - Loaded plugin projectmanager (category:projectmanager,tabindex:4)
2025-02-19 14:48:21,565 [INFO] PluginManage:310 - Check plugin rif
2025-02-19 14:48:21,586 [INFO] PluginManage:359 - Loaded plugin rif (category:base,tabindex:3)
2025-02-19 14:48:21,587 [INFO] PluginManage:310 - Check plugin thirdparty
2025-02-19 14:48:21,928 [WARN] IntegrityCheckThread:84 - waiting for thirdparty lock release [integrity check]
2025-02-19 14:48:21,929 [INFO] IntegrityCheckThread:86 - entering critical section [integrity check]
2025-02-19 14:48:21,929 [INFO] PluginManage:359 - Loaded plugin thirdparty (category:base,tabindex:-1)
2025-02-19 14:48:21,929 [INFO] PluginManage:310 - Check plugin tools
2025-02-19 14:48:21,929 [INFO] ThirdPartyUpdaterWithRetryManager:70 - Updater plugin not ready yet. [1/15]
2025-02-19 14:48:21,975 [INFO] PluginManage:359 - Loaded plugin tools (category:base,tabindex:7)
2025-02-19 14:48:21,975 [INFO] PluginManage:310 - Check plugin tutovideos
2025-02-19 14:48:22,199 [INFO] PluginManage:359 - Loaded plugin tutovideos (category:base,tabindex:-1)
2025-02-19 14:48:22,199 [INFO] PluginManage:310 - Check plugin updater
2025-02-19 14:48:22,221 [INFO] PluginManage:359 - Loaded plugin updater (category:base,tabindex:12)
2025-02-19 14:48:22,221 [INFO] PluginManage:310 - Check plugin userauth
2025-02-19 14:48:22,226 [INFO] UserAuth:118 - Init User Auth plugin
2025-02-19 14:48:22,226 [INFO] PluginManage:359 - Loaded plugin userauth (category:base,tabindex:14)
2025-02-19 14:48:22,227 [INFO] PluginManage:283 - PluginManage : Loaded plugins [18]
2025-02-19 14:48:22,467 [INFO] PinOutPanel:1589 - setPackage(No Configuration,No Configuration)
2025-02-19 14:48:22,581 [INFO] CADModel:165 - CPN selected for project level
2025-02-19 14:48:22,581 [INFO] CADModel:114 - Register for checkConnection events
2025-02-19 14:48:22,613 [INFO] IPUIPlugin:80 - create IPUIPlugin
2025-02-19 14:48:22,613 [INFO] PluginManager:220 - loadIPPluginJar : add adc
2025-02-19 14:48:22,663 [INFO] IPUIPlugin:80 - create IPUIPlugin
2025-02-19 14:48:22,663 [INFO] PluginManager:220 - loadIPPluginJar : add aes
2025-02-19 14:48:22,718 [INFO] IPUIPlugin:80 - create IPUIPlugin
2025-02-19 14:48:22,718 [INFO] PluginManager:220 - loadIPPluginJar : add can
2025-02-19 14:48:22,749 [INFO] IPUIPlugin:80 - create IPUIPlugin
2025-02-19 14:48:22,749 [INFO] PluginManager:220 - loadIPPluginJar : add comp
2025-02-19 14:48:22,795 [INFO] IPUIPlugin:80 - create IPUIPlugin
2025-02-19 14:48:22,795 [INFO] PluginManager:220 - loadIPPluginJar : add cryp
2025-02-19 14:48:22,811 [INFO] IPUIPlugin:80 - create IPUIPlugin
2025-02-19 14:48:22,811 [INFO] PluginManager:220 - loadIPPluginJar : add ddr_ctrl_phy
2025-02-19 14:48:22,854 [INFO] IPUIPlugin:80 - create IPUIPlugin
2025-02-19 14:48:22,854 [INFO] PluginManager:220 - loadIPPluginJar : add dfsdm
2025-02-19 14:48:22,873 [INFO] IPUIPlugin:80 - create IPUIPlugin
2025-02-19 14:48:22,873 [INFO] PluginManager:220 - loadIPPluginJar : add dma
2025-02-19 14:48:22,925 [INFO] IPUIPlugin:80 - create IPUIPlugin
2025-02-19 14:48:22,925 [INFO] PluginManager:220 - loadIPPluginJar : add dma3
2025-02-19 14:48:22,981 [INFO] IPUIPlugin:80 - create IPUIPlugin
2025-02-19 14:48:22,981 [INFO] PluginManager:220 - loadIPPluginJar : add extmemmanager
2025-02-19 14:48:23,010 [INFO] IPUIPlugin:80 - create IPUIPlugin
2025-02-19 14:48:23,010 [INFO] PluginManager:220 - loadIPPluginJar : add fatfs
2025-02-19 14:48:23,070 [INFO] IPUIPlugin:80 - create IPUIPlugin
2025-02-19 14:48:23,070 [INFO] PluginManager:220 - loadIPPluginJar : add fmc
2025-02-19 14:48:23,092 [INFO] IPUIPlugin:80 - create IPUIPlugin
2025-02-19 14:48:23,092 [INFO] PluginManager:220 - loadIPPluginJar : add freertos
2025-02-19 14:48:23,120 [INFO] IPUIPlugin:80 - create IPUIPlugin
2025-02-19 14:48:23,120 [INFO] PluginManager:220 - loadIPPluginJar : add genericplugin
2025-02-19 14:48:23,242 [INFO] IPUIPlugin:80 - create IPUIPlugin
2025-02-19 14:48:23,242 [INFO] PluginManager:220 - loadIPPluginJar : add gfxmmu
2025-02-19 14:48:23,410 [INFO] IPUIPlugin:80 - create IPUIPlugin
2025-02-19 14:48:23,410 [INFO] PluginManager:220 - loadIPPluginJar : add gic
2025-02-19 14:48:23,424 [INFO] IPUIPlugin:80 - create IPUIPlugin
2025-02-19 14:48:23,425 [INFO] PluginManager:220 - loadIPPluginJar : add gpio
2025-02-19 14:48:23,547 [INFO] IPUIPlugin:80 - create IPUIPlugin
2025-02-19 14:48:23,547 [INFO] PluginManager:220 - loadIPPluginJar : add gtzc
2025-02-19 14:48:23,589 [INFO] IPUIPlugin:80 - create IPUIPlugin
2025-02-19 14:48:23,589 [INFO] PluginManager:220 - loadIPPluginJar : add hash
2025-02-19 14:48:23,661 [INFO] IPUIPlugin:80 - create IPUIPlugin
2025-02-19 14:48:23,661 [INFO] PluginManager:220 - loadIPPluginJar : add i2c
2025-02-19 14:48:23,713 [INFO] IPUIPlugin:80 - create IPUIPlugin
2025-02-19 14:48:23,713 [INFO] PluginManager:220 - loadIPPluginJar : add i2s
2025-02-19 14:48:23,766 [INFO] IPUIPlugin:80 - create IPUIPlugin
2025-02-19 14:48:23,767 [INFO] PluginManager:220 - loadIPPluginJar : add i3c
2025-02-19 14:48:23,893 [INFO] IPUIPlugin:80 - create IPUIPlugin
2025-02-19 14:48:23,893 [INFO] PluginManager:220 - loadIPPluginJar : add ipddr
2025-02-19 14:48:24,012 [INFO] IPUIPlugin:80 - create IPUIPlugin
2025-02-19 14:48:24,012 [INFO] PluginManager:220 - loadIPPluginJar : add linkedlist
2025-02-19 14:48:24,056 [INFO] IPUIPlugin:80 - create IPUIPlugin
2025-02-19 14:48:24,057 [INFO] PluginManager:220 - loadIPPluginJar : add lorawan
2025-02-19 14:48:24,106 [INFO] IPUIPlugin:80 - create IPUIPlugin
2025-02-19 14:48:24,106 [INFO] PluginManager:220 - loadIPPluginJar : add ltdc
2025-02-19 14:48:24,124 [INFO] IPUIPlugin:80 - create IPUIPlugin
2025-02-19 14:48:24,124 [INFO] PluginManager:220 - loadIPPluginJar : add mdma
2025-02-19 14:48:24,139 [INFO] IPUIPlugin:80 - create IPUIPlugin
2025-02-19 14:48:24,139 [INFO] PluginManager:220 - loadIPPluginJar : add nvic
2025-02-19 14:48:24,189 [INFO] IPUIPlugin:80 - create IPUIPlugin
2025-02-19 14:48:24,189 [INFO] PluginManager:220 - loadIPPluginJar : add opamp
2025-02-19 14:48:24,269 [INFO] IPUIPlugin:80 - create IPUIPlugin
2025-02-19 14:48:24,269 [INFO] PluginManager:220 - loadIPPluginJar : add openamp
2025-02-19 14:48:24,324 [INFO] IPUIPlugin:80 - create IPUIPlugin
2025-02-19 14:48:24,324 [INFO] PluginManager:220 - loadIPPluginJar : add pdm2pcm
2025-02-19 14:48:24,341 [INFO] IPUIPlugin:80 - create IPUIPlugin
2025-02-19 14:48:24,343 [INFO] PluginManager:220 - loadIPPluginJar : add plateformsettings
2025-02-19 14:48:24,373 [INFO] IPUIPlugin:80 - create IPUIPlugin
2025-02-19 14:48:24,373 [INFO] PluginManager:220 - loadIPPluginJar : add quadspi
2025-02-19 14:48:24,410 [INFO] IPUIPlugin:80 - create IPUIPlugin
2025-02-19 14:48:24,410 [INFO] PluginManager:220 - loadIPPluginJar : add radio
2025-02-19 14:48:24,430 [INFO] IPUIPlugin:80 - create IPUIPlugin
2025-02-19 14:48:24,430 [INFO] PluginManager:220 - loadIPPluginJar : add resmgrutility
2025-02-19 14:48:24,489 [INFO] IPUIPlugin:80 - create IPUIPlugin
2025-02-19 14:48:24,489 [INFO] PluginManager:220 - loadIPPluginJar : add sai
2025-02-19 14:48:24,539 [INFO] IPUIPlugin:80 - create IPUIPlugin
2025-02-19 14:48:24,539 [INFO] PluginManager:220 - loadIPPluginJar : add spi
2025-02-19 14:48:24,627 [INFO] IPUIPlugin:80 - create IPUIPlugin
2025-02-19 14:48:24,627 [INFO] PluginManager:220 - loadIPPluginJar : add stm32_wpan
2025-02-19 14:48:24,663 [INFO] IPUIPlugin:80 - create IPUIPlugin
2025-02-19 14:48:24,663 [INFO] PluginManager:220 - loadIPPluginJar : add tim
2025-02-19 14:48:24,741 [INFO] IPUIPlugin:80 - create IPUIPlugin
2025-02-19 14:48:24,741 [INFO] PluginManager:220 - loadIPPluginJar : add touchsensing
2025-02-19 14:48:24,772 [INFO] IPUIPlugin:80 - create IPUIPlugin
2025-02-19 14:48:24,772 [INFO] PluginManager:220 - loadIPPluginJar : add tracer_emb
2025-02-19 14:48:24,803 [INFO] IPUIPlugin:80 - create IPUIPlugin
2025-02-19 14:48:24,803 [INFO] PluginManager:220 - loadIPPluginJar : add ts
2025-02-19 14:48:24,832 [INFO] IPUIPlugin:80 - create IPUIPlugin
2025-02-19 14:48:24,833 [INFO] PluginManager:220 - loadIPPluginJar : add tsc
2025-02-19 14:48:24,862 [INFO] IPUIPlugin:80 - create IPUIPlugin
2025-02-19 14:48:24,862 [INFO] PluginManager:220 - loadIPPluginJar : add ucpd
2025-02-19 14:48:24,927 [INFO] IPUIPlugin:80 - create IPUIPlugin
2025-02-19 14:48:24,927 [INFO] PluginManager:220 - loadIPPluginJar : add usart
2025-02-19 14:48:24,931 [INFO] ThirdPartyUpdaterWithRetryManager:70 - Updater plugin not ready yet. [2/15]
2025-02-19 14:48:24,981 [INFO] IPUIPlugin:80 - create IPUIPlugin
2025-02-19 14:48:24,981 [INFO] PluginManager:220 - loadIPPluginJar : add usbx
2025-02-19 14:48:25,111 [FATAL] Updater:351 - Updater called before beeing initialized
2025-02-19 14:48:25,141 [INFO] RulesReader:64 - Compatibility file has been processed (297 Rules)
2025-02-19 14:48:25,150 [INFO] RulesReader:64 - Compatibility file has been processed (297 Rules)
2025-02-19 14:48:25,157 [INFO] CADModel:165 - CPN selected for project level
2025-02-19 14:48:25,157 [INFO] CADModel:114 - Register for checkConnection events
2025-02-19 14:48:25,157 [FATAL] Updater:351 - Updater called before beeing initialized
2025-02-19 14:48:25,157 [ERROR] CADModel:125 - Updater not yet initialized, retry later 
2025-02-19 14:48:25,314 [FATAL] Updater:351 - Updater called before beeing initialized
2025-02-19 14:48:25,316 [INFO] CADModel:165 - CPN selected for project level
2025-02-19 14:48:25,316 [INFO] CADModel:114 - Register for checkConnection events
2025-02-19 14:48:25,316 [FATAL] Updater:351 - Updater called before beeing initialized
2025-02-19 14:48:25,317 [ERROR] CADModel:125 - Updater not yet initialized, retry later 
2025-02-19 14:48:25,321 [FATAL] Updater:351 - Updater called before beeing initialized
2025-02-19 14:48:25,472 [FATAL] Updater:351 - Updater called before beeing initialized
2025-02-19 14:48:25,484 [INFO] DbMcusAds:53 - JSON generation date=Tue Dec 17 08:01:15 PST 2024 (1734451275111)
2025-02-19 14:48:25,485 [FATAL] Updater:351 - Updater called before beeing initialized
2025-02-19 14:48:25,530 [WARN] DetailPanel:346 - Failed to get advertising image, set to default
2025-02-19 14:48:25,766 [FATAL] Updater:351 - Updater called before beeing initialized
2025-02-19 14:48:25,769 [FATAL] Updater:351 - Updater called before beeing initialized
2025-02-19 14:48:25,769 [FATAL] Updater:351 - Updater called before beeing initialized
2025-02-19 14:48:25,769 [WARN] DetailPanel:346 - Failed to get advertising image, set to default
2025-02-19 14:48:25,770 [FATAL] Updater:351 - Updater called before beeing initialized
2025-02-19 14:48:25,830 [ERROR] Updater:1198 - MainUpdater not yet initialized. External WinMGr cannot be set.
2025-02-19 14:48:25,843 [INFO] Updater:1134 - Updater Version found : 6.13.0
2025-02-19 14:48:25,862 [INFO] ApplicationProperties:184 - Using Application install path: C:\ST\STM32CubeIDE_1.16.1\STM32CubeIDE\plugins\com.st.stm32cube.common.mx_6.13.0.202411220809
2025-02-19 14:48:27,446 [ERROR] LogOutputStream:75 - [STDERR_REDIRECT] Feb 19, 2025 2:48:27 PM java.util.prefs.WindowsPreferences <init>
2025-02-19 14:48:27,448 [ERROR] LogOutputStream:75 - [STDERR_REDIRECT] WARNING: Could not open/create prefs root node Software\JavaSoft\Prefs at root 0xffffffff80000002. Windows RegCreateKeyEx(...) returned error code 5.
2025-02-19 14:48:27,448 [ERROR] LogOutputStream:75 - [STDERR_REDIRECT] 
2025-02-19 14:48:27,880 [INFO] MainUpdater:2872 - connection check result : 10
2025-02-19 14:48:27,881 [INFO] MainUpdater:289 - Updater Check For Update Now.
2025-02-19 14:48:27,881 [INFO] MicroXplorer:498 - Change Database Version : DB.6.0.130
2025-02-19 14:48:27,905 [INFO] McuFinderGlobals:63 - Set McuFinder mode to 2 (CubeIDE integrated)
2025-02-19 14:48:27,914 [INFO] UserAuth:486 - Internet connection configuration mode: 1
2025-02-19 14:48:27,932 [WARN] MainUpdater:1193 - Updater busy. Cannot search thirdparties
2025-02-19 14:48:27,932 [INFO] ThirdPartyUpdaterWithRetryManager:96 - Updater plugin is busy. [1/15]
2025-02-19 14:48:27,947 [INFO] JxBrowserEngine:152 - Initiate JxBrowser Engine with user profile folder
2025-02-19 14:48:28,090 [INFO] CheckServerUpdateThread:120 - End of CheckServer Thread
2025-02-19 14:48:29,099 [INFO] WebApp:168 - Instantiating new browser for Auth
2025-02-19 14:48:29,908 [INFO] WebApp:449 - Apply proxy settings
2025-02-19 14:48:29,908 [INFO] WebApp:534 - Chromium requires no authentication
2025-02-19 14:48:29,921 [INFO] WebApp:477 - Direct internet connection detected
2025-02-19 14:48:29,960 [INFO] WebApp:880 - Register for checkConnection events
2025-02-19 14:48:29,960 [INFO] WebApp:449 - Apply proxy settings
2025-02-19 14:48:29,960 [INFO] WebApp:534 - Chromium requires no authentication
2025-02-19 14:48:29,961 [INFO] WebApp:477 - Direct internet connection detected
2025-02-19 14:48:30,177 [INFO] WebApp:221 - Starting web application
2025-02-19 14:48:30,177 [INFO] WebApp:579 - Web application path used C:\ST\STM32CubeIDE_1.16.1\STM32CubeIDE\plugins\com.st.stm32cube.common.mx_6.13.0.202411220809\db\plugins\mcufinder\reactClient1\index.html
2025-02-19 14:48:30,207 [INFO] WebApp:187 - Connection restablished
2025-02-19 14:48:30,406 [INFO] UserAuth:486 - Internet connection configuration mode: 1
2025-02-19 14:48:31,263 [WARN] PackLoader:240 - Cannot read IP mode file for STMicroelectronics.FP-SNS-MOTENVWB1.1.4.0
2025-02-19 14:48:31,285 [WARN] PackLoader:240 - Cannot read IP mode file for STMicroelectronics.FP-ATR-ASTRA1.2.0.1
2025-02-19 14:48:31,307 [WARN] PackLoader:240 - Cannot read IP mode file for STMicroelectronics.X-CUBE-SMBUS.2.1.0
2025-02-19 14:48:31,332 [WARN] PackLoader:240 - Cannot read IP mode file for STMicroelectronics.X-CUBE-WB05N.1.1.0
2025-02-19 14:48:31,377 [WARN] PackLoader:240 - Cannot read IP mode file for STMicroelectronics.X-CUBE-AZRTOS-F7.1.1.0
2025-02-19 14:48:31,458 [WARN] PackLoader:240 - Cannot read IP mode file for STMicroelectronics.X-CUBE-MEMS1.11.0.0
2025-02-19 14:48:31,597 [WARN] PackLoader:240 - Cannot read IP mode file for STMicroelectronics.FP-SNS-FLIGHT1.5.0.2
2025-02-19 14:48:31,627 [WARN] PackLoader:240 - Cannot read IP mode file for STMicroelectronics.X-CUBE-DISPLAY.3.0.0
2025-02-19 14:48:31,660 [WARN] PackLoader:240 - Cannot read IP mode file for STMicroelectronics.X-CUBE-BLE1.7.0.0
2025-02-19 14:48:31,702 [WARN] PackLoader:240 - Cannot read IP mode file for STMicroelectronics.X-CUBE-NFC10.1.0.0
2025-02-19 14:48:31,742 [WARN] PackLoader:240 - Cannot read IP mode file for STMicroelectronics.X-CUBE-BLEMGR.4.0.0
2025-02-19 14:48:31,765 [WARN] PackLoader:240 - Cannot read IP mode file for emotas.I-CUBE-CANOPEN.1.3.0
2025-02-19 14:48:31,790 [WARN] PackLoader:240 - Cannot read IP mode file for STMicroelectronics.X-CUBE-BLEMGR.3.1.0
2025-02-19 14:48:31,814 [WARN] PackLoader:240 - Cannot read IP mode file for STMicroelectronics.X-CUBE-AI.10.0.0
2025-02-19 14:48:31,837 [WARN] PackLoader:240 - Cannot read IP mode file for STMicroelectronics.FP-SNS-SMARTAG2.1.2.0
2025-02-19 14:48:31,892 [WARN] PackLoader:240 - Cannot read IP mode file for STMicroelectronics.X-CUBE-MEMS1.11.1.0
2025-02-19 14:48:32,012 [INFO] LogOutputStream:77 - [STDOUT_REDIRECT] 1 : Invalid condition id : UX_CORESTACK_Condition cause : null
2025-02-19 14:48:32,012 [INFO] LogOutputStream:77 - [STDOUT_REDIRECT] 1 : Invalid condition id : UX_CORESTACK_Condition cause : null
2025-02-19 14:48:32,014 [INFO] LogOutputStream:77 - [STDOUT_REDIRECT] 1 : Invalid condition id : UX_CORESTACK_Condition cause : null
2025-02-19 14:48:32,015 [INFO] LogOutputStream:77 - [STDOUT_REDIRECT] 1 : Invalid condition id : UX_CORESTACK_Condition cause : null
2025-02-19 14:48:32,017 [INFO] LogOutputStream:77 - [STDOUT_REDIRECT] 1 : Invalid condition id : UX_CORESTACK_Condition cause : null
2025-02-19 14:48:32,018 [WARN] PackLoader:240 - Cannot read IP mode file for STMicroelectronics.X-CUBE-AZRTOS-WL.2.0.0
2025-02-19 14:48:32,040 [WARN] PackLoader:240 - Cannot read IP mode file for STMicroelectronics.FP-SNS-MOTENV1.5.0.0
2025-02-19 14:48:32,057 [WARN] PackLoader:240 - Cannot read IP mode file for wolfSSL.I-CUBE-wolfMQTT.1.19.0
2025-02-19 14:48:32,074 [WARN] PackLoader:240 - Cannot read IP mode file for WES.I-CUBE-Cesium.1.3.0
2025-02-19 14:48:32,092 [WARN] PackLoader:240 - Cannot read IP mode file for STMicroelectronics.X-CUBE-BLE2.3.3.0
2025-02-19 14:48:32,112 [WARN] PackLoader:240 - Cannot read IP mode file for STMicroelectronics.X-CUBE-NFC9.1.0.0
2025-02-19 14:48:32,132 [WARN] PackLoader:240 - Cannot read IP mode file for STMicroelectronics.X-CUBE-TCPP.4.1.0
2025-02-19 14:48:32,165 [WARN] PackLoader:240 - Cannot read IP mode file for STMicroelectronics.X-CUBE-AZRTOS-G0.1.1.0
2025-02-19 14:48:32,184 [WARN] PackLoader:240 - Cannot read IP mode file for STMicroelectronics.X-CUBE-SAFEA1.1.2.2
2025-02-19 14:48:32,201 [WARN] PackLoader:240 - Cannot read IP mode file for STMicroelectronics.X-CUBE-NFC4.3.0.0
2025-02-19 14:48:32,224 [WARN] PackLoader:240 - Cannot read IP mode file for EmbeddedOffice.I-CUBE-FS-RTOS.1.0.1
2025-02-19 14:48:32,353 [WARN] PackLoader:240 - Cannot read IP mode file for STMicroelectronics.X-CUBE-TCPP.4.2.0
2025-02-19 14:48:32,377 [WARN] PackLoader:240 - Cannot read IP mode file for RealThread.X-CUBE-RT-Thread_Nano.4.1.1
2025-02-19 14:48:32,396 [WARN] PackLoader:240 - Cannot read IP mode file for STMicroelectronics.FP-ATR-SIGFOX1.3.2.0
2025-02-19 14:48:32,414 [WARN] ConditionMgr:438 - getConditionDescription Invalid condition id : Cortex-A Device cause : null
2025-02-19 14:48:32,444 [WARN] ConditionMgr:1044 - genDependencies : Invalid condition id : Cortex-A Device cause : null
2025-02-19 14:48:32,444 [WARN] ConditionMgr:1044 - genDependencies : Invalid condition id : Cortex-A Device cause : null
2025-02-19 14:48:32,444 [WARN] ConditionMgr:1044 - genDependencies : Invalid condition id : Cortex-A Device cause : null
2025-02-19 14:48:32,462 [WARN] PackLoader:240 - Cannot read IP mode file for STMicroelectronics.X-CUBE-EEPRMA1.5.1.0
2025-02-19 14:48:32,479 [WARN] PackLoader:240 - Cannot read IP mode file for wolfSSL.I-CUBE-wolfSSL.5.7.4
2025-02-19 14:48:32,497 [WARN] PackLoader:240 - Cannot read IP mode file for ITTIA_DB.I-CUBE-ITTIADB.8.9.0
2025-02-19 14:48:32,528 [WARN] PackLoader:240 - Cannot read IP mode file for SEGGER.I-CUBE-embOS.1.3.1
2025-02-19 14:48:32,571 [WARN] PackLoader:240 - Cannot read IP mode file for STMicroelectronics.X-CUBE-ALGOBUILD.1.4.0
2025-02-19 14:48:32,590 [WARN] PackLoader:240 - Cannot read IP mode file for STMicroelectronics.X-CUBE-AI.9.1.0
2025-02-19 14:48:32,628 [WARN] PackLoader:240 - Cannot read IP mode file for STMicroelectronics.X-CUBE-AZRTOS-F4.1.1.0
2025-02-19 14:48:32,645 [WARN] PackLoader:240 - Cannot read IP mode file for STMicroelectronics.X-CUBE-ISPU.2.1.0
2025-02-19 14:48:32,661 [WARN] PackLoader:240 - Cannot read IP mode file for STMicroelectronics.X-CUBE-FREERTOS.1.2.0
2025-02-19 14:48:32,698 [WARN] PackLoader:240 - Cannot read IP mode file for STMicroelectronics.X-CUBE-AZRTOS-L5.2.0.0
2025-02-19 14:48:32,716 [WARN] PackLoader:240 - Cannot read IP mode file for STMicroelectronics.X-CUBE-NFC6.3.1.0
2025-02-19 14:48:32,738 [WARN] PackLoader:240 - Cannot read IP mode file for STMicroelectronics.X-CUBE-DPower.1.2.0
2025-02-19 14:48:32,752 [WARN] PackLoader:240 - Cannot read IP mode file for STMicroelectronics.X-CUBE-FREERTOS.1.3.0
2025-02-19 14:48:32,770 [WARN] PackLoader:240 - Cannot read IP mode file for STMicroelectronics.X-CUBE-NFC7.1.0.1
2025-02-19 14:48:32,812 [WARN] ConditionMgr:438 - getConditionDescription Invalid condition id : LAN8742 Phy interface Condition cause : null
2025-02-19 14:48:32,813 [WARN] PackLoader:240 - Cannot read IP mode file for STMicroelectronics.X-CUBE-AZRTOS-L4.2.0.0
2025-02-19 14:48:32,814 [WARN] ConditionMgr:1044 - genDependencies : Invalid condition id : LAN8742 Phy interface Condition cause : null
2025-02-19 14:48:32,815 [WARN] ConditionMgr:1044 - genDependencies : Invalid condition id : LAN8742 Phy interface Condition cause : null
2025-02-19 14:48:32,815 [WARN] ConditionMgr:1044 - genDependencies : Invalid condition id : LAN8742 Phy interface Condition cause : null
2025-02-19 14:48:32,844 [WARN] PackLoader:240 - Cannot read IP mode file for STMicroelectronics.X-CUBE-SFXS2LP1.4.0.0
2025-02-19 14:48:32,900 [WARN] PackLoader:240 - Cannot read IP mode file for STMicroelectronics.X-CUBE-AZRTOS-H7.3.3.0
2025-02-19 14:48:32,931 [WARN] PackLoader:240 - Cannot read IP mode file for STMicroelectronics.X-CUBE-IPS.3.0.0
2025-02-19 14:48:32,960 [WARN] ConditionMgr:438 - getConditionDescription Invalid condition id : UX DEVICE CLASS RTOS Condition cause : null
2025-02-19 14:48:32,960 [WARN] ConditionMgr:438 - getConditionDescription Invalid condition id : UX DEVICE CLASS RTOS Condition cause : null
2025-02-19 14:48:32,961 [WARN] PackLoader:240 - Cannot read IP mode file for STMicroelectronics.X-CUBE-AZRTOS-WB.2.0.0
2025-02-19 14:48:32,961 [WARN] ConditionMgr:1044 - genDependencies : Invalid condition id : UX DEVICE CLASS RTOS Condition cause : null
2025-02-19 14:48:32,962 [WARN] ConditionMgr:1044 - genDependencies : Invalid condition id : UX DEVICE CLASS RTOS Condition cause : null
2025-02-19 14:48:32,962 [WARN] ConditionMgr:1044 - genDependencies : Invalid condition id : UX DEVICE CLASS RTOS Condition cause : null
2025-02-19 14:48:32,962 [WARN] ConditionMgr:1044 - genDependencies : Invalid condition id : UX DEVICE CLASS RTOS Condition cause : null
2025-02-19 14:48:32,962 [WARN] ConditionMgr:1044 - genDependencies : Invalid condition id : UX DEVICE CLASS RTOS Condition cause : null
2025-02-19 14:48:32,979 [WARN] PackLoader:240 - Cannot read IP mode file for STMicroelectronics.X-CUBE-GNSS1.7.0.0
2025-02-19 14:48:32,994 [WARN] PackLoader:240 - Cannot read IP mode file for STMicroelectronics.X-CUBE-GNSS1.7.0.1
2025-02-19 14:48:33,010 [WARN] PackLoader:240 - Cannot read IP mode file for STMicroelectronics.FP-SNS-STBOX1.2.0.0
2025-02-19 14:48:33,033 [WARN] PackLoader:240 - Cannot read IP mode file for STMicroelectronics.X-CUBE-SUBG2.5.0.0
2025-02-19 14:48:33,056 [WARN] PackLoader:240 - Cannot read IP mode file for Cesanta.I-CUBE-Mongoose.7.13.0
2025-02-19 14:48:33,090 [WARN] PackLoader:240 - Cannot read IP mode file for STMicroelectronics.X-CUBE-AZRTOS-G4.2.0.0
2025-02-19 14:48:33,118 [WARN] PackLoader:240 - Cannot read IP mode file for STMicroelectronics.X-CUBE-IPS.3.1.0
2025-02-19 14:48:33,145 [WARN] PackLoader:240 - Cannot read IP mode file for STMicroelectronics.X-CUBE-ALS.1.0.2
2025-02-19 14:48:33,163 [WARN] PackLoader:240 - Cannot read IP mode file for STMicroelectronics.X-CUBE-TOUCHGFX.4.24.2
2025-02-19 14:48:33,177 [WARN] PackLoader:240 - Cannot read IP mode file for STMicroelectronics.X-CUBE-TOUCHGFX.4.24.1
2025-02-19 14:48:33,197 [WARN] PackLoader:240 - Cannot read IP mode file for wolfSSL.I-CUBE-wolfTPM.3.4.0
2025-02-19 14:48:33,215 [WARN] PackLoader:240 - Cannot read IP mode file for portGmbH.I-Cube-SoM-uGOAL.1.1.0
2025-02-19 14:48:33,253 [WARN] PackLoader:240 - Cannot read IP mode file for STMicroelectronics.X-CUBE-AZRTOS-H7RS.1.0.0
2025-02-19 14:48:33,271 [WARN] PackLoader:240 - Cannot read IP mode file for STMicroelectronics.FP-ATR-ASTRA1.2.0.0
2025-02-19 14:48:33,297 [WARN] PackLoader:240 - Cannot read IP mode file for STMicroelectronics.X-CUBE-TOF1.3.4.2
2025-02-19 14:48:33,337 [WARN] PackLoader:240 - Cannot read IP mode file for Infineon.AIROC-Wi-Fi-Bluetooth-STM32.1.6.1
2025-02-19 14:48:33,356 [WARN] PackLoader:240 - Cannot read IP mode file for wolfSSL.I-CUBE-wolfSSH.1.4.17
2025-02-19 14:48:33,357 [INFO] ThirdParty:978 - Integrity check success = true
2025-02-19 14:48:33,357 [INFO] IntegrityCheckThread:100 - exiting critical section [integrity check]
2025-02-19 14:48:33,357 [INFO] IntegrityCheckThread:103 - End integrity checks thread
2025-02-19 14:54:27,869 [INFO] WebApp:190 - Connection lost
2025-02-19 14:54:27,997 [INFO] WebApp:187 - Connection restablished
2025-02-19 15:54:28,367 [INFO] WebApp:190 - Connection lost
2025-02-19 15:54:28,495 [INFO] WebApp:187 - Connection restablished
2025-02-19 16:54:29,363 [INFO] WebApp:190 - Connection lost
2025-02-19 16:54:29,490 [INFO] WebApp:187 - Connection restablished
2025-02-19 17:35:44,033 [ERROR] LogOutputStream:75 - [STDERR_REDIRECT] 
