2025-02-06 01:31:22,344 [INFO] Activator:176 - 


2025-02-06 01:31:22,353 [INFO] Activator:177 - !SESSION log4j initialized
2025-02-06 01:31:31,026 [INFO] LogOutputStream:77 - [STDOUT_REDIRECT] 
2025-02-06 01:31:34,438 [INFO] ApplicationProperties:184 - Using Application install path: C:\ST\STM32CubeIDE_1.16.1\STM32CubeIDE\plugins\com.st.stm32cube.common.mx_6.13.0.202411220809
2025-02-06 01:31:34,457 [INFO] DbMcusXml:78 - Set database path to: C:\ST\STM32CubeIDE_1.16.1\STM32CubeIDE\plugins\com.st.stm32cube.common.mx_6.13.0.202411220809\\db\/mcu/
2025-02-06 01:31:34,457 [INFO] ApiDb:274 - Set plugin database path to: C:\ST\STM32CubeIDE_1.16.1\STM32CubeIDE\plugins\com.st.stm32cube.common.mx_6.13.0.202411220809\\db\/plugins/boardmanager/
2025-02-06 01:31:34,457 [WARN] ApiDb:259 - Overriding images path with different value:  => C:\ST\STM32CubeIDE_1.16.1\STM32CubeIDE\plugins\com.st.stm32cube.common.mx_6.13.0.202411220809\\db\/plugins/mcufinder/images/
2025-02-06 01:31:34,470 [INFO] ApiDb:250 - Set database path to: C:\Users\User\.stmcufinder\plugins\mcufinder//mcu/
2025-02-06 01:31:34,471 [INFO] DbMcusAds:125 - Set database path to: C:\Users\User\.stmcufinder\plugins\mcufinder//mcu/
2025-02-06 01:31:34,474 [INFO] CrossReferenceDbSqlite:203 - Set database path to: C:\Users\User\.stmcufinder\plugins\mcufinder//mcu/cs/
2025-02-06 01:31:34,616 [INFO] RulesReader:64 - Compatibility file has been processed (297 Rules)
2025-02-06 01:31:34,730 [INFO] DbMcusXml:78 - Set database path to: C:\ST\STM32CubeIDE_1.16.1\STM32CubeIDE\plugins\com.st.stm32cube.common.mx_6.13.0.202411220809\\db\/mcu/
2025-02-06 01:31:34,730 [INFO] ApiDb:274 - Set plugin database path to: C:\ST\STM32CubeIDE_1.16.1\STM32CubeIDE\plugins\com.st.stm32cube.common.mx_6.13.0.202411220809\\db\/plugins/boardmanager/
2025-02-06 01:31:34,730 [INFO] ApiDb:261 - Set plugin images path to: C:\ST\STM32CubeIDE_1.16.1\STM32CubeIDE\plugins\com.st.stm32cube.common.mx_6.13.0.202411220809\\db\/plugins/mcufinder/images/
2025-02-06 01:31:34,731 [WARN] DbFile:41 - Overriding database path with different value: C:\Users\User\.stmcufinder\plugins\mcufinder/ => C:\Users\User\.stmcufinder\plugins\mcufinder
2025-02-06 01:31:34,731 [INFO] ApiDb:250 - Set database path to: C:\Users\User\.stmcufinder\plugins\mcufinder//mcu/
2025-02-06 01:31:34,731 [WARN] DbFile:41 - Overriding database path with different value: C:\Users\User\.stmcufinder\plugins\mcufinder/ => C:\Users\User\.stmcufinder\plugins\mcufinder
2025-02-06 01:31:34,731 [INFO] DbMcusAds:125 - Set database path to: C:\Users\User\.stmcufinder\plugins\mcufinder//mcu/
2025-02-06 01:31:34,731 [WARN] DbFile:41 - Overriding database path with different value: C:\Users\User\.stmcufinder\plugins\mcufinder/ => C:\Users\User\.stmcufinder\plugins\mcufinder
2025-02-06 01:31:34,731 [WARN] DbFile:41 - Overriding database path with different value: C:\Users\User\.stmcufinder\plugins\mcufinder/ => C:\Users\User\.stmcufinder\plugins\mcufinder
2025-02-06 01:31:34,731 [INFO] CrossReferenceDbSqlite:203 - Set database path to: C:\Users\User\.stmcufinder\plugins\mcufinder//mcu/cs/
2025-02-06 01:31:34,837 [INFO] MainPanel:272 - HeapMemory: 268435456
2025-02-06 01:31:34,965 [INFO] DbMcusXml:78 - Set database path to: C:\ST\STM32CubeIDE_1.16.1\STM32CubeIDE\plugins\com.st.stm32cube.common.mx_6.13.0.202411220809\\db\/mcu/
2025-02-06 01:31:34,965 [INFO] ApiDb:274 - Set plugin database path to: C:\ST\STM32CubeIDE_1.16.1\STM32CubeIDE\plugins\com.st.stm32cube.common.mx_6.13.0.202411220809\\db\/plugins/boardmanager/
2025-02-06 01:31:34,965 [INFO] ApiDb:261 - Set plugin images path to: C:\ST\STM32CubeIDE_1.16.1\STM32CubeIDE\plugins\com.st.stm32cube.common.mx_6.13.0.202411220809\\db\/plugins/mcufinder/images/
2025-02-06 01:31:34,966 [WARN] DbFile:41 - Overriding database path with different value: C:\Users\User\.stmcufinder\plugins\mcufinder/ => C:\Users\User\.stmcufinder\plugins\mcufinder
2025-02-06 01:31:34,966 [INFO] ApiDb:250 - Set database path to: C:\Users\User\.stmcufinder\plugins\mcufinder//mcu/
2025-02-06 01:31:34,966 [WARN] DbFile:41 - Overriding database path with different value: C:\Users\User\.stmcufinder\plugins\mcufinder/ => C:\Users\User\.stmcufinder\plugins\mcufinder
2025-02-06 01:31:34,966 [INFO] DbMcusAds:125 - Set database path to: C:\Users\User\.stmcufinder\plugins\mcufinder//mcu/
2025-02-06 01:31:34,966 [WARN] DbFile:41 - Overriding database path with different value: C:\Users\User\.stmcufinder\plugins\mcufinder/ => C:\Users\User\.stmcufinder\plugins\mcufinder
2025-02-06 01:31:34,966 [WARN] DbFile:41 - Overriding database path with different value: C:\Users\User\.stmcufinder\plugins\mcufinder/ => C:\Users\User\.stmcufinder\plugins\mcufinder
2025-02-06 01:31:34,966 [INFO] CrossReferenceDbSqlite:203 - Set database path to: C:\Users\User\.stmcufinder\plugins\mcufinder//mcu/cs/
2025-02-06 01:31:34,990 [INFO] ApplicationProperties:184 - Using Application install path: C:\ST\STM32CubeIDE_1.16.1\STM32CubeIDE\plugins\com.st.stm32cube.common.mx_6.13.0.202411220809
2025-02-06 01:31:34,991 [INFO] PluginManage:196 - Search for loadable plugins [exclusion list=, ]
2025-02-06 01:31:34,993 [INFO] PluginManage:310 - Check plugin analytics
2025-02-06 01:31:35,194 [INFO] AnalyticsPlugin:253 - Accepted Software Licenses: 
2025-02-06 01:31:35,194 [INFO] AnalyticsPlugin:255 - Accepted CMSIS Pack Licenses: EmbeddedOffice.I-CUBE-FS-RTOS.1.0.1
2025-02-06 01:31:35,195 [INFO] AnalyticsPlugin:257 - Accepted Firmware Licenses: FW.U5.1.6.0,FW.U5.1.1.0
2025-02-06 01:31:35,198 [INFO] PluginManage:359 - Loaded plugin analytics (category:tool,tabindex:-1)
2025-02-06 01:31:35,198 [INFO] PluginManage:310 - Check plugin cadmodel
2025-02-06 01:31:35,223 [INFO] CADModel:105 - Init CAD model plugin
2025-02-06 01:31:35,223 [INFO] PluginManage:359 - Loaded plugin cadmodel (category:power,tabindex:5)
2025-02-06 01:31:35,223 [INFO] PluginManage:310 - Check plugin clock
2025-02-06 01:31:35,249 [INFO] PluginManage:359 - Loaded plugin clock (category:base,tabindex:2)
2025-02-06 01:31:35,250 [INFO] PluginManage:310 - Check plugin ddr
2025-02-06 01:31:35,252 [INFO] PluginManage:359 - Loaded plugin ddr (category:tool,tabindex:6)
2025-02-06 01:31:35,253 [INFO] PluginManage:310 - Check plugin filemanager
2025-02-06 01:31:35,425 [INFO] PluginManage:359 - Loaded plugin filemanager (category:base,tabindex:10)
2025-02-06 01:31:35,425 [INFO] PluginManage:310 - Check plugin ipmanager
2025-02-06 01:31:35,435 [INFO] PluginManage:359 - Loaded plugin ipmanager (category:base,tabindex:5)
2025-02-06 01:31:35,436 [INFO] PluginManage:310 - Check plugin lpbam
2025-02-06 01:31:35,458 [INFO] PluginManage:359 - Loaded plugin lpbam (category:base,tabindex:0)
2025-02-06 01:31:35,459 [INFO] PluginManage:310 - Check plugin memorymap
2025-02-06 01:31:35,491 [INFO] PluginManage:359 - Loaded plugin memorymap (category:base,tabindex:4)
2025-02-06 01:31:35,491 [INFO] PluginManage:310 - Check plugin pinoutandconfiguration
2025-02-06 01:31:35,517 [INFO] PluginManage:359 - Loaded plugin pinoutandconfiguration (category:base,tabindex:1)
2025-02-06 01:31:35,517 [INFO] PluginManage:310 - Check plugin pinoutconfig
2025-02-06 01:31:35,684 [WARN] SupportedApi:132 - Cannot load RTOS API schema: s4s-elt-must-match.1: The content of 'definitions' must match (annotation?, (simpleType | complexType)?, (unique | key | keyref)*)). A problem was found starting at: attribute.
2025-02-06 01:31:35,853 [INFO] PluginManage:359 - Loaded plugin pinoutconfig (category:base,tabindex:0)
2025-02-06 01:31:35,853 [INFO] PluginManage:310 - Check plugin power
2025-02-06 01:31:35,889 [INFO] PluginManage:359 - Loaded plugin power (category:power,tabindex:4)
2025-02-06 01:31:35,890 [INFO] PluginManage:310 - Check plugin projectmanager
2025-02-06 01:31:35,919 [INFO] PluginManage:359 - Loaded plugin projectmanager (category:projectmanager,tabindex:4)
2025-02-06 01:31:35,919 [INFO] PluginManage:310 - Check plugin rif
2025-02-06 01:31:35,952 [INFO] PluginManage:359 - Loaded plugin rif (category:base,tabindex:3)
2025-02-06 01:31:35,952 [INFO] PluginManage:310 - Check plugin thirdparty
2025-02-06 01:31:36,380 [WARN] IntegrityCheckThread:84 - waiting for thirdparty lock release [integrity check]
2025-02-06 01:31:36,380 [INFO] PluginManage:359 - Loaded plugin thirdparty (category:base,tabindex:-1)
2025-02-06 01:31:36,381 [INFO] IntegrityCheckThread:86 - entering critical section [integrity check]
2025-02-06 01:31:36,381 [INFO] PluginManage:310 - Check plugin tools
2025-02-06 01:31:36,381 [INFO] ThirdPartyUpdaterWithRetryManager:70 - Updater plugin not ready yet. [1/15]
2025-02-06 01:31:36,457 [INFO] PluginManage:359 - Loaded plugin tools (category:base,tabindex:7)
2025-02-06 01:31:36,457 [INFO] PluginManage:310 - Check plugin tutovideos
2025-02-06 01:31:36,703 [INFO] PluginManage:359 - Loaded plugin tutovideos (category:base,tabindex:-1)
2025-02-06 01:31:36,704 [INFO] PluginManage:310 - Check plugin updater
2025-02-06 01:31:36,733 [INFO] PluginManage:359 - Loaded plugin updater (category:base,tabindex:12)
2025-02-06 01:31:36,733 [INFO] PluginManage:310 - Check plugin userauth
2025-02-06 01:31:36,739 [INFO] UserAuth:118 - Init User Auth plugin
2025-02-06 01:31:36,740 [INFO] PluginManage:359 - Loaded plugin userauth (category:base,tabindex:14)
2025-02-06 01:31:36,742 [INFO] PluginManage:283 - PluginManage : Loaded plugins [18]
2025-02-06 01:31:37,023 [INFO] PinOutPanel:1589 - setPackage(No Configuration,No Configuration)
2025-02-06 01:31:37,139 [INFO] CADModel:165 - CPN selected for project level
2025-02-06 01:31:37,139 [INFO] CADModel:114 - Register for checkConnection events
2025-02-06 01:31:37,177 [INFO] IPUIPlugin:80 - create IPUIPlugin
2025-02-06 01:31:37,177 [INFO] PluginManager:220 - loadIPPluginJar : add adc
2025-02-06 01:31:37,236 [INFO] IPUIPlugin:80 - create IPUIPlugin
2025-02-06 01:31:37,238 [INFO] PluginManager:220 - loadIPPluginJar : add aes
2025-02-06 01:31:37,318 [INFO] IPUIPlugin:80 - create IPUIPlugin
2025-02-06 01:31:37,318 [INFO] PluginManager:220 - loadIPPluginJar : add can
2025-02-06 01:31:37,361 [INFO] IPUIPlugin:80 - create IPUIPlugin
2025-02-06 01:31:37,362 [INFO] PluginManager:220 - loadIPPluginJar : add comp
2025-02-06 01:31:37,438 [INFO] IPUIPlugin:80 - create IPUIPlugin
2025-02-06 01:31:37,438 [INFO] PluginManager:220 - loadIPPluginJar : add cryp
2025-02-06 01:31:37,461 [INFO] IPUIPlugin:80 - create IPUIPlugin
2025-02-06 01:31:37,461 [INFO] PluginManager:220 - loadIPPluginJar : add ddr_ctrl_phy
2025-02-06 01:31:37,515 [INFO] IPUIPlugin:80 - create IPUIPlugin
2025-02-06 01:31:37,515 [INFO] PluginManager:220 - loadIPPluginJar : add dfsdm
2025-02-06 01:31:37,541 [INFO] IPUIPlugin:80 - create IPUIPlugin
2025-02-06 01:31:37,542 [INFO] PluginManager:220 - loadIPPluginJar : add dma
2025-02-06 01:31:37,635 [INFO] IPUIPlugin:80 - create IPUIPlugin
2025-02-06 01:31:37,635 [INFO] PluginManager:220 - loadIPPluginJar : add dma3
2025-02-06 01:31:37,709 [INFO] IPUIPlugin:80 - create IPUIPlugin
2025-02-06 01:31:37,709 [INFO] PluginManager:220 - loadIPPluginJar : add extmemmanager
2025-02-06 01:31:37,742 [INFO] IPUIPlugin:80 - create IPUIPlugin
2025-02-06 01:31:37,742 [INFO] PluginManager:220 - loadIPPluginJar : add fatfs
2025-02-06 01:31:37,809 [INFO] IPUIPlugin:80 - create IPUIPlugin
2025-02-06 01:31:37,809 [INFO] PluginManager:220 - loadIPPluginJar : add fmc
2025-02-06 01:31:37,831 [INFO] IPUIPlugin:80 - create IPUIPlugin
2025-02-06 01:31:37,832 [INFO] PluginManager:220 - loadIPPluginJar : add freertos
2025-02-06 01:31:37,866 [INFO] IPUIPlugin:80 - create IPUIPlugin
2025-02-06 01:31:37,866 [INFO] PluginManager:220 - loadIPPluginJar : add genericplugin
2025-02-06 01:31:38,009 [INFO] IPUIPlugin:80 - create IPUIPlugin
2025-02-06 01:31:38,009 [INFO] PluginManager:220 - loadIPPluginJar : add gfxmmu
2025-02-06 01:31:38,219 [INFO] IPUIPlugin:80 - create IPUIPlugin
2025-02-06 01:31:38,219 [INFO] PluginManager:220 - loadIPPluginJar : add gic
2025-02-06 01:31:38,239 [INFO] IPUIPlugin:80 - create IPUIPlugin
2025-02-06 01:31:38,239 [INFO] PluginManager:220 - loadIPPluginJar : add gpio
2025-02-06 01:31:38,376 [INFO] IPUIPlugin:80 - create IPUIPlugin
2025-02-06 01:31:38,376 [INFO] PluginManager:220 - loadIPPluginJar : add gtzc
2025-02-06 01:31:38,426 [INFO] IPUIPlugin:80 - create IPUIPlugin
2025-02-06 01:31:38,426 [INFO] PluginManager:220 - loadIPPluginJar : add hash
2025-02-06 01:31:38,503 [INFO] IPUIPlugin:80 - create IPUIPlugin
2025-02-06 01:31:38,503 [INFO] PluginManager:220 - loadIPPluginJar : add i2c
2025-02-06 01:31:38,559 [INFO] IPUIPlugin:80 - create IPUIPlugin
2025-02-06 01:31:38,560 [INFO] PluginManager:220 - loadIPPluginJar : add i2s
2025-02-06 01:31:38,630 [INFO] IPUIPlugin:80 - create IPUIPlugin
2025-02-06 01:31:38,630 [INFO] PluginManager:220 - loadIPPluginJar : add i3c
2025-02-06 01:31:38,784 [INFO] IPUIPlugin:80 - create IPUIPlugin
2025-02-06 01:31:38,785 [INFO] PluginManager:220 - loadIPPluginJar : add ipddr
2025-02-06 01:31:38,923 [INFO] IPUIPlugin:80 - create IPUIPlugin
2025-02-06 01:31:38,923 [INFO] PluginManager:220 - loadIPPluginJar : add linkedlist
2025-02-06 01:31:38,975 [INFO] IPUIPlugin:80 - create IPUIPlugin
2025-02-06 01:31:38,975 [INFO] PluginManager:220 - loadIPPluginJar : add lorawan
2025-02-06 01:31:39,037 [INFO] IPUIPlugin:80 - create IPUIPlugin
2025-02-06 01:31:39,037 [INFO] PluginManager:220 - loadIPPluginJar : add ltdc
2025-02-06 01:31:39,058 [INFO] IPUIPlugin:80 - create IPUIPlugin
2025-02-06 01:31:39,058 [INFO] PluginManager:220 - loadIPPluginJar : add mdma
2025-02-06 01:31:39,077 [INFO] IPUIPlugin:80 - create IPUIPlugin
2025-02-06 01:31:39,077 [INFO] PluginManager:220 - loadIPPluginJar : add nvic
2025-02-06 01:31:39,147 [INFO] IPUIPlugin:80 - create IPUIPlugin
2025-02-06 01:31:39,148 [INFO] PluginManager:220 - loadIPPluginJar : add opamp
2025-02-06 01:31:39,249 [INFO] IPUIPlugin:80 - create IPUIPlugin
2025-02-06 01:31:39,251 [INFO] PluginManager:220 - loadIPPluginJar : add openamp
2025-02-06 01:31:39,317 [INFO] IPUIPlugin:80 - create IPUIPlugin
2025-02-06 01:31:39,317 [INFO] PluginManager:220 - loadIPPluginJar : add pdm2pcm
2025-02-06 01:31:39,340 [INFO] IPUIPlugin:80 - create IPUIPlugin
2025-02-06 01:31:39,342 [INFO] PluginManager:220 - loadIPPluginJar : add plateformsettings
2025-02-06 01:31:39,380 [INFO] IPUIPlugin:80 - create IPUIPlugin
2025-02-06 01:31:39,380 [INFO] PluginManager:220 - loadIPPluginJar : add quadspi
2025-02-06 01:31:39,383 [INFO] ThirdPartyUpdaterWithRetryManager:70 - Updater plugin not ready yet. [2/15]
2025-02-06 01:31:39,426 [INFO] IPUIPlugin:80 - create IPUIPlugin
2025-02-06 01:31:39,426 [INFO] PluginManager:220 - loadIPPluginJar : add radio
2025-02-06 01:31:39,447 [INFO] IPUIPlugin:80 - create IPUIPlugin
2025-02-06 01:31:39,447 [INFO] PluginManager:220 - loadIPPluginJar : add resmgrutility
2025-02-06 01:31:39,519 [INFO] IPUIPlugin:80 - create IPUIPlugin
2025-02-06 01:31:39,519 [INFO] PluginManager:220 - loadIPPluginJar : add sai
2025-02-06 01:31:39,574 [INFO] IPUIPlugin:80 - create IPUIPlugin
2025-02-06 01:31:39,574 [INFO] PluginManager:220 - loadIPPluginJar : add spi
2025-02-06 01:31:39,672 [INFO] IPUIPlugin:80 - create IPUIPlugin
2025-02-06 01:31:39,672 [INFO] PluginManager:220 - loadIPPluginJar : add stm32_wpan
2025-02-06 01:31:39,707 [INFO] IPUIPlugin:80 - create IPUIPlugin
2025-02-06 01:31:39,707 [INFO] PluginManager:220 - loadIPPluginJar : add tim
2025-02-06 01:31:39,806 [INFO] IPUIPlugin:80 - create IPUIPlugin
2025-02-06 01:31:39,807 [INFO] PluginManager:220 - loadIPPluginJar : add touchsensing
2025-02-06 01:31:39,846 [INFO] IPUIPlugin:80 - create IPUIPlugin
2025-02-06 01:31:39,847 [INFO] PluginManager:220 - loadIPPluginJar : add tracer_emb
2025-02-06 01:31:39,883 [INFO] IPUIPlugin:80 - create IPUIPlugin
2025-02-06 01:31:39,884 [INFO] PluginManager:220 - loadIPPluginJar : add ts
2025-02-06 01:31:39,920 [INFO] IPUIPlugin:80 - create IPUIPlugin
2025-02-06 01:31:39,920 [INFO] PluginManager:220 - loadIPPluginJar : add tsc
2025-02-06 01:31:39,955 [INFO] IPUIPlugin:80 - create IPUIPlugin
2025-02-06 01:31:39,955 [INFO] PluginManager:220 - loadIPPluginJar : add ucpd
2025-02-06 01:31:40,029 [INFO] IPUIPlugin:80 - create IPUIPlugin
2025-02-06 01:31:40,029 [INFO] PluginManager:220 - loadIPPluginJar : add usart
2025-02-06 01:31:40,091 [INFO] IPUIPlugin:80 - create IPUIPlugin
2025-02-06 01:31:40,091 [INFO] PluginManager:220 - loadIPPluginJar : add usbx
2025-02-06 01:31:40,236 [FATAL] Updater:351 - Updater called before beeing initialized
2025-02-06 01:31:40,266 [INFO] RulesReader:64 - Compatibility file has been processed (297 Rules)
2025-02-06 01:31:40,279 [INFO] RulesReader:64 - Compatibility file has been processed (297 Rules)
2025-02-06 01:31:40,290 [INFO] CADModel:165 - CPN selected for project level
2025-02-06 01:31:40,292 [INFO] CADModel:114 - Register for checkConnection events
2025-02-06 01:31:40,292 [FATAL] Updater:351 - Updater called before beeing initialized
2025-02-06 01:31:40,292 [ERROR] CADModel:125 - Updater not yet initialized, retry later 
2025-02-06 01:31:40,486 [FATAL] Updater:351 - Updater called before beeing initialized
2025-02-06 01:31:40,488 [INFO] CADModel:165 - CPN selected for project level
2025-02-06 01:31:40,488 [INFO] CADModel:114 - Register for checkConnection events
2025-02-06 01:31:40,488 [FATAL] Updater:351 - Updater called before beeing initialized
2025-02-06 01:31:40,488 [ERROR] CADModel:125 - Updater not yet initialized, retry later 
2025-02-06 01:31:40,493 [FATAL] Updater:351 - Updater called before beeing initialized
2025-02-06 01:31:40,638 [FATAL] Updater:351 - Updater called before beeing initialized
2025-02-06 01:31:40,651 [INFO] DbMcusAds:53 - JSON generation date=Tue Dec 17 08:01:15 PST 2024 (1734451275111)
2025-02-06 01:31:40,651 [FATAL] Updater:351 - Updater called before beeing initialized
2025-02-06 01:31:40,701 [WARN] DetailPanel:346 - Failed to get advertising image, set to default
2025-02-06 01:31:41,049 [FATAL] Updater:351 - Updater called before beeing initialized
2025-02-06 01:31:41,051 [FATAL] Updater:351 - Updater called before beeing initialized
2025-02-06 01:31:41,052 [FATAL] Updater:351 - Updater called before beeing initialized
2025-02-06 01:31:41,052 [WARN] DetailPanel:346 - Failed to get advertising image, set to default
2025-02-06 01:31:41,053 [FATAL] Updater:351 - Updater called before beeing initialized
2025-02-06 01:31:41,133 [ERROR] Updater:1198 - MainUpdater not yet initialized. External WinMGr cannot be set.
2025-02-06 01:31:41,148 [INFO] Updater:1134 - Updater Version found : 6.13.0
2025-02-06 01:31:41,177 [INFO] ApplicationProperties:184 - Using Application install path: C:\ST\STM32CubeIDE_1.16.1\STM32CubeIDE\plugins\com.st.stm32cube.common.mx_6.13.0.202411220809
2025-02-06 01:31:42,384 [INFO] ThirdPartyUpdaterWithRetryManager:70 - Updater plugin not ready yet. [3/15]
2025-02-06 01:31:42,763 [ERROR] LogOutputStream:75 - [STDERR_REDIRECT] Feb 06, 2025 1:31:42 AM java.util.prefs.WindowsPreferences <init>
2025-02-06 01:31:42,765 [ERROR] LogOutputStream:75 - [STDERR_REDIRECT] WARNING: Could not open/create prefs root node Software\JavaSoft\Prefs at root 0xffffffff80000002. Windows RegCreateKeyEx(...) returned error code 5.
2025-02-06 01:31:42,765 [ERROR] LogOutputStream:75 - [STDERR_REDIRECT] 
2025-02-06 01:31:43,359 [INFO] MainUpdater:2872 - connection check result : 10
2025-02-06 01:31:43,360 [INFO] MainUpdater:289 - Updater Check For Update Now.
2025-02-06 01:31:43,360 [INFO] MicroXplorer:498 - Change Database Version : DB.6.0.130
2025-02-06 01:31:43,398 [INFO] McuFinderGlobals:63 - Set McuFinder mode to 2 (CubeIDE integrated)
2025-02-06 01:31:43,412 [INFO] UserAuth:486 - Internet connection configuration mode: 1
2025-02-06 01:31:43,461 [INFO] JxBrowserEngine:152 - Initiate JxBrowser Engine with user profile folder
2025-02-06 01:31:43,686 [INFO] CheckServerUpdateThread:120 - End of CheckServer Thread
2025-02-06 01:31:44,828 [INFO] WebApp:168 - Instantiating new browser for Auth
2025-02-06 01:31:45,870 [WARN] PackLoader:240 - Cannot read IP mode file for STMicroelectronics.FP-SNS-MOTENVWB1.1.4.0
2025-02-06 01:31:45,872 [INFO] WebApp:449 - Apply proxy settings
2025-02-06 01:31:45,873 [INFO] WebApp:534 - Chromium requires no authentication
2025-02-06 01:31:45,891 [INFO] WebApp:477 - Direct internet connection detected
2025-02-06 01:31:45,912 [WARN] PackLoader:240 - Cannot read IP mode file for STMicroelectronics.FP-ATR-ASTRA1.2.0.1
2025-02-06 01:31:45,938 [INFO] WebApp:880 - Register for checkConnection events
2025-02-06 01:31:45,939 [INFO] WebApp:449 - Apply proxy settings
2025-02-06 01:31:45,939 [INFO] WebApp:534 - Chromium requires no authentication
2025-02-06 01:31:45,939 [INFO] WebApp:477 - Direct internet connection detected
2025-02-06 01:31:45,940 [WARN] PackLoader:240 - Cannot read IP mode file for STMicroelectronics.X-CUBE-SMBUS.2.1.0
2025-02-06 01:31:45,972 [WARN] PackLoader:240 - Cannot read IP mode file for STMicroelectronics.X-CUBE-WB05N.1.1.0
2025-02-06 01:31:46,037 [WARN] PackLoader:240 - Cannot read IP mode file for STMicroelectronics.X-CUBE-AZRTOS-F7.1.1.0
2025-02-06 01:31:46,136 [WARN] PackLoader:240 - Cannot read IP mode file for STMicroelectronics.X-CUBE-MEMS1.11.0.0
2025-02-06 01:31:46,232 [INFO] WebApp:187 - Connection restablished
2025-02-06 01:31:46,441 [WARN] PackLoader:240 - Cannot read IP mode file for STMicroelectronics.FP-SNS-FLIGHT1.5.0.2
2025-02-06 01:31:46,492 [WARN] PackLoader:240 - Cannot read IP mode file for STMicroelectronics.X-CUBE-DISPLAY.3.0.0
2025-02-06 01:31:46,533 [WARN] PackLoader:240 - Cannot read IP mode file for STMicroelectronics.X-CUBE-BLE1.7.0.0
2025-02-06 01:31:46,535 [INFO] WebApp:221 - Starting web application
2025-02-06 01:31:46,536 [INFO] WebApp:579 - Web application path used C:\ST\STM32CubeIDE_1.16.1\STM32CubeIDE\plugins\com.st.stm32cube.common.mx_6.13.0.202411220809\db\plugins\mcufinder\reactClient1\index.html
2025-02-06 01:31:46,576 [WARN] PackLoader:240 - Cannot read IP mode file for STMicroelectronics.X-CUBE-NFC10.1.0.0
2025-02-06 01:31:46,621 [WARN] PackLoader:240 - Cannot read IP mode file for STMicroelectronics.X-CUBE-BLEMGR.4.0.0
2025-02-06 01:31:46,658 [WARN] PackLoader:240 - Cannot read IP mode file for emotas.I-CUBE-CANOPEN.1.3.0
2025-02-06 01:31:46,701 [WARN] PackLoader:240 - Cannot read IP mode file for STMicroelectronics.X-CUBE-BLEMGR.3.1.0
2025-02-06 01:31:46,737 [WARN] PackLoader:240 - Cannot read IP mode file for STMicroelectronics.X-CUBE-AI.10.0.0
2025-02-06 01:31:46,772 [WARN] PackLoader:240 - Cannot read IP mode file for STMicroelectronics.FP-SNS-SMARTAG2.1.2.0
2025-02-06 01:31:46,906 [INFO] UserAuth:486 - Internet connection configuration mode: 1
2025-02-06 01:31:46,910 [WARN] PackLoader:240 - Cannot read IP mode file for STMicroelectronics.X-CUBE-MEMS1.11.1.0
2025-02-06 01:31:47,269 [INFO] LogOutputStream:77 - [STDOUT_REDIRECT] 1 : Invalid condition id : UX_CORESTACK_Condition cause : null
2025-02-06 01:31:47,270 [INFO] LogOutputStream:77 - [STDOUT_REDIRECT] 1 : Invalid condition id : UX_CORESTACK_Condition cause : null
2025-02-06 01:31:47,273 [INFO] LogOutputStream:77 - [STDOUT_REDIRECT] 1 : Invalid condition id : UX_CORESTACK_Condition cause : null
2025-02-06 01:31:47,275 [INFO] LogOutputStream:77 - [STDOUT_REDIRECT] 1 : Invalid condition id : UX_CORESTACK_Condition cause : null
2025-02-06 01:31:47,277 [INFO] LogOutputStream:77 - [STDOUT_REDIRECT] 1 : Invalid condition id : UX_CORESTACK_Condition cause : null
2025-02-06 01:31:47,284 [WARN] PackLoader:240 - Cannot read IP mode file for STMicroelectronics.X-CUBE-AZRTOS-WL.2.0.0
2025-02-06 01:31:47,322 [WARN] PackLoader:240 - Cannot read IP mode file for STMicroelectronics.FP-SNS-MOTENV1.5.0.0
2025-02-06 01:31:47,348 [WARN] PackLoader:240 - Cannot read IP mode file for wolfSSL.I-CUBE-wolfMQTT.1.19.0
2025-02-06 01:31:47,379 [WARN] PackLoader:240 - Cannot read IP mode file for WES.I-CUBE-Cesium.1.3.0
2025-02-06 01:31:47,408 [WARN] PackLoader:240 - Cannot read IP mode file for STMicroelectronics.X-CUBE-BLE2.3.3.0
2025-02-06 01:31:47,438 [WARN] PackLoader:240 - Cannot read IP mode file for STMicroelectronics.X-CUBE-NFC9.1.0.0
2025-02-06 01:31:47,471 [WARN] PackLoader:240 - Cannot read IP mode file for STMicroelectronics.X-CUBE-TCPP.4.1.0
2025-02-06 01:31:47,514 [WARN] PackLoader:240 - Cannot read IP mode file for STMicroelectronics.X-CUBE-AZRTOS-G0.1.1.0
2025-02-06 01:31:47,542 [WARN] PackLoader:240 - Cannot read IP mode file for STMicroelectronics.X-CUBE-SAFEA1.1.2.2
2025-02-06 01:31:47,568 [WARN] PackLoader:240 - Cannot read IP mode file for STMicroelectronics.X-CUBE-NFC4.3.0.0
2025-02-06 01:31:47,603 [WARN] PackLoader:240 - Cannot read IP mode file for EmbeddedOffice.I-CUBE-FS-RTOS.1.0.1
2025-02-06 01:31:47,745 [WARN] PackLoader:240 - Cannot read IP mode file for STMicroelectronics.X-CUBE-TCPP.4.2.0
2025-02-06 01:31:47,771 [WARN] PackLoader:240 - Cannot read IP mode file for RealThread.X-CUBE-RT-Thread_Nano.4.1.1
2025-02-06 01:31:47,790 [WARN] PackLoader:240 - Cannot read IP mode file for STMicroelectronics.FP-ATR-SIGFOX1.3.2.0
2025-02-06 01:31:47,808 [WARN] ConditionMgr:438 - getConditionDescription Invalid condition id : Cortex-A Device cause : null
2025-02-06 01:31:47,836 [WARN] ConditionMgr:1044 - genDependencies : Invalid condition id : Cortex-A Device cause : null
2025-02-06 01:31:47,836 [WARN] ConditionMgr:1044 - genDependencies : Invalid condition id : Cortex-A Device cause : null
2025-02-06 01:31:47,837 [WARN] ConditionMgr:1044 - genDependencies : Invalid condition id : Cortex-A Device cause : null
2025-02-06 01:31:47,858 [WARN] PackLoader:240 - Cannot read IP mode file for STMicroelectronics.X-CUBE-EEPRMA1.5.1.0
2025-02-06 01:31:47,875 [WARN] PackLoader:240 - Cannot read IP mode file for wolfSSL.I-CUBE-wolfSSL.5.7.4
2025-02-06 01:31:47,898 [WARN] PackLoader:240 - Cannot read IP mode file for ITTIA_DB.I-CUBE-ITTIADB.8.9.0
2025-02-06 01:31:47,941 [WARN] PackLoader:240 - Cannot read IP mode file for SEGGER.I-CUBE-embOS.1.3.1
2025-02-06 01:31:47,995 [WARN] PackLoader:240 - Cannot read IP mode file for STMicroelectronics.X-CUBE-ALGOBUILD.1.4.0
2025-02-06 01:31:48,014 [WARN] PackLoader:240 - Cannot read IP mode file for STMicroelectronics.X-CUBE-AI.9.1.0
2025-02-06 01:31:48,050 [WARN] PackLoader:240 - Cannot read IP mode file for STMicroelectronics.X-CUBE-AZRTOS-F4.1.1.0
2025-02-06 01:31:48,071 [WARN] PackLoader:240 - Cannot read IP mode file for STMicroelectronics.X-CUBE-ISPU.2.1.0
2025-02-06 01:31:48,089 [WARN] PackLoader:240 - Cannot read IP mode file for STMicroelectronics.X-CUBE-FREERTOS.1.2.0
2025-02-06 01:31:48,123 [WARN] PackLoader:240 - Cannot read IP mode file for STMicroelectronics.X-CUBE-AZRTOS-L5.2.0.0
2025-02-06 01:31:48,150 [WARN] PackLoader:240 - Cannot read IP mode file for STMicroelectronics.X-CUBE-NFC6.3.1.0
2025-02-06 01:31:48,169 [WARN] PackLoader:240 - Cannot read IP mode file for STMicroelectronics.X-CUBE-DPower.1.2.0
2025-02-06 01:31:48,186 [WARN] PackLoader:240 - Cannot read IP mode file for STMicroelectronics.X-CUBE-FREERTOS.1.3.0
2025-02-06 01:31:48,205 [WARN] PackLoader:240 - Cannot read IP mode file for STMicroelectronics.X-CUBE-NFC7.1.0.1
2025-02-06 01:31:48,239 [WARN] ConditionMgr:438 - getConditionDescription Invalid condition id : LAN8742 Phy interface Condition cause : null
2025-02-06 01:31:48,240 [WARN] PackLoader:240 - Cannot read IP mode file for STMicroelectronics.X-CUBE-AZRTOS-L4.2.0.0
2025-02-06 01:31:48,241 [WARN] ConditionMgr:1044 - genDependencies : Invalid condition id : LAN8742 Phy interface Condition cause : null
2025-02-06 01:31:48,241 [WARN] ConditionMgr:1044 - genDependencies : Invalid condition id : LAN8742 Phy interface Condition cause : null
2025-02-06 01:31:48,241 [WARN] ConditionMgr:1044 - genDependencies : Invalid condition id : LAN8742 Phy interface Condition cause : null
2025-02-06 01:31:48,266 [WARN] PackLoader:240 - Cannot read IP mode file for STMicroelectronics.X-CUBE-SFXS2LP1.4.0.0
2025-02-06 01:31:48,310 [WARN] PackLoader:240 - Cannot read IP mode file for STMicroelectronics.X-CUBE-AZRTOS-H7.3.3.0
2025-02-06 01:31:48,335 [WARN] PackLoader:240 - Cannot read IP mode file for STMicroelectronics.X-CUBE-IPS.3.0.0
2025-02-06 01:31:48,370 [WARN] ConditionMgr:438 - getConditionDescription Invalid condition id : UX DEVICE CLASS RTOS Condition cause : null
2025-02-06 01:31:48,370 [WARN] ConditionMgr:438 - getConditionDescription Invalid condition id : UX DEVICE CLASS RTOS Condition cause : null
2025-02-06 01:31:48,372 [WARN] PackLoader:240 - Cannot read IP mode file for STMicroelectronics.X-CUBE-AZRTOS-WB.2.0.0
2025-02-06 01:31:48,372 [WARN] ConditionMgr:1044 - genDependencies : Invalid condition id : UX DEVICE CLASS RTOS Condition cause : null
2025-02-06 01:31:48,372 [WARN] ConditionMgr:1044 - genDependencies : Invalid condition id : UX DEVICE CLASS RTOS Condition cause : null
2025-02-06 01:31:48,373 [WARN] ConditionMgr:1044 - genDependencies : Invalid condition id : UX DEVICE CLASS RTOS Condition cause : null
2025-02-06 01:31:48,373 [WARN] ConditionMgr:1044 - genDependencies : Invalid condition id : UX DEVICE CLASS RTOS Condition cause : null
2025-02-06 01:31:48,373 [WARN] ConditionMgr:1044 - genDependencies : Invalid condition id : UX DEVICE CLASS RTOS Condition cause : null
2025-02-06 01:31:48,400 [WARN] PackLoader:240 - Cannot read IP mode file for STMicroelectronics.X-CUBE-GNSS1.7.0.0
2025-02-06 01:31:48,422 [WARN] PackLoader:240 - Cannot read IP mode file for STMicroelectronics.X-CUBE-GNSS1.7.0.1
2025-02-06 01:31:48,445 [WARN] PackLoader:240 - Cannot read IP mode file for STMicroelectronics.FP-SNS-STBOX1.2.0.0
2025-02-06 01:31:48,475 [WARN] PackLoader:240 - Cannot read IP mode file for STMicroelectronics.X-CUBE-SUBG2.5.0.0
2025-02-06 01:31:48,498 [WARN] PackLoader:240 - Cannot read IP mode file for Cesanta.I-CUBE-Mongoose.7.13.0
2025-02-06 01:31:48,532 [WARN] PackLoader:240 - Cannot read IP mode file for STMicroelectronics.X-CUBE-AZRTOS-G4.2.0.0
2025-02-06 01:31:48,563 [WARN] PackLoader:240 - Cannot read IP mode file for STMicroelectronics.X-CUBE-IPS.3.1.0
2025-02-06 01:31:48,593 [WARN] PackLoader:240 - Cannot read IP mode file for STMicroelectronics.X-CUBE-ALS.1.0.2
2025-02-06 01:31:48,615 [WARN] PackLoader:240 - Cannot read IP mode file for STMicroelectronics.X-CUBE-TOUCHGFX.4.24.2
2025-02-06 01:31:48,634 [WARN] PackLoader:240 - Cannot read IP mode file for STMicroelectronics.X-CUBE-TOUCHGFX.4.24.1
2025-02-06 01:31:48,652 [WARN] PackLoader:240 - Cannot read IP mode file for wolfSSL.I-CUBE-wolfTPM.3.4.0
2025-02-06 01:31:48,673 [WARN] PackLoader:240 - Cannot read IP mode file for portGmbH.I-Cube-SoM-uGOAL.1.1.0
2025-02-06 01:31:48,721 [WARN] PackLoader:240 - Cannot read IP mode file for STMicroelectronics.X-CUBE-AZRTOS-H7RS.1.0.0
2025-02-06 01:31:48,743 [WARN] PackLoader:240 - Cannot read IP mode file for STMicroelectronics.FP-ATR-ASTRA1.2.0.0
2025-02-06 01:31:48,776 [WARN] PackLoader:240 - Cannot read IP mode file for STMicroelectronics.X-CUBE-TOF1.3.4.2
2025-02-06 01:31:48,854 [WARN] PackLoader:240 - Cannot read IP mode file for Infineon.AIROC-Wi-Fi-Bluetooth-STM32.1.6.1
2025-02-06 01:31:48,876 [WARN] PackLoader:240 - Cannot read IP mode file for wolfSSL.I-CUBE-wolfSSH.1.4.17
2025-02-06 01:31:48,876 [INFO] ThirdParty:978 - Integrity check success = true
2025-02-06 01:31:48,876 [INFO] IntegrityCheckThread:100 - exiting critical section [integrity check]
2025-02-06 01:31:48,876 [INFO] IntegrityCheckThread:103 - End integrity checks thread
2025-02-06 01:34:40,180 [INFO] WebApp:190 - Connection lost
2025-02-06 01:34:40,496 [INFO] WebApp:187 - Connection restablished
2025-02-06 15:06:46,692 [INFO] Activator:176 - 


2025-02-06 15:06:46,694 [INFO] Activator:177 - !SESSION log4j initialized
2025-02-06 15:06:55,739 [INFO] LogOutputStream:77 - [STDOUT_REDIRECT] 
