2025-02-27 13:35:47,794 [INFO] Activator:176 - 


2025-02-27 13:35:47,800 [INFO] Activator:177 - !SESSION log4j initialized
2025-02-27 13:35:54,648 [INFO] LogOutputStream:77 - [STDOUT_REDIRECT] 
2025-02-27 13:35:59,391 [INFO] ApplicationProperties:184 - Using Application install path: C:\ST\STM32CubeIDE_1.16.1\STM32CubeIDE\plugins\com.st.stm32cube.common.mx_6.13.0.202411220809
2025-02-27 13:35:59,408 [INFO] DbMcusXml:78 - Set database path to: C:\ST\STM32CubeIDE_1.16.1\STM32CubeIDE\plugins\com.st.stm32cube.common.mx_6.13.0.202411220809\\db\/mcu/
2025-02-27 13:35:59,408 [INFO] ApiDb:274 - Set plugin database path to: C:\ST\STM32CubeIDE_1.16.1\STM32CubeIDE\plugins\com.st.stm32cube.common.mx_6.13.0.202411220809\\db\/plugins/boardmanager/
2025-02-27 13:35:59,409 [WARN] ApiDb:259 - Overriding images path with different value:  => C:\ST\STM32CubeIDE_1.16.1\STM32CubeIDE\plugins\com.st.stm32cube.common.mx_6.13.0.202411220809\\db\/plugins/mcufinder/images/
2025-02-27 13:35:59,422 [INFO] ApiDb:250 - Set database path to: C:\Users\User\.stmcufinder\plugins\mcufinder//mcu/
2025-02-27 13:35:59,423 [INFO] DbMcusAds:125 - Set database path to: C:\Users\User\.stmcufinder\plugins\mcufinder//mcu/
2025-02-27 13:35:59,426 [INFO] CrossReferenceDbSqlite:203 - Set database path to: C:\Users\User\.stmcufinder\plugins\mcufinder//mcu/cs/
2025-02-27 13:35:59,555 [INFO] RulesReader:64 - Compatibility file has been processed (297 Rules)
2025-02-27 13:35:59,649 [INFO] DbMcusXml:78 - Set database path to: C:\ST\STM32CubeIDE_1.16.1\STM32CubeIDE\plugins\com.st.stm32cube.common.mx_6.13.0.202411220809\\db\/mcu/
2025-02-27 13:35:59,649 [INFO] ApiDb:274 - Set plugin database path to: C:\ST\STM32CubeIDE_1.16.1\STM32CubeIDE\plugins\com.st.stm32cube.common.mx_6.13.0.202411220809\\db\/plugins/boardmanager/
2025-02-27 13:35:59,650 [INFO] ApiDb:261 - Set plugin images path to: C:\ST\STM32CubeIDE_1.16.1\STM32CubeIDE\plugins\com.st.stm32cube.common.mx_6.13.0.202411220809\\db\/plugins/mcufinder/images/
2025-02-27 13:35:59,650 [WARN] DbFile:41 - Overriding database path with different value: C:\Users\User\.stmcufinder\plugins\mcufinder/ => C:\Users\User\.stmcufinder\plugins\mcufinder
2025-02-27 13:35:59,650 [INFO] ApiDb:250 - Set database path to: C:\Users\User\.stmcufinder\plugins\mcufinder//mcu/
2025-02-27 13:35:59,650 [WARN] DbFile:41 - Overriding database path with different value: C:\Users\User\.stmcufinder\plugins\mcufinder/ => C:\Users\User\.stmcufinder\plugins\mcufinder
2025-02-27 13:35:59,650 [INFO] DbMcusAds:125 - Set database path to: C:\Users\User\.stmcufinder\plugins\mcufinder//mcu/
2025-02-27 13:35:59,650 [WARN] DbFile:41 - Overriding database path with different value: C:\Users\User\.stmcufinder\plugins\mcufinder/ => C:\Users\User\.stmcufinder\plugins\mcufinder
2025-02-27 13:35:59,650 [WARN] DbFile:41 - Overriding database path with different value: C:\Users\User\.stmcufinder\plugins\mcufinder/ => C:\Users\User\.stmcufinder\plugins\mcufinder
2025-02-27 13:35:59,650 [INFO] CrossReferenceDbSqlite:203 - Set database path to: C:\Users\User\.stmcufinder\plugins\mcufinder//mcu/cs/
2025-02-27 13:35:59,740 [INFO] MainPanel:272 - HeapMemory: 268435456
2025-02-27 13:35:59,868 [INFO] DbMcusXml:78 - Set database path to: C:\ST\STM32CubeIDE_1.16.1\STM32CubeIDE\plugins\com.st.stm32cube.common.mx_6.13.0.202411220809\\db\/mcu/
2025-02-27 13:35:59,868 [INFO] ApiDb:274 - Set plugin database path to: C:\ST\STM32CubeIDE_1.16.1\STM32CubeIDE\plugins\com.st.stm32cube.common.mx_6.13.0.202411220809\\db\/plugins/boardmanager/
2025-02-27 13:35:59,868 [INFO] ApiDb:261 - Set plugin images path to: C:\ST\STM32CubeIDE_1.16.1\STM32CubeIDE\plugins\com.st.stm32cube.common.mx_6.13.0.202411220809\\db\/plugins/mcufinder/images/
2025-02-27 13:35:59,868 [WARN] DbFile:41 - Overriding database path with different value: C:\Users\User\.stmcufinder\plugins\mcufinder/ => C:\Users\User\.stmcufinder\plugins\mcufinder
2025-02-27 13:35:59,868 [INFO] ApiDb:250 - Set database path to: C:\Users\User\.stmcufinder\plugins\mcufinder//mcu/
2025-02-27 13:35:59,869 [WARN] DbFile:41 - Overriding database path with different value: C:\Users\User\.stmcufinder\plugins\mcufinder/ => C:\Users\User\.stmcufinder\plugins\mcufinder
2025-02-27 13:35:59,869 [INFO] DbMcusAds:125 - Set database path to: C:\Users\User\.stmcufinder\plugins\mcufinder//mcu/
2025-02-27 13:35:59,869 [WARN] DbFile:41 - Overriding database path with different value: C:\Users\User\.stmcufinder\plugins\mcufinder/ => C:\Users\User\.stmcufinder\plugins\mcufinder
2025-02-27 13:35:59,869 [WARN] DbFile:41 - Overriding database path with different value: C:\Users\User\.stmcufinder\plugins\mcufinder/ => C:\Users\User\.stmcufinder\plugins\mcufinder
2025-02-27 13:35:59,869 [INFO] CrossReferenceDbSqlite:203 - Set database path to: C:\Users\User\.stmcufinder\plugins\mcufinder//mcu/cs/
2025-02-27 13:35:59,890 [INFO] ApplicationProperties:184 - Using Application install path: C:\ST\STM32CubeIDE_1.16.1\STM32CubeIDE\plugins\com.st.stm32cube.common.mx_6.13.0.202411220809
2025-02-27 13:35:59,891 [INFO] PluginManage:196 - Search for loadable plugins [exclusion list=, ]
2025-02-27 13:35:59,894 [INFO] PluginManage:310 - Check plugin analytics
2025-02-27 13:36:00,070 [INFO] AnalyticsPlugin:253 - Accepted Software Licenses: 
2025-02-27 13:36:00,071 [INFO] AnalyticsPlugin:255 - Accepted CMSIS Pack Licenses: EmbeddedOffice.I-CUBE-FS-RTOS.1.0.1
2025-02-27 13:36:00,071 [INFO] AnalyticsPlugin:257 - Accepted Firmware Licenses: FW.U5.1.6.0,FW.U5.1.1.0
2025-02-27 13:36:00,073 [INFO] PluginManage:359 - Loaded plugin analytics (category:tool,tabindex:-1)
2025-02-27 13:36:00,073 [INFO] PluginManage:310 - Check plugin cadmodel
2025-02-27 13:36:00,094 [INFO] CADModel:105 - Init CAD model plugin
2025-02-27 13:36:00,094 [INFO] PluginManage:359 - Loaded plugin cadmodel (category:power,tabindex:5)
2025-02-27 13:36:00,094 [INFO] PluginManage:310 - Check plugin clock
2025-02-27 13:36:00,117 [INFO] PluginManage:359 - Loaded plugin clock (category:base,tabindex:2)
2025-02-27 13:36:00,118 [INFO] PluginManage:310 - Check plugin ddr
2025-02-27 13:36:00,120 [INFO] PluginManage:359 - Loaded plugin ddr (category:tool,tabindex:6)
2025-02-27 13:36:00,120 [INFO] PluginManage:310 - Check plugin filemanager
2025-02-27 13:36:00,273 [INFO] PluginManage:359 - Loaded plugin filemanager (category:base,tabindex:10)
2025-02-27 13:36:00,274 [INFO] PluginManage:310 - Check plugin ipmanager
2025-02-27 13:36:00,282 [INFO] PluginManage:359 - Loaded plugin ipmanager (category:base,tabindex:5)
2025-02-27 13:36:00,283 [INFO] PluginManage:310 - Check plugin lpbam
2025-02-27 13:36:00,304 [INFO] PluginManage:359 - Loaded plugin lpbam (category:base,tabindex:0)
2025-02-27 13:36:00,304 [INFO] PluginManage:310 - Check plugin memorymap
2025-02-27 13:36:00,336 [INFO] PluginManage:359 - Loaded plugin memorymap (category:base,tabindex:4)
2025-02-27 13:36:00,336 [INFO] PluginManage:310 - Check plugin pinoutandconfiguration
2025-02-27 13:36:00,358 [INFO] PluginManage:359 - Loaded plugin pinoutandconfiguration (category:base,tabindex:1)
2025-02-27 13:36:00,358 [INFO] PluginManage:310 - Check plugin pinoutconfig
2025-02-27 13:36:00,468 [WARN] SupportedApi:132 - Cannot load RTOS API schema: s4s-elt-must-match.1: The content of 'definitions' must match (annotation?, (simpleType | complexType)?, (unique | key | keyref)*)). A problem was found starting at: attribute.
2025-02-27 13:36:00,618 [INFO] PluginManage:359 - Loaded plugin pinoutconfig (category:base,tabindex:0)
2025-02-27 13:36:00,618 [INFO] PluginManage:310 - Check plugin power
2025-02-27 13:36:00,643 [INFO] PluginManage:359 - Loaded plugin power (category:power,tabindex:4)
2025-02-27 13:36:00,643 [INFO] PluginManage:310 - Check plugin projectmanager
2025-02-27 13:36:00,658 [INFO] PluginManage:359 - Loaded plugin projectmanager (category:projectmanager,tabindex:4)
2025-02-27 13:36:00,658 [INFO] PluginManage:310 - Check plugin rif
2025-02-27 13:36:00,679 [INFO] PluginManage:359 - Loaded plugin rif (category:base,tabindex:3)
2025-02-27 13:36:00,679 [INFO] PluginManage:310 - Check plugin thirdparty
2025-02-27 13:36:01,021 [WARN] IntegrityCheckThread:84 - waiting for thirdparty lock release [integrity check]
2025-02-27 13:36:01,021 [INFO] PluginManage:359 - Loaded plugin thirdparty (category:base,tabindex:-1)
2025-02-27 13:36:01,021 [INFO] IntegrityCheckThread:86 - entering critical section [integrity check]
2025-02-27 13:36:01,021 [INFO] PluginManage:310 - Check plugin tools
2025-02-27 13:36:01,022 [INFO] ThirdPartyUpdaterWithRetryManager:70 - Updater plugin not ready yet. [1/15]
2025-02-27 13:36:01,070 [INFO] PluginManage:359 - Loaded plugin tools (category:base,tabindex:7)
2025-02-27 13:36:01,070 [INFO] PluginManage:310 - Check plugin tutovideos
2025-02-27 13:36:01,293 [INFO] PluginManage:359 - Loaded plugin tutovideos (category:base,tabindex:-1)
2025-02-27 13:36:01,293 [INFO] PluginManage:310 - Check plugin updater
2025-02-27 13:36:01,314 [INFO] PluginManage:359 - Loaded plugin updater (category:base,tabindex:12)
2025-02-27 13:36:01,314 [INFO] PluginManage:310 - Check plugin userauth
2025-02-27 13:36:01,319 [INFO] UserAuth:118 - Init User Auth plugin
2025-02-27 13:36:01,320 [INFO] PluginManage:359 - Loaded plugin userauth (category:base,tabindex:14)
2025-02-27 13:36:01,321 [INFO] PluginManage:283 - PluginManage : Loaded plugins [18]
2025-02-27 13:36:01,571 [INFO] PinOutPanel:1589 - setPackage(No Configuration,No Configuration)
2025-02-27 13:36:01,675 [INFO] CADModel:165 - CPN selected for project level
2025-02-27 13:36:01,675 [INFO] CADModel:114 - Register for checkConnection events
2025-02-27 13:36:01,708 [INFO] IPUIPlugin:80 - create IPUIPlugin
2025-02-27 13:36:01,708 [INFO] PluginManager:220 - loadIPPluginJar : add adc
2025-02-27 13:36:01,759 [INFO] IPUIPlugin:80 - create IPUIPlugin
2025-02-27 13:36:01,759 [INFO] PluginManager:220 - loadIPPluginJar : add aes
2025-02-27 13:36:01,813 [INFO] IPUIPlugin:80 - create IPUIPlugin
2025-02-27 13:36:01,813 [INFO] PluginManager:220 - loadIPPluginJar : add can
2025-02-27 13:36:01,845 [INFO] IPUIPlugin:80 - create IPUIPlugin
2025-02-27 13:36:01,846 [INFO] PluginManager:220 - loadIPPluginJar : add comp
2025-02-27 13:36:01,891 [INFO] IPUIPlugin:80 - create IPUIPlugin
2025-02-27 13:36:01,891 [INFO] PluginManager:220 - loadIPPluginJar : add cryp
2025-02-27 13:36:01,908 [INFO] IPUIPlugin:80 - create IPUIPlugin
2025-02-27 13:36:01,908 [INFO] PluginManager:220 - loadIPPluginJar : add ddr_ctrl_phy
2025-02-27 13:36:01,949 [INFO] IPUIPlugin:80 - create IPUIPlugin
2025-02-27 13:36:01,949 [INFO] PluginManager:220 - loadIPPluginJar : add dfsdm
2025-02-27 13:36:01,969 [INFO] IPUIPlugin:80 - create IPUIPlugin
2025-02-27 13:36:01,969 [INFO] PluginManager:220 - loadIPPluginJar : add dma
2025-02-27 13:36:02,021 [INFO] IPUIPlugin:80 - create IPUIPlugin
2025-02-27 13:36:02,021 [INFO] PluginManager:220 - loadIPPluginJar : add dma3
2025-02-27 13:36:02,080 [INFO] IPUIPlugin:80 - create IPUIPlugin
2025-02-27 13:36:02,080 [INFO] PluginManager:220 - loadIPPluginJar : add extmemmanager
2025-02-27 13:36:02,108 [INFO] IPUIPlugin:80 - create IPUIPlugin
2025-02-27 13:36:02,108 [INFO] PluginManager:220 - loadIPPluginJar : add fatfs
2025-02-27 13:36:02,170 [INFO] IPUIPlugin:80 - create IPUIPlugin
2025-02-27 13:36:02,170 [INFO] PluginManager:220 - loadIPPluginJar : add fmc
2025-02-27 13:36:02,191 [INFO] IPUIPlugin:80 - create IPUIPlugin
2025-02-27 13:36:02,191 [INFO] PluginManager:220 - loadIPPluginJar : add freertos
2025-02-27 13:36:02,220 [INFO] IPUIPlugin:80 - create IPUIPlugin
2025-02-27 13:36:02,220 [INFO] PluginManager:220 - loadIPPluginJar : add genericplugin
2025-02-27 13:36:02,337 [INFO] IPUIPlugin:80 - create IPUIPlugin
2025-02-27 13:36:02,337 [INFO] PluginManager:220 - loadIPPluginJar : add gfxmmu
2025-02-27 13:36:02,532 [INFO] IPUIPlugin:80 - create IPUIPlugin
2025-02-27 13:36:02,532 [INFO] PluginManager:220 - loadIPPluginJar : add gic
2025-02-27 13:36:02,550 [INFO] IPUIPlugin:80 - create IPUIPlugin
2025-02-27 13:36:02,551 [INFO] PluginManager:220 - loadIPPluginJar : add gpio
2025-02-27 13:36:02,675 [INFO] IPUIPlugin:80 - create IPUIPlugin
2025-02-27 13:36:02,675 [INFO] PluginManager:220 - loadIPPluginJar : add gtzc
2025-02-27 13:36:02,719 [INFO] IPUIPlugin:80 - create IPUIPlugin
2025-02-27 13:36:02,719 [INFO] PluginManager:220 - loadIPPluginJar : add hash
2025-02-27 13:36:02,787 [INFO] IPUIPlugin:80 - create IPUIPlugin
2025-02-27 13:36:02,787 [INFO] PluginManager:220 - loadIPPluginJar : add i2c
2025-02-27 13:36:02,836 [INFO] IPUIPlugin:80 - create IPUIPlugin
2025-02-27 13:36:02,837 [INFO] PluginManager:220 - loadIPPluginJar : add i2s
2025-02-27 13:36:02,891 [INFO] IPUIPlugin:80 - create IPUIPlugin
2025-02-27 13:36:02,891 [INFO] PluginManager:220 - loadIPPluginJar : add i3c
2025-02-27 13:36:03,018 [INFO] IPUIPlugin:80 - create IPUIPlugin
2025-02-27 13:36:03,018 [INFO] PluginManager:220 - loadIPPluginJar : add ipddr
2025-02-27 13:36:03,133 [INFO] IPUIPlugin:80 - create IPUIPlugin
2025-02-27 13:36:03,133 [INFO] PluginManager:220 - loadIPPluginJar : add linkedlist
2025-02-27 13:36:03,182 [INFO] IPUIPlugin:80 - create IPUIPlugin
2025-02-27 13:36:03,182 [INFO] PluginManager:220 - loadIPPluginJar : add lorawan
2025-02-27 13:36:03,230 [INFO] IPUIPlugin:80 - create IPUIPlugin
2025-02-27 13:36:03,230 [INFO] PluginManager:220 - loadIPPluginJar : add ltdc
2025-02-27 13:36:03,249 [INFO] IPUIPlugin:80 - create IPUIPlugin
2025-02-27 13:36:03,249 [INFO] PluginManager:220 - loadIPPluginJar : add mdma
2025-02-27 13:36:03,265 [INFO] IPUIPlugin:80 - create IPUIPlugin
2025-02-27 13:36:03,265 [INFO] PluginManager:220 - loadIPPluginJar : add nvic
2025-02-27 13:36:03,312 [INFO] IPUIPlugin:80 - create IPUIPlugin
2025-02-27 13:36:03,312 [INFO] PluginManager:220 - loadIPPluginJar : add opamp
2025-02-27 13:36:03,389 [INFO] IPUIPlugin:80 - create IPUIPlugin
2025-02-27 13:36:03,389 [INFO] PluginManager:220 - loadIPPluginJar : add openamp
2025-02-27 13:36:03,444 [INFO] IPUIPlugin:80 - create IPUIPlugin
2025-02-27 13:36:03,444 [INFO] PluginManager:220 - loadIPPluginJar : add pdm2pcm
2025-02-27 13:36:03,462 [INFO] IPUIPlugin:80 - create IPUIPlugin
2025-02-27 13:36:03,465 [INFO] PluginManager:220 - loadIPPluginJar : add plateformsettings
2025-02-27 13:36:03,496 [INFO] IPUIPlugin:80 - create IPUIPlugin
2025-02-27 13:36:03,496 [INFO] PluginManager:220 - loadIPPluginJar : add quadspi
2025-02-27 13:36:03,532 [INFO] IPUIPlugin:80 - create IPUIPlugin
2025-02-27 13:36:03,532 [INFO] PluginManager:220 - loadIPPluginJar : add radio
2025-02-27 13:36:03,551 [INFO] IPUIPlugin:80 - create IPUIPlugin
2025-02-27 13:36:03,551 [INFO] PluginManager:220 - loadIPPluginJar : add resmgrutility
2025-02-27 13:36:03,611 [INFO] IPUIPlugin:80 - create IPUIPlugin
2025-02-27 13:36:03,612 [INFO] PluginManager:220 - loadIPPluginJar : add sai
2025-02-27 13:36:03,660 [INFO] IPUIPlugin:80 - create IPUIPlugin
2025-02-27 13:36:03,660 [INFO] PluginManager:220 - loadIPPluginJar : add spi
2025-02-27 13:36:03,747 [INFO] IPUIPlugin:80 - create IPUIPlugin
2025-02-27 13:36:03,747 [INFO] PluginManager:220 - loadIPPluginJar : add stm32_wpan
2025-02-27 13:36:03,784 [INFO] IPUIPlugin:80 - create IPUIPlugin
2025-02-27 13:36:03,784 [INFO] PluginManager:220 - loadIPPluginJar : add tim
2025-02-27 13:36:03,859 [INFO] IPUIPlugin:80 - create IPUIPlugin
2025-02-27 13:36:03,859 [INFO] PluginManager:220 - loadIPPluginJar : add touchsensing
2025-02-27 13:36:03,890 [INFO] IPUIPlugin:80 - create IPUIPlugin
2025-02-27 13:36:03,890 [INFO] PluginManager:220 - loadIPPluginJar : add tracer_emb
2025-02-27 13:36:03,919 [INFO] IPUIPlugin:80 - create IPUIPlugin
2025-02-27 13:36:03,919 [INFO] PluginManager:220 - loadIPPluginJar : add ts
2025-02-27 13:36:03,951 [INFO] IPUIPlugin:80 - create IPUIPlugin
2025-02-27 13:36:03,951 [INFO] PluginManager:220 - loadIPPluginJar : add tsc
2025-02-27 13:36:03,981 [INFO] IPUIPlugin:80 - create IPUIPlugin
2025-02-27 13:36:03,981 [INFO] PluginManager:220 - loadIPPluginJar : add ucpd
2025-02-27 13:36:04,023 [INFO] ThirdPartyUpdaterWithRetryManager:70 - Updater plugin not ready yet. [2/15]
2025-02-27 13:36:04,040 [INFO] IPUIPlugin:80 - create IPUIPlugin
2025-02-27 13:36:04,040 [INFO] PluginManager:220 - loadIPPluginJar : add usart
2025-02-27 13:36:04,093 [INFO] IPUIPlugin:80 - create IPUIPlugin
2025-02-27 13:36:04,093 [INFO] PluginManager:220 - loadIPPluginJar : add usbx
2025-02-27 13:36:04,229 [FATAL] Updater:351 - Updater called before beeing initialized
2025-02-27 13:36:04,269 [INFO] RulesReader:64 - Compatibility file has been processed (297 Rules)
2025-02-27 13:36:04,278 [INFO] RulesReader:64 - Compatibility file has been processed (297 Rules)
2025-02-27 13:36:04,286 [INFO] CADModel:165 - CPN selected for project level
2025-02-27 13:36:04,286 [INFO] CADModel:114 - Register for checkConnection events
2025-02-27 13:36:04,286 [FATAL] Updater:351 - Updater called before beeing initialized
2025-02-27 13:36:04,286 [ERROR] CADModel:125 - Updater not yet initialized, retry later 
2025-02-27 13:36:04,442 [FATAL] Updater:351 - Updater called before beeing initialized
2025-02-27 13:36:04,444 [INFO] CADModel:165 - CPN selected for project level
2025-02-27 13:36:04,444 [INFO] CADModel:114 - Register for checkConnection events
2025-02-27 13:36:04,445 [FATAL] Updater:351 - Updater called before beeing initialized
2025-02-27 13:36:04,445 [ERROR] CADModel:125 - Updater not yet initialized, retry later 
2025-02-27 13:36:04,448 [FATAL] Updater:351 - Updater called before beeing initialized
2025-02-27 13:36:04,573 [FATAL] Updater:351 - Updater called before beeing initialized
2025-02-27 13:36:04,587 [INFO] DbMcusAds:53 - JSON generation date=Tue Dec 17 08:01:15 PST 2024 (1734451275111)
2025-02-27 13:36:04,587 [FATAL] Updater:351 - Updater called before beeing initialized
2025-02-27 13:36:04,631 [WARN] DetailPanel:346 - Failed to get advertising image, set to default
2025-02-27 13:36:04,856 [FATAL] Updater:351 - Updater called before beeing initialized
2025-02-27 13:36:04,859 [FATAL] Updater:351 - Updater called before beeing initialized
2025-02-27 13:36:04,859 [FATAL] Updater:351 - Updater called before beeing initialized
2025-02-27 13:36:04,859 [WARN] DetailPanel:346 - Failed to get advertising image, set to default
2025-02-27 13:36:04,859 [FATAL] Updater:351 - Updater called before beeing initialized
2025-02-27 13:36:04,922 [ERROR] Updater:1198 - MainUpdater not yet initialized. External WinMGr cannot be set.
2025-02-27 13:36:04,935 [INFO] Updater:1134 - Updater Version found : 6.13.0
2025-02-27 13:36:04,955 [INFO] ApplicationProperties:184 - Using Application install path: C:\ST\STM32CubeIDE_1.16.1\STM32CubeIDE\plugins\com.st.stm32cube.common.mx_6.13.0.202411220809
2025-02-27 13:36:06,552 [ERROR] LogOutputStream:75 - [STDERR_REDIRECT] Feb 27, 2025 1:36:06 PM java.util.prefs.WindowsPreferences <init>
2025-02-27 13:36:06,555 [ERROR] LogOutputStream:75 - [STDERR_REDIRECT] WARNING: Could not open/create prefs root node Software\JavaSoft\Prefs at root 0xffffffff80000002. Windows RegCreateKeyEx(...) returned error code 5.
2025-02-27 13:36:06,556 [ERROR] LogOutputStream:75 - [STDERR_REDIRECT] 
2025-02-27 13:36:06,907 [INFO] MainUpdater:2872 - connection check result : 10
2025-02-27 13:36:06,908 [INFO] MainUpdater:3566 - Updater definition file requires update
2025-02-27 13:36:06,909 [INFO] MainUpdater:289 - Updater Check For Update Now.
2025-02-27 13:36:06,909 [INFO] MicroXplorer:498 - Change Database Version : DB.6.0.130
2025-02-27 13:36:06,930 [INFO] McuFinderGlobals:63 - Set McuFinder mode to 2 (CubeIDE integrated)
2025-02-27 13:36:06,937 [INFO] UserAuth:486 - Internet connection configuration mode: 1
2025-02-27 13:36:06,968 [INFO] JxBrowserEngine:152 - Initiate JxBrowser Engine with user profile folder
2025-02-27 13:36:07,024 [WARN] MainUpdater:1193 - Updater busy. Cannot search thirdparties
2025-02-27 13:36:07,024 [INFO] ThirdPartyUpdaterWithRetryManager:96 - Updater plugin is busy. [1/15]
2025-02-27 13:36:07,168 [INFO] ServerAccessManage:473 - Download File updaters.zip
2025-02-27 13:36:07,264 [INFO] FileExtend:240 - Unzip File : updaters.zip
2025-02-27 13:36:07,264 [INFO] FileExtend:255 - Standard Zip Deflate
2025-02-27 13:36:08,091 [INFO] ServerAccessManage:473 - Download File PacksControlFlags.xml
2025-02-27 13:36:08,176 [INFO] ServerAccessManage:473 - Download File cubemx.pidx
2025-02-27 13:36:08,403 [INFO] ServerAccessManage:473 - Download File STMicroelectronics.FP-ATR-ASTRA1.pdsc
2025-02-27 13:36:08,866 [INFO] WebApp:168 - Instantiating new browser for Auth
2025-02-27 13:36:10,026 [WARN] MainUpdater:1193 - Updater busy. Cannot search thirdparties
2025-02-27 13:36:10,026 [INFO] ThirdPartyUpdaterWithRetryManager:96 - Updater plugin is busy. [2/15]
2025-02-27 13:36:10,060 [INFO] WebApp:449 - Apply proxy settings
2025-02-27 13:36:10,061 [INFO] WebApp:534 - Chromium requires no authentication
2025-02-27 13:36:10,077 [INFO] WebApp:477 - Direct internet connection detected
2025-02-27 13:36:10,141 [INFO] WebApp:880 - Register for checkConnection events
2025-02-27 13:36:10,141 [INFO] WebApp:449 - Apply proxy settings
2025-02-27 13:36:10,142 [INFO] WebApp:534 - Chromium requires no authentication
2025-02-27 13:36:10,142 [INFO] WebApp:477 - Direct internet connection detected
2025-02-27 13:36:10,478 [INFO] WebApp:187 - Connection restablished
2025-02-27 13:36:10,539 [INFO] WebApp:221 - Starting web application
2025-02-27 13:36:10,539 [INFO] WebApp:579 - Web application path used C:\ST\STM32CubeIDE_1.16.1\STM32CubeIDE\plugins\com.st.stm32cube.common.mx_6.13.0.202411220809\db\plugins\mcufinder\reactClient1\index.html
2025-02-27 13:36:10,795 [INFO] UserAuth:486 - Internet connection configuration mode: 1
2025-02-27 13:36:10,946 [WARN] PackLoader:240 - Cannot read IP mode file for STMicroelectronics.FP-ATR-ASTRA1.2.0.2
2025-02-27 13:36:10,948 [INFO] PopulateThirdPartyThread:66 - Ending populate Thread
2025-02-27 13:36:10,949 [INFO] ThirdParty:1030 - CMSIS Pack Vendor :STMicroelectronics FP-ATR-ASTRA1 2.0.2
2025-02-27 13:36:10,951 [INFO] LoadServerUpdatesThread:375 - End of LoadServerUpdate Thread
2025-02-27 13:36:11,117 [INFO] CheckServerUpdateThread:120 - End of CheckServer Thread
2025-02-27 13:36:13,298 [WARN] PackLoader:240 - Cannot read IP mode file for STMicroelectronics.FP-SNS-MOTENVWB1.1.4.0
2025-02-27 13:36:13,304 [WARN] PackLoader:240 - Cannot read IP mode file for STMicroelectronics.FP-ATR-ASTRA1.2.0.2
2025-02-27 13:36:13,308 [WARN] PackLoader:240 - Cannot read IP mode file for STMicroelectronics.FP-ATR-ASTRA1.2.0.1
2025-02-27 13:36:13,329 [WARN] PackLoader:240 - Cannot read IP mode file for STMicroelectronics.X-CUBE-SMBUS.2.1.0
2025-02-27 13:36:13,351 [WARN] PackLoader:240 - Cannot read IP mode file for STMicroelectronics.X-CUBE-WB05N.1.1.0
2025-02-27 13:36:13,392 [WARN] PackLoader:240 - Cannot read IP mode file for STMicroelectronics.X-CUBE-AZRTOS-F7.1.1.0
2025-02-27 13:36:13,474 [WARN] PackLoader:240 - Cannot read IP mode file for STMicroelectronics.X-CUBE-MEMS1.11.0.0
2025-02-27 13:36:13,615 [WARN] PackLoader:240 - Cannot read IP mode file for STMicroelectronics.FP-SNS-FLIGHT1.5.0.2
2025-02-27 13:36:13,637 [WARN] PackLoader:240 - Cannot read IP mode file for STMicroelectronics.X-CUBE-DISPLAY.3.0.0
2025-02-27 13:36:13,659 [WARN] PackLoader:240 - Cannot read IP mode file for STMicroelectronics.X-CUBE-BLE1.7.0.0
2025-02-27 13:36:13,677 [WARN] PackLoader:240 - Cannot read IP mode file for STMicroelectronics.X-CUBE-NFC10.1.0.0
2025-02-27 13:36:13,699 [WARN] PackLoader:240 - Cannot read IP mode file for STMicroelectronics.X-CUBE-BLEMGR.4.0.0
2025-02-27 13:36:13,719 [WARN] PackLoader:240 - Cannot read IP mode file for emotas.I-CUBE-CANOPEN.1.3.0
2025-02-27 13:36:13,739 [WARN] PackLoader:240 - Cannot read IP mode file for STMicroelectronics.X-CUBE-BLEMGR.3.1.0
2025-02-27 13:36:13,756 [WARN] PackLoader:240 - Cannot read IP mode file for STMicroelectronics.X-CUBE-AI.10.0.0
2025-02-27 13:36:13,772 [WARN] PackLoader:240 - Cannot read IP mode file for STMicroelectronics.FP-SNS-SMARTAG2.1.2.0
2025-02-27 13:36:13,827 [WARN] PackLoader:240 - Cannot read IP mode file for STMicroelectronics.X-CUBE-MEMS1.11.1.0
2025-02-27 13:36:13,942 [INFO] LogOutputStream:77 - [STDOUT_REDIRECT] 1 : Invalid condition id : UX_CORESTACK_Condition cause : null
2025-02-27 13:36:13,942 [INFO] LogOutputStream:77 - [STDOUT_REDIRECT] 1 : Invalid condition id : UX_CORESTACK_Condition cause : null
2025-02-27 13:36:13,943 [INFO] LogOutputStream:77 - [STDOUT_REDIRECT] 1 : Invalid condition id : UX_CORESTACK_Condition cause : null
2025-02-27 13:36:13,944 [INFO] LogOutputStream:77 - [STDOUT_REDIRECT] 1 : Invalid condition id : UX_CORESTACK_Condition cause : null
2025-02-27 13:36:13,945 [INFO] LogOutputStream:77 - [STDOUT_REDIRECT] 1 : Invalid condition id : UX_CORESTACK_Condition cause : null
2025-02-27 13:36:13,948 [WARN] PackLoader:240 - Cannot read IP mode file for STMicroelectronics.X-CUBE-AZRTOS-WL.2.0.0
2025-02-27 13:36:13,967 [WARN] PackLoader:240 - Cannot read IP mode file for STMicroelectronics.FP-SNS-MOTENV1.5.0.0
2025-02-27 13:36:13,974 [WARN] PackLoader:240 - Cannot read IP mode file for wolfSSL.I-CUBE-wolfMQTT.1.19.0
2025-02-27 13:36:13,993 [WARN] PackLoader:240 - Cannot read IP mode file for WES.I-CUBE-Cesium.1.3.0
2025-02-27 13:36:14,016 [WARN] PackLoader:240 - Cannot read IP mode file for STMicroelectronics.X-CUBE-BLE2.3.3.0
2025-02-27 13:36:14,036 [WARN] PackLoader:240 - Cannot read IP mode file for STMicroelectronics.X-CUBE-NFC9.1.0.0
2025-02-27 13:36:14,058 [WARN] PackLoader:240 - Cannot read IP mode file for STMicroelectronics.X-CUBE-TCPP.4.1.0
2025-02-27 13:36:14,095 [WARN] PackLoader:240 - Cannot read IP mode file for STMicroelectronics.X-CUBE-AZRTOS-G0.1.1.0
2025-02-27 13:36:14,132 [WARN] PackLoader:240 - Cannot read IP mode file for STMicroelectronics.X-CUBE-SAFEA1.1.2.2
2025-02-27 13:36:14,159 [WARN] PackLoader:240 - Cannot read IP mode file for STMicroelectronics.X-CUBE-NFC4.3.0.0
2025-02-27 13:36:14,191 [WARN] PackLoader:240 - Cannot read IP mode file for EmbeddedOffice.I-CUBE-FS-RTOS.1.0.1
2025-02-27 13:36:14,309 [WARN] PackLoader:240 - Cannot read IP mode file for STMicroelectronics.X-CUBE-TCPP.4.2.0
2025-02-27 13:36:14,327 [WARN] PackLoader:240 - Cannot read IP mode file for RealThread.X-CUBE-RT-Thread_Nano.4.1.1
2025-02-27 13:36:14,333 [WARN] PackLoader:240 - Cannot read IP mode file for STMicroelectronics.FP-ATR-SIGFOX1.3.2.0
2025-02-27 13:36:14,341 [WARN] ConditionMgr:438 - getConditionDescription Invalid condition id : Cortex-A Device cause : null
2025-02-27 13:36:14,366 [WARN] ConditionMgr:1044 - genDependencies : Invalid condition id : Cortex-A Device cause : null
2025-02-27 13:36:14,367 [WARN] ConditionMgr:1044 - genDependencies : Invalid condition id : Cortex-A Device cause : null
2025-02-27 13:36:14,367 [WARN] ConditionMgr:1044 - genDependencies : Invalid condition id : Cortex-A Device cause : null
2025-02-27 13:36:14,391 [WARN] PackLoader:240 - Cannot read IP mode file for STMicroelectronics.X-CUBE-EEPRMA1.5.1.0
2025-02-27 13:36:14,407 [WARN] PackLoader:240 - Cannot read IP mode file for wolfSSL.I-CUBE-wolfSSL.5.7.4
2025-02-27 13:36:14,425 [WARN] PackLoader:240 - Cannot read IP mode file for ITTIA_DB.I-CUBE-ITTIADB.8.9.0
2025-02-27 13:36:14,463 [WARN] PackLoader:240 - Cannot read IP mode file for SEGGER.I-CUBE-embOS.1.3.1
2025-02-27 13:36:14,507 [WARN] PackLoader:240 - Cannot read IP mode file for STMicroelectronics.X-CUBE-ALGOBUILD.1.4.0
2025-02-27 13:36:14,523 [WARN] PackLoader:240 - Cannot read IP mode file for STMicroelectronics.X-CUBE-AI.9.1.0
2025-02-27 13:36:14,556 [WARN] PackLoader:240 - Cannot read IP mode file for STMicroelectronics.X-CUBE-AZRTOS-F4.1.1.0
2025-02-27 13:36:14,576 [WARN] PackLoader:240 - Cannot read IP mode file for STMicroelectronics.X-CUBE-ISPU.2.1.0
2025-02-27 13:36:14,592 [WARN] PackLoader:240 - Cannot read IP mode file for STMicroelectronics.X-CUBE-FREERTOS.1.2.0
2025-02-27 13:36:14,624 [WARN] PackLoader:240 - Cannot read IP mode file for STMicroelectronics.X-CUBE-AZRTOS-L5.2.0.0
2025-02-27 13:36:14,647 [WARN] PackLoader:240 - Cannot read IP mode file for STMicroelectronics.X-CUBE-NFC6.3.1.0
2025-02-27 13:36:14,668 [WARN] PackLoader:240 - Cannot read IP mode file for STMicroelectronics.X-CUBE-DPower.1.2.0
2025-02-27 13:36:14,684 [WARN] PackLoader:240 - Cannot read IP mode file for STMicroelectronics.X-CUBE-FREERTOS.1.3.0
2025-02-27 13:36:14,700 [WARN] PackLoader:240 - Cannot read IP mode file for STMicroelectronics.X-CUBE-NFC7.1.0.1
2025-02-27 13:36:14,730 [WARN] ConditionMgr:438 - getConditionDescription Invalid condition id : LAN8742 Phy interface Condition cause : null
2025-02-27 13:36:14,731 [WARN] PackLoader:240 - Cannot read IP mode file for STMicroelectronics.X-CUBE-AZRTOS-L4.2.0.0
2025-02-27 13:36:14,733 [WARN] ConditionMgr:1044 - genDependencies : Invalid condition id : LAN8742 Phy interface Condition cause : null
2025-02-27 13:36:14,733 [WARN] ConditionMgr:1044 - genDependencies : Invalid condition id : LAN8742 Phy interface Condition cause : null
2025-02-27 13:36:14,733 [WARN] ConditionMgr:1044 - genDependencies : Invalid condition id : LAN8742 Phy interface Condition cause : null
2025-02-27 13:36:14,752 [WARN] PackLoader:240 - Cannot read IP mode file for STMicroelectronics.X-CUBE-SFXS2LP1.4.0.0
2025-02-27 13:36:14,784 [WARN] PackLoader:240 - Cannot read IP mode file for STMicroelectronics.X-CUBE-AZRTOS-H7.3.3.0
2025-02-27 13:36:14,808 [WARN] PackLoader:240 - Cannot read IP mode file for STMicroelectronics.X-CUBE-IPS.3.0.0
2025-02-27 13:36:14,839 [WARN] ConditionMgr:438 - getConditionDescription Invalid condition id : UX DEVICE CLASS RTOS Condition cause : null
2025-02-27 13:36:14,839 [WARN] ConditionMgr:438 - getConditionDescription Invalid condition id : UX DEVICE CLASS RTOS Condition cause : null
2025-02-27 13:36:14,840 [WARN] PackLoader:240 - Cannot read IP mode file for STMicroelectronics.X-CUBE-AZRTOS-WB.2.0.0
2025-02-27 13:36:14,841 [WARN] ConditionMgr:1044 - genDependencies : Invalid condition id : UX DEVICE CLASS RTOS Condition cause : null
2025-02-27 13:36:14,841 [WARN] ConditionMgr:1044 - genDependencies : Invalid condition id : UX DEVICE CLASS RTOS Condition cause : null
2025-02-27 13:36:14,841 [WARN] ConditionMgr:1044 - genDependencies : Invalid condition id : UX DEVICE CLASS RTOS Condition cause : null
2025-02-27 13:36:14,841 [WARN] ConditionMgr:1044 - genDependencies : Invalid condition id : UX DEVICE CLASS RTOS Condition cause : null
2025-02-27 13:36:14,841 [WARN] ConditionMgr:1044 - genDependencies : Invalid condition id : UX DEVICE CLASS RTOS Condition cause : null
2025-02-27 13:36:14,863 [WARN] PackLoader:240 - Cannot read IP mode file for STMicroelectronics.X-CUBE-GNSS1.7.0.0
2025-02-27 13:36:14,881 [WARN] PackLoader:240 - Cannot read IP mode file for STMicroelectronics.X-CUBE-GNSS1.7.0.1
2025-02-27 13:36:14,900 [WARN] PackLoader:240 - Cannot read IP mode file for STMicroelectronics.FP-SNS-STBOX1.2.0.0
2025-02-27 13:36:14,926 [WARN] PackLoader:240 - Cannot read IP mode file for STMicroelectronics.X-CUBE-SUBG2.5.0.0
2025-02-27 13:36:14,937 [WARN] PackLoader:240 - Cannot read IP mode file for Cesanta.I-CUBE-Mongoose.7.13.0
2025-02-27 13:36:14,967 [WARN] PackLoader:240 - Cannot read IP mode file for STMicroelectronics.X-CUBE-AZRTOS-G4.2.0.0
2025-02-27 13:36:14,991 [WARN] PackLoader:240 - Cannot read IP mode file for STMicroelectronics.X-CUBE-IPS.3.1.0
2025-02-27 13:36:15,010 [WARN] PackLoader:240 - Cannot read IP mode file for STMicroelectronics.X-CUBE-ALS.1.0.2
2025-02-27 13:36:15,027 [WARN] PackLoader:240 - Cannot read IP mode file for STMicroelectronics.X-CUBE-TOUCHGFX.4.24.2
2025-02-27 13:36:15,046 [WARN] PackLoader:240 - Cannot read IP mode file for STMicroelectronics.X-CUBE-TOUCHGFX.4.24.1
2025-02-27 13:36:15,049 [WARN] PackLoader:240 - Cannot read IP mode file for wolfSSL.I-CUBE-wolfTPM.3.4.0
2025-02-27 13:36:15,070 [WARN] PackLoader:240 - Cannot read IP mode file for portGmbH.I-Cube-SoM-uGOAL.1.1.0
2025-02-27 13:36:15,099 [WARN] PackLoader:240 - Cannot read IP mode file for STMicroelectronics.X-CUBE-AZRTOS-H7RS.1.0.0
2025-02-27 13:36:15,119 [WARN] PackLoader:240 - Cannot read IP mode file for STMicroelectronics.FP-ATR-ASTRA1.2.0.0
2025-02-27 13:36:15,144 [WARN] PackLoader:240 - Cannot read IP mode file for STMicroelectronics.X-CUBE-TOF1.3.4.2
2025-02-27 13:36:15,183 [WARN] PackLoader:240 - Cannot read IP mode file for Infineon.AIROC-Wi-Fi-Bluetooth-STM32.1.6.1
2025-02-27 13:36:15,192 [WARN] PackLoader:240 - Cannot read IP mode file for wolfSSL.I-CUBE-wolfSSH.1.4.17
2025-02-27 13:36:15,192 [INFO] ThirdParty:978 - Integrity check success = true
2025-02-27 13:36:15,192 [INFO] IntegrityCheckThread:100 - exiting critical section [integrity check]
2025-02-27 13:36:15,193 [INFO] IntegrityCheckThread:103 - End integrity checks thread
2025-02-27 14:10:05,383 [INFO] WebApp:190 - Connection lost
2025-02-27 14:10:05,712 [INFO] WebApp:187 - Connection restablished
2025-02-27 14:35:30,903 [INFO] WebApp:190 - Connection lost
2025-02-27 14:35:40,844 [INFO] WebApp:187 - Connection restablished
2025-02-27 14:35:43,853 [INFO] WebApp:190 - Connection lost
2025-02-27 14:35:44,069 [INFO] WebApp:187 - Connection restablished
2025-02-27 15:10:05,384 [INFO] WebApp:190 - Connection lost
2025-02-27 15:10:05,506 [INFO] WebApp:187 - Connection restablished
2025-02-27 15:31:13,336 [INFO] WebApp:190 - Connection lost
2025-02-27 15:31:13,504 [INFO] WebApp:187 - Connection restablished
2025-02-27 16:30:44,396 [INFO] WebApp:190 - Connection lost
2025-02-27 16:30:44,900 [INFO] WebApp:187 - Connection restablished
2025-02-27 18:15:17,142 [INFO] WebApp:190 - Connection lost
2025-02-27 18:15:23,374 [INFO] WebApp:187 - Connection restablished
2025-02-27 18:15:24,028 [INFO] WebApp:190 - Connection lost
2025-02-27 18:15:24,145 [INFO] WebApp:187 - Connection restablished
2025-02-27 18:15:27,372 [INFO] WebApp:190 - Connection lost
2025-02-27 18:15:27,756 [INFO] WebApp:187 - Connection restablished
2025-02-27 18:16:17,415 [INFO] WebApp:190 - Connection lost
2025-02-27 18:16:17,718 [INFO] WebApp:187 - Connection restablished
2025-02-27 18:53:36,059 [ERROR] LogOutputStream:75 - [STDERR_REDIRECT] 
2025-02-27 18:53:36,060 [ERROR] LogOutputStream:75 - [STDERR_REDIRECT] 
