2025-03-25 15:37:15,219 [INFO] Activator:176 - 


2025-03-25 15:37:15,228 [INFO] Activator:177 - !SESSION log4j initialized
2025-03-25 15:37:24,844 [INFO] LogOutputStream:77 - [STDOUT_REDIRECT] 
2025-03-25 15:37:31,372 [INFO] ApplicationProperties:184 - Using Application install path: C:\ST\STM32CubeIDE_1.16.1\STM32CubeIDE\plugins\com.st.stm32cube.common.mx_6.13.0.202411220809
2025-03-25 15:37:31,399 [INFO] DbMcusXml:78 - Set database path to: C:\ST\STM32CubeIDE_1.16.1\STM32CubeIDE\plugins\com.st.stm32cube.common.mx_6.13.0.202411220809\\db\/mcu/
2025-03-25 15:37:31,399 [INFO] ApiDb:274 - Set plugin database path to: C:\ST\STM32CubeIDE_1.16.1\STM32CubeIDE\plugins\com.st.stm32cube.common.mx_6.13.0.202411220809\\db\/plugins/boardmanager/
2025-03-25 15:37:31,401 [WARN] ApiDb:259 - Overriding images path with different value:  => C:\ST\STM32CubeIDE_1.16.1\STM32CubeIDE\plugins\com.st.stm32cube.common.mx_6.13.0.202411220809\\db\/plugins/mcufinder/images/
2025-03-25 15:37:31,420 [INFO] ApiDb:250 - Set database path to: C:\Users\User\.stmcufinder\plugins\mcufinder//mcu/
2025-03-25 15:37:31,423 [INFO] DbMcusAds:125 - Set database path to: C:\Users\User\.stmcufinder\plugins\mcufinder//mcu/
2025-03-25 15:37:31,426 [INFO] CrossReferenceDbSqlite:203 - Set database path to: C:\Users\User\.stmcufinder\plugins\mcufinder//mcu/cs/
2025-03-25 15:37:31,599 [INFO] RulesReader:64 - Compatibility file has been processed (297 Rules)
2025-03-25 15:37:31,737 [INFO] DbMcusXml:78 - Set database path to: C:\ST\STM32CubeIDE_1.16.1\STM32CubeIDE\plugins\com.st.stm32cube.common.mx_6.13.0.202411220809\\db\/mcu/
2025-03-25 15:37:31,737 [INFO] ApiDb:274 - Set plugin database path to: C:\ST\STM32CubeIDE_1.16.1\STM32CubeIDE\plugins\com.st.stm32cube.common.mx_6.13.0.202411220809\\db\/plugins/boardmanager/
2025-03-25 15:37:31,737 [INFO] ApiDb:261 - Set plugin images path to: C:\ST\STM32CubeIDE_1.16.1\STM32CubeIDE\plugins\com.st.stm32cube.common.mx_6.13.0.202411220809\\db\/plugins/mcufinder/images/
2025-03-25 15:37:31,737 [WARN] DbFile:41 - Overriding database path with different value: C:\Users\User\.stmcufinder\plugins\mcufinder/ => C:\Users\User\.stmcufinder\plugins\mcufinder
2025-03-25 15:37:31,738 [INFO] ApiDb:250 - Set database path to: C:\Users\User\.stmcufinder\plugins\mcufinder//mcu/
2025-03-25 15:37:31,738 [WARN] DbFile:41 - Overriding database path with different value: C:\Users\User\.stmcufinder\plugins\mcufinder/ => C:\Users\User\.stmcufinder\plugins\mcufinder
2025-03-25 15:37:31,738 [INFO] DbMcusAds:125 - Set database path to: C:\Users\User\.stmcufinder\plugins\mcufinder//mcu/
2025-03-25 15:37:31,738 [WARN] DbFile:41 - Overriding database path with different value: C:\Users\User\.stmcufinder\plugins\mcufinder/ => C:\Users\User\.stmcufinder\plugins\mcufinder
2025-03-25 15:37:31,738 [WARN] DbFile:41 - Overriding database path with different value: C:\Users\User\.stmcufinder\plugins\mcufinder/ => C:\Users\User\.stmcufinder\plugins\mcufinder
2025-03-25 15:37:31,738 [INFO] CrossReferenceDbSqlite:203 - Set database path to: C:\Users\User\.stmcufinder\plugins\mcufinder//mcu/cs/
2025-03-25 15:37:31,868 [INFO] MainPanel:272 - HeapMemory: 268435456
2025-03-25 15:37:32,041 [INFO] DbMcusXml:78 - Set database path to: C:\ST\STM32CubeIDE_1.16.1\STM32CubeIDE\plugins\com.st.stm32cube.common.mx_6.13.0.202411220809\\db\/mcu/
2025-03-25 15:37:32,041 [INFO] ApiDb:274 - Set plugin database path to: C:\ST\STM32CubeIDE_1.16.1\STM32CubeIDE\plugins\com.st.stm32cube.common.mx_6.13.0.202411220809\\db\/plugins/boardmanager/
2025-03-25 15:37:32,041 [INFO] ApiDb:261 - Set plugin images path to: C:\ST\STM32CubeIDE_1.16.1\STM32CubeIDE\plugins\com.st.stm32cube.common.mx_6.13.0.202411220809\\db\/plugins/mcufinder/images/
2025-03-25 15:37:32,042 [WARN] DbFile:41 - Overriding database path with different value: C:\Users\User\.stmcufinder\plugins\mcufinder/ => C:\Users\User\.stmcufinder\plugins\mcufinder
2025-03-25 15:37:32,042 [INFO] ApiDb:250 - Set database path to: C:\Users\User\.stmcufinder\plugins\mcufinder//mcu/
2025-03-25 15:37:32,042 [WARN] DbFile:41 - Overriding database path with different value: C:\Users\User\.stmcufinder\plugins\mcufinder/ => C:\Users\User\.stmcufinder\plugins\mcufinder
2025-03-25 15:37:32,042 [INFO] DbMcusAds:125 - Set database path to: C:\Users\User\.stmcufinder\plugins\mcufinder//mcu/
2025-03-25 15:37:32,042 [WARN] DbFile:41 - Overriding database path with different value: C:\Users\User\.stmcufinder\plugins\mcufinder/ => C:\Users\User\.stmcufinder\plugins\mcufinder
2025-03-25 15:37:32,042 [WARN] DbFile:41 - Overriding database path with different value: C:\Users\User\.stmcufinder\plugins\mcufinder/ => C:\Users\User\.stmcufinder\plugins\mcufinder
2025-03-25 15:37:32,042 [INFO] CrossReferenceDbSqlite:203 - Set database path to: C:\Users\User\.stmcufinder\plugins\mcufinder//mcu/cs/
2025-03-25 15:37:32,070 [INFO] ApplicationProperties:184 - Using Application install path: C:\ST\STM32CubeIDE_1.16.1\STM32CubeIDE\plugins\com.st.stm32cube.common.mx_6.13.0.202411220809
2025-03-25 15:37:32,073 [INFO] PluginManage:196 - Search for loadable plugins [exclusion list=, ]
2025-03-25 15:37:32,075 [INFO] PluginManage:310 - Check plugin analytics
2025-03-25 15:37:32,357 [INFO] AnalyticsPlugin:253 - Accepted Software Licenses: 
2025-03-25 15:37:32,357 [INFO] AnalyticsPlugin:255 - Accepted CMSIS Pack Licenses: EmbeddedOffice.I-CUBE-FS-RTOS.1.0.1
2025-03-25 15:37:32,357 [INFO] AnalyticsPlugin:257 - Accepted Firmware Licenses: FW.U5.1.6.0,FW.U5.1.1.0
2025-03-25 15:37:32,361 [INFO] PluginManage:359 - Loaded plugin analytics (category:tool,tabindex:-1)
2025-03-25 15:37:32,361 [INFO] PluginManage:310 - Check plugin cadmodel
2025-03-25 15:37:32,384 [INFO] CADModel:105 - Init CAD model plugin
2025-03-25 15:37:32,385 [INFO] PluginManage:359 - Loaded plugin cadmodel (category:power,tabindex:5)
2025-03-25 15:37:32,385 [INFO] PluginManage:310 - Check plugin clock
2025-03-25 15:37:32,414 [INFO] PluginManage:359 - Loaded plugin clock (category:base,tabindex:2)
2025-03-25 15:37:32,414 [INFO] PluginManage:310 - Check plugin ddr
2025-03-25 15:37:32,419 [INFO] PluginManage:359 - Loaded plugin ddr (category:tool,tabindex:6)
2025-03-25 15:37:32,419 [INFO] PluginManage:310 - Check plugin filemanager
2025-03-25 15:37:32,620 [INFO] PluginManage:359 - Loaded plugin filemanager (category:base,tabindex:10)
2025-03-25 15:37:32,620 [INFO] PluginManage:310 - Check plugin ipmanager
2025-03-25 15:37:32,630 [INFO] PluginManage:359 - Loaded plugin ipmanager (category:base,tabindex:5)
2025-03-25 15:37:32,630 [INFO] PluginManage:310 - Check plugin lpbam
2025-03-25 15:37:32,653 [INFO] PluginManage:359 - Loaded plugin lpbam (category:base,tabindex:0)
2025-03-25 15:37:32,653 [INFO] PluginManage:310 - Check plugin memorymap
2025-03-25 15:37:32,691 [INFO] PluginManage:359 - Loaded plugin memorymap (category:base,tabindex:4)
2025-03-25 15:37:32,691 [INFO] PluginManage:310 - Check plugin pinoutandconfiguration
2025-03-25 15:37:32,718 [INFO] PluginManage:359 - Loaded plugin pinoutandconfiguration (category:base,tabindex:1)
2025-03-25 15:37:32,718 [INFO] PluginManage:310 - Check plugin pinoutconfig
2025-03-25 15:37:32,859 [WARN] SupportedApi:132 - Cannot load RTOS API schema: s4s-elt-must-match.1: The content of 'definitions' must match (annotation?, (simpleType | complexType)?, (unique | key | keyref)*)). A problem was found starting at: attribute.
2025-03-25 15:37:33,091 [INFO] PluginManage:359 - Loaded plugin pinoutconfig (category:base,tabindex:0)
2025-03-25 15:37:33,091 [INFO] PluginManage:310 - Check plugin power
2025-03-25 15:37:33,133 [INFO] PluginManage:359 - Loaded plugin power (category:power,tabindex:4)
2025-03-25 15:37:33,133 [INFO] PluginManage:310 - Check plugin projectmanager
2025-03-25 15:37:33,162 [INFO] PluginManage:359 - Loaded plugin projectmanager (category:projectmanager,tabindex:4)
2025-03-25 15:37:33,162 [INFO] PluginManage:310 - Check plugin rif
2025-03-25 15:37:33,190 [INFO] PluginManage:359 - Loaded plugin rif (category:base,tabindex:3)
2025-03-25 15:37:33,190 [INFO] PluginManage:310 - Check plugin thirdparty
2025-03-25 15:37:33,663 [WARN] IntegrityCheckThread:84 - waiting for thirdparty lock release [integrity check]
2025-03-25 15:37:33,663 [INFO] IntegrityCheckThread:86 - entering critical section [integrity check]
2025-03-25 15:37:33,663 [INFO] ThirdPartyUpdaterWithRetryManager:70 - Updater plugin not ready yet. [1/15]
2025-03-25 15:37:33,664 [INFO] PluginManage:359 - Loaded plugin thirdparty (category:base,tabindex:-1)
2025-03-25 15:37:33,664 [INFO] PluginManage:310 - Check plugin tools
2025-03-25 15:37:33,724 [INFO] PluginManage:359 - Loaded plugin tools (category:base,tabindex:7)
2025-03-25 15:37:33,725 [INFO] PluginManage:310 - Check plugin tutovideos
2025-03-25 15:37:34,091 [INFO] PluginManage:359 - Loaded plugin tutovideos (category:base,tabindex:-1)
2025-03-25 15:37:34,092 [INFO] PluginManage:310 - Check plugin updater
2025-03-25 15:37:34,127 [INFO] PluginManage:359 - Loaded plugin updater (category:base,tabindex:12)
2025-03-25 15:37:34,127 [INFO] PluginManage:310 - Check plugin userauth
2025-03-25 15:37:34,134 [INFO] UserAuth:118 - Init User Auth plugin
2025-03-25 15:37:34,135 [INFO] PluginManage:359 - Loaded plugin userauth (category:base,tabindex:14)
2025-03-25 15:37:34,136 [INFO] PluginManage:283 - PluginManage : Loaded plugins [18]
2025-03-25 15:37:34,521 [INFO] PinOutPanel:1589 - setPackage(No Configuration,No Configuration)
2025-03-25 15:37:34,641 [INFO] CADModel:165 - CPN selected for project level
2025-03-25 15:37:34,641 [INFO] CADModel:114 - Register for checkConnection events
2025-03-25 15:37:34,679 [INFO] IPUIPlugin:80 - create IPUIPlugin
2025-03-25 15:37:34,679 [INFO] PluginManager:220 - loadIPPluginJar : add adc
2025-03-25 15:37:34,740 [INFO] IPUIPlugin:80 - create IPUIPlugin
2025-03-25 15:37:34,740 [INFO] PluginManager:220 - loadIPPluginJar : add aes
2025-03-25 15:37:34,811 [INFO] IPUIPlugin:80 - create IPUIPlugin
2025-03-25 15:37:34,812 [INFO] PluginManager:220 - loadIPPluginJar : add can
2025-03-25 15:37:34,853 [INFO] IPUIPlugin:80 - create IPUIPlugin
2025-03-25 15:37:34,853 [INFO] PluginManager:220 - loadIPPluginJar : add comp
2025-03-25 15:37:34,908 [INFO] IPUIPlugin:80 - create IPUIPlugin
2025-03-25 15:37:34,908 [INFO] PluginManager:220 - loadIPPluginJar : add cryp
2025-03-25 15:37:34,929 [INFO] IPUIPlugin:80 - create IPUIPlugin
2025-03-25 15:37:34,929 [INFO] PluginManager:220 - loadIPPluginJar : add ddr_ctrl_phy
2025-03-25 15:37:34,980 [INFO] IPUIPlugin:80 - create IPUIPlugin
2025-03-25 15:37:34,981 [INFO] PluginManager:220 - loadIPPluginJar : add dfsdm
2025-03-25 15:37:35,001 [INFO] IPUIPlugin:80 - create IPUIPlugin
2025-03-25 15:37:35,002 [INFO] PluginManager:220 - loadIPPluginJar : add dma
2025-03-25 15:37:35,063 [INFO] IPUIPlugin:80 - create IPUIPlugin
2025-03-25 15:37:35,063 [INFO] PluginManager:220 - loadIPPluginJar : add dma3
2025-03-25 15:37:35,132 [INFO] IPUIPlugin:80 - create IPUIPlugin
2025-03-25 15:37:35,132 [INFO] PluginManager:220 - loadIPPluginJar : add extmemmanager
2025-03-25 15:37:35,178 [INFO] IPUIPlugin:80 - create IPUIPlugin
2025-03-25 15:37:35,178 [INFO] PluginManager:220 - loadIPPluginJar : add fatfs
2025-03-25 15:37:35,250 [INFO] IPUIPlugin:80 - create IPUIPlugin
2025-03-25 15:37:35,250 [INFO] PluginManager:220 - loadIPPluginJar : add fmc
2025-03-25 15:37:35,272 [INFO] IPUIPlugin:80 - create IPUIPlugin
2025-03-25 15:37:35,273 [INFO] PluginManager:220 - loadIPPluginJar : add freertos
2025-03-25 15:37:35,308 [INFO] IPUIPlugin:80 - create IPUIPlugin
2025-03-25 15:37:35,309 [INFO] PluginManager:220 - loadIPPluginJar : add genericplugin
2025-03-25 15:37:35,453 [INFO] IPUIPlugin:80 - create IPUIPlugin
2025-03-25 15:37:35,453 [INFO] PluginManager:220 - loadIPPluginJar : add gfxmmu
2025-03-25 15:37:35,647 [INFO] IPUIPlugin:80 - create IPUIPlugin
2025-03-25 15:37:35,647 [INFO] PluginManager:220 - loadIPPluginJar : add gic
2025-03-25 15:37:35,665 [INFO] IPUIPlugin:80 - create IPUIPlugin
2025-03-25 15:37:35,665 [INFO] PluginManager:220 - loadIPPluginJar : add gpio
2025-03-25 15:37:35,799 [INFO] IPUIPlugin:80 - create IPUIPlugin
2025-03-25 15:37:35,799 [INFO] PluginManager:220 - loadIPPluginJar : add gtzc
2025-03-25 15:37:35,848 [INFO] IPUIPlugin:80 - create IPUIPlugin
2025-03-25 15:37:35,849 [INFO] PluginManager:220 - loadIPPluginJar : add hash
2025-03-25 15:37:35,925 [INFO] IPUIPlugin:80 - create IPUIPlugin
2025-03-25 15:37:35,926 [INFO] PluginManager:220 - loadIPPluginJar : add i2c
2025-03-25 15:37:35,987 [INFO] IPUIPlugin:80 - create IPUIPlugin
2025-03-25 15:37:35,987 [INFO] PluginManager:220 - loadIPPluginJar : add i2s
2025-03-25 15:37:36,049 [INFO] IPUIPlugin:80 - create IPUIPlugin
2025-03-25 15:37:36,050 [INFO] PluginManager:220 - loadIPPluginJar : add i3c
2025-03-25 15:37:36,208 [INFO] IPUIPlugin:80 - create IPUIPlugin
2025-03-25 15:37:36,209 [INFO] PluginManager:220 - loadIPPluginJar : add ipddr
2025-03-25 15:37:36,339 [INFO] IPUIPlugin:80 - create IPUIPlugin
2025-03-25 15:37:36,339 [INFO] PluginManager:220 - loadIPPluginJar : add linkedlist
2025-03-25 15:37:36,396 [INFO] IPUIPlugin:80 - create IPUIPlugin
2025-03-25 15:37:36,396 [INFO] PluginManager:220 - loadIPPluginJar : add lorawan
2025-03-25 15:37:36,453 [INFO] IPUIPlugin:80 - create IPUIPlugin
2025-03-25 15:37:36,453 [INFO] PluginManager:220 - loadIPPluginJar : add ltdc
2025-03-25 15:37:36,474 [INFO] IPUIPlugin:80 - create IPUIPlugin
2025-03-25 15:37:36,474 [INFO] PluginManager:220 - loadIPPluginJar : add mdma
2025-03-25 15:37:36,493 [INFO] IPUIPlugin:80 - create IPUIPlugin
2025-03-25 15:37:36,493 [INFO] PluginManager:220 - loadIPPluginJar : add nvic
2025-03-25 15:37:36,554 [INFO] IPUIPlugin:80 - create IPUIPlugin
2025-03-25 15:37:36,554 [INFO] PluginManager:220 - loadIPPluginJar : add opamp
2025-03-25 15:37:36,657 [INFO] IPUIPlugin:80 - create IPUIPlugin
2025-03-25 15:37:36,657 [INFO] PluginManager:220 - loadIPPluginJar : add openamp
2025-03-25 15:37:36,665 [INFO] ThirdPartyUpdaterWithRetryManager:70 - Updater plugin not ready yet. [2/15]
2025-03-25 15:37:36,736 [INFO] IPUIPlugin:80 - create IPUIPlugin
2025-03-25 15:37:36,736 [INFO] PluginManager:220 - loadIPPluginJar : add pdm2pcm
2025-03-25 15:37:36,758 [INFO] IPUIPlugin:80 - create IPUIPlugin
2025-03-25 15:37:36,761 [INFO] PluginManager:220 - loadIPPluginJar : add plateformsettings
2025-03-25 15:37:36,802 [INFO] IPUIPlugin:80 - create IPUIPlugin
2025-03-25 15:37:36,802 [INFO] PluginManager:220 - loadIPPluginJar : add quadspi
2025-03-25 15:37:36,847 [INFO] IPUIPlugin:80 - create IPUIPlugin
2025-03-25 15:37:36,847 [INFO] PluginManager:220 - loadIPPluginJar : add radio
2025-03-25 15:37:36,867 [INFO] IPUIPlugin:80 - create IPUIPlugin
2025-03-25 15:37:36,868 [INFO] PluginManager:220 - loadIPPluginJar : add resmgrutility
2025-03-25 15:37:36,948 [INFO] IPUIPlugin:80 - create IPUIPlugin
2025-03-25 15:37:36,948 [INFO] PluginManager:220 - loadIPPluginJar : add sai
2025-03-25 15:37:37,008 [INFO] IPUIPlugin:80 - create IPUIPlugin
2025-03-25 15:37:37,008 [INFO] PluginManager:220 - loadIPPluginJar : add spi
2025-03-25 15:37:37,113 [INFO] IPUIPlugin:80 - create IPUIPlugin
2025-03-25 15:37:37,113 [INFO] PluginManager:220 - loadIPPluginJar : add stm32_wpan
2025-03-25 15:37:37,152 [INFO] IPUIPlugin:80 - create IPUIPlugin
2025-03-25 15:37:37,153 [INFO] PluginManager:220 - loadIPPluginJar : add tim
2025-03-25 15:37:37,268 [INFO] IPUIPlugin:80 - create IPUIPlugin
2025-03-25 15:37:37,268 [INFO] PluginManager:220 - loadIPPluginJar : add touchsensing
2025-03-25 15:37:37,310 [INFO] IPUIPlugin:80 - create IPUIPlugin
2025-03-25 15:37:37,310 [INFO] PluginManager:220 - loadIPPluginJar : add tracer_emb
2025-03-25 15:37:37,353 [INFO] IPUIPlugin:80 - create IPUIPlugin
2025-03-25 15:37:37,353 [INFO] PluginManager:220 - loadIPPluginJar : add ts
2025-03-25 15:37:37,392 [INFO] IPUIPlugin:80 - create IPUIPlugin
2025-03-25 15:37:37,392 [INFO] PluginManager:220 - loadIPPluginJar : add tsc
2025-03-25 15:37:37,429 [INFO] IPUIPlugin:80 - create IPUIPlugin
2025-03-25 15:37:37,429 [INFO] PluginManager:220 - loadIPPluginJar : add ucpd
2025-03-25 15:37:37,501 [INFO] IPUIPlugin:80 - create IPUIPlugin
2025-03-25 15:37:37,501 [INFO] PluginManager:220 - loadIPPluginJar : add usart
2025-03-25 15:37:37,574 [INFO] IPUIPlugin:80 - create IPUIPlugin
2025-03-25 15:37:37,574 [INFO] PluginManager:220 - loadIPPluginJar : add usbx
2025-03-25 15:37:37,729 [FATAL] Updater:351 - Updater called before beeing initialized
2025-03-25 15:37:37,813 [INFO] RulesReader:64 - Compatibility file has been processed (297 Rules)
2025-03-25 15:37:37,850 [INFO] RulesReader:64 - Compatibility file has been processed (297 Rules)
2025-03-25 15:37:37,890 [INFO] CADModel:165 - CPN selected for project level
2025-03-25 15:37:37,891 [INFO] CADModel:114 - Register for checkConnection events
2025-03-25 15:37:37,891 [FATAL] Updater:351 - Updater called before beeing initialized
2025-03-25 15:37:37,892 [ERROR] CADModel:125 - Updater not yet initialized, retry later 
2025-03-25 15:37:38,151 [FATAL] Updater:351 - Updater called before beeing initialized
2025-03-25 15:37:38,154 [INFO] CADModel:165 - CPN selected for project level
2025-03-25 15:37:38,154 [INFO] CADModel:114 - Register for checkConnection events
2025-03-25 15:37:38,154 [FATAL] Updater:351 - Updater called before beeing initialized
2025-03-25 15:37:38,154 [ERROR] CADModel:125 - Updater not yet initialized, retry later 
2025-03-25 15:37:38,158 [FATAL] Updater:351 - Updater called before beeing initialized
2025-03-25 15:37:38,351 [FATAL] Updater:351 - Updater called before beeing initialized
2025-03-25 15:37:38,366 [INFO] DbMcusAds:53 - JSON generation date=Tue Dec 17 08:01:15 PST 2024 (1734451275111)
2025-03-25 15:37:38,366 [FATAL] Updater:351 - Updater called before beeing initialized
2025-03-25 15:37:38,430 [WARN] DetailPanel:346 - Failed to get advertising image, set to default
2025-03-25 15:37:38,726 [FATAL] Updater:351 - Updater called before beeing initialized
2025-03-25 15:37:38,728 [FATAL] Updater:351 - Updater called before beeing initialized
2025-03-25 15:37:38,728 [FATAL] Updater:351 - Updater called before beeing initialized
2025-03-25 15:37:38,728 [WARN] DetailPanel:346 - Failed to get advertising image, set to default
2025-03-25 15:37:38,729 [FATAL] Updater:351 - Updater called before beeing initialized
2025-03-25 15:37:38,804 [ERROR] Updater:1198 - MainUpdater not yet initialized. External WinMGr cannot be set.
2025-03-25 15:37:38,819 [INFO] Updater:1134 - Updater Version found : 6.13.0
2025-03-25 15:37:38,842 [INFO] ApplicationProperties:184 - Using Application install path: C:\ST\STM32CubeIDE_1.16.1\STM32CubeIDE\plugins\com.st.stm32cube.common.mx_6.13.0.202411220809
2025-03-25 15:37:39,665 [INFO] ThirdPartyUpdaterWithRetryManager:70 - Updater plugin not ready yet. [3/15]
2025-03-25 15:37:40,449 [ERROR] LogOutputStream:75 - [STDERR_REDIRECT] Mar 25, 2025 3:37:40 PM java.util.prefs.WindowsPreferences <init>
2025-03-25 15:37:40,455 [ERROR] LogOutputStream:75 - [STDERR_REDIRECT] WARNING: Could not open/create prefs root node Software\JavaSoft\Prefs at root 0xffffffff80000002. Windows RegCreateKeyEx(...) returned error code 5.
2025-03-25 15:37:40,456 [ERROR] LogOutputStream:75 - [STDERR_REDIRECT] 
2025-03-25 15:37:41,239 [INFO] MainUpdater:2872 - connection check result : 10
2025-03-25 15:37:41,239 [INFO] MainUpdater:3566 - Updater definition file requires update
2025-03-25 15:37:41,242 [INFO] MainUpdater:289 - Updater Check For Update Now.
2025-03-25 15:37:41,243 [INFO] MicroXplorer:498 - Change Database Version : DB.6.0.130
2025-03-25 15:37:41,294 [INFO] McuFinderGlobals:63 - Set McuFinder mode to 2 (CubeIDE integrated)
2025-03-25 15:37:41,314 [INFO] UserAuth:486 - Internet connection configuration mode: 1
2025-03-25 15:37:41,382 [INFO] JxBrowserEngine:152 - Initiate JxBrowser Engine with user profile folder
2025-03-25 15:37:41,503 [INFO] ServerAccessManage:473 - Download File updaters.zip
2025-03-25 15:37:41,619 [INFO] FileExtend:240 - Unzip File : updaters.zip
2025-03-25 15:37:41,619 [INFO] FileExtend:255 - Standard Zip Deflate
2025-03-25 15:37:42,666 [WARN] MainUpdater:1193 - Updater busy. Cannot search thirdparties
2025-03-25 15:37:42,667 [INFO] ThirdPartyUpdaterWithRetryManager:96 - Updater plugin is busy. [1/15]
2025-03-25 15:37:43,018 [INFO] ServerAccessManage:473 - Download File PacksControlFlags.xml
2025-03-25 15:37:43,203 [INFO] ServerAccessManage:473 - Download File cubemx.pidx
2025-03-25 15:37:45,146 [INFO] WebApp:168 - Instantiating new browser for Auth
2025-03-25 15:37:45,588 [INFO] ServerAccessManage:473 - Download File STMicroelectronics.X-CUBE-AZRTOS-H7RS.pdsc
2025-03-25 15:37:45,669 [WARN] MainUpdater:1193 - Updater busy. Cannot search thirdparties
2025-03-25 15:37:45,669 [INFO] ThirdPartyUpdaterWithRetryManager:96 - Updater plugin is busy. [2/15]
2025-03-25 15:37:47,031 [WARN] PackLoader:240 - Cannot read IP mode file for STMicroelectronics.X-CUBE-AZRTOS-H7RS.1.1.0
2025-03-25 15:37:47,041 [INFO] PopulateThirdPartyThread:66 - Ending populate Thread
2025-03-25 15:37:47,046 [INFO] ThirdParty:1030 - CMSIS Pack Vendor :STMicroelectronics X-CUBE-AZRTOS-H7RS 1.1.0
2025-03-25 15:37:47,047 [INFO] LoadServerUpdatesThread:375 - End of LoadServerUpdate Thread
2025-03-25 15:37:47,130 [INFO] WebApp:449 - Apply proxy settings
2025-03-25 15:37:47,134 [INFO] WebApp:534 - Chromium requires no authentication
2025-03-25 15:37:47,135 [INFO] CheckServerUpdateThread:120 - End of CheckServer Thread
2025-03-25 15:37:47,176 [INFO] WebApp:477 - Direct internet connection detected
2025-03-25 15:37:47,253 [INFO] WebApp:880 - Register for checkConnection events
2025-03-25 15:37:47,253 [INFO] WebApp:449 - Apply proxy settings
2025-03-25 15:37:47,253 [INFO] WebApp:534 - Chromium requires no authentication
2025-03-25 15:37:47,255 [INFO] WebApp:477 - Direct internet connection detected
2025-03-25 15:37:47,393 [INFO] WebApp:187 - Connection restablished
2025-03-25 15:37:47,626 [INFO] WebApp:221 - Starting web application
2025-03-25 15:37:47,627 [INFO] WebApp:579 - Web application path used C:\ST\STM32CubeIDE_1.16.1\STM32CubeIDE\plugins\com.st.stm32cube.common.mx_6.13.0.202411220809\db\plugins\mcufinder\reactClient1\index.html
2025-03-25 15:37:47,966 [INFO] UserAuth:486 - Internet connection configuration mode: 1
2025-03-25 15:37:49,283 [WARN] PackLoader:240 - Cannot read IP mode file for STMicroelectronics.FP-SNS-MOTENVWB1.1.4.0
2025-03-25 15:37:49,296 [WARN] PackLoader:240 - Cannot read IP mode file for STMicroelectronics.FP-ATR-ASTRA1.2.0.2
2025-03-25 15:37:49,317 [WARN] PackLoader:240 - Cannot read IP mode file for STMicroelectronics.FP-ATR-ASTRA1.2.0.1
2025-03-25 15:37:49,354 [WARN] PackLoader:240 - Cannot read IP mode file for STMicroelectronics.X-CUBE-SMBUS.2.1.0
2025-03-25 15:37:49,414 [WARN] PackLoader:240 - Cannot read IP mode file for STMicroelectronics.X-CUBE-WB05N.1.1.0
2025-03-25 15:37:49,477 [WARN] PackLoader:240 - Cannot read IP mode file for STMicroelectronics.X-CUBE-AZRTOS-F7.1.1.0
2025-03-25 15:37:49,624 [WARN] PackLoader:240 - Cannot read IP mode file for STMicroelectronics.X-CUBE-MEMS1.11.0.0
2025-03-25 15:37:49,883 [WARN] PackLoader:240 - Cannot read IP mode file for STMicroelectronics.FP-SNS-FLIGHT1.5.0.2
2025-03-25 15:37:49,915 [WARN] PackLoader:240 - Cannot read IP mode file for STMicroelectronics.X-CUBE-DISPLAY.3.0.0
2025-03-25 15:37:49,945 [WARN] PackLoader:240 - Cannot read IP mode file for STMicroelectronics.X-CUBE-BLE1.7.0.0
2025-03-25 15:37:49,970 [WARN] PackLoader:240 - Cannot read IP mode file for STMicroelectronics.X-CUBE-NFC10.1.0.0
2025-03-25 15:37:50,000 [WARN] PackLoader:240 - Cannot read IP mode file for STMicroelectronics.X-CUBE-BLEMGR.4.0.0
2025-03-25 15:37:50,029 [WARN] PackLoader:240 - Cannot read IP mode file for emotas.I-CUBE-CANOPEN.1.3.0
2025-03-25 15:37:50,060 [WARN] PackLoader:240 - Cannot read IP mode file for STMicroelectronics.X-CUBE-BLEMGR.3.1.0
2025-03-25 15:37:50,095 [WARN] PackLoader:240 - Cannot read IP mode file for STMicroelectronics.X-CUBE-AI.10.0.0
2025-03-25 15:37:50,119 [WARN] PackLoader:240 - Cannot read IP mode file for STMicroelectronics.FP-SNS-SMARTAG2.1.2.0
2025-03-25 15:37:50,127 [WARN] PackLoader:240 - Cannot read IP mode file for STMicroelectronics.FP-SNS-FLIGHT1.5.1.0
2025-03-25 15:37:50,204 [WARN] PackLoader:240 - Cannot read IP mode file for STMicroelectronics.X-CUBE-MEMS1.11.1.0
2025-03-25 15:37:50,397 [INFO] LogOutputStream:77 - [STDOUT_REDIRECT] 1 : Invalid condition id : UX_CORESTACK_Condition cause : null
2025-03-25 15:37:50,397 [INFO] LogOutputStream:77 - [STDOUT_REDIRECT] 1 : Invalid condition id : UX_CORESTACK_Condition cause : null
2025-03-25 15:37:50,399 [INFO] LogOutputStream:77 - [STDOUT_REDIRECT] 1 : Invalid condition id : UX_CORESTACK_Condition cause : null
2025-03-25 15:37:50,401 [INFO] LogOutputStream:77 - [STDOUT_REDIRECT] 1 : Invalid condition id : UX_CORESTACK_Condition cause : null
2025-03-25 15:37:50,403 [INFO] LogOutputStream:77 - [STDOUT_REDIRECT] 1 : Invalid condition id : UX_CORESTACK_Condition cause : null
2025-03-25 15:37:50,406 [WARN] PackLoader:240 - Cannot read IP mode file for STMicroelectronics.X-CUBE-AZRTOS-WL.2.0.0
2025-03-25 15:37:50,432 [WARN] PackLoader:240 - Cannot read IP mode file for STMicroelectronics.FP-SNS-MOTENV1.5.0.0
2025-03-25 15:37:50,445 [WARN] PackLoader:240 - Cannot read IP mode file for wolfSSL.I-CUBE-wolfMQTT.1.19.0
2025-03-25 15:37:50,476 [WARN] PackLoader:240 - Cannot read IP mode file for WES.I-CUBE-Cesium.1.3.0
2025-03-25 15:37:50,501 [WARN] PackLoader:240 - Cannot read IP mode file for STMicroelectronics.X-CUBE-BLE2.3.3.0
2025-03-25 15:37:50,526 [WARN] PackLoader:240 - Cannot read IP mode file for STMicroelectronics.X-CUBE-NFC9.1.0.0
2025-03-25 15:37:50,549 [WARN] PackLoader:240 - Cannot read IP mode file for STMicroelectronics.X-CUBE-BLE1.7.1.0
2025-03-25 15:37:50,574 [WARN] PackLoader:240 - Cannot read IP mode file for STMicroelectronics.X-CUBE-TCPP.4.1.0
2025-03-25 15:37:50,615 [WARN] PackLoader:240 - Cannot read IP mode file for STMicroelectronics.X-CUBE-AZRTOS-G0.1.1.0
2025-03-25 15:37:50,642 [WARN] PackLoader:240 - Cannot read IP mode file for STMicroelectronics.X-CUBE-SAFEA1.1.2.2
2025-03-25 15:37:50,686 [WARN] PackLoader:240 - Cannot read IP mode file for STMicroelectronics.X-CUBE-NFC4.3.0.0
2025-03-25 15:37:50,744 [WARN] PackLoader:240 - Cannot read IP mode file for EmbeddedOffice.I-CUBE-FS-RTOS.1.0.1
2025-03-25 15:37:50,913 [WARN] PackLoader:240 - Cannot read IP mode file for STMicroelectronics.X-CUBE-TCPP.4.2.0
2025-03-25 15:37:50,942 [WARN] PackLoader:240 - Cannot read IP mode file for RealThread.X-CUBE-RT-Thread_Nano.4.1.1
2025-03-25 15:37:50,952 [WARN] PackLoader:240 - Cannot read IP mode file for STMicroelectronics.FP-ATR-SIGFOX1.3.2.0
2025-03-25 15:37:50,961 [WARN] ConditionMgr:438 - getConditionDescription Invalid condition id : Cortex-A Device cause : null
2025-03-25 15:37:50,992 [WARN] ConditionMgr:1044 - genDependencies : Invalid condition id : Cortex-A Device cause : null
2025-03-25 15:37:50,992 [WARN] ConditionMgr:1044 - genDependencies : Invalid condition id : Cortex-A Device cause : null
2025-03-25 15:37:50,992 [WARN] ConditionMgr:1044 - genDependencies : Invalid condition id : Cortex-A Device cause : null
2025-03-25 15:37:51,019 [WARN] PackLoader:240 - Cannot read IP mode file for STMicroelectronics.X-CUBE-EEPRMA1.5.1.0
2025-03-25 15:37:51,040 [WARN] PackLoader:240 - Cannot read IP mode file for wolfSSL.I-CUBE-wolfSSL.5.7.4
2025-03-25 15:37:51,070 [WARN] PackLoader:240 - Cannot read IP mode file for ITTIA_DB.I-CUBE-ITTIADB.8.9.0
2025-03-25 15:37:51,124 [WARN] PackLoader:240 - Cannot read IP mode file for SEGGER.I-CUBE-embOS.1.3.1
2025-03-25 15:37:51,184 [WARN] PackLoader:240 - Cannot read IP mode file for STMicroelectronics.X-CUBE-ALGOBUILD.1.4.0
2025-03-25 15:37:51,206 [WARN] PackLoader:240 - Cannot read IP mode file for STMicroelectronics.X-CUBE-AI.9.1.0
2025-03-25 15:37:51,259 [WARN] PackLoader:240 - Cannot read IP mode file for STMicroelectronics.X-CUBE-AZRTOS-F4.1.1.0
2025-03-25 15:37:51,290 [WARN] PackLoader:240 - Cannot read IP mode file for STMicroelectronics.X-CUBE-ISPU.2.1.0
2025-03-25 15:37:51,324 [WARN] PackLoader:240 - Cannot read IP mode file for STMicroelectronics.X-CUBE-FREERTOS.1.2.0
2025-03-25 15:37:51,388 [WARN] PackLoader:240 - Cannot read IP mode file for STMicroelectronics.X-CUBE-AZRTOS-L5.2.0.0
2025-03-25 15:37:51,427 [WARN] PackLoader:240 - Cannot read IP mode file for STMicroelectronics.X-CUBE-NFC6.3.1.0
2025-03-25 15:37:51,468 [WARN] PackLoader:240 - Cannot read IP mode file for STMicroelectronics.X-CUBE-DPower.1.2.0
2025-03-25 15:37:51,501 [WARN] PackLoader:240 - Cannot read IP mode file for STMicroelectronics.X-CUBE-FREERTOS.1.3.0
2025-03-25 15:37:51,535 [WARN] PackLoader:240 - Cannot read IP mode file for STMicroelectronics.X-CUBE-NFC7.1.0.1
2025-03-25 15:37:51,595 [WARN] ConditionMgr:438 - getConditionDescription Invalid condition id : LAN8742 Phy interface Condition cause : null
2025-03-25 15:37:51,596 [WARN] PackLoader:240 - Cannot read IP mode file for STMicroelectronics.X-CUBE-AZRTOS-L4.2.0.0
2025-03-25 15:37:51,598 [WARN] ConditionMgr:1044 - genDependencies : Invalid condition id : LAN8742 Phy interface Condition cause : null
2025-03-25 15:37:51,600 [WARN] ConditionMgr:1044 - genDependencies : Invalid condition id : LAN8742 Phy interface Condition cause : null
2025-03-25 15:37:51,601 [WARN] ConditionMgr:1044 - genDependencies : Invalid condition id : LAN8742 Phy interface Condition cause : null
2025-03-25 15:37:51,638 [WARN] PackLoader:240 - Cannot read IP mode file for STMicroelectronics.X-CUBE-SFXS2LP1.4.0.0
2025-03-25 15:37:51,710 [WARN] PackLoader:240 - Cannot read IP mode file for STMicroelectronics.X-CUBE-AZRTOS-H7.3.3.0
2025-03-25 15:37:51,754 [WARN] PackLoader:240 - Cannot read IP mode file for STMicroelectronics.X-CUBE-IPS.3.0.0
2025-03-25 15:37:51,808 [WARN] ConditionMgr:438 - getConditionDescription Invalid condition id : UX DEVICE CLASS RTOS Condition cause : null
2025-03-25 15:37:51,809 [WARN] ConditionMgr:438 - getConditionDescription Invalid condition id : UX DEVICE CLASS RTOS Condition cause : null
2025-03-25 15:37:51,814 [WARN] PackLoader:240 - Cannot read IP mode file for STMicroelectronics.X-CUBE-AZRTOS-WB.2.0.0
2025-03-25 15:37:51,816 [WARN] ConditionMgr:1044 - genDependencies : Invalid condition id : UX DEVICE CLASS RTOS Condition cause : null
2025-03-25 15:37:51,816 [WARN] ConditionMgr:1044 - genDependencies : Invalid condition id : UX DEVICE CLASS RTOS Condition cause : null
2025-03-25 15:37:51,817 [WARN] ConditionMgr:1044 - genDependencies : Invalid condition id : UX DEVICE CLASS RTOS Condition cause : null
2025-03-25 15:37:51,818 [WARN] ConditionMgr:1044 - genDependencies : Invalid condition id : UX DEVICE CLASS RTOS Condition cause : null
2025-03-25 15:37:51,818 [WARN] ConditionMgr:1044 - genDependencies : Invalid condition id : UX DEVICE CLASS RTOS Condition cause : null
2025-03-25 15:37:51,850 [WARN] PackLoader:240 - Cannot read IP mode file for STMicroelectronics.X-CUBE-GNSS1.7.0.0
2025-03-25 15:37:51,884 [WARN] PackLoader:240 - Cannot read IP mode file for STMicroelectronics.X-CUBE-GNSS1.7.0.1
2025-03-25 15:37:51,915 [WARN] PackLoader:240 - Cannot read IP mode file for STMicroelectronics.X-CUBE-TOUCHGFX.4.25.0
2025-03-25 15:37:51,946 [WARN] PackLoader:240 - Cannot read IP mode file for STMicroelectronics.FP-SNS-STBOX1.2.0.0
2025-03-25 15:37:51,991 [WARN] PackLoader:240 - Cannot read IP mode file for STMicroelectronics.X-CUBE-SUBG2.5.0.0
2025-03-25 15:37:52,029 [WARN] PackLoader:240 - Cannot read IP mode file for STMicroelectronics.X-CUBE-AZRTOS-H7RS.1.1.0
2025-03-25 15:37:52,043 [WARN] PackLoader:240 - Cannot read IP mode file for Cesanta.I-CUBE-Mongoose.7.13.0
2025-03-25 15:37:52,097 [WARN] PackLoader:240 - Cannot read IP mode file for STMicroelectronics.X-CUBE-AZRTOS-G4.2.0.0
2025-03-25 15:37:52,142 [WARN] PackLoader:240 - Cannot read IP mode file for STMicroelectronics.X-CUBE-IPS.3.1.0
2025-03-25 15:37:52,186 [WARN] PackLoader:240 - Cannot read IP mode file for STMicroelectronics.X-CUBE-ALS.1.0.2
2025-03-25 15:37:52,215 [WARN] PackLoader:240 - Cannot read IP mode file for STMicroelectronics.X-CUBE-TOUCHGFX.4.24.2
2025-03-25 15:37:52,242 [WARN] PackLoader:240 - Cannot read IP mode file for STMicroelectronics.X-CUBE-TOUCHGFX.4.24.1
2025-03-25 15:37:52,251 [WARN] PackLoader:240 - Cannot read IP mode file for wolfSSL.I-CUBE-wolfTPM.3.4.0
2025-03-25 15:37:52,282 [WARN] PackLoader:240 - Cannot read IP mode file for portGmbH.I-Cube-SoM-uGOAL.1.1.0
2025-03-25 15:37:52,343 [WARN] PackLoader:240 - Cannot read IP mode file for STMicroelectronics.X-CUBE-AZRTOS-H7RS.1.0.0
2025-03-25 15:37:52,385 [WARN] PackLoader:240 - Cannot read IP mode file for STMicroelectronics.FP-ATR-ASTRA1.2.0.0
2025-03-25 15:37:52,434 [WARN] PackLoader:240 - Cannot read IP mode file for STMicroelectronics.X-CUBE-TOF1.3.4.2
2025-03-25 15:37:52,509 [WARN] PackLoader:240 - Cannot read IP mode file for Infineon.AIROC-Wi-Fi-Bluetooth-STM32.1.6.1
2025-03-25 15:37:52,533 [WARN] PackLoader:240 - Cannot read IP mode file for wolfSSL.I-CUBE-wolfSSH.1.4.17
2025-03-25 15:37:52,535 [INFO] ThirdParty:978 - Integrity check success = true
2025-03-25 15:37:52,535 [INFO] IntegrityCheckThread:100 - exiting critical section [integrity check]
2025-03-25 15:37:52,535 [INFO] IntegrityCheckThread:103 - End integrity checks thread
2025-03-25 16:30:20,984 [INFO] WebApp:190 - Connection lost
2025-03-25 16:30:21,188 [INFO] WebApp:187 - Connection restablished
2025-03-25 16:33:28,417 [INFO] WebApp:190 - Connection lost
2025-03-25 16:33:28,581 [INFO] WebApp:187 - Connection restablished
2025-03-25 18:15:39,577 [INFO] WebApp:190 - Connection lost
2025-03-25 19:07:05,277 [INFO] WebApp:187 - Connection restablished
2025-03-25 19:07:06,028 [INFO] WebApp:190 - Connection lost
2025-03-25 19:07:06,129 [INFO] WebApp:187 - Connection restablished
2025-03-25 19:07:09,360 [INFO] WebApp:190 - Connection lost
2025-03-25 19:07:09,579 [INFO] WebApp:187 - Connection restablished
2025-03-25 19:23:25,853 [ERROR] LogOutputStream:75 - [STDERR_REDIRECT] 
2025-03-25 19:23:25,854 [ERROR] LogOutputStream:75 - [STDERR_REDIRECT] 
